#
# There is insufficient memory for the Java Runtime Environment to continue.
# Native memory allocation (mmap) failed to map 763363328 bytes for G1 virtual space
# Possible reasons:
#   The system is out of physical RAM or swap space
#   The process is running with CompressedOops enabled, and the Java Heap may be blocking the growth of the native heap
# Possible solutions:
#   Reduce memory load on the system
#   Increase physical memory or swap space
#   Check if swap backing store is full
#   Decrease Java heap size (-Xmx/-Xms)
#   Decrease number of Java threads
#   Decrease Java thread stack sizes (-Xss)
#   Set larger code cache with -XX:ReservedCodeCacheSize=
#   JVM is running with Zero Based Compressed Oops mode in which the Java heap is
#     placed in the first 32GB address space. The Java Heap base address is the
#     maximum limit for the native heap growth. Please use -XX:HeapBaseMinAddress
#     to set the Java Heap base and to place the Java Heap above 32GB virtual address.
# This output file may be truncated or incomplete.
#
#  Out of Memory Error (os_windows.cpp:3559), pid=25864, tid=21784
#
# JRE version: OpenJDK Runtime Environment Temurin-17.0.7+7 (17.0.7+7) (build 17.0.7+7)
# Java VM: OpenJDK 64-Bit Server VM Temurin-17.0.7+7 (17.0.7+7, mixed mode, tiered, compressed oops, compressed class ptrs, g1 gc, windows-amd64)
# No core dump will be written. Minidumps are not enabled by default on client versions of Windows
#

---------------  S U M M A R Y ------------

Command Line: -Dfile.encoding=UTF-8 -XX:+ShowCodeDetailsInExceptionMessages MyAgent -develop

Host: AMD Ryzen 7 5700U with Radeon Graphics         , 16 cores, 11G,  Windows 11 , 64 bit Build 22621 (10.0.22621.2428)
Time: Mon Oct 23 10:01:45 2023 South Africa Standard Time elapsed time: 2.463954 seconds (0d 0h 0m 2s)

---------------  T H R E A D  ---------------

Current thread (0x000002071e1abb10):  VMThread "VM Thread" [stack: 0x000000c782200000,0x000000c782300000] [id=21784]

Stack: [0x000000c782200000,0x000000c782300000]
Native frames: (J=compiled Java code, j=interpreted, Vv=VM code, C=native code)
V  [jvm.dll+0x67754a]
V  [jvm.dll+0x834304]
V  [jvm.dll+0x835aae]
V  [jvm.dll+0x836113]
V  [jvm.dll+0x24696f]
V  [jvm.dll+0x6743f9]
V  [jvm.dll+0x668c8a]
V  [jvm.dll+0x3061bb]
V  [jvm.dll+0x30d6a6]
V  [jvm.dll+0x35cece]
V  [jvm.dll+0x35d0ff]
V  [jvm.dll+0x2dd048]
V  [jvm.dll+0x2db20c]
V  [jvm.dll+0x2da7dc]
V  [jvm.dll+0x31e6db]
V  [jvm.dll+0x83a5bb]
V  [jvm.dll+0x83b2f4]
V  [jvm.dll+0x83b80c]
V  [jvm.dll+0x83bbe4]
V  [jvm.dll+0x83bcb0]
V  [jvm.dll+0x7e4e7a]
V  [jvm.dll+0x676395]
C  [ucrtbase.dll+0x29363]
C  [KERNEL32.DLL+0x1257d]
C  [ntdll.dll+0x5aa78]

VM_Operation (0x000000c7844fd860): G1CollectForAllocation, mode: safepoint, requested by thread 0x00000207237c70e0


---------------  P R O C E S S  ---------------

Threads class SMR info:
_java_thread_list=0x00000207237925b0, length=24, elements={
0x000002071e74b720, 0x000002071e74cc40, 0x000002071e76d2a0, 0x000002071e7a3200,
0x000002071e7a6360, 0x000002071e7a6d10, 0x000002071e7a89e0, 0x000002071e7aad60,
0x000002071e7d27f0, 0x000002071e918110, 0x000002071e9211d0, 0x000002071e922300,
0x000002071e91fc80, 0x0000020723144020, 0x0000020723173860, 0x0000020723177010,
0x0000020723429c70, 0x00000207234933c0, 0x000002072351b330, 0x00000207237c70e0,
0x00000207237b75e0, 0x000002072378a830, 0x000002072378a360, 0x00000207293d2030
}

Java Threads: ( => current thread )
  0x000002071e74b720 JavaThread "Reference Handler" daemon [_thread_blocked, id=20720, stack(0x000000c782300000,0x000000c782400000)]
  0x000002071e74cc40 JavaThread "Finalizer" daemon [_thread_blocked, id=19640, stack(0x000000c782400000,0x000000c782500000)]
  0x000002071e76d2a0 JavaThread "Signal Dispatcher" daemon [_thread_blocked, id=25496, stack(0x000000c782500000,0x000000c782600000)]
  0x000002071e7a3200 JavaThread "Attach Listener" daemon [_thread_blocked, id=24440, stack(0x000000c782600000,0x000000c782700000)]
  0x000002071e7a6360 JavaThread "Service Thread" daemon [_thread_blocked, id=10340, stack(0x000000c782700000,0x000000c782800000)]
  0x000002071e7a6d10 JavaThread "Monitor Deflation Thread" daemon [_thread_blocked, id=23100, stack(0x000000c782800000,0x000000c782900000)]
  0x000002071e7a89e0 JavaThread "C2 CompilerThread0" daemon [_thread_blocked, id=26576, stack(0x000000c782900000,0x000000c782a00000)]
  0x000002071e7aad60 JavaThread "C1 CompilerThread0" daemon [_thread_blocked, id=23960, stack(0x000000c782a00000,0x000000c782b00000)]
  0x000002071e7d27f0 JavaThread "Sweeper thread" daemon [_thread_blocked, id=24624, stack(0x000000c782b00000,0x000000c782c00000)]
  0x000002071e918110 JavaThread "C1 CompilerThread1" daemon [_thread_blocked, id=11220, stack(0x000000c782c00000,0x000000c782d00000)]
  0x000002071e9211d0 JavaThread "C1 CompilerThread2" daemon [_thread_blocked, id=6480, stack(0x000000c782d00000,0x000000c782e00000)]
  0x000002071e922300 JavaThread "Notification Thread" daemon [_thread_blocked, id=21876, stack(0x000000c782e00000,0x000000c782f00000)]
  0x000002071e91fc80 JavaThread "Common-Cleaner" daemon [_thread_blocked, id=21252, stack(0x000000c783000000,0x000000c783100000)]
  0x0000020723144020 JavaThread "Java2D Disposer" daemon [_thread_blocked, id=10528, stack(0x000000c783100000,0x000000c783200000)]
  0x0000020723173860 JavaThread "AWT-Shutdown" [_thread_blocked, id=11528, stack(0x000000c783200000,0x000000c783300000)]
  0x0000020723177010 JavaThread "AWT-Windows" daemon [_thread_in_native, id=12248, stack(0x000000c783300000,0x000000c783400000)]
  0x0000020723429c70 JavaThread "AWT-EventQueue-0" [_thread_blocked, id=24940, stack(0x000000c784000000,0x000000c784100000)]
  0x00000207234933c0 JavaThread "Thread-0" [_thread_blocked, id=26668, stack(0x000000c784100000,0x000000c784200000)]
  0x000002072351b330 JavaThread "D3D Screen Updater" daemon [_thread_blocked, id=27348, stack(0x000000c784200000,0x000000c784300000)]
  0x00000207237c70e0 JavaThread "Thread-1" [_thread_blocked, id=25124, stack(0x000000c784400000,0x000000c784500000)]
  0x00000207237b75e0 JavaThread "C1 CompilerThread3" daemon [_thread_blocked, id=24424, stack(0x000000c784600000,0x000000c784700000)]
  0x000002072378a830 JavaThread "TimerQueue" daemon [_thread_blocked, id=8224, stack(0x000000c784700000,0x000000c784800000)]
  0x000002072378a360 JavaThread "DestroyJavaVM" [_thread_blocked, id=26604, stack(0x000000c781c00000,0x000000c781d00000)]
  0x00000207293d2030 JavaThread "C2 CompilerThread1" daemon [_thread_blocked, id=23744, stack(0x000000c785200000,0x000000c785300000)]

Other Threads:
=>0x000002071e1abb10 VMThread "VM Thread" [stack: 0x000000c782200000,0x000000c782300000] [id=21784]
  0x000002071e9227d0 WatcherThread [stack: 0x000000c782f00000,0x000000c783000000] [id=25512]
  0x0000020701c9d8c0 GCTaskThread "GC Thread#0" [stack: 0x000000c781d00000,0x000000c781e00000] [id=5644]
  0x00000207237b7f00 GCTaskThread "GC Thread#1" [stack: 0x000000c784300000,0x000000c784400000] [id=17812]
  0x00000207237b81b0 GCTaskThread "GC Thread#2" [stack: 0x000000c784500000,0x000000c784600000] [id=18728]
  0x000002072949ba00 GCTaskThread "GC Thread#3" [stack: 0x000000c784800000,0x000000c784900000] [id=22796]
  0x000002072949bec0 GCTaskThread "GC Thread#4" [stack: 0x000000c784900000,0x000000c784a00000] [id=26120]
  0x00000207297c7540 GCTaskThread "GC Thread#5" [stack: 0x000000c784a00000,0x000000c784b00000] [id=4212]
  0x00000207297c8820 GCTaskThread "GC Thread#6" [stack: 0x000000c784b00000,0x000000c784c00000] [id=8380]
  0x00000207297c8ad0 GCTaskThread "GC Thread#7" [stack: 0x000000c784c00000,0x000000c784d00000] [id=6400]
  0x00000207297c8d80 GCTaskThread "GC Thread#8" [stack: 0x000000c784d00000,0x000000c784e00000] [id=1732]
  0x00000207297cb040 GCTaskThread "GC Thread#9" [stack: 0x000000c784e00000,0x000000c784f00000] [id=9272]
  0x0000020701caa550 ConcurrentGCThread "G1 Main Marker" [stack: 0x000000c781e00000,0x000000c781f00000] [id=26824]
  0x0000020701cabf70 ConcurrentGCThread "G1 Conc#0" [stack: 0x000000c781f00000,0x000000c782000000] [id=836]
  0x000002071e0558d0 ConcurrentGCThread "G1 Refine#0" [stack: 0x000000c782000000,0x000000c782100000] [id=20796]
  0x00000207298657d0 ConcurrentGCThread "G1 Refine#1" [stack: 0x000000c784f00000,0x000000c785000000] [id=2572]
  0x000002072929de50 ConcurrentGCThread "G1 Refine#2" [stack: 0x000000c785000000,0x000000c785100000] [id=7740]
  0x00000207296e4180 ConcurrentGCThread "G1 Refine#3" [stack: 0x000000c785100000,0x000000c785200000] [id=18512]
  0x00000207292bc790 ConcurrentGCThread "G1 Refine#4" [stack: 0x000000c785300000,0x000000c785400000] [id=26392]
  0x00000207292fb9c0 ConcurrentGCThread "G1 Refine#5" [stack: 0x000000c785400000,0x000000c785500000] [id=8800]
  0x0000020729a4f8d0 ConcurrentGCThread "G1 Refine#6" [stack: 0x000000c785500000,0x000000c785600000] [id=21272]
  0x0000020729a4fbb0 ConcurrentGCThread "G1 Refine#7" [stack: 0x000000c785600000,0x000000c785700000] [id=19228]
  0x00000207292f7d50 ConcurrentGCThread "G1 Refine#8" [stack: 0x000000c785700000,0x000000c785800000] [id=20308]
  0x000002072929c7a0 ConcurrentGCThread "G1 Refine#9" [stack: 0x000000c785800000,0x000000c785900000] [id=20108]
  0x000002072929ce90 ConcurrentGCThread "G1 Refine#10" [stack: 0x000000c785900000,0x000000c785a00000] [id=18220]
  0x000002072984bf50 ConcurrentGCThread "G1 Refine#11" [stack: 0x000000c785b00000,0x000000c785c00000] [id=19048]
  0x00000207298b9f50 ConcurrentGCThread "G1 Refine#12" [stack: 0x000000c785c00000,0x000000c785d00000] [id=4076]
  0x0000020701cf6410 ConcurrentGCThread "G1 Service" [stack: 0x000000c782100000,0x000000c782200000] [id=19832]

Threads with active compile tasks:

VM state: at safepoint (normal execution)

VM Mutex/Monitor currently owned by a thread:  ([mutex/lock_event])
[0x0000020701c41cb0] Threads_lock - owner thread: 0x000002071e1abb10
[0x0000020701c413b0] Heap_lock - owner thread: 0x00000207237c70e0

Heap address: 0x000000074ac00000, size: 2900 MB, Compressed Oops mode: Zero based, Oop shift amount: 3

CDS archive(s) not mapped
Compressed class space mapped at: 0x0000000800000000-0x0000000840000000, reserved size: 1073741824
Narrow klass base: 0x0000000800000000, Narrow klass shift: 0, Narrow klass range: 0x40000000

GC Precious Log:
 CPUs: 16 total, 16 available
 Memory: 11597M
 Large Page Support: Disabled
 NUMA Support: Disabled
 Compressed Oops: Enabled (Zero based)
 Heap Region Size: 2M
 Heap Min Capacity: 8M
 Heap Initial Capacity: 182M
 Heap Max Capacity: 2900M
 Pre-touch: Disabled
 Parallel Workers: 13
 Concurrent Workers: 3
 Concurrent Refinement Workers: 13
 Periodic GC: Disabled

Heap:
 garbage-first heap   total 372736K, used 80402K [0x000000074ac00000, 0x0000000800000000)
  region size 2048K, 1 young (2048K), 1 survivors (2048K)
 Metaspace       used 15477K, committed 15680K, reserved 1114112K
  class space    used 1560K, committed 1664K, reserved 1048576K

Heap Regions: E=young(eden), S=young(survivor), O=old, HS=humongous(starts), HC=humongous(continues), CS=collection set, F=free, OA=open archive, CA=closed archive, TAMS=top-at-mark-start (previous, next)
|   0|0x000000074ac00000, 0x000000074ae00000, 0x000000074ae00000|100%|HS|  |TAMS 0x000000074ac00000, 0x000000074ac00000| Complete 
|   1|0x000000074ae00000, 0x000000074b000000, 0x000000074b000000|100%|HS|  |TAMS 0x000000074ae00000, 0x000000074ae00000| Complete 
|   2|0x000000074b000000, 0x000000074b200000, 0x000000074b200000|100%|HC|  |TAMS 0x000000074b000000, 0x000000074b000000| Complete 
|   3|0x000000074b200000, 0x000000074b400000, 0x000000074b400000|100%|HS|  |TAMS 0x000000074b200000, 0x000000074b200000| Complete 
|   4|0x000000074b400000, 0x000000074b600000, 0x000000074b600000|100%|HC|  |TAMS 0x000000074b400000, 0x000000074b400000| Complete 
|   5|0x000000074b600000, 0x000000074b800000, 0x000000074b800000|100%|HS|  |TAMS 0x000000074b600000, 0x000000074b600000| Complete 
|   6|0x000000074b800000, 0x000000074ba00000, 0x000000074ba00000|100%|HC|  |TAMS 0x000000074b800000, 0x000000074b800000| Complete 
|   7|0x000000074ba00000, 0x000000074bc00000, 0x000000074bc00000|100%|HC|  |TAMS 0x000000074ba00000, 0x000000074ba00000| Complete 
|   8|0x000000074bc00000, 0x000000074be00000, 0x000000074be00000|100%|HS|  |TAMS 0x000000074bc00000, 0x000000074bc00000| Complete 
|   9|0x000000074be00000, 0x000000074c000000, 0x000000074c000000|100%|HC|  |TAMS 0x000000074be00000, 0x000000074be00000| Complete 
|  10|0x000000074c000000, 0x000000074c200000, 0x000000074c200000|100%|HC|  |TAMS 0x000000074c000000, 0x000000074c000000| Complete 
|  11|0x000000074c200000, 0x000000074c400000, 0x000000074c400000|100%|HC|  |TAMS 0x000000074c200000, 0x000000074c200000| Complete 
|  12|0x000000074c400000, 0x000000074c600000, 0x000000074c600000|100%|HS|  |TAMS 0x000000074c400000, 0x000000074c400000| Complete 
|  13|0x000000074c600000, 0x000000074c800000, 0x000000074c800000|100%|HC|  |TAMS 0x000000074c600000, 0x000000074c600000| Complete 
|  14|0x000000074c800000, 0x000000074ca00000, 0x000000074ca00000|100%|HC|  |TAMS 0x000000074c800000, 0x000000074c800000| Complete 
|  15|0x000000074ca00000, 0x000000074cc00000, 0x000000074cc00000|100%|HC|  |TAMS 0x000000074ca00000, 0x000000074ca00000| Complete 
|  16|0x000000074cc00000, 0x000000074ce00000, 0x000000074ce00000|100%|HC|  |TAMS 0x000000074cc00000, 0x000000074cc00000| Complete 
|  17|0x000000074ce00000, 0x000000074d000000, 0x000000074d000000|100%|HC|  |TAMS 0x000000074ce00000, 0x000000074ce00000| Complete 
|  18|0x000000074d000000, 0x000000074d200000, 0x000000074d200000|100%|HS|  |TAMS 0x000000074d000000, 0x000000074d000000| Complete 
|  19|0x000000074d200000, 0x000000074d400000, 0x000000074d400000|100%|HC|  |TAMS 0x000000074d200000, 0x000000074d200000| Complete 
|  20|0x000000074d400000, 0x000000074d600000, 0x000000074d600000|100%|HC|  |TAMS 0x000000074d400000, 0x000000074d400000| Complete 
|  21|0x000000074d600000, 0x000000074d800000, 0x000000074d800000|100%|HC|  |TAMS 0x000000074d600000, 0x000000074d600000| Complete 
|  22|0x000000074d800000, 0x000000074da00000, 0x000000074da00000|100%|HC|  |TAMS 0x000000074d800000, 0x000000074d800000| Complete 
|  23|0x000000074da00000, 0x000000074dc00000, 0x000000074dc00000|100%|HC|  |TAMS 0x000000074da00000, 0x000000074da00000| Complete 
|  24|0x000000074dc00000, 0x000000074de00000, 0x000000074de00000|100%|HC|  |TAMS 0x000000074dc00000, 0x000000074dc00000| Complete 
|  25|0x000000074de00000, 0x000000074e000000, 0x000000074e000000|100%|HC|  |TAMS 0x000000074de00000, 0x000000074de00000| Complete 
|  26|0x000000074e000000, 0x000000074e200000, 0x000000074e200000|100%| O|  |TAMS 0x000000074e000000, 0x000000074e000000| Untracked 
|  27|0x000000074e200000, 0x000000074e242000, 0x000000074e400000| 12%| O|  |TAMS 0x000000074e200000, 0x000000074e200000| Untracked 
|  28|0x000000074e400000, 0x000000074e600000, 0x000000074e600000|100%|HS|  |TAMS 0x000000074e400000, 0x000000074e400000| Complete 
|  29|0x000000074e600000, 0x000000074e800000, 0x000000074e800000|100%|HC|  |TAMS 0x000000074e600000, 0x000000074e600000| Complete 
|  30|0x000000074e800000, 0x000000074ea00000, 0x000000074ea00000|100%|HC|  |TAMS 0x000000074e800000, 0x000000074e800000| Complete 
|  31|0x000000074ea00000, 0x000000074ec00000, 0x000000074ec00000|100%|HC|  |TAMS 0x000000074ea00000, 0x000000074ea00000| Complete 
|  32|0x000000074ec00000, 0x000000074ee00000, 0x000000074ee00000|100%|HC|  |TAMS 0x000000074ec00000, 0x000000074ec00000| Complete 
|  33|0x000000074ee00000, 0x000000074f000000, 0x000000074f000000|100%|HC|  |TAMS 0x000000074ee00000, 0x000000074ee00000| Complete 
|  34|0x000000074f000000, 0x000000074f200000, 0x000000074f200000|100%|HC|  |TAMS 0x000000074f000000, 0x000000074f000000| Complete 
|  35|0x000000074f200000, 0x000000074f400000, 0x000000074f400000|100%|HC|  |TAMS 0x000000074f200000, 0x000000074f200000| Complete 
|  36|0x000000074f400000, 0x000000074f600000, 0x000000074f600000|100%|HC|  |TAMS 0x000000074f400000, 0x000000074f400000| Complete 
|  37|0x000000074f600000, 0x000000074f800000, 0x000000074f800000|100%|HC|  |TAMS 0x000000074f600000, 0x000000074f600000| Complete 
|  38|0x000000074f800000, 0x000000074fa00000, 0x000000074fa00000|100%|HC|  |TAMS 0x000000074f800000, 0x000000074f800000| Complete 
|  39|0x000000074fa00000, 0x000000074fc00000, 0x000000074fc00000|100%|HC|  |TAMS 0x000000074fa00000, 0x000000074fa00000| Complete 
|  40|0x000000074fc00000, 0x000000074fc00000, 0x000000074fe00000|  0%| F|  |TAMS 0x000000074fc00000, 0x000000074fc00000| Untracked 
|  41|0x000000074fe00000, 0x000000074fe00000, 0x0000000750000000|  0%| F|  |TAMS 0x000000074fe00000, 0x000000074fe00000| Untracked 
|  42|0x0000000750000000, 0x0000000750000000, 0x0000000750200000|  0%| F|  |TAMS 0x0000000750000000, 0x0000000750000000| Untracked 
|  43|0x0000000750200000, 0x0000000750200000, 0x0000000750400000|  0%| F|  |TAMS 0x0000000750200000, 0x0000000750200000| Untracked 
|  44|0x0000000750400000, 0x0000000750400000, 0x0000000750600000|  0%| F|  |TAMS 0x0000000750400000, 0x0000000750400000| Untracked 
|  45|0x0000000750600000, 0x0000000750600000, 0x0000000750800000|  0%| F|  |TAMS 0x0000000750600000, 0x0000000750600000| Untracked 
|  46|0x0000000750800000, 0x0000000750800000, 0x0000000750a00000|  0%| F|  |TAMS 0x0000000750800000, 0x0000000750800000| Untracked 
|  47|0x0000000750a00000, 0x0000000750a00000, 0x0000000750c00000|  0%| F|  |TAMS 0x0000000750a00000, 0x0000000750a00000| Untracked 
|  48|0x0000000750c00000, 0x0000000750c00000, 0x0000000750e00000|  0%| F|  |TAMS 0x0000000750c00000, 0x0000000750c00000| Untracked 
|  49|0x0000000750e00000, 0x0000000750e00000, 0x0000000751000000|  0%| F|  |TAMS 0x0000000750e00000, 0x0000000750e00000| Untracked 
|  50|0x0000000751000000, 0x0000000751000000, 0x0000000751200000|  0%| F|  |TAMS 0x0000000751000000, 0x0000000751000000| Untracked 
|  51|0x0000000751200000, 0x0000000751200000, 0x0000000751400000|  0%| F|  |TAMS 0x0000000751200000, 0x0000000751200000| Untracked 
|  52|0x0000000751400000, 0x0000000751400000, 0x0000000751600000|  0%| F|  |TAMS 0x0000000751400000, 0x0000000751400000| Untracked 
|  53|0x0000000751600000, 0x0000000751600000, 0x0000000751800000|  0%| F|  |TAMS 0x0000000751600000, 0x0000000751600000| Untracked 
|  54|0x0000000751800000, 0x0000000751800000, 0x0000000751a00000|  0%| F|  |TAMS 0x0000000751800000, 0x0000000751800000| Untracked 
|  55|0x0000000751a00000, 0x0000000751a00000, 0x0000000751c00000|  0%| F|  |TAMS 0x0000000751a00000, 0x0000000751a00000| Untracked 
|  56|0x0000000751c00000, 0x0000000751c00000, 0x0000000751e00000|  0%| F|  |TAMS 0x0000000751c00000, 0x0000000751c00000| Untracked 
|  57|0x0000000751e00000, 0x0000000751e00000, 0x0000000752000000|  0%| F|  |TAMS 0x0000000751e00000, 0x0000000751e00000| Untracked 
|  58|0x0000000752000000, 0x0000000752000000, 0x0000000752200000|  0%| F|  |TAMS 0x0000000752000000, 0x0000000752000000| Untracked 
|  59|0x0000000752200000, 0x0000000752200000, 0x0000000752400000|  0%| F|  |TAMS 0x0000000752200000, 0x0000000752200000| Untracked 
|  60|0x0000000752400000, 0x0000000752400000, 0x0000000752600000|  0%| F|  |TAMS 0x0000000752400000, 0x0000000752400000| Untracked 
|  61|0x0000000752600000, 0x0000000752600000, 0x0000000752800000|  0%| F|  |TAMS 0x0000000752600000, 0x0000000752600000| Untracked 
|  62|0x0000000752800000, 0x0000000752800000, 0x0000000752a00000|  0%| F|  |TAMS 0x0000000752800000, 0x0000000752800000| Untracked 
|  63|0x0000000752a00000, 0x0000000752a00000, 0x0000000752c00000|  0%| F|  |TAMS 0x0000000752a00000, 0x0000000752a00000| Untracked 
|  64|0x0000000752c00000, 0x0000000752c00000, 0x0000000752e00000|  0%| F|  |TAMS 0x0000000752c00000, 0x0000000752c00000| Untracked 
|  65|0x0000000752e00000, 0x0000000752e00000, 0x0000000753000000|  0%| F|  |TAMS 0x0000000752e00000, 0x0000000752e00000| Untracked 
|  66|0x0000000753000000, 0x0000000753000000, 0x0000000753200000|  0%| F|  |TAMS 0x0000000753000000, 0x0000000753000000| Untracked 
|  67|0x0000000753200000, 0x0000000753200000, 0x0000000753400000|  0%| F|  |TAMS 0x0000000753200000, 0x0000000753200000| Untracked 
|  68|0x0000000753400000, 0x0000000753400000, 0x0000000753600000|  0%| F|  |TAMS 0x0000000753400000, 0x0000000753400000| Untracked 
|  69|0x0000000753600000, 0x0000000753600000, 0x0000000753800000|  0%| F|  |TAMS 0x0000000753600000, 0x0000000753600000| Untracked 
|  70|0x0000000753800000, 0x0000000753800000, 0x0000000753a00000|  0%| F|  |TAMS 0x0000000753800000, 0x0000000753800000| Untracked 
|  71|0x0000000753a00000, 0x0000000753a00000, 0x0000000753c00000|  0%| F|  |TAMS 0x0000000753a00000, 0x0000000753a00000| Untracked 
|  72|0x0000000753c00000, 0x0000000753c00000, 0x0000000753e00000|  0%| F|  |TAMS 0x0000000753c00000, 0x0000000753c00000| Untracked 
|  73|0x0000000753e00000, 0x0000000753e00000, 0x0000000754000000|  0%| F|  |TAMS 0x0000000753e00000, 0x0000000753e00000| Untracked 
|  74|0x0000000754000000, 0x0000000754000000, 0x0000000754200000|  0%| F|  |TAMS 0x0000000754000000, 0x0000000754000000| Untracked 
|  75|0x0000000754200000, 0x0000000754200000, 0x0000000754400000|  0%| F|  |TAMS 0x0000000754200000, 0x0000000754200000| Untracked 
|  76|0x0000000754400000, 0x0000000754400000, 0x0000000754600000|  0%| F|  |TAMS 0x0000000754400000, 0x0000000754400000| Untracked 
|  77|0x0000000754600000, 0x0000000754600000, 0x0000000754800000|  0%| F|  |TAMS 0x0000000754600000, 0x0000000754600000| Untracked 
|  78|0x0000000754800000, 0x0000000754800000, 0x0000000754a00000|  0%| F|  |TAMS 0x0000000754800000, 0x0000000754800000| Untracked 
|  79|0x0000000754a00000, 0x0000000754a00000, 0x0000000754c00000|  0%| F|  |TAMS 0x0000000754a00000, 0x0000000754a00000| Untracked 
|  80|0x0000000754c00000, 0x0000000754c00000, 0x0000000754e00000|  0%| F|  |TAMS 0x0000000754c00000, 0x0000000754c00000| Untracked 
|  81|0x0000000754e00000, 0x0000000754e00000, 0x0000000755000000|  0%| F|  |TAMS 0x0000000754e00000, 0x0000000754e00000| Untracked 
|  82|0x0000000755000000, 0x0000000755000000, 0x0000000755200000|  0%| F|  |TAMS 0x0000000755000000, 0x0000000755000000| Untracked 
|  83|0x0000000755200000, 0x0000000755200000, 0x0000000755400000|  0%| F|  |TAMS 0x0000000755200000, 0x0000000755200000| Untracked 
|  84|0x0000000755400000, 0x0000000755400000, 0x0000000755600000|  0%| F|  |TAMS 0x0000000755400000, 0x0000000755400000| Untracked 
|  85|0x0000000755600000, 0x0000000755600000, 0x0000000755800000|  0%| F|  |TAMS 0x0000000755600000, 0x0000000755600000| Untracked 
|  86|0x0000000755800000, 0x0000000755800000, 0x0000000755a00000|  0%| F|  |TAMS 0x0000000755800000, 0x0000000755800000| Untracked 
|  87|0x0000000755a00000, 0x0000000755a00000, 0x0000000755c00000|  0%| F|  |TAMS 0x0000000755a00000, 0x0000000755a00000| Untracked 
|  88|0x0000000755c00000, 0x0000000755c00000, 0x0000000755e00000|  0%| F|  |TAMS 0x0000000755c00000, 0x0000000755c00000| Untracked 
|  89|0x0000000755e00000, 0x0000000755e00000, 0x0000000756000000|  0%| F|  |TAMS 0x0000000755e00000, 0x0000000755e00000| Untracked 
|  90|0x0000000756000000, 0x0000000756000000, 0x0000000756200000|  0%| F|  |TAMS 0x0000000756000000, 0x0000000756000000| Untracked 
|  91|0x0000000756200000, 0x0000000756200000, 0x0000000756400000|  0%| F|  |TAMS 0x0000000756200000, 0x0000000756200000| Untracked 
|  92|0x0000000756400000, 0x0000000756400000, 0x0000000756600000|  0%| F|  |TAMS 0x0000000756400000, 0x0000000756400000| Untracked 
|  93|0x0000000756600000, 0x0000000756600000, 0x0000000756800000|  0%| F|  |TAMS 0x0000000756600000, 0x0000000756600000| Untracked 
|  94|0x0000000756800000, 0x0000000756800000, 0x0000000756a00000|  0%| F|  |TAMS 0x0000000756800000, 0x0000000756800000| Untracked 
|  95|0x0000000756a00000, 0x0000000756a00000, 0x0000000756c00000|  0%| F|  |TAMS 0x0000000756a00000, 0x0000000756a00000| Untracked 
|  96|0x0000000756c00000, 0x0000000756c00000, 0x0000000756e00000|  0%| F|  |TAMS 0x0000000756c00000, 0x0000000756c00000| Untracked 
|  97|0x0000000756e00000, 0x0000000756e00000, 0x0000000757000000|  0%| F|  |TAMS 0x0000000756e00000, 0x0000000756e00000| Untracked 
|  98|0x0000000757000000, 0x0000000757000000, 0x0000000757200000|  0%| F|  |TAMS 0x0000000757000000, 0x0000000757000000| Untracked 
|  99|0x0000000757200000, 0x0000000757200000, 0x0000000757400000|  0%| F|  |TAMS 0x0000000757200000, 0x0000000757200000| Untracked 
| 100|0x0000000757400000, 0x0000000757400000, 0x0000000757600000|  0%| F|  |TAMS 0x0000000757400000, 0x0000000757400000| Untracked 
| 101|0x0000000757600000, 0x0000000757600000, 0x0000000757800000|  0%| F|  |TAMS 0x0000000757600000, 0x0000000757600000| Untracked 
| 102|0x0000000757800000, 0x0000000757800000, 0x0000000757a00000|  0%| F|  |TAMS 0x0000000757800000, 0x0000000757800000| Untracked 
| 103|0x0000000757a00000, 0x0000000757a00000, 0x0000000757c00000|  0%| F|  |TAMS 0x0000000757a00000, 0x0000000757a00000| Untracked 
| 104|0x0000000757c00000, 0x0000000757c00000, 0x0000000757e00000|  0%| F|  |TAMS 0x0000000757c00000, 0x0000000757c00000| Untracked 
| 105|0x0000000757e00000, 0x0000000757e00000, 0x0000000758000000|  0%| F|  |TAMS 0x0000000757e00000, 0x0000000757e00000| Untracked 
| 106|0x0000000758000000, 0x0000000758000000, 0x0000000758200000|  0%| F|  |TAMS 0x0000000758000000, 0x0000000758000000| Untracked 
| 107|0x0000000758200000, 0x0000000758200000, 0x0000000758400000|  0%| F|  |TAMS 0x0000000758200000, 0x0000000758200000| Untracked 
| 108|0x0000000758400000, 0x0000000758400000, 0x0000000758600000|  0%| F|  |TAMS 0x0000000758400000, 0x0000000758400000| Untracked 
| 109|0x0000000758600000, 0x0000000758600000, 0x0000000758800000|  0%| F|  |TAMS 0x0000000758600000, 0x0000000758600000| Untracked 
| 110|0x0000000758800000, 0x0000000758800000, 0x0000000758a00000|  0%| F|  |TAMS 0x0000000758800000, 0x0000000758800000| Untracked 
| 111|0x0000000758a00000, 0x0000000758a00000, 0x0000000758c00000|  0%| F|  |TAMS 0x0000000758a00000, 0x0000000758a00000| Untracked 
| 112|0x0000000758c00000, 0x0000000758c00000, 0x0000000758e00000|  0%| F|  |TAMS 0x0000000758c00000, 0x0000000758c00000| Untracked 
| 113|0x0000000758e00000, 0x0000000758e00000, 0x0000000759000000|  0%| F|  |TAMS 0x0000000758e00000, 0x0000000758e00000| Untracked 
| 114|0x0000000759000000, 0x0000000759000000, 0x0000000759200000|  0%| F|  |TAMS 0x0000000759000000, 0x0000000759000000| Untracked 
| 115|0x0000000759200000, 0x0000000759200000, 0x0000000759400000|  0%| F|  |TAMS 0x0000000759200000, 0x0000000759200000| Untracked 
| 116|0x0000000759400000, 0x0000000759400000, 0x0000000759600000|  0%| F|  |TAMS 0x0000000759400000, 0x0000000759400000| Untracked 
| 117|0x0000000759600000, 0x0000000759600000, 0x0000000759800000|  0%| F|  |TAMS 0x0000000759600000, 0x0000000759600000| Untracked 
| 118|0x0000000759800000, 0x0000000759800000, 0x0000000759a00000|  0%| F|  |TAMS 0x0000000759800000, 0x0000000759800000| Untracked 
| 119|0x0000000759a00000, 0x0000000759a00000, 0x0000000759c00000|  0%| F|  |TAMS 0x0000000759a00000, 0x0000000759a00000| Untracked 
| 120|0x0000000759c00000, 0x0000000759c00000, 0x0000000759e00000|  0%| F|  |TAMS 0x0000000759c00000, 0x0000000759c00000| Untracked 
| 121|0x0000000759e00000, 0x0000000759e00000, 0x000000075a000000|  0%| F|  |TAMS 0x0000000759e00000, 0x0000000759e00000| Untracked 
| 122|0x000000075a000000, 0x000000075a000000, 0x000000075a200000|  0%| F|  |TAMS 0x000000075a000000, 0x000000075a000000| Untracked 
| 123|0x000000075a200000, 0x000000075a200000, 0x000000075a400000|  0%| F|  |TAMS 0x000000075a200000, 0x000000075a200000| Untracked 
| 124|0x000000075a400000, 0x000000075a400000, 0x000000075a600000|  0%| F|  |TAMS 0x000000075a400000, 0x000000075a400000| Untracked 
| 125|0x000000075a600000, 0x000000075a600000, 0x000000075a800000|  0%| F|  |TAMS 0x000000075a600000, 0x000000075a600000| Untracked 
| 126|0x000000075a800000, 0x000000075a800000, 0x000000075aa00000|  0%| F|  |TAMS 0x000000075a800000, 0x000000075a800000| Untracked 
| 127|0x000000075aa00000, 0x000000075aa00000, 0x000000075ac00000|  0%| F|  |TAMS 0x000000075aa00000, 0x000000075aa00000| Untracked 
| 128|0x000000075ac00000, 0x000000075ac00000, 0x000000075ae00000|  0%| F|  |TAMS 0x000000075ac00000, 0x000000075ac00000| Untracked 
| 129|0x000000075ae00000, 0x000000075ae00000, 0x000000075b000000|  0%| F|  |TAMS 0x000000075ae00000, 0x000000075ae00000| Untracked 
| 130|0x000000075b000000, 0x000000075b000000, 0x000000075b200000|  0%| F|  |TAMS 0x000000075b000000, 0x000000075b000000| Untracked 
| 131|0x000000075b200000, 0x000000075b200000, 0x000000075b400000|  0%| F|  |TAMS 0x000000075b200000, 0x000000075b200000| Untracked 
| 132|0x000000075b400000, 0x000000075b400000, 0x000000075b600000|  0%| F|  |TAMS 0x000000075b400000, 0x000000075b400000| Untracked 
| 133|0x000000075b600000, 0x000000075b600000, 0x000000075b800000|  0%| F|  |TAMS 0x000000075b600000, 0x000000075b600000| Untracked 
| 134|0x000000075b800000, 0x000000075b800000, 0x000000075ba00000|  0%| F|  |TAMS 0x000000075b800000, 0x000000075b800000| Untracked 
| 135|0x000000075ba00000, 0x000000075ba00000, 0x000000075bc00000|  0%| F|  |TAMS 0x000000075ba00000, 0x000000075ba00000| Untracked 
| 136|0x000000075bc00000, 0x000000075bc00000, 0x000000075be00000|  0%| F|  |TAMS 0x000000075bc00000, 0x000000075bc00000| Untracked 
| 137|0x000000075be00000, 0x000000075be00000, 0x000000075c000000|  0%| F|  |TAMS 0x000000075be00000, 0x000000075be00000| Untracked 
| 138|0x000000075c000000, 0x000000075c000000, 0x000000075c200000|  0%| F|  |TAMS 0x000000075c000000, 0x000000075c000000| Untracked 
| 139|0x000000075c200000, 0x000000075c200000, 0x000000075c400000|  0%| F|  |TAMS 0x000000075c200000, 0x000000075c200000| Untracked 
| 140|0x000000075c400000, 0x000000075c400000, 0x000000075c600000|  0%| F|  |TAMS 0x000000075c400000, 0x000000075c400000| Untracked 
| 141|0x000000075c600000, 0x000000075c600000, 0x000000075c800000|  0%| F|  |TAMS 0x000000075c600000, 0x000000075c600000| Untracked 
| 142|0x000000075c800000, 0x000000075c800000, 0x000000075ca00000|  0%| F|  |TAMS 0x000000075c800000, 0x000000075c800000| Untracked 
| 143|0x000000075ca00000, 0x000000075ca00000, 0x000000075cc00000|  0%| F|  |TAMS 0x000000075ca00000, 0x000000075ca00000| Untracked 
| 144|0x000000075cc00000, 0x000000075cc00000, 0x000000075ce00000|  0%| F|  |TAMS 0x000000075cc00000, 0x000000075cc00000| Untracked 
| 145|0x000000075ce00000, 0x000000075ce00000, 0x000000075d000000|  0%| F|  |TAMS 0x000000075ce00000, 0x000000075ce00000| Untracked 
| 146|0x000000075d000000, 0x000000075d000000, 0x000000075d200000|  0%| F|  |TAMS 0x000000075d000000, 0x000000075d000000| Untracked 
| 147|0x000000075d200000, 0x000000075d200000, 0x000000075d400000|  0%| F|  |TAMS 0x000000075d200000, 0x000000075d200000| Untracked 
| 148|0x000000075d400000, 0x000000075d400000, 0x000000075d600000|  0%| F|  |TAMS 0x000000075d400000, 0x000000075d400000| Untracked 
| 149|0x000000075d600000, 0x000000075d600000, 0x000000075d800000|  0%| F|  |TAMS 0x000000075d600000, 0x000000075d600000| Untracked 
| 150|0x000000075d800000, 0x000000075d800000, 0x000000075da00000|  0%| F|  |TAMS 0x000000075d800000, 0x000000075d800000| Untracked 
| 151|0x000000075da00000, 0x000000075da00000, 0x000000075dc00000|  0%| F|  |TAMS 0x000000075da00000, 0x000000075da00000| Untracked 
| 152|0x000000075dc00000, 0x000000075dc00000, 0x000000075de00000|  0%| F|  |TAMS 0x000000075dc00000, 0x000000075dc00000| Untracked 
| 153|0x000000075de00000, 0x000000075de00000, 0x000000075e000000|  0%| F|  |TAMS 0x000000075de00000, 0x000000075de00000| Untracked 
| 154|0x000000075e000000, 0x000000075e000000, 0x000000075e200000|  0%| F|  |TAMS 0x000000075e000000, 0x000000075e000000| Untracked 
| 155|0x000000075e200000, 0x000000075e200000, 0x000000075e400000|  0%| F|  |TAMS 0x000000075e200000, 0x000000075e200000| Untracked 
| 156|0x000000075e400000, 0x000000075e400000, 0x000000075e600000|  0%| F|  |TAMS 0x000000075e400000, 0x000000075e400000| Untracked 
| 157|0x000000075e600000, 0x000000075e600000, 0x000000075e800000|  0%| F|  |TAMS 0x000000075e600000, 0x000000075e600000| Untracked 
| 158|0x000000075e800000, 0x000000075e800000, 0x000000075ea00000|  0%| F|  |TAMS 0x000000075e800000, 0x000000075e800000| Untracked 
| 159|0x000000075ea00000, 0x000000075ea00000, 0x000000075ec00000|  0%| F|  |TAMS 0x000000075ea00000, 0x000000075ea00000| Untracked 
| 160|0x000000075ec00000, 0x000000075ec00000, 0x000000075ee00000|  0%| F|  |TAMS 0x000000075ec00000, 0x000000075ec00000| Untracked 
| 161|0x000000075ee00000, 0x000000075ee00000, 0x000000075f000000|  0%| F|  |TAMS 0x000000075ee00000, 0x000000075ee00000| Untracked 
| 162|0x000000075f000000, 0x000000075f000000, 0x000000075f200000|  0%| F|  |TAMS 0x000000075f000000, 0x000000075f000000| Untracked 
| 163|0x000000075f200000, 0x000000075f200000, 0x000000075f400000|  0%| F|  |TAMS 0x000000075f200000, 0x000000075f200000| Untracked 
| 164|0x000000075f400000, 0x000000075f400000, 0x000000075f600000|  0%| F|  |TAMS 0x000000075f400000, 0x000000075f400000| Untracked 
| 165|0x000000075f600000, 0x000000075f600000, 0x000000075f800000|  0%| F|  |TAMS 0x000000075f600000, 0x000000075f600000| Untracked 
| 166|0x000000075f800000, 0x000000075f800000, 0x000000075fa00000|  0%| F|  |TAMS 0x000000075f800000, 0x000000075f800000| Untracked 
| 167|0x000000075fa00000, 0x000000075fa00000, 0x000000075fc00000|  0%| F|  |TAMS 0x000000075fa00000, 0x000000075fa00000| Untracked 
| 168|0x000000075fc00000, 0x000000075fc00000, 0x000000075fe00000|  0%| F|  |TAMS 0x000000075fc00000, 0x000000075fc00000| Untracked 
| 169|0x000000075fe00000, 0x000000075fe00000, 0x0000000760000000|  0%| F|  |TAMS 0x000000075fe00000, 0x000000075fe00000| Untracked 
| 170|0x0000000760000000, 0x0000000760000000, 0x0000000760200000|  0%| F|  |TAMS 0x0000000760000000, 0x0000000760000000| Untracked 
| 171|0x0000000760200000, 0x0000000760200000, 0x0000000760400000|  0%| F|  |TAMS 0x0000000760200000, 0x0000000760200000| Untracked 
| 172|0x0000000760400000, 0x0000000760400000, 0x0000000760600000|  0%| F|  |TAMS 0x0000000760400000, 0x0000000760400000| Untracked 
| 173|0x0000000760600000, 0x0000000760642800, 0x0000000760800000| 12%| S|CS|TAMS 0x0000000760600000, 0x0000000760600000| Complete 
| 174|0x0000000760800000, 0x0000000760800000, 0x0000000760a00000|  0%| F|  |TAMS 0x0000000760800000, 0x0000000760800000| Untracked 
| 175|0x0000000760a00000, 0x0000000760a00000, 0x0000000760c00000|  0%| F|  |TAMS 0x0000000760a00000, 0x0000000760a00000| Untracked 
| 176|0x0000000760c00000, 0x0000000760c00000, 0x0000000760e00000|  0%| F|  |TAMS 0x0000000760c00000, 0x0000000760c00000| Untracked 
| 177|0x0000000760e00000, 0x0000000760e00000, 0x0000000761000000|  0%| F|  |TAMS 0x0000000760e00000, 0x0000000760e00000| Untracked 
| 178|0x0000000761000000, 0x0000000761000000, 0x0000000761200000|  0%| F|  |TAMS 0x0000000761000000, 0x0000000761000000| Untracked 
| 179|0x0000000761200000, 0x0000000761200000, 0x0000000761400000|  0%| F|  |TAMS 0x0000000761200000, 0x0000000761200000| Untracked 
| 180|0x0000000761400000, 0x0000000761400000, 0x0000000761600000|  0%| F|  |TAMS 0x0000000761400000, 0x0000000761400000| Untracked 
| 181|0x0000000761600000, 0x0000000761600000, 0x0000000761800000|  0%| F|  |TAMS 0x0000000761600000, 0x0000000761600000| Untracked 

Card table byte_map: [0x0000020715140000,0x00000207156f0000] _byte_map_base: 0x00000207116ea000

Marking Bits (Prev, Next): (CMBitMap*) 0x0000020701c9ded0, (CMBitMap*) 0x0000020701c9df10
 Prev Bits: [0x0000020715ca0000, 0x00000207189f0000)
 Next Bits: [0x00000207189f0000, 0x000002071b740000)

Polling page: 0x0000020701410000

Metaspace:

Usage:
  Non-class:     13.59 MB used.
      Class:      1.52 MB used.
       Both:     15.11 MB used.

Virtual space:
  Non-class space:       64.00 MB reserved,      13.69 MB ( 21%) committed,  1 nodes.
      Class space:        1.00 GB reserved,       1.62 MB ( <1%) committed,  1 nodes.
             Both:        1.06 GB reserved,      15.31 MB (  1%) committed. 

Chunk freelists:
   Non-Class:  2.16 MB
       Class:  14.24 MB
        Both:  16.40 MB

MaxMetaspaceSize: unlimited
CompressedClassSpaceSize: 1.00 GB
Initial GC threshold: 21.00 MB
Current GC threshold: 21.00 MB
CDS: off
MetaspaceReclaimPolicy: balanced
 - commit_granule_bytes: 65536.
 - commit_granule_words: 8192.
 - virtual_space_node_default_size: 8388608.
 - enlarge_chunks_in_place: 1.
 - new_chunks_are_fully_committed: 0.
 - uncommit_free_chunks: 1.
 - use_allocation_guard: 0.
 - handle_deallocations: 1.


Internal statistics:

num_allocs_failed_limit: 0.
num_arena_births: 128.
num_arena_deaths: 0.
num_vsnodes_births: 2.
num_vsnodes_deaths: 0.
num_space_committed: 245.
num_space_uncommitted: 0.
num_chunks_returned_to_freelist: 0.
num_chunks_taken_from_freelist: 205.
num_chunk_merges: 0.
num_chunk_splits: 110.
num_chunks_enlarged: 63.
num_inconsistent_stats: 0.

CodeHeap 'non-profiled nmethods': size=119168Kb used=612Kb max_used=612Kb free=118555Kb
 bounds [0x000002070cea0000, 0x000002070d110000, 0x0000020714300000]
CodeHeap 'profiled nmethods': size=119104Kb used=2337Kb max_used=2337Kb free=116766Kb
 bounds [0x0000020705300000, 0x0000020705570000, 0x000002070c750000]
CodeHeap 'non-nmethods': size=7488Kb used=2946Kb max_used=2991Kb free=4541Kb
 bounds [0x000002070c750000, 0x000002070ca50000, 0x000002070cea0000]
 total_blobs=1895 nmethods=1315 adapters=490
 compilation: enabled
              stopped_count=0, restarted_count=0
 full_count=0

Compilation events (20 events):
Event: 2.385 Thread 0x000002071e9211d0 nmethod 1306 0x000002070cf37310 code [0x000002070cf374a0, 0x000002070cf37578]
Event: 2.385 Thread 0x000002071e918110 nmethod 1307 0x000002070cf37610 code [0x000002070cf377a0, 0x000002070cf37878]
Event: 2.386 Thread 0x000002071e9211d0 1308       3       sun.java2d.pipe.Region::<init> (26 bytes)
Event: 2.386 Thread 0x000002071e9211d0 nmethod 1308 0x0000020705548090 code [0x0000020705548220, 0x0000020705548398]
Event: 2.386 Thread 0x000002071e9211d0 1309       1       java.awt.Font::hasLayoutAttributes (5 bytes)
Event: 2.386 Thread 0x000002071e7aad60 1310       1       sun.font.GlyphList::getNumGlyphs (5 bytes)
Event: 2.386 Thread 0x000002071e918110 1311       1       sun.font.GlyphList::getImages (5 bytes)
Event: 2.386 Thread 0x00000207237b75e0 1312       1       sun.font.GlyphList::getX (5 bytes)
Event: 2.386 Thread 0x000002071e9211d0 nmethod 1309 0x000002070cf37910 code [0x000002070cf37aa0, 0x000002070cf37b78]
Event: 2.386 Thread 0x000002071e7aad60 nmethod 1310 0x000002070cf37c10 code [0x000002070cf37da0, 0x000002070cf37e78]
Event: 2.386 Thread 0x000002071e918110 nmethod 1311 0x000002070cf37f10 code [0x000002070cf380a0, 0x000002070cf38178]
Event: 2.386 Thread 0x000002071e9211d0 1313       1       sun.font.GlyphList::getY (5 bytes)
Event: 2.386 Thread 0x00000207237b75e0 nmethod 1312 0x000002070cf38210 code [0x000002070cf383a0, 0x000002070cf38478]
Event: 2.386 Thread 0x000002071e7aad60 1314       1       sun.font.GlyphList::getStrike (5 bytes)
Event: 2.386 Thread 0x000002071e918110 1315       1       sun.font.GlyphList::isSubPixPos (5 bytes)
Event: 2.386 Thread 0x00000207237b75e0 1316       1       sun.font.GlyphList::isRGBOrder (5 bytes)
Event: 2.387 Thread 0x000002071e9211d0 nmethod 1313 0x000002070cf38510 code [0x000002070cf386a0, 0x000002070cf38778]
Event: 2.387 Thread 0x000002071e7aad60 nmethod 1314 0x000002070cf38810 code [0x000002070cf389a0, 0x000002070cf38a78]
Event: 2.387 Thread 0x000002071e918110 nmethod 1315 0x000002070cf38b10 code [0x000002070cf38ca0, 0x000002070cf38d78]
Event: 2.387 Thread 0x00000207237b75e0 nmethod 1316 0x000002070cf38e10 code [0x000002070cf38fa0, 0x000002070cf39078]

GC Heap History (19 events):
Event: 1.422 GC heap before
{Heap before GC invocations=0 (full 0):
 garbage-first heap   total 186368K, used 22528K [0x000000074ac00000, 0x0000000800000000)
  region size 2048K, 11 young (22528K), 0 survivors (0K)
 Metaspace       used 15406K, committed 15616K, reserved 1114112K
  class space    used 1560K, committed 1664K, reserved 1048576K
}
Event: 1.426 GC heap after
{Heap after GC invocations=1 (full 0):
 garbage-first heap   total 186368K, used 2638K [0x000000074ac00000, 0x0000000800000000)
  region size 2048K, 2 young (4096K), 2 survivors (4096K)
 Metaspace       used 15406K, committed 15616K, reserved 1114112K
  class space    used 1560K, committed 1664K, reserved 1048576K
}
Event: 1.733 GC heap before
{Heap before GC invocations=1 (full 0):
 garbage-first heap   total 186368K, used 39502K [0x000000074ac00000, 0x0000000800000000)
  region size 2048K, 20 young (40960K), 2 survivors (4096K)
 Metaspace       used 15434K, committed 15616K, reserved 1114112K
  class space    used 1560K, committed 1664K, reserved 1048576K
}
Event: 1.737 GC heap after
{Heap after GC invocations=2 (full 0):
 garbage-first heap   total 186368K, used 3395K [0x000000074ac00000, 0x0000000800000000)
  region size 2048K, 2 young (4096K), 2 survivors (4096K)
 Metaspace       used 15434K, committed 15616K, reserved 1114112K
  class space    used 1560K, committed 1664K, reserved 1048576K
}
Event: 1.891 GC heap before
{Heap before GC invocations=2 (full 0):
 garbage-first heap   total 186368K, used 120131K [0x000000074ac00000, 0x0000000800000000)
  region size 2048K, 54 young (110592K), 2 survivors (4096K)
 Metaspace       used 15444K, committed 15680K, reserved 1114112K
  class space    used 1560K, committed 1664K, reserved 1048576K
}
Event: 1.896 GC heap after
{Heap after GC invocations=3 (full 0):
 garbage-first heap   total 186368K, used 13024K [0x000000074ac00000, 0x0000000800000000)
  region size 2048K, 2 young (4096K), 2 survivors (4096K)
 Metaspace       used 15444K, committed 15680K, reserved 1114112K
  class space    used 1560K, committed 1664K, reserved 1048576K
}
Event: 1.944 GC heap before
{Heap before GC invocations=3 (full 0):
 garbage-first heap   total 186368K, used 125664K [0x000000074ac00000, 0x0000000800000000)
  region size 2048K, 54 young (110592K), 2 survivors (4096K)
 Metaspace       used 15454K, committed 15680K, reserved 1114112K
  class space    used 1560K, committed 1664K, reserved 1048576K
}
Event: 1.951 GC heap after
{Heap after GC invocations=4 (full 0):
 garbage-first heap   total 186368K, used 19130K [0x000000074ac00000, 0x0000000800000000)
  region size 2048K, 2 young (4096K), 2 survivors (4096K)
 Metaspace       used 15454K, committed 15680K, reserved 1114112K
  class space    used 1560K, committed 1664K, reserved 1048576K
}
Event: 2.001 GC heap before
{Heap before GC invocations=4 (full 0):
 garbage-first heap   total 186368K, used 133818K [0x000000074ac00000, 0x0000000800000000)
  region size 2048K, 54 young (110592K), 2 survivors (4096K)
 Metaspace       used 15461K, committed 15680K, reserved 1114112K
  class space    used 1560K, committed 1664K, reserved 1048576K
}
Event: 2.012 GC heap after
{Heap after GC invocations=5 (full 0):
 garbage-first heap   total 186368K, used 27337K [0x000000074ac00000, 0x0000000800000000)
  region size 2048K, 2 young (4096K), 2 survivors (4096K)
 Metaspace       used 15461K, committed 15680K, reserved 1114112K
  class space    used 1560K, committed 1664K, reserved 1048576K
}
Event: 2.064 GC heap before
{Heap before GC invocations=5 (full 0):
 garbage-first heap   total 186368K, used 146121K [0x000000074ac00000, 0x0000000800000000)
  region size 2048K, 54 young (110592K), 2 survivors (4096K)
 Metaspace       used 15462K, committed 15680K, reserved 1114112K
  class space    used 1560K, committed 1664K, reserved 1048576K
}
Event: 2.080 GC heap after
{Heap after GC invocations=6 (full 0):
 garbage-first heap   total 372736K, used 39558K [0x000000074ac00000, 0x0000000800000000)
  region size 2048K, 2 young (4096K), 2 survivors (4096K)
 Metaspace       used 15462K, committed 15680K, reserved 1114112K
  class space    used 1560K, committed 1664K, reserved 1048576K
}
Event: 2.228 GC heap before
{Heap before GC invocations=6 (full 0):
 garbage-first heap   total 372736K, used 275078K [0x000000074ac00000, 0x0000000800000000)
  region size 2048K, 109 young (223232K), 2 survivors (4096K)
 Metaspace       used 15463K, committed 15680K, reserved 1114112K
  class space    used 1560K, committed 1664K, reserved 1048576K
}
Event: 2.250 GC heap after
{Heap after GC invocations=7 (full 0):
 garbage-first heap   total 372736K, used 55991K [0x000000074ac00000, 0x0000000800000000)
  region size 2048K, 2 young (4096K), 2 survivors (4096K)
 Metaspace       used 15463K, committed 15680K, reserved 1114112K
  class space    used 1560K, committed 1664K, reserved 1048576K
}
Event: 2.261 GC heap before
{Heap before GC invocations=7 (full 0):
 garbage-first heap   total 372736K, used 70327K [0x000000074ac00000, 0x0000000800000000)
  region size 2048K, 9 young (18432K), 2 survivors (4096K)
 Metaspace       used 15470K, committed 15680K, reserved 1114112K
  class space    used 1560K, committed 1664K, reserved 1048576K
}
Event: 2.284 GC heap after
{Heap after GC invocations=8 (full 0):
 garbage-first heap   total 372736K, used 56097K [0x000000074ac00000, 0x0000000800000000)
  region size 2048K, 1 young (2048K), 1 survivors (2048K)
 Metaspace       used 15470K, committed 15680K, reserved 1114112K
  class space    used 1560K, committed 1664K, reserved 1048576K
}
Event: 2.387 GC heap before
{Heap before GC invocations=8 (full 0):
 garbage-first heap   total 372736K, used 301857K [0x000000074ac00000, 0x0000000800000000)
  region size 2048K, 109 young (223232K), 1 survivors (2048K)
 Metaspace       used 15477K, committed 15680K, reserved 1114112K
  class space    used 1560K, committed 1664K, reserved 1048576K
}
Event: 2.417 GC heap after
{Heap after GC invocations=9 (full 0):
 garbage-first heap   total 372736K, used 80443K [0x000000074ac00000, 0x0000000800000000)
  region size 2048K, 1 young (2048K), 1 survivors (2048K)
 Metaspace       used 15477K, committed 15680K, reserved 1114112K
  class space    used 1560K, committed 1664K, reserved 1048576K
}
Event: 2.429 GC heap before
{Heap before GC invocations=9 (full 0):
 garbage-first heap   total 372736K, used 96827K [0x000000074ac00000, 0x0000000800000000)
  region size 2048K, 9 young (18432K), 1 survivors (2048K)
 Metaspace       used 15477K, committed 15680K, reserved 1114112K
  class space    used 1560K, committed 1664K, reserved 1048576K
}

Dll operation events (8 events):
Event: 0.009 Loaded shared library C:\Users\mulau\.p2\pool\plugins\org.eclipse.justj.openjdk.hotspot.jre.full.win32.x86_64_17.0.7.v20230425-1502\jre\bin\java.dll
Event: 0.111 Loaded shared library C:\Users\mulau\.p2\pool\plugins\org.eclipse.justj.openjdk.hotspot.jre.full.win32.x86_64_17.0.7.v20230425-1502\jre\bin\net.dll
Event: 0.118 Loaded shared library C:\Users\mulau\.p2\pool\plugins\org.eclipse.justj.openjdk.hotspot.jre.full.win32.x86_64_17.0.7.v20230425-1502\jre\bin\nio.dll
Event: 0.127 Loaded shared library C:\Users\mulau\.p2\pool\plugins\org.eclipse.justj.openjdk.hotspot.jre.full.win32.x86_64_17.0.7.v20230425-1502\jre\bin\zip.dll
Event: 0.151 Loaded shared library C:\Users\mulau\.p2\pool\plugins\org.eclipse.justj.openjdk.hotspot.jre.full.win32.x86_64_17.0.7.v20230425-1502\jre\bin\jimage.dll
Event: 0.182 Loaded shared library C:\Users\mulau\.p2\pool\plugins\org.eclipse.justj.openjdk.hotspot.jre.full.win32.x86_64_17.0.7.v20230425-1502\jre\bin\awt.dll
Event: 0.511 Loaded shared library C:\Users\mulau\.p2\pool\plugins\org.eclipse.justj.openjdk.hotspot.jre.full.win32.x86_64_17.0.7.v20230425-1502\jre\bin\freetype.dll
Event: 0.513 Loaded shared library C:\Users\mulau\.p2\pool\plugins\org.eclipse.justj.openjdk.hotspot.jre.full.win32.x86_64_17.0.7.v20230425-1502\jre\bin\fontmanager.dll

Deoptimization events (20 events):
Event: 0.997 Thread 0x0000020723429c70 Uncommon trap: trap_request=0xffffffcc fr.pc=0x000002070cef3614 relative=0x00000000000025f4
Event: 0.997 Thread 0x0000020723429c70 Uncommon trap: reason=intrinsic_or_type_checked_inlining action=make_not_entrant pc=0x000002070cef3614 method=java.util.ArrayList$SubList.toArray([Ljava/lang/Object;)[Ljava/lang/Object; @ 58 c2
Event: 0.997 Thread 0x0000020723429c70 DEOPT PACKING pc=0x000002070cef3614 sp=0x000000c7840febd0
Event: 0.997 Thread 0x0000020723429c70 DEOPT UNPACKING pc=0x000002070c7a69a3 sp=0x000000c7840feb18 mode 2
Event: 1.703 Thread 0x00000207237c70e0 Uncommon trap: trap_request=0xffffff45 fr.pc=0x000002070ceee670 relative=0x0000000000000070
Event: 1.703 Thread 0x00000207237c70e0 Uncommon trap: reason=unstable_if action=reinterpret pc=0x000002070ceee670 method=java.util.AbstractCollection.isEmpty()Z @ 4 c2
Event: 1.703 Thread 0x00000207237c70e0 DEOPT PACKING pc=0x000002070ceee670 sp=0x000000c7844fee20
Event: 1.703 Thread 0x00000207237c70e0 DEOPT UNPACKING pc=0x000002070c7a69a3 sp=0x000000c7844fedb0 mode 2
Event: 1.776 Thread 0x00000207234933c0 Uncommon trap: trap_request=0xffffff45 fr.pc=0x000002070cefe6f0 relative=0x00000000000029d0
Event: 1.776 Thread 0x00000207234933c0 Uncommon trap: reason=unstable_if action=reinterpret pc=0x000002070cefe6f0 method=java.lang.String.split(Ljava/lang/String;I)[Ljava/lang/String; @ 209 c2
Event: 1.776 Thread 0x00000207234933c0 DEOPT PACKING pc=0x000002070cefe6f0 sp=0x000000c7841fee20
Event: 1.776 Thread 0x00000207234933c0 DEOPT UNPACKING pc=0x000002070c7a69a3 sp=0x000000c7841fee00 mode 2
Event: 1.776 Thread 0x00000207234933c0 Uncommon trap: trap_request=0xffffff45 fr.pc=0x000002070ceed3b0 relative=0x00000000000002f0
Event: 1.776 Thread 0x00000207234933c0 Uncommon trap: reason=unstable_if action=reinterpret pc=0x000002070ceed3b0 method=java.lang.Integer.parseInt(Ljava/lang/String;I)I @ 105 c2
Event: 1.776 Thread 0x00000207234933c0 DEOPT PACKING pc=0x000002070ceed3b0 sp=0x000000c7841fee40
Event: 1.776 Thread 0x00000207234933c0 DEOPT UNPACKING pc=0x000002070c7a69a3 sp=0x000000c7841fed48 mode 2
Event: 1.808 Thread 0x0000020723429c70 Uncommon trap: trap_request=0xffffff45 fr.pc=0x000002070cee2d30 relative=0x0000000000000370
Event: 1.808 Thread 0x0000020723429c70 Uncommon trap: reason=unstable_if action=reinterpret pc=0x000002070cee2d30 method=java.lang.Integer.parseInt(Ljava/lang/String;I)I @ 119 c2
Event: 1.808 Thread 0x0000020723429c70 DEOPT PACKING pc=0x000002070cee2d30 sp=0x000000c7840fec80
Event: 1.808 Thread 0x0000020723429c70 DEOPT UNPACKING pc=0x000002070c7a69a3 sp=0x000000c7840febe8 mode 2

Classes unloaded (0 events):
No events

Classes redefined (0 events):
No events

Internal exceptions (18 events):
Event: 0.169 Thread 0x0000020701c46960 Exception <a 'java/lang/ClassNotFoundException'{0x0000000755e12dc0}: sun/awt/resources/spi/awtProvider> (0x0000000755e12dc0) 
thrown [s\src\hotspot\share\classfile\systemDictionary.cpp, line 256]
Event: 0.204 Thread 0x0000020701c46960 Exception <a 'java/io/FileNotFoundException'{0x0000000755e6c788}> (0x0000000755e6c788) 
thrown [s\src\hotspot\share\prims\jni.cpp, line 516]
Event: 0.211 Thread 0x0000020701c46960 Exception <a 'java/io/FileNotFoundException'{0x0000000755f0a3a0}> (0x0000000755f0a3a0) 
thrown [s\src\hotspot\share\prims\jni.cpp, line 516]
Event: 0.272 Thread 0x0000020701c46960 Exception <a 'java/lang/NoSuchMethodError'{0x0000000755f64a68}: 'java.lang.Object java.lang.invoke.DirectMethodHandle$Holder.invokeStaticInit(java.lang.Object)'> (0x0000000755f64a68) 
thrown [s\src\hotspot\share\interpreter\linkResolver.cpp, line 759]
Event: 0.374 Thread 0x0000020701c46960 Exception <a 'java/lang/NoSuchMethodError'{0x0000000755faf2f8}: 'void java.lang.invoke.DirectMethodHandle$Holder.invokeSpecial(java.lang.Object, java.lang.Object, java.lang.Object)'> (0x0000000755faf2f8) 
thrown [s\src\hotspot\share\interpreter\linkResolver.cpp, line 759]
Event: 0.384 Thread 0x0000020701c46960 Exception <a 'java/lang/NoSuchMethodError'{0x0000000755c167e0}: 'java.lang.Object java.lang.invoke.DirectMethodHandle$Holder.newInvokeSpecial(java.lang.Object, java.lang.Object, java.lang.Object, java.lang.Object, java.lang.Object)'> (0x0000000755c167e0) 
thrown [s\src\hotspot\share\interpreter\linkResolver.cpp, line 759]
Event: 0.386 Thread 0x0000020701c46960 Exception <a 'java/lang/NoSuchMethodError'{0x0000000755c221a8}: 'java.lang.Object java.lang.invoke.DirectMethodHandle$Holder.invokeStatic(java.lang.Object, int, java.lang.Object, java.lang.Object, java.lang.Object, java.lang.Object)'> (0x0000000755c221a8) 
thrown [s\src\hotspot\share\interpreter\linkResolver.cpp, line 759]
Event: 0.389 Thread 0x0000020701c46960 Exception <a 'java/lang/NoSuchMethodError'{0x0000000755c47968}: 'java.lang.Object java.lang.invoke.DirectMethodHandle$Holder.invokeStatic(java.lang.Object, int, java.lang.Object)'> (0x0000000755c47968) 
thrown [s\src\hotspot\share\interpreter\linkResolver.cpp, line 759]
Event: 0.419 Thread 0x0000020701c46960 Exception <a 'java/lang/ClassNotFoundException'{0x0000000755cff8e8}: com/sun/swing/internal/plaf/metal/resources/spi/metalProvider> (0x0000000755cff8e8) 
thrown [s\src\hotspot\share\classfile\systemDictionary.cpp, line 256]
Event: 0.419 Thread 0x0000020701c46960 Exception <a 'java/lang/ClassNotFoundException'{0x0000000755d03740}: com/sun/swing/internal/plaf/basic/resources/spi/basicProvider> (0x0000000755d03740) 
thrown [s\src\hotspot\share\classfile\systemDictionary.cpp, line 256]
Event: 0.444 Thread 0x0000020701c46960 Exception <a 'java/lang/NoSuchMethodError'{0x0000000755d29268}: 'void java.lang.invoke.DirectMethodHandle$Holder.invokeStatic(java.lang.Object, java.lang.Object)'> (0x0000000755d29268) 
thrown [s\src\hotspot\share\interpreter\linkResolver.cpp, line 759]
Event: 0.464 Thread 0x0000020701c46960 Exception <a 'java/lang/NoSuchMethodError'{0x0000000755da2078}: 'java.lang.Object java.lang.invoke.DirectMethodHandle$Holder.invokeStaticInit(java.lang.Object, int, int, int, int)'> (0x0000000755da2078) 
thrown [s\src\hotspot\share\interpreter\linkResolver.cpp, line 759]
Event: 0.484 Thread 0x0000020723177010 Exception <a 'java/lang/NoSuchMethodError'{0x0000000755fd28d0}: 'void java.lang.invoke.DirectMethodHandle$Holder.invokeVirtual(java.lang.Object, java.lang.Object)'> (0x0000000755fd28d0) 
thrown [s\src\hotspot\share\interpreter\linkResolver.cpp, line 759]
Event: 0.499 Thread 0x0000020701c46960 Exception <a 'java/lang/NoSuchMethodError'{0x0000000755a20b28}: 'void java.lang.invoke.DirectMethodHandle$Holder.invokeStaticInit(java.lang.Object)'> (0x0000000755a20b28) 
thrown [s\src\hotspot\share\interpreter\linkResolver.cpp, line 759]
Event: 0.654 Thread 0x00000207234933c0 Exception <a 'java/lang/NoSuchMethodError'{0x000000075582b6f8}: 'java.lang.Object java.lang.invoke.DirectMethodHandle$Holder.invokeStaticInit(java.lang.Object, java.lang.Object, int, int, int, int)'> (0x000000075582b6f8) 
thrown [s\src\hotspot\share\interpreter\linkResolver.cpp, line 759]
Event: 0.738 Thread 0x0000020701c46960 Exception <a 'java/lang/NoSuchMethodError'{0x0000000755a92d68}: 'java.lang.Object java.lang.invoke.DirectMethodHandle$Holder.newInvokeSpecial(java.lang.Object, java.lang.Object, java.lang.Object, int)'> (0x0000000755a92d68) 
thrown [s\src\hotspot\share\interpreter\linkResolver.cpp, line 759]
Event: 0.738 Thread 0x0000020701c46960 Exception <a 'java/lang/NoSuchMethodError'{0x0000000755a96ea0}: 'java.lang.Object java.lang.invoke.DirectMethodHandle$Holder.invokeSpecial(java.lang.Object, java.lang.Object, java.lang.Object, java.lang.Object, int)'> (0x0000000755a96ea0) 
thrown [s\src\hotspot\share\interpreter\linkResolver.cpp, line 759]
Event: 0.738 Thread 0x0000020701c46960 Exception <a 'java/lang/NoSuchMethodError'{0x0000000755a9a7c0}: 'java.lang.Object java.lang.invoke.Invokers$Holder.linkToTargetMethod(java.lang.Object, java.lang.Object, int, java.lang.Object)'> (0x0000000755a9a7c0) 
thrown [s\src\hotspot\share\interpreter\linkResolver.cpp, line 759]

VM Operations (20 events):
Event: 0.610 Executing VM operation: HandshakeAllThreads done
Event: 1.422 Executing VM operation: G1CollectForAllocation
Event: 1.426 Executing VM operation: G1CollectForAllocation done
Event: 1.733 Executing VM operation: G1CollectForAllocation
Event: 1.737 Executing VM operation: G1CollectForAllocation done
Event: 1.891 Executing VM operation: G1CollectForAllocation
Event: 1.896 Executing VM operation: G1CollectForAllocation done
Event: 1.944 Executing VM operation: G1CollectForAllocation
Event: 1.951 Executing VM operation: G1CollectForAllocation done
Event: 2.000 Executing VM operation: G1CollectForAllocation
Event: 2.012 Executing VM operation: G1CollectForAllocation done
Event: 2.064 Executing VM operation: G1CollectForAllocation
Event: 2.080 Executing VM operation: G1CollectForAllocation done
Event: 2.228 Executing VM operation: G1CollectForAllocation
Event: 2.250 Executing VM operation: G1CollectForAllocation done
Event: 2.261 Executing VM operation: G1CollectForAllocation
Event: 2.284 Executing VM operation: G1CollectForAllocation done
Event: 2.387 Executing VM operation: G1CollectForAllocation
Event: 2.417 Executing VM operation: G1CollectForAllocation done
Event: 2.429 Executing VM operation: G1CollectForAllocation

Events (20 events):
Event: 0.822 loading class sun/font/CMap$CMapFormat4 done
Event: 0.822 loading class java/nio/ByteBufferAsCharBufferB
Event: 0.822 loading class java/nio/ByteBufferAsCharBufferB done
Event: 0.823 loading class jdk/internal/misc/ScopedMemoryAccess$Scope
Event: 0.823 loading class jdk/internal/misc/ScopedMemoryAccess$Scope done
Event: 0.823 loading class sun/font/FileFontStrike
Event: 0.824 loading class sun/font/FileFontStrike done
Event: 0.824 loading class sun/font/FontScaler
Event: 0.824 loading class sun/font/FontScaler done
Event: 0.824 loading class sun/font/FreetypeFontScaler
Event: 0.824 loading class sun/font/FreetypeFontScaler done
Event: 0.940 Thread 0x00000207295ed5a0 Thread added: 0x00000207295ed5a0
Event: 0.941 Thread 0x000002072955e400 Thread added: 0x000002072955e400
Event: 1.123 Thread 0x000002072955e400 Thread exited: 0x000002072955e400
Event: 1.123 Thread 0x00000207295ed5a0 Thread exited: 0x00000207295ed5a0
Event: 1.123 Thread 0x00000207237b7f90 Thread exited: 0x00000207237b7f90
Event: 1.124 Thread 0x000002072350f130 Thread exited: 0x000002072350f130
Event: 1.809 Thread 0x00000207293d2030 Thread added: 0x00000207293d2030
Event: 1.919 Thread 0x0000020729646a80 Thread added: 0x0000020729646a80
Event: 2.251 Thread 0x0000020729646a80 Thread exited: 0x0000020729646a80


Dynamic libraries:
0x00007ff6cb6a0000 - 0x00007ff6cb6ae000 	C:\Users\mulau\.p2\pool\plugins\org.eclipse.justj.openjdk.hotspot.jre.full.win32.x86_64_17.0.7.v20230425-1502\jre\bin\javaw.exe
0x00007ffca2d70000 - 0x00007ffca2f87000 	C:\windows\SYSTEM32\ntdll.dll
0x00007ffca1c40000 - 0x00007ffca1d04000 	C:\windows\System32\KERNEL32.DLL
0x00007ffca03a0000 - 0x00007ffca0746000 	C:\windows\System32\KERNELBASE.dll
0x00007ffca0750000 - 0x00007ffca0861000 	C:\windows\System32\ucrtbase.dll
0x00007ffc967b0000 - 0x00007ffc967c7000 	C:\Users\mulau\.p2\pool\plugins\org.eclipse.justj.openjdk.hotspot.jre.full.win32.x86_64_17.0.7.v20230425-1502\jre\bin\jli.dll
0x00007ffca0d90000 - 0x00007ffca0f3d000 	C:\windows\System32\USER32.dll
0x00007ffc890a0000 - 0x00007ffc890b9000 	C:\Users\mulau\.p2\pool\plugins\org.eclipse.justj.openjdk.hotspot.jre.full.win32.x86_64_17.0.7.v20230425-1502\jre\bin\VCRUNTIME140.dll
0x00007ffc9f300000 - 0x00007ffc9f593000 	C:\windows\WinSxS\amd64_microsoft.windows.common-controls_6595b64144ccf1df_6.0.22621.2361_none_2712ced57382f843\COMCTL32.dll
0x00007ffca0160000 - 0x00007ffca0186000 	C:\windows\System32\win32u.dll
0x00007ffca1e20000 - 0x00007ffca1e49000 	C:\windows\System32\GDI32.dll
0x00007ffca17e0000 - 0x00007ffca1887000 	C:\windows\System32\msvcrt.dll
0x00007ffca0200000 - 0x00007ffca0318000 	C:\windows\System32\gdi32full.dll
0x00007ffca00c0000 - 0x00007ffca015a000 	C:\windows\System32\msvcp_win.dll
0x00007ffca1c00000 - 0x00007ffca1c31000 	C:\windows\System32\IMM32.DLL
0x00007ffc9a770000 - 0x00007ffc9a77c000 	C:\Users\mulau\.p2\pool\plugins\org.eclipse.justj.openjdk.hotspot.jre.full.win32.x86_64_17.0.7.v20230425-1502\jre\bin\vcruntime140_1.dll
0x00007ffc6b3e0000 - 0x00007ffc6b471000 	C:\Users\mulau\.p2\pool\plugins\org.eclipse.justj.openjdk.hotspot.jre.full.win32.x86_64_17.0.7.v20230425-1502\jre\bin\msvcp140.dll
0x00007ffc31e90000 - 0x00007ffc32ad8000 	C:\Users\mulau\.p2\pool\plugins\org.eclipse.justj.openjdk.hotspot.jre.full.win32.x86_64_17.0.7.v20230425-1502\jre\bin\server\jvm.dll
0x00007ffca1d10000 - 0x00007ffca1dc0000 	C:\windows\System32\ADVAPI32.dll
0x00007ffca1990000 - 0x00007ffca1a36000 	C:\windows\System32\sechost.dll
0x00007ffca2bd0000 - 0x00007ffca2ce7000 	C:\windows\System32\RPCRT4.dll
0x00007ffc9e2f0000 - 0x00007ffc9e2fa000 	C:\windows\SYSTEM32\VERSION.dll
0x00007ffc7ea40000 - 0x00007ffc7ea49000 	C:\windows\SYSTEM32\WSOCK32.dll
0x00007ffc97710000 - 0x00007ffc97744000 	C:\windows\SYSTEM32\WINMM.dll
0x00007ffca0bf0000 - 0x00007ffca0c61000 	C:\windows\System32\WS2_32.dll
0x00007ffc9e1e0000 - 0x00007ffc9e1f8000 	C:\windows\SYSTEM32\kernel.appcore.dll
0x00007ffc9f980000 - 0x00007ffc9f98a000 	C:\Users\mulau\.p2\pool\plugins\org.eclipse.justj.openjdk.hotspot.jre.full.win32.x86_64_17.0.7.v20230425-1502\jre\bin\jimage.dll
0x00007ffc9fa40000 - 0x00007ffc9fc6e000 	C:\windows\SYSTEM32\DBGHELP.DLL
0x00007ffca1450000 - 0x00007ffca17da000 	C:\windows\System32\combase.dll
0x00007ffca1f50000 - 0x00007ffca2027000 	C:\windows\System32\OLEAUT32.dll
0x00007ffc9f8b0000 - 0x00007ffc9f8e2000 	C:\windows\SYSTEM32\dbgcore.DLL
0x00007ffca0320000 - 0x00007ffca039a000 	C:\windows\System32\bcryptPrimitives.dll
0x00007ffc8d530000 - 0x00007ffc8d555000 	C:\Users\mulau\.p2\pool\plugins\org.eclipse.justj.openjdk.hotspot.jre.full.win32.x86_64_17.0.7.v20230425-1502\jre\bin\java.dll
0x00007ffc8d510000 - 0x00007ffc8d528000 	C:\Users\mulau\.p2\pool\plugins\org.eclipse.justj.openjdk.hotspot.jre.full.win32.x86_64_17.0.7.v20230425-1502\jre\bin\zip.dll
0x00007ffca21f0000 - 0x00007ffca2a48000 	C:\windows\System32\SHELL32.dll
0x00007ffc9d0e0000 - 0x00007ffc9d9d2000 	C:\windows\SYSTEM32\windows.storage.dll
0x00007ffc9cf90000 - 0x00007ffc9d0ce000 	C:\windows\SYSTEM32\wintypes.dll
0x00007ffca1890000 - 0x00007ffca1983000 	C:\windows\System32\SHCORE.dll
0x00007ffca2b50000 - 0x00007ffca2bae000 	C:\windows\System32\shlwapi.dll
0x00007ffc9fff0000 - 0x00007ffca0016000 	C:\windows\SYSTEM32\profapi.dll
0x00007ffc8d4f0000 - 0x00007ffc8d509000 	C:\Users\mulau\.p2\pool\plugins\org.eclipse.justj.openjdk.hotspot.jre.full.win32.x86_64_17.0.7.v20230425-1502\jre\bin\net.dll
0x00007ffc99600000 - 0x00007ffc99737000 	C:\windows\SYSTEM32\WINHTTP.dll
0x00007ffc9eed0000 - 0x00007ffc9ef39000 	C:\windows\system32\mswsock.dll
0x00007ffc8d410000 - 0x00007ffc8d425000 	C:\Users\mulau\.p2\pool\plugins\org.eclipse.justj.openjdk.hotspot.jre.full.win32.x86_64_17.0.7.v20230425-1502\jre\bin\nio.dll
0x00007ffc690c0000 - 0x00007ffc6924e000 	C:\Users\mulau\.p2\pool\plugins\org.eclipse.justj.openjdk.hotspot.jre.full.win32.x86_64_17.0.7.v20230425-1502\jre\bin\awt.dll
0x00007ffc9c5f0000 - 0x00007ffc9c687000 	C:\windows\SYSTEM32\apphelp.dll
0x00007ffc9c9f0000 - 0x00007ffc9ca1b000 	C:\windows\system32\DWMAPI.DLL
0x00007ffc9c780000 - 0x00007ffc9c82b000 	C:\windows\system32\uxtheme.dll
0x00007ffc3aac0000 - 0x00007ffc3abc0000 	C:\windows\system32\opengl32.dll
0x00007ffc39ae0000 - 0x00007ffc39b0d000 	C:\windows\SYSTEM32\GLU32.dll
0x00007ffc9c8a0000 - 0x00007ffc9c8d6000 	C:\windows\SYSTEM32\dxcore.dll
0x00007ffca0aa0000 - 0x00007ffca0bec000 	C:\windows\System32\MSCTF.dll
0x00007ffca1a60000 - 0x00007ffca1bff000 	C:\windows\System32\ole32.dll
0x00007ffc430c0000 - 0x00007ffc43269000 	C:\windows\system32\d3d9.dll
0x00007ffc95f20000 - 0x00007ffc960db000 	C:\windows\System32\DriverStore\FileRepository\u0387389.inf_amd64_995be970e30b8c79\B385477\aticfx64.dll
0x00007ffc37240000 - 0x00007ffc37274000 	C:\windows\System32\DriverStore\FileRepository\u0387389.inf_amd64_995be970e30b8c79\B385477\atiu9p64.dll
0x00007ffc364e0000 - 0x00007ffc37235000 	C:\windows\System32\DriverStore\FileRepository\u0387389.inf_amd64_995be970e30b8c79\B385477\atiumd64.dll
0x000000006d350000 - 0x000000006e277000 	C:\windows\System32\DriverStore\FileRepository\u0387389.inf_amd64_995be970e30b8c79\B385477\atiumd6a.dll
0x00007ffca0f40000 - 0x00007ffca13b4000 	C:\windows\System32\SETUPAPI.dll
0x00007ffc9f9f0000 - 0x00007ffc9fa3d000 	C:\windows\SYSTEM32\POWRPROF.dll
0x00007ffc9f870000 - 0x00007ffc9f883000 	C:\windows\SYSTEM32\UMPDC.dll
0x00007ffc93e80000 - 0x00007ffc93eb5000 	C:\windows\SYSTEM32\amdihk64.dll
0x00007ffc99740000 - 0x00007ffc9978a000 	C:\windows\SYSTEM32\directxdatabasehelper.dll
0x00007ffc6a820000 - 0x00007ffc6a8a6000 	C:\Users\mulau\.p2\pool\plugins\org.eclipse.justj.openjdk.hotspot.jre.full.win32.x86_64_17.0.7.v20230425-1502\jre\bin\freetype.dll
0x00007ffc69930000 - 0x00007ffc699f5000 	C:\Users\mulau\.p2\pool\plugins\org.eclipse.justj.openjdk.hotspot.jre.full.win32.x86_64_17.0.7.v20230425-1502\jre\bin\fontmanager.dll
0x00007ffc9fd60000 - 0x00007ffc9fd7b000 	C:\windows\SYSTEM32\CRYPTSP.dll
0x00007ffc9e140000 - 0x00007ffc9e175000 	C:\windows\system32\rsaenh.dll
0x00007ffc9f150000 - 0x00007ffc9f17c000 	C:\windows\SYSTEM32\USERENV.dll
0x00007ffc9f8f0000 - 0x00007ffc9f918000 	C:\windows\SYSTEM32\bcrypt.dll
0x00007ffc9f180000 - 0x00007ffc9f18c000 	C:\windows\SYSTEM32\CRYPTBASE.dll
0x00007ffc8a150000 - 0x00007ffc8a29a000 	C:\windows\SYSTEM32\textinputframework.dll
0x00007ffc9dc40000 - 0x00007ffc9dc6d000 	C:\windows\SYSTEM32\IPHLPAPI.DLL
0x00007ffca1f40000 - 0x00007ffca1f49000 	C:\windows\System32\NSI.dll
0x00007ffc99280000 - 0x00007ffc99299000 	C:\windows\SYSTEM32\dhcpcsvc6.DLL
0x00007ffc99580000 - 0x00007ffc9959f000 	C:\windows\SYSTEM32\dhcpcsvc.DLL
0x00007ffc9dcb0000 - 0x00007ffc9dda9000 	C:\windows\SYSTEM32\DNSAPI.dll
0x00007ffc9c310000 - 0x00007ffc9c443000 	C:\windows\SYSTEM32\CoreMessaging.dll
0x00007ffc98560000 - 0x00007ffc988cc000 	C:\windows\SYSTEM32\CoreUIComponents.dll

dbghelp: loaded successfully - version: 4.0.5 - missing functions: none
symbol engine: initialized successfully - sym options: 0x614 - pdb path: .;C:\Users\mulau\.p2\pool\plugins\org.eclipse.justj.openjdk.hotspot.jre.full.win32.x86_64_17.0.7.v20230425-1502\jre\bin;C:\windows\SYSTEM32;C:\windows\WinSxS\amd64_microsoft.windows.common-controls_6595b64144ccf1df_6.0.22621.2361_none_2712ced57382f843;C:\Users\mulau\.p2\pool\plugins\org.eclipse.justj.openjdk.hotspot.jre.full.win32.x86_64_17.0.7.v20230425-1502\jre\bin\server;C:\windows\System32\DriverStore\FileRepository\u0387389.inf_amd64_995be970e30b8c79\B385477

VM Arguments:
jvm_args: -Dfile.encoding=UTF-8 -XX:+ShowCodeDetailsInExceptionMessages 
java_command: MyAgent -develop
java_class_path (initial): C:\Users\mulau\eclipse-workspace\ExampleSnake\bin;C:\Users\mulau\eclipse-workspace\ExampleSnake\lib\Snake2023-v1.jar
Launcher Type: SUN_STANDARD

[Global flags]
     intx CICompilerCount                          = 12                                        {product} {ergonomic}
     uint ConcGCThreads                            = 3                                         {product} {ergonomic}
     uint G1ConcRefinementThreads                  = 13                                        {product} {ergonomic}
   size_t G1HeapRegionSize                         = 2097152                                   {product} {ergonomic}
    uintx GCDrainStackTargetSize                   = 64                                        {product} {ergonomic}
   size_t InitialHeapSize                          = 190840832                                 {product} {ergonomic}
   size_t MarkStackSize                            = 4194304                                   {product} {ergonomic}
   size_t MaxHeapSize                              = 3040870400                                {product} {ergonomic}
   size_t MaxNewSize                               = 1824522240                                {product} {ergonomic}
   size_t MinHeapDeltaBytes                        = 2097152                                   {product} {ergonomic}
   size_t MinHeapSize                              = 8388608                                   {product} {ergonomic}
    uintx NonNMethodCodeHeapSize                   = 7602480                                {pd product} {ergonomic}
    uintx NonProfiledCodeHeapSize                  = 122027880                              {pd product} {ergonomic}
    uintx ProfiledCodeHeapSize                     = 122027880                              {pd product} {ergonomic}
    uintx ReservedCodeCacheSize                    = 251658240                              {pd product} {ergonomic}
     bool SegmentedCodeCache                       = true                                      {product} {ergonomic}
     bool ShowCodeDetailsInExceptionMessages       = true                                   {manageable} {command line}
   size_t SoftMaxHeapSize                          = 3040870400                             {manageable} {ergonomic}
     bool UseCompressedClassPointers               = true                           {product lp64_product} {ergonomic}
     bool UseCompressedOops                        = true                           {product lp64_product} {ergonomic}
     bool UseG1GC                                  = true                                      {product} {ergonomic}
     bool UseLargePagesIndividualAllocation        = false                                  {pd product} {ergonomic}

Logging:
Log output configuration:
 #0: stdout all=warning uptime,level,tags
 #1: stderr all=off uptime,level,tags

Environment Variables:
JAVA_HOME=C:\Users\mulau\AppData\Local\Programs\Eclipse Adoptium\jdk-17.0.8.7-hotspot\
PATH=C:/Users/mulau/.p2/pool/plugins/org.eclipse.justj.openjdk.hotspot.jre.full.win32.x86_64_17.0.7.v20230425-1502/jre/bin/server;C:/Users/mulau/.p2/pool/plugins/org.eclipse.justj.openjdk.hotspot.jre.full.win32.x86_64_17.0.7.v20230425-1502/jre/bin;C:\windows\system32;C:\windows;C:\windows\System32\Wbem;C:\windows\System32\WindowsPowerShell\v1.0\;C:\windows\System32\OpenSSH\;C:\Program Files\Microsoft SQL Server\Client SDK\ODBC\170\Tools\Binn\;C:\Program Files\Microsoft SQL Server\150\Tools\Binn\;C:\Program Files\dotnet\;C:\Users\mulau\AppData\Local\Programs\Eclipse Adoptium\jdk-17.0.8.7-hotspot\bin;C:\Users\mulau\AppData\Local\Microsoft\WindowsApps;;C:\Users\mulau\AppData\Local\Programs\Microsoft VS Code\bin;C:\Users\mulau\.dotnet\tools;C:\windows\system32;
USERNAME=mulau
OS=Windows_NT
PROCESSOR_IDENTIFIER=AMD64 Family 23 Model 104 Stepping 1, AuthenticAMD
TMP=C:\Users\mulau\AppData\Local\Temp
TEMP=C:\Users\mulau\AppData\Local\Temp



---------------  S Y S T E M  ---------------

OS:
 Windows 11 , 64 bit Build 22621 (10.0.22621.2428)
OS uptime: 1 days 15:39 hours
Hyper-V role detected

CPU: total 16 (initial active 16) (16 cores per cpu, 2 threads per core) family 23 model 104 stepping 1 microcode 0x0, cx8, cmov, fxsr, ht, mmx, 3dnowpref, sse, sse2, sse3, ssse3, sse4a, sse4.1, sse4.2, popcnt, lzcnt, tsc, tscinvbit, avx, avx2, aes, clmul, bmi1, bmi2, adx, sha, fma, vzeroupper, clflush, clflushopt, hv

Memory: 4k page, system-wide physical 11597M (2961M free)
TotalPageFile size 14572M (AvailPageFile size 673M)
current process WorkingSet (physical memory assigned to process): 452M, peak: 452M
current process commit charge ("private bytes"): 524M, peak: 1252M

vm_info: OpenJDK 64-Bit Server VM (17.0.7+7) for windows-amd64 JRE (17.0.7+7), built on Apr 18 2023 22:10:42 by "temurin" with MS VC++ 16.7 (VS2019)

END.
