#
# There is insufficient memory for the Java Runtime Environment to continue.
# Native memory allocation (mmap) failed to map 2097152 bytes for G1 virtual space
# Possible reasons:
#   The system is out of physical RAM or swap space
#   The process is running with CompressedOops enabled, and the Java Heap may be blocking the growth of the native heap
# Possible solutions:
#   Reduce memory load on the system
#   Increase physical memory or swap space
#   Check if swap backing store is full
#   Decrease Java heap size (-Xmx/-Xms)
#   Decrease number of Java threads
#   Decrease Java thread stack sizes (-Xss)
#   Set larger code cache with -XX:ReservedCodeCacheSize=
#   JVM is running with Zero Based Compressed Oops mode in which the Java heap is
#     placed in the first 32GB address space. The Java Heap base address is the
#     maximum limit for the native heap growth. Please use -XX:HeapBaseMinAddress
#     to set the Java Heap base and to place the Java Heap above 32GB virtual address.
# This output file may be truncated or incomplete.
#
#  Out of Memory Error (os_windows.cpp:3559), pid=50320, tid=43916
#
# JRE version: OpenJDK Runtime Environment Temurin-17.0.7+7 (17.0.7+7) (build 17.0.7+7)
# Java VM: OpenJDK 64-Bit Server VM Temurin-17.0.7+7 (17.0.7+7, mixed mode, tiered, compressed oops, compressed class ptrs, g1 gc, windows-amd64)
# No core dump will be written. Minidumps are not enabled by default on client versions of Windows
#

---------------  S U M M A R Y ------------

Command Line: -Dfile.encoding=UTF-8 -XX:+ShowCodeDetailsInExceptionMessages MyAgent -develop

Host: AMD Ryzen 7 5700U with Radeon Graphics         , 16 cores, 11G,  Windows 11 , 64 bit Build 22621 (10.0.22621.2215)
Time: Tue Oct 10 17:17:09 2023 South Africa Standard Time elapsed time: 3.905333 seconds (0d 0h 0m 3s)

---------------  T H R E A D  ---------------

Current thread (0x0000022b1c6dd520):  JavaThread "Thread-1" [_thread_in_vm, id=43916, stack(0x000000ec6c800000,0x000000ec6c900000)]

Stack: [0x000000ec6c800000,0x000000ec6c900000]
Native frames: (J=compiled Java code, j=interpreted, Vv=VM code, C=native code)
V  [jvm.dll+0x67754a]
V  [jvm.dll+0x834304]
V  [jvm.dll+0x835aae]
V  [jvm.dll+0x836113]
V  [jvm.dll+0x24696f]
V  [jvm.dll+0x6743f9]
V  [jvm.dll+0x668c8a]
V  [jvm.dll+0x3061bb]
V  [jvm.dll+0x30d6a6]
V  [jvm.dll+0x35cbbb]
V  [jvm.dll+0x35d1e4]
V  [jvm.dll+0x35cd96]
V  [jvm.dll+0x2dd594]
V  [jvm.dll+0x2d94e6]
V  [jvm.dll+0x60abd3]
V  [jvm.dll+0x2113f5]
V  [jvm.dll+0x36d193]
V  [jvm.dll+0x6d3616]
C  0x0000022b0754da29

Java frames: (J=compiled Java code, j=interpreted, Vv=VM code)
v  ~RuntimeStub::_new_array_Java
J 928% c2 MyAgent.BFS([[Ljava/lang/String;IIII)V (750 bytes) @ 0x0000022b07bed858 [0x0000022b07bec540+0x0000000000001318]
j  MyAgent.run()V+393
j  java.lang.Thread.run()V+11 java.base@17.0.7
v  ~StubRoutines::call_stub

---------------  P R O C E S S  ---------------

Threads class SMR info:
_java_thread_list=0x0000022b1c5a7140, length=23, elements={
0x0000022b1745c010, 0x0000022b17415720, 0x0000022b17479290, 0x0000022b17479c50,
0x0000022b1747ada0, 0x0000022b1747cf00, 0x0000022b174820d0, 0x0000022b17483310,
0x0000022b174868b0, 0x0000022b175d76d0, 0x0000022b175f09d0, 0x0000022b17615010,
0x0000022b1c0caae0, 0x0000022b1c0cafb0, 0x0000022b1c10e9e0, 0x0000022b1c3f1740,
0x0000022b1c44f510, 0x0000022b1c5317d0, 0x0000022b1c506940, 0x0000022b1c6dd520,
0x0000022b217f9aa0, 0x0000022b218056f0, 0x0000022b21803ee0
}

Java Threads: ( => current thread )
  0x0000022b1745c010 JavaThread "Reference Handler" daemon [_thread_blocked, id=53624, stack(0x000000ec6a700000,0x000000ec6a800000)]
  0x0000022b17415720 JavaThread "Finalizer" daemon [_thread_blocked, id=44552, stack(0x000000ec6a800000,0x000000ec6a900000)]
  0x0000022b17479290 JavaThread "Signal Dispatcher" daemon [_thread_blocked, id=46028, stack(0x000000ec6a900000,0x000000ec6aa00000)]
  0x0000022b17479c50 JavaThread "Attach Listener" daemon [_thread_blocked, id=52232, stack(0x000000ec6aa00000,0x000000ec6ab00000)]
  0x0000022b1747ada0 JavaThread "Service Thread" daemon [_thread_blocked, id=12968, stack(0x000000ec6ab00000,0x000000ec6ac00000)]
  0x0000022b1747cf00 JavaThread "Monitor Deflation Thread" daemon [_thread_blocked, id=44856, stack(0x000000ec6ac00000,0x000000ec6ad00000)]
  0x0000022b174820d0 JavaThread "C2 CompilerThread0" daemon [_thread_blocked, id=10724, stack(0x000000ec6ad00000,0x000000ec6ae00000)]
  0x0000022b17483310 JavaThread "C1 CompilerThread0" daemon [_thread_blocked, id=52268, stack(0x000000ec6ae00000,0x000000ec6af00000)]
  0x0000022b174868b0 JavaThread "Sweeper thread" daemon [_thread_blocked, id=53772, stack(0x000000ec6af00000,0x000000ec6b000000)]
  0x0000022b175d76d0 JavaThread "C1 CompilerThread1" daemon [_thread_blocked, id=53180, stack(0x000000ec6b000000,0x000000ec6b100000)]
  0x0000022b175f09d0 JavaThread "Notification Thread" daemon [_thread_blocked, id=15412, stack(0x000000ec6b100000,0x000000ec6b200000)]
  0x0000022b17615010 JavaThread "Common-Cleaner" daemon [_thread_blocked, id=44824, stack(0x000000ec6b300000,0x000000ec6b400000)]
  0x0000022b1c0caae0 JavaThread "Java2D Disposer" daemon [_thread_blocked, id=50076, stack(0x000000ec6b400000,0x000000ec6b500000)]
  0x0000022b1c0cafb0 JavaThread "AWT-Shutdown" [_thread_blocked, id=45960, stack(0x000000ec6b500000,0x000000ec6b600000)]
  0x0000022b1c10e9e0 JavaThread "AWT-Windows" daemon [_thread_in_native, id=10376, stack(0x000000ec6b600000,0x000000ec6b700000)]
  0x0000022b1c3f1740 JavaThread "AWT-EventQueue-0" [_thread_blocked, id=18924, stack(0x000000ec6c300000,0x000000ec6c400000)]
  0x0000022b1c44f510 JavaThread "Thread-0" [_thread_blocked, id=41632, stack(0x000000ec6c400000,0x000000ec6c500000)]
  0x0000022b1c5317d0 JavaThread "D3D Screen Updater" daemon [_thread_blocked, id=47064, stack(0x000000ec6c500000,0x000000ec6c600000)]
  0x0000022b1c506940 JavaThread "C1 CompilerThread2" daemon [_thread_blocked, id=5992, stack(0x000000ec6c600000,0x000000ec6c700000)]
=>0x0000022b1c6dd520 JavaThread "Thread-1" [_thread_in_vm, id=43916, stack(0x000000ec6c800000,0x000000ec6c900000)]
  0x0000022b217f9aa0 JavaThread "C1 CompilerThread3" daemon [_thread_blocked, id=43648, stack(0x000000ec6ca00000,0x000000ec6cb00000)]
  0x0000022b218056f0 JavaThread "TimerQueue" daemon [_thread_blocked, id=54008, stack(0x000000ec6cb00000,0x000000ec6cc00000)]
  0x0000022b21803ee0 JavaThread "DestroyJavaVM" [_thread_blocked, id=22780, stack(0x000000ec6a000000,0x000000ec6a100000)]

Other Threads:
  0x0000022b17439000 VMThread "VM Thread" [stack: 0x000000ec6a600000,0x000000ec6a700000] [id=21316]
  0x0000022b175f59b0 WatcherThread [stack: 0x000000ec6b200000,0x000000ec6b300000] [id=7820]
  0x0000022b7a8fd4a0 GCTaskThread "GC Thread#0" [stack: 0x000000ec6a100000,0x000000ec6a200000] [id=52000]
  0x0000022b2181dbd0 GCTaskThread "GC Thread#1" [stack: 0x000000ec6d100000,0x000000ec6d200000] [id=53348]
  0x0000022b21a72d20 GCTaskThread "GC Thread#2" [stack: 0x000000ec6d200000,0x000000ec6d300000] [id=50764]
  0x0000022b217b5150 GCTaskThread "GC Thread#3" [stack: 0x000000ec6d300000,0x000000ec6d400000] [id=14676]
  0x0000022b217b5400 GCTaskThread "GC Thread#4" [stack: 0x000000ec6d400000,0x000000ec6d500000] [id=51712]
  0x0000022b217b56b0 GCTaskThread "GC Thread#5" [stack: 0x000000ec6d500000,0x000000ec6d600000] [id=42684]
  0x0000022b219c58a0 GCTaskThread "GC Thread#6" [stack: 0x000000ec6d600000,0x000000ec6d700000] [id=3500]
  0x0000022b217bda40 GCTaskThread "GC Thread#7" [stack: 0x000000ec6d700000,0x000000ec6d800000] [id=25200]
  0x0000022b217be100 GCTaskThread "GC Thread#8" [stack: 0x000000ec6d800000,0x000000ec6d900000] [id=50368]
  0x0000022b21960560 GCTaskThread "GC Thread#9" [stack: 0x000000ec6d900000,0x000000ec6da00000] [id=31348]
  0x0000022b7a909920 ConcurrentGCThread "G1 Main Marker" [stack: 0x000000ec6a200000,0x000000ec6a300000] [id=47832]
  0x0000022b7a90bae0 ConcurrentGCThread "G1 Conc#0" [stack: 0x000000ec6a300000,0x000000ec6a400000] [id=19196]
  0x0000022b21c559d0 ConcurrentGCThread "G1 Conc#1" [stack: 0x000000ec6df00000,0x000000ec6e000000] [id=28472]
  0x0000022b21c551c0 ConcurrentGCThread "G1 Conc#2" [stack: 0x000000ec6e000000,0x000000ec6e100000] [id=51216]
  0x0000022b7a96e5e0 ConcurrentGCThread "G1 Refine#0" [stack: 0x000000ec6a400000,0x000000ec6a500000] [id=52068]
  0x0000022b21b2e6c0 ConcurrentGCThread "G1 Refine#1" [stack: 0x000000ec6d000000,0x000000ec6d100000] [id=53784]
  0x0000022b21b2e9a0 ConcurrentGCThread "G1 Refine#2" [stack: 0x000000ec6da00000,0x000000ec6db00000] [id=51992]
  0x0000022b21b2ef60 ConcurrentGCThread "G1 Refine#3" [stack: 0x000000ec6db00000,0x000000ec6dc00000] [id=32572]
  0x0000022b21b2ec80 ConcurrentGCThread "G1 Refine#4" [stack: 0x000000ec6c700000,0x000000ec6c800000] [id=53368]
  0x0000022b21b2fae0 ConcurrentGCThread "G1 Refine#5" [stack: 0x000000ec6c900000,0x000000ec6ca00000] [id=35200]
  0x0000022b21b2e3e0 ConcurrentGCThread "G1 Refine#6" [stack: 0x000000ec6cc00000,0x000000ec6cd00000] [id=52044]
  0x0000022b21b2de20 ConcurrentGCThread "G1 Refine#7" [stack: 0x000000ec6cd00000,0x000000ec6ce00000] [id=49200]
  0x0000022b21b2e100 ConcurrentGCThread "G1 Refine#8" [stack: 0x000000ec6ce00000,0x000000ec6cf00000] [id=50624]
  0x0000022b21b2f240 ConcurrentGCThread "G1 Refine#9" [stack: 0x000000ec6cf00000,0x000000ec6d000000] [id=16740]
  0x0000022b21b2f520 ConcurrentGCThread "G1 Refine#10" [stack: 0x000000ec6dc00000,0x000000ec6dd00000] [id=49428]
  0x0000022b21b2f800 ConcurrentGCThread "G1 Refine#11" [stack: 0x000000ec6dd00000,0x000000ec6de00000] [id=52052]
  0x0000022b21909a50 ConcurrentGCThread "G1 Refine#12" [stack: 0x000000ec6de00000,0x000000ec6df00000] [id=44340]
  0x0000022b17262210 ConcurrentGCThread "G1 Service" [stack: 0x000000ec6a500000,0x000000ec6a600000] [id=35180]

Threads with active compile tasks:

VM state: not at safepoint (normal execution)

VM Mutex/Monitor currently owned by a thread:  ([mutex/lock_event])
[0x0000022b7a89ff70] Heap_lock - owner thread: 0x0000022b1c6dd520

Heap address: 0x000000074ac00000, size: 2900 MB, Compressed Oops mode: Zero based, Oop shift amount: 3

CDS archive(s) not mapped
Compressed class space mapped at: 0x0000000800000000-0x0000000840000000, reserved size: 1073741824
Narrow klass base: 0x0000000800000000, Narrow klass shift: 0, Narrow klass range: 0x40000000

GC Precious Log:
 CPUs: 16 total, 16 available
 Memory: 11597M
 Large Page Support: Disabled
 NUMA Support: Disabled
 Compressed Oops: Enabled (Zero based)
 Heap Region Size: 2M
 Heap Min Capacity: 8M
 Heap Initial Capacity: 182M
 Heap Max Capacity: 2900M
 Pre-touch: Disabled
 Parallel Workers: 13
 Concurrent Workers: 3
 Concurrent Refinement Workers: 13
 Periodic GC: Disabled

Heap:
 garbage-first heap   total 417792K, used 212163K [0x000000074ac00000, 0x0000000800000000)
  region size 2048K, 76 young (155648K), 1 survivors (2048K)
 Metaspace       used 15404K, committed 15616K, reserved 1114112K
  class space    used 1561K, committed 1664K, reserved 1048576K

Heap Regions: E=young(eden), S=young(survivor), O=old, HS=humongous(starts), HC=humongous(continues), CS=collection set, F=free, OA=open archive, CA=closed archive, TAMS=top-at-mark-start (previous, next)
|   0|0x000000074ac00000, 0x000000074ae00000, 0x000000074ae00000|100%| O|  |TAMS 0x000000074ae00000, 0x000000074ac00000| Untracked 
|   1|0x000000074ae00000, 0x000000074aefb600, 0x000000074b000000| 49%| O|  |TAMS 0x000000074aedf400, 0x000000074ae00000| Untracked 
|   2|0x000000074b000000, 0x000000074b000000, 0x000000074b200000|  0%| F|  |TAMS 0x000000074b000000, 0x000000074b000000| Untracked 
|   3|0x000000074b200000, 0x000000074b200000, 0x000000074b400000|  0%| F|  |TAMS 0x000000074b200000, 0x000000074b200000| Untracked 
|   4|0x000000074b400000, 0x000000074b400000, 0x000000074b600000|  0%| F|  |TAMS 0x000000074b400000, 0x000000074b400000| Untracked 
|   5|0x000000074b600000, 0x000000074b600000, 0x000000074b800000|  0%| F|  |TAMS 0x000000074b600000, 0x000000074b600000| Untracked 
|   6|0x000000074b800000, 0x000000074b800000, 0x000000074ba00000|  0%| F|  |TAMS 0x000000074b800000, 0x000000074b800000| Untracked 
|   7|0x000000074ba00000, 0x000000074ba00000, 0x000000074bc00000|  0%| F|  |TAMS 0x000000074ba00000, 0x000000074ba00000| Untracked 
|   8|0x000000074bc00000, 0x000000074bc00000, 0x000000074be00000|  0%| F|  |TAMS 0x000000074bc00000, 0x000000074bc00000| Untracked 
|   9|0x000000074be00000, 0x000000074be00000, 0x000000074c000000|  0%| F|  |TAMS 0x000000074be00000, 0x000000074be00000| Untracked 
|  10|0x000000074c000000, 0x000000074c000000, 0x000000074c200000|  0%| F|  |TAMS 0x000000074c000000, 0x000000074c000000| Untracked 
|  11|0x000000074c200000, 0x000000074c200000, 0x000000074c400000|  0%| F|  |TAMS 0x000000074c200000, 0x000000074c200000| Untracked 
|  12|0x000000074c400000, 0x000000074c400000, 0x000000074c600000|  0%| F|  |TAMS 0x000000074c400000, 0x000000074c400000| Untracked 
|  13|0x000000074c600000, 0x000000074c600000, 0x000000074c800000|  0%| F|  |TAMS 0x000000074c600000, 0x000000074c600000| Untracked 
|  14|0x000000074c800000, 0x000000074c800000, 0x000000074ca00000|  0%| F|  |TAMS 0x000000074c800000, 0x000000074c800000| Untracked 
|  15|0x000000074ca00000, 0x000000074ca00000, 0x000000074cc00000|  0%| F|  |TAMS 0x000000074ca00000, 0x000000074ca00000| Untracked 
|  16|0x000000074cc00000, 0x000000074cc00000, 0x000000074ce00000|  0%| F|  |TAMS 0x000000074cc00000, 0x000000074cc00000| Untracked 
|  17|0x000000074ce00000, 0x000000074ce00000, 0x000000074d000000|  0%| F|  |TAMS 0x000000074ce00000, 0x000000074ce00000| Untracked 
|  18|0x000000074d000000, 0x000000074d000000, 0x000000074d200000|  0%| F|  |TAMS 0x000000074d000000, 0x000000074d000000| Untracked 
|  19|0x000000074d200000, 0x000000074d200000, 0x000000074d400000|  0%| F|  |TAMS 0x000000074d200000, 0x000000074d200000| Untracked 
|  20|0x000000074d400000, 0x000000074d400000, 0x000000074d600000|  0%| F|  |TAMS 0x000000074d400000, 0x000000074d400000| Untracked 
|  21|0x000000074d600000, 0x000000074d600000, 0x000000074d800000|  0%| F|  |TAMS 0x000000074d600000, 0x000000074d600000| Untracked 
|  22|0x000000074d800000, 0x000000074d800000, 0x000000074da00000|  0%| F|  |TAMS 0x000000074d800000, 0x000000074d800000| Untracked 
|  23|0x000000074da00000, 0x000000074da00000, 0x000000074dc00000|  0%| F|  |TAMS 0x000000074da00000, 0x000000074da00000| Untracked 
|  24|0x000000074dc00000, 0x000000074dc00000, 0x000000074de00000|  0%| F|  |TAMS 0x000000074dc00000, 0x000000074dc00000| Untracked 
|  25|0x000000074de00000, 0x000000074de00000, 0x000000074e000000|  0%| F|  |TAMS 0x000000074de00000, 0x000000074de00000| Untracked 
|  26|0x000000074e000000, 0x000000074e000000, 0x000000074e200000|  0%| F|  |TAMS 0x000000074e000000, 0x000000074e000000| Untracked 
|  27|0x000000074e200000, 0x000000074e200000, 0x000000074e400000|  0%| F|  |TAMS 0x000000074e200000, 0x000000074e200000| Untracked 
|  28|0x000000074e400000, 0x000000074e400000, 0x000000074e600000|  0%| F|  |TAMS 0x000000074e400000, 0x000000074e400000| Untracked 
|  29|0x000000074e600000, 0x000000074e600000, 0x000000074e800000|  0%| F|  |TAMS 0x000000074e600000, 0x000000074e600000| Untracked 
|  30|0x000000074e800000, 0x000000074e800000, 0x000000074ea00000|  0%| F|  |TAMS 0x000000074e800000, 0x000000074e800000| Untracked 
|  31|0x000000074ea00000, 0x000000074ea00000, 0x000000074ec00000|  0%| F|  |TAMS 0x000000074ea00000, 0x000000074ea00000| Untracked 
|  32|0x000000074ec00000, 0x000000074ec00000, 0x000000074ee00000|  0%| F|  |TAMS 0x000000074ec00000, 0x000000074ec00000| Untracked 
|  33|0x000000074ee00000, 0x000000074ee00000, 0x000000074f000000|  0%| F|  |TAMS 0x000000074ee00000, 0x000000074ee00000| Untracked 
|  34|0x000000074f000000, 0x000000074f000000, 0x000000074f200000|  0%| F|  |TAMS 0x000000074f000000, 0x000000074f000000| Untracked 
|  35|0x000000074f200000, 0x000000074f200000, 0x000000074f400000|  0%| F|  |TAMS 0x000000074f200000, 0x000000074f200000| Untracked 
|  36|0x000000074f400000, 0x000000074f400000, 0x000000074f600000|  0%| F|  |TAMS 0x000000074f400000, 0x000000074f400000| Untracked 
|  37|0x000000074f600000, 0x000000074f600000, 0x000000074f800000|  0%| F|  |TAMS 0x000000074f600000, 0x000000074f600000| Untracked 
|  38|0x000000074f800000, 0x000000074f800000, 0x000000074fa00000|  0%| F|  |TAMS 0x000000074f800000, 0x000000074f800000| Untracked 
|  39|0x000000074fa00000, 0x000000074fa00000, 0x000000074fc00000|  0%| F|  |TAMS 0x000000074fa00000, 0x000000074fa00000| Untracked 
|  40|0x000000074fc00000, 0x000000074fe00000, 0x000000074fe00000|100%|HS|  |TAMS 0x000000074fe00000, 0x000000074fc00000| Complete 
|  41|0x000000074fe00000, 0x0000000750000000, 0x0000000750000000|100%|HC|  |TAMS 0x0000000750000000, 0x000000074fe00000| Complete 
|  42|0x0000000750000000, 0x0000000750200000, 0x0000000750200000|100%|HC|  |TAMS 0x0000000750200000, 0x0000000750000000| Complete 
|  43|0x0000000750200000, 0x0000000750400000, 0x0000000750400000|100%|HC|  |TAMS 0x0000000750400000, 0x0000000750200000| Complete 
|  44|0x0000000750400000, 0x0000000750600000, 0x0000000750600000|100%|HC|  |TAMS 0x0000000750600000, 0x0000000750400000| Complete 
|  45|0x0000000750600000, 0x0000000750800000, 0x0000000750800000|100%|HC|  |TAMS 0x0000000750800000, 0x0000000750600000| Complete 
|  46|0x0000000750800000, 0x0000000750a00000, 0x0000000750a00000|100%|HC|  |TAMS 0x0000000750a00000, 0x0000000750800000| Complete 
|  47|0x0000000750a00000, 0x0000000750c00000, 0x0000000750c00000|100%|HC|  |TAMS 0x0000000750c00000, 0x0000000750a00000| Complete 
|  48|0x0000000750c00000, 0x0000000750e00000, 0x0000000750e00000|100%|HC|  |TAMS 0x0000000750e00000, 0x0000000750c00000| Complete 
|  49|0x0000000750e00000, 0x0000000751000000, 0x0000000751000000|100%|HC|  |TAMS 0x0000000751000000, 0x0000000750e00000| Complete 
|  50|0x0000000751000000, 0x0000000751200000, 0x0000000751200000|100%|HC|  |TAMS 0x0000000751200000, 0x0000000751000000| Complete 
|  51|0x0000000751200000, 0x0000000751400000, 0x0000000751400000|100%|HC|  |TAMS 0x0000000751400000, 0x0000000751200000| Complete 
|  52|0x0000000751400000, 0x0000000751600000, 0x0000000751600000|100%|HC|  |TAMS 0x0000000751600000, 0x0000000751400000| Complete 
|  53|0x0000000751600000, 0x0000000751800000, 0x0000000751800000|100%|HC|  |TAMS 0x0000000751800000, 0x0000000751600000| Complete 
|  54|0x0000000751800000, 0x0000000751a00000, 0x0000000751a00000|100%|HC|  |TAMS 0x0000000751a00000, 0x0000000751800000| Complete 
|  55|0x0000000751a00000, 0x0000000751c00000, 0x0000000751c00000|100%|HC|  |TAMS 0x0000000751c00000, 0x0000000751a00000| Complete 
|  56|0x0000000751c00000, 0x0000000751e00000, 0x0000000751e00000|100%|HC|  |TAMS 0x0000000751e00000, 0x0000000751c00000| Complete 
|  57|0x0000000751e00000, 0x0000000752000000, 0x0000000752000000|100%|HC|  |TAMS 0x0000000752000000, 0x0000000751e00000| Complete 
|  58|0x0000000752000000, 0x0000000752200000, 0x0000000752200000|100%|HC|  |TAMS 0x0000000752200000, 0x0000000752000000| Complete 
|  59|0x0000000752200000, 0x0000000752400000, 0x0000000752400000|100%|HC|  |TAMS 0x0000000752400000, 0x0000000752200000| Complete 
|  60|0x0000000752400000, 0x0000000752600000, 0x0000000752600000|100%|HC|  |TAMS 0x0000000752600000, 0x0000000752400000| Complete 
|  61|0x0000000752600000, 0x0000000752800000, 0x0000000752800000|100%|HC|  |TAMS 0x0000000752800000, 0x0000000752600000| Complete 
|  62|0x0000000752800000, 0x0000000752a00000, 0x0000000752a00000|100%|HC|  |TAMS 0x0000000752a00000, 0x0000000752800000| Complete 
|  63|0x0000000752a00000, 0x0000000752c00000, 0x0000000752c00000|100%|HC|  |TAMS 0x0000000752c00000, 0x0000000752a00000| Complete 
|  64|0x0000000752c00000, 0x0000000752e00000, 0x0000000752e00000|100%|HC|  |TAMS 0x0000000752e00000, 0x0000000752c00000| Complete 
|  65|0x0000000752e00000, 0x0000000753000000, 0x0000000753000000|100%|HC|  |TAMS 0x0000000753000000, 0x0000000752e00000| Complete 
|  66|0x0000000753000000, 0x0000000753200000, 0x0000000753200000|100%|HC|  |TAMS 0x0000000753200000, 0x0000000753000000| Complete 
|  67|0x0000000753200000, 0x0000000753200000, 0x0000000753400000|  0%| F|  |TAMS 0x0000000753200000, 0x0000000753200000| Untracked 
|  68|0x0000000753400000, 0x0000000753400000, 0x0000000753600000|  0%| F|  |TAMS 0x0000000753400000, 0x0000000753400000| Untracked 
|  69|0x0000000753600000, 0x0000000753600000, 0x0000000753800000|  0%| F|  |TAMS 0x0000000753600000, 0x0000000753600000| Untracked 
|  70|0x0000000753800000, 0x0000000753800000, 0x0000000753a00000|  0%| F|  |TAMS 0x0000000753800000, 0x0000000753800000| Untracked 
|  71|0x0000000753a00000, 0x0000000753a00000, 0x0000000753c00000|  0%| F|  |TAMS 0x0000000753a00000, 0x0000000753a00000| Untracked 
|  72|0x0000000753c00000, 0x0000000753c00000, 0x0000000753e00000|  0%| F|  |TAMS 0x0000000753c00000, 0x0000000753c00000| Untracked 
|  73|0x0000000753e00000, 0x0000000753e35610, 0x0000000754000000| 10%| S|CS|TAMS 0x0000000753e00000, 0x0000000753e00000| Complete 
|  74|0x0000000754000000, 0x0000000754000000, 0x0000000754200000|  0%| F|  |TAMS 0x0000000754000000, 0x0000000754000000| Untracked 
|  75|0x0000000754200000, 0x0000000754200000, 0x0000000754400000|  0%| F|  |TAMS 0x0000000754200000, 0x0000000754200000| Untracked 
|  76|0x0000000754400000, 0x0000000754400000, 0x0000000754600000|  0%| F|  |TAMS 0x0000000754400000, 0x0000000754400000| Untracked 
|  77|0x0000000754600000, 0x0000000754600000, 0x0000000754800000|  0%| F|  |TAMS 0x0000000754600000, 0x0000000754600000| Untracked 
|  78|0x0000000754800000, 0x0000000754800000, 0x0000000754a00000|  0%| F|  |TAMS 0x0000000754800000, 0x0000000754800000| Untracked 
|  79|0x0000000754a00000, 0x0000000754a00000, 0x0000000754c00000|  0%| F|  |TAMS 0x0000000754a00000, 0x0000000754a00000| Untracked 
|  80|0x0000000754c00000, 0x0000000754c00000, 0x0000000754e00000|  0%| F|  |TAMS 0x0000000754c00000, 0x0000000754c00000| Untracked 
|  81|0x0000000754e00000, 0x0000000754e00000, 0x0000000755000000|  0%| F|  |TAMS 0x0000000754e00000, 0x0000000754e00000| Untracked 
|  82|0x0000000755000000, 0x0000000755000000, 0x0000000755200000|  0%| F|  |TAMS 0x0000000755000000, 0x0000000755000000| Untracked 
|  83|0x0000000755200000, 0x0000000755200000, 0x0000000755400000|  0%| F|  |TAMS 0x0000000755200000, 0x0000000755200000| Untracked 
|  84|0x0000000755400000, 0x0000000755400000, 0x0000000755600000|  0%| F|  |TAMS 0x0000000755400000, 0x0000000755400000| Untracked 
|  85|0x0000000755600000, 0x0000000755600000, 0x0000000755800000|  0%| F|  |TAMS 0x0000000755600000, 0x0000000755600000| Untracked 
|  86|0x0000000755800000, 0x0000000755800000, 0x0000000755a00000|  0%| F|  |TAMS 0x0000000755800000, 0x0000000755800000| Untracked 
|  87|0x0000000755a00000, 0x0000000755a00000, 0x0000000755c00000|  0%| F|  |TAMS 0x0000000755a00000, 0x0000000755a00000| Untracked 
|  88|0x0000000755c00000, 0x0000000755c00000, 0x0000000755e00000|  0%| F|  |TAMS 0x0000000755c00000, 0x0000000755c00000| Untracked 
|  89|0x0000000755e00000, 0x0000000755e00000, 0x0000000756000000|  0%| F|  |TAMS 0x0000000755e00000, 0x0000000755e00000| Untracked 
|  90|0x0000000756000000, 0x0000000756000000, 0x0000000756200000|  0%| F|  |TAMS 0x0000000756000000, 0x0000000756000000| Untracked 
|  91|0x0000000756200000, 0x0000000756200000, 0x0000000756400000|  0%| F|  |TAMS 0x0000000756200000, 0x0000000756200000| Untracked 
|  92|0x0000000756400000, 0x0000000756400000, 0x0000000756600000|  0%| F|  |TAMS 0x0000000756400000, 0x0000000756400000| Untracked 
|  93|0x0000000756600000, 0x0000000756600000, 0x0000000756800000|  0%| F|  |TAMS 0x0000000756600000, 0x0000000756600000| Untracked 
|  94|0x0000000756800000, 0x0000000756800000, 0x0000000756a00000|  0%| F|  |TAMS 0x0000000756800000, 0x0000000756800000| Untracked 
|  95|0x0000000756a00000, 0x0000000756a00000, 0x0000000756c00000|  0%| F|  |TAMS 0x0000000756a00000, 0x0000000756a00000| Untracked 
|  96|0x0000000756c00000, 0x0000000756c00000, 0x0000000756e00000|  0%| F|  |TAMS 0x0000000756c00000, 0x0000000756c00000| Untracked 
|  97|0x0000000756e00000, 0x0000000756e00000, 0x0000000757000000|  0%| F|  |TAMS 0x0000000756e00000, 0x0000000756e00000| Untracked 
|  98|0x0000000757000000, 0x0000000757000000, 0x0000000757200000|  0%| F|  |TAMS 0x0000000757000000, 0x0000000757000000| Untracked 
|  99|0x0000000757200000, 0x0000000757200000, 0x0000000757400000|  0%| F|  |TAMS 0x0000000757200000, 0x0000000757200000| Untracked 
| 100|0x0000000757400000, 0x0000000757400000, 0x0000000757600000|  0%| F|  |TAMS 0x0000000757400000, 0x0000000757400000| Untracked 
| 101|0x0000000757600000, 0x0000000757600000, 0x0000000757800000|  0%| F|  |TAMS 0x0000000757600000, 0x0000000757600000| Untracked 
| 102|0x0000000757800000, 0x0000000757800000, 0x0000000757a00000|  0%| F|  |TAMS 0x0000000757800000, 0x0000000757800000| Untracked 
| 103|0x0000000757a00000, 0x0000000757a00000, 0x0000000757c00000|  0%| F|  |TAMS 0x0000000757a00000, 0x0000000757a00000| Untracked 
| 104|0x0000000757c00000, 0x0000000757c00000, 0x0000000757e00000|  0%| F|  |TAMS 0x0000000757c00000, 0x0000000757c00000| Untracked 
| 105|0x0000000757e00000, 0x0000000757e00000, 0x0000000758000000|  0%| F|  |TAMS 0x0000000757e00000, 0x0000000757e00000| Untracked 
| 106|0x0000000758000000, 0x0000000758000000, 0x0000000758200000|  0%| F|  |TAMS 0x0000000758000000, 0x0000000758000000| Untracked 
| 107|0x0000000758200000, 0x0000000758200000, 0x0000000758400000|  0%| F|  |TAMS 0x0000000758200000, 0x0000000758200000| Untracked 
| 108|0x0000000758400000, 0x0000000758400000, 0x0000000758600000|  0%| F|  |TAMS 0x0000000758400000, 0x0000000758400000| Untracked 
| 109|0x0000000758600000, 0x0000000758600000, 0x0000000758800000|  0%| F|  |TAMS 0x0000000758600000, 0x0000000758600000| Untracked 
| 110|0x0000000758800000, 0x0000000758a00000, 0x0000000758a00000|100%| E|  |TAMS 0x0000000758800000, 0x0000000758800000| Complete 
| 111|0x0000000758a00000, 0x0000000758c00000, 0x0000000758c00000|100%| E|CS|TAMS 0x0000000758a00000, 0x0000000758a00000| Complete 
| 112|0x0000000758c00000, 0x0000000758e00000, 0x0000000758e00000|100%| E|CS|TAMS 0x0000000758c00000, 0x0000000758c00000| Complete 
| 113|0x0000000758e00000, 0x0000000759000000, 0x0000000759000000|100%| E|CS|TAMS 0x0000000758e00000, 0x0000000758e00000| Complete 
| 114|0x0000000759000000, 0x0000000759200000, 0x0000000759200000|100%| E|CS|TAMS 0x0000000759000000, 0x0000000759000000| Complete 
| 115|0x0000000759200000, 0x0000000759400000, 0x0000000759400000|100%| E|CS|TAMS 0x0000000759200000, 0x0000000759200000| Complete 
| 116|0x0000000759400000, 0x0000000759600000, 0x0000000759600000|100%| E|CS|TAMS 0x0000000759400000, 0x0000000759400000| Complete 
| 117|0x0000000759600000, 0x0000000759800000, 0x0000000759800000|100%| E|CS|TAMS 0x0000000759600000, 0x0000000759600000| Complete 
| 118|0x0000000759800000, 0x0000000759a00000, 0x0000000759a00000|100%| E|CS|TAMS 0x0000000759800000, 0x0000000759800000| Complete 
| 119|0x0000000759a00000, 0x0000000759c00000, 0x0000000759c00000|100%| E|CS|TAMS 0x0000000759a00000, 0x0000000759a00000| Complete 
| 120|0x0000000759c00000, 0x0000000759e00000, 0x0000000759e00000|100%| E|CS|TAMS 0x0000000759c00000, 0x0000000759c00000| Complete 
| 121|0x0000000759e00000, 0x000000075a000000, 0x000000075a000000|100%| E|CS|TAMS 0x0000000759e00000, 0x0000000759e00000| Complete 
| 122|0x000000075a000000, 0x000000075a200000, 0x000000075a200000|100%| E|CS|TAMS 0x000000075a000000, 0x000000075a000000| Complete 
| 123|0x000000075a200000, 0x000000075a400000, 0x000000075a400000|100%| E|CS|TAMS 0x000000075a200000, 0x000000075a200000| Complete 
| 124|0x000000075a400000, 0x000000075a600000, 0x000000075a600000|100%| E|CS|TAMS 0x000000075a400000, 0x000000075a400000| Complete 
| 125|0x000000075a600000, 0x000000075a800000, 0x000000075a800000|100%| E|CS|TAMS 0x000000075a600000, 0x000000075a600000| Complete 
| 126|0x000000075a800000, 0x000000075aa00000, 0x000000075aa00000|100%| E|CS|TAMS 0x000000075a800000, 0x000000075a800000| Complete 
| 127|0x000000075aa00000, 0x000000075ac00000, 0x000000075ac00000|100%| E|CS|TAMS 0x000000075aa00000, 0x000000075aa00000| Complete 
| 128|0x000000075ac00000, 0x000000075ae00000, 0x000000075ae00000|100%| E|CS|TAMS 0x000000075ac00000, 0x000000075ac00000| Complete 
| 129|0x000000075ae00000, 0x000000075b000000, 0x000000075b000000|100%| E|CS|TAMS 0x000000075ae00000, 0x000000075ae00000| Complete 
| 130|0x000000075b000000, 0x000000075b200000, 0x000000075b200000|100%| E|CS|TAMS 0x000000075b000000, 0x000000075b000000| Complete 
| 131|0x000000075b200000, 0x000000075b400000, 0x000000075b400000|100%| E|CS|TAMS 0x000000075b200000, 0x000000075b200000| Complete 
| 132|0x000000075b400000, 0x000000075b600000, 0x000000075b600000|100%| E|CS|TAMS 0x000000075b400000, 0x000000075b400000| Complete 
| 133|0x000000075b600000, 0x000000075b800000, 0x000000075b800000|100%| E|CS|TAMS 0x000000075b600000, 0x000000075b600000| Complete 
| 134|0x000000075b800000, 0x000000075ba00000, 0x000000075ba00000|100%| E|CS|TAMS 0x000000075b800000, 0x000000075b800000| Complete 
| 135|0x000000075ba00000, 0x000000075bc00000, 0x000000075bc00000|100%| E|CS|TAMS 0x000000075ba00000, 0x000000075ba00000| Complete 
| 136|0x000000075bc00000, 0x000000075be00000, 0x000000075be00000|100%| E|CS|TAMS 0x000000075bc00000, 0x000000075bc00000| Complete 
| 137|0x000000075be00000, 0x000000075c000000, 0x000000075c000000|100%| E|CS|TAMS 0x000000075be00000, 0x000000075be00000| Complete 
| 138|0x000000075c000000, 0x000000075c200000, 0x000000075c200000|100%| E|CS|TAMS 0x000000075c000000, 0x000000075c000000| Complete 
| 139|0x000000075c200000, 0x000000075c400000, 0x000000075c400000|100%| E|CS|TAMS 0x000000075c200000, 0x000000075c200000| Complete 
| 140|0x000000075c400000, 0x000000075c600000, 0x000000075c600000|100%| E|CS|TAMS 0x000000075c400000, 0x000000075c400000| Complete 
| 141|0x000000075c600000, 0x000000075c800000, 0x000000075c800000|100%| E|CS|TAMS 0x000000075c600000, 0x000000075c600000| Complete 
| 142|0x000000075c800000, 0x000000075ca00000, 0x000000075ca00000|100%| E|CS|TAMS 0x000000075c800000, 0x000000075c800000| Complete 
| 143|0x000000075ca00000, 0x000000075cc00000, 0x000000075cc00000|100%| E|CS|TAMS 0x000000075ca00000, 0x000000075ca00000| Complete 
| 144|0x000000075cc00000, 0x000000075ce00000, 0x000000075ce00000|100%| E|CS|TAMS 0x000000075cc00000, 0x000000075cc00000| Complete 
| 145|0x000000075ce00000, 0x000000075d000000, 0x000000075d000000|100%| E|CS|TAMS 0x000000075ce00000, 0x000000075ce00000| Complete 
| 146|0x000000075d000000, 0x000000075d200000, 0x000000075d200000|100%| E|CS|TAMS 0x000000075d000000, 0x000000075d000000| Complete 
| 147|0x000000075d200000, 0x000000075d400000, 0x000000075d400000|100%| E|CS|TAMS 0x000000075d200000, 0x000000075d200000| Complete 
| 148|0x000000075d400000, 0x000000075d600000, 0x000000075d600000|100%| E|CS|TAMS 0x000000075d400000, 0x000000075d400000| Complete 
| 149|0x000000075d600000, 0x000000075d800000, 0x000000075d800000|100%| E|CS|TAMS 0x000000075d600000, 0x000000075d600000| Complete 
| 150|0x000000075d800000, 0x000000075da00000, 0x000000075da00000|100%| E|CS|TAMS 0x000000075d800000, 0x000000075d800000| Complete 
| 151|0x000000075da00000, 0x000000075dc00000, 0x000000075dc00000|100%| E|CS|TAMS 0x000000075da00000, 0x000000075da00000| Complete 
| 152|0x000000075dc00000, 0x000000075de00000, 0x000000075de00000|100%| E|CS|TAMS 0x000000075dc00000, 0x000000075dc00000| Complete 
| 153|0x000000075de00000, 0x000000075e000000, 0x000000075e000000|100%| E|CS|TAMS 0x000000075de00000, 0x000000075de00000| Complete 
| 154|0x000000075e000000, 0x000000075e200000, 0x000000075e200000|100%| E|CS|TAMS 0x000000075e000000, 0x000000075e000000| Complete 
| 155|0x000000075e200000, 0x000000075e400000, 0x000000075e400000|100%| E|CS|TAMS 0x000000075e200000, 0x000000075e200000| Complete 
| 156|0x000000075e400000, 0x000000075e600000, 0x000000075e600000|100%| E|CS|TAMS 0x000000075e400000, 0x000000075e400000| Complete 
| 157|0x000000075e600000, 0x000000075e800000, 0x000000075e800000|100%| E|CS|TAMS 0x000000075e600000, 0x000000075e600000| Complete 
| 158|0x000000075e800000, 0x000000075ea00000, 0x000000075ea00000|100%| E|CS|TAMS 0x000000075e800000, 0x000000075e800000| Complete 
| 159|0x000000075ea00000, 0x000000075ec00000, 0x000000075ec00000|100%| E|CS|TAMS 0x000000075ea00000, 0x000000075ea00000| Complete 
| 160|0x000000075ec00000, 0x000000075ee00000, 0x000000075ee00000|100%| E|CS|TAMS 0x000000075ec00000, 0x000000075ec00000| Complete 
| 161|0x000000075ee00000, 0x000000075f000000, 0x000000075f000000|100%| E|CS|TAMS 0x000000075ee00000, 0x000000075ee00000| Complete 
| 162|0x000000075f000000, 0x000000075f200000, 0x000000075f200000|100%| E|CS|TAMS 0x000000075f000000, 0x000000075f000000| Complete 
| 163|0x000000075f200000, 0x000000075f400000, 0x000000075f400000|100%| E|CS|TAMS 0x000000075f200000, 0x000000075f200000| Complete 
| 164|0x000000075f400000, 0x000000075f600000, 0x000000075f600000|100%| E|CS|TAMS 0x000000075f400000, 0x000000075f400000| Complete 
| 165|0x000000075f600000, 0x000000075f800000, 0x000000075f800000|100%| E|CS|TAMS 0x000000075f600000, 0x000000075f600000| Complete 
| 166|0x000000075f800000, 0x000000075fa00000, 0x000000075fa00000|100%| E|CS|TAMS 0x000000075f800000, 0x000000075f800000| Complete 
| 167|0x000000075fa00000, 0x000000075fc00000, 0x000000075fc00000|100%| E|CS|TAMS 0x000000075fa00000, 0x000000075fa00000| Complete 
| 168|0x000000075fc00000, 0x000000075fe00000, 0x000000075fe00000|100%| E|CS|TAMS 0x000000075fc00000, 0x000000075fc00000| Complete 
| 169|0x000000075fe00000, 0x0000000760000000, 0x0000000760000000|100%| E|CS|TAMS 0x000000075fe00000, 0x000000075fe00000| Complete 
| 170|0x0000000760000000, 0x0000000760200000, 0x0000000760200000|100%| E|CS|TAMS 0x0000000760000000, 0x0000000760000000| Complete 
| 171|0x0000000760200000, 0x0000000760400000, 0x0000000760400000|100%| E|CS|TAMS 0x0000000760200000, 0x0000000760200000| Complete 
| 172|0x0000000760400000, 0x0000000760600000, 0x0000000760600000|100%| E|CS|TAMS 0x0000000760400000, 0x0000000760400000| Complete 
| 173|0x0000000760600000, 0x0000000760800000, 0x0000000760800000|100%| E|CS|TAMS 0x0000000760600000, 0x0000000760600000| Complete 
| 174|0x0000000760800000, 0x0000000760a00000, 0x0000000760a00000|100%| E|CS|TAMS 0x0000000760800000, 0x0000000760800000| Complete 
| 175|0x0000000760a00000, 0x0000000760c00000, 0x0000000760c00000|100%| E|CS|TAMS 0x0000000760a00000, 0x0000000760a00000| Complete 
| 176|0x0000000760c00000, 0x0000000760e00000, 0x0000000760e00000|100%| E|CS|TAMS 0x0000000760c00000, 0x0000000760c00000| Complete 
| 177|0x0000000760e00000, 0x0000000761000000, 0x0000000761000000|100%| E|CS|TAMS 0x0000000760e00000, 0x0000000760e00000| Complete 
| 178|0x0000000761000000, 0x0000000761200000, 0x0000000761200000|100%| E|CS|TAMS 0x0000000761000000, 0x0000000761000000| Complete 
| 179|0x0000000761200000, 0x0000000761400000, 0x0000000761400000|100%| E|CS|TAMS 0x0000000761200000, 0x0000000761200000| Complete 
| 180|0x0000000761400000, 0x0000000761600000, 0x0000000761600000|100%| E|CS|TAMS 0x0000000761400000, 0x0000000761400000| Complete 
| 181|0x0000000761600000, 0x0000000761800000, 0x0000000761800000|100%| E|CS|TAMS 0x0000000761600000, 0x0000000761600000| Complete 
| 182|0x0000000761800000, 0x0000000761a00000, 0x0000000761a00000|100%| E|CS|TAMS 0x0000000761800000, 0x0000000761800000| Complete 
| 183|0x0000000761a00000, 0x0000000761c00000, 0x0000000761c00000|100%| E|CS|TAMS 0x0000000761a00000, 0x0000000761a00000| Complete 
| 184|0x0000000761c00000, 0x0000000761e00000, 0x0000000761e00000|100%| E|CS|TAMS 0x0000000761c00000, 0x0000000761c00000| Complete 
| 185|0x0000000761e00000, 0x0000000761e00000, 0x0000000762000000|  0%| F|  |TAMS 0x0000000761e00000, 0x0000000761e00000| Untracked 
| 186|0x0000000762000000, 0x0000000762000000, 0x0000000762200000|  0%| F|  |TAMS 0x0000000762000000, 0x0000000762000000| Untracked 
| 187|0x0000000762200000, 0x0000000762200000, 0x0000000762400000|  0%| F|  |TAMS 0x0000000762200000, 0x0000000762200000| Untracked 
| 188|0x0000000762400000, 0x0000000762400000, 0x0000000762600000|  0%| F|  |TAMS 0x0000000762400000, 0x0000000762400000| Untracked 
| 189|0x0000000762600000, 0x0000000762600000, 0x0000000762800000|  0%| F|  |TAMS 0x0000000762600000, 0x0000000762600000| Untracked 
| 190|0x0000000762800000, 0x0000000762800000, 0x0000000762a00000|  0%| F|  |TAMS 0x0000000762800000, 0x0000000762800000| Untracked 
| 191|0x0000000762a00000, 0x0000000762a00000, 0x0000000762c00000|  0%| F|  |TAMS 0x0000000762a00000, 0x0000000762a00000| Untracked 
| 192|0x0000000762c00000, 0x0000000762c00000, 0x0000000762e00000|  0%| F|  |TAMS 0x0000000762c00000, 0x0000000762c00000| Untracked 
| 193|0x0000000762e00000, 0x0000000762e00000, 0x0000000763000000|  0%| F|  |TAMS 0x0000000762e00000, 0x0000000762e00000| Untracked 
| 194|0x0000000763000000, 0x0000000763000000, 0x0000000763200000|  0%| F|  |TAMS 0x0000000763000000, 0x0000000763000000| Untracked 
| 195|0x0000000763200000, 0x0000000763200000, 0x0000000763400000|  0%| F|  |TAMS 0x0000000763200000, 0x0000000763200000| Untracked 
| 196|0x0000000763400000, 0x0000000763400000, 0x0000000763600000|  0%| F|  |TAMS 0x0000000763400000, 0x0000000763400000| Untracked 
| 197|0x0000000763600000, 0x0000000763600000, 0x0000000763800000|  0%| F|  |TAMS 0x0000000763600000, 0x0000000763600000| Untracked 
| 198|0x0000000763800000, 0x0000000763800000, 0x0000000763a00000|  0%| F|  |TAMS 0x0000000763800000, 0x0000000763800000| Untracked 
| 199|0x0000000763a00000, 0x0000000763a00000, 0x0000000763c00000|  0%| F|  |TAMS 0x0000000763a00000, 0x0000000763a00000| Untracked 
| 200|0x0000000763c00000, 0x0000000763c00000, 0x0000000763e00000|  0%| F|  |TAMS 0x0000000763c00000, 0x0000000763c00000| Untracked 
| 201|0x0000000763e00000, 0x0000000763e00000, 0x0000000764000000|  0%| F|  |TAMS 0x0000000763e00000, 0x0000000763e00000| Untracked 
| 202|0x0000000764000000, 0x0000000764000000, 0x0000000764200000|  0%| F|  |TAMS 0x0000000764000000, 0x0000000764000000| Untracked 
| 203|0x0000000764200000, 0x0000000764200000, 0x0000000764400000|  0%| F|  |TAMS 0x0000000764200000, 0x0000000764200000| Untracked 

Card table byte_map: [0x0000022b7ed90000,0x0000022b7f340000] _byte_map_base: 0x0000022b7b33a000

Marking Bits (Prev, Next): (CMBitMap*) 0x0000022b7a8fdaf0, (CMBitMap*) 0x0000022b7a8fdab0
 Prev Bits: [0x0000022b11d50000, 0x0000022b14aa0000)
 Next Bits: [0x0000022b0f000000, 0x0000022b11d50000)

Polling page: 0x0000022b7a070000

Metaspace:

Usage:
  Non-class:     13.52 MB used.
      Class:      1.52 MB used.
       Both:     15.04 MB used.

Virtual space:
  Non-class space:       64.00 MB reserved,      13.62 MB ( 21%) committed,  1 nodes.
      Class space:        1.00 GB reserved,       1.62 MB ( <1%) committed,  1 nodes.
             Both:        1.06 GB reserved,      15.25 MB (  1%) committed. 

Chunk freelists:
   Non-Class:  2.41 MB
       Class:  14.24 MB
        Both:  16.65 MB

MaxMetaspaceSize: unlimited
CompressedClassSpaceSize: 1.00 GB
Initial GC threshold: 21.00 MB
Current GC threshold: 25.44 MB
CDS: off
MetaspaceReclaimPolicy: balanced
 - commit_granule_bytes: 65536.
 - commit_granule_words: 8192.
 - virtual_space_node_default_size: 8388608.
 - enlarge_chunks_in_place: 1.
 - new_chunks_are_fully_committed: 0.
 - uncommit_free_chunks: 1.
 - use_allocation_guard: 0.
 - handle_deallocations: 1.


Internal statistics:

num_allocs_failed_limit: 0.
num_arena_births: 128.
num_arena_deaths: 0.
num_vsnodes_births: 2.
num_vsnodes_deaths: 0.
num_space_committed: 244.
num_space_uncommitted: 0.
num_chunks_returned_to_freelist: 0.
num_chunks_taken_from_freelist: 215.
num_chunk_merges: 0.
num_chunk_splits: 112.
num_chunks_enlarged: 48.
num_inconsistent_stats: 0.

CodeHeap 'non-profiled nmethods': size=119168Kb used=409Kb max_used=409Kb free=118758Kb
 bounds [0x0000022b07ba0000, 0x0000022b07e10000, 0x0000022b0f000000]
CodeHeap 'profiled nmethods': size=119104Kb used=2094Kb max_used=2094Kb free=117010Kb
 bounds [0x0000022b00000000, 0x0000022b00270000, 0x0000022b07450000]
CodeHeap 'non-nmethods': size=7488Kb used=2946Kb max_used=2985Kb free=4541Kb
 bounds [0x0000022b07450000, 0x0000022b07740000, 0x0000022b07ba0000]
 total_blobs=1801 nmethods=1221 adapters=490
 compilation: enabled
              stopped_count=0, restarted_count=0
 full_count=0

Compilation events (20 events):
Event: 3.496 Thread 0x0000022b1c506940 1214       3       sun.java2d.SunGraphics2D::invalidatePipe (41 bytes)
Event: 3.496 Thread 0x0000022b17483310 1215       1       sun.java2d.SurfaceData::getNativeOps (5 bytes)
Event: 3.497 Thread 0x0000022b175d76d0 nmethod 1212 0x0000022b00207610 code [0x0000022b002077a0, 0x0000022b002078b8]
Event: 3.497 Thread 0x0000022b17483310 nmethod 1215 0x0000022b07c05c10 code [0x0000022b07c05da0, 0x0000022b07c05e78]
Event: 3.497 Thread 0x0000022b1c506940 nmethod 1214 0x0000022b00208510 code [0x0000022b002086c0, 0x0000022b002089f8]
Event: 3.497 Thread 0x0000022b217f9aa0 nmethod 1213 0x0000022b00207990 code [0x0000022b00207ba0, 0x0000022b00208458]
Event: 3.679 Thread 0x0000022b217f9aa0 1216       3       java.awt.geom.Rectangle2D$Double::<init> (15 bytes)
Event: 3.679 Thread 0x0000022b1c506940 1217       3       java.awt.geom.Rectangle2D$Double::setRect (23 bytes)
Event: 3.680 Thread 0x0000022b175d76d0 1218       1       java.awt.Component::getX (5 bytes)
Event: 3.680 Thread 0x0000022b17483310 1219       1       java.awt.Component::getY (5 bytes)
Event: 3.680 Thread 0x0000022b1c506940 nmethod 1217 0x0000022b00208a90 code [0x0000022b00208c20, 0x0000022b00208d38]
Event: 3.680 Thread 0x0000022b217f9aa0 nmethod 1216 0x0000022b00208e10 code [0x0000022b00208fc0, 0x0000022b00209278]
Event: 3.680 Thread 0x0000022b175d76d0 nmethod 1218 0x0000022b07c05f10 code [0x0000022b07c060a0, 0x0000022b07c06178]
Event: 3.680 Thread 0x0000022b17483310 nmethod 1219 0x0000022b07c06210 code [0x0000022b07c063a0, 0x0000022b07c06478]
Event: 3.680 Thread 0x0000022b217f9aa0 1220       3       java.awt.Rectangle::clip (39 bytes)
Event: 3.680 Thread 0x0000022b17483310 1221       3       sun.java2d.SunGraphics2D::validateColor (102 bytes)
Event: 3.680 Thread 0x0000022b217f9aa0 nmethod 1220 0x0000022b00209410 code [0x0000022b00209600, 0x0000022b00209978]
Event: 3.681 Thread 0x0000022b17483310 nmethod 1221 0x0000022b00209a90 code [0x0000022b00209c60, 0x0000022b0020a198]
Event: 3.863 Thread 0x0000022b17483310 1222       3       java.awt.geom.AffineTransform::calculateType (536 bytes)
Event: 3.864 Thread 0x0000022b17483310 nmethod 1222 0x0000022b0020a310 code [0x0000022b0020a5e0, 0x0000022b0020b6b8]

GC Heap History (20 events):
Event: 2.494 GC heap before
{Heap before GC invocations=9 (full 0):
 garbage-first heap   total 278528K, used 242865K [0x000000074ac00000, 0x0000000800000000)
  region size 2048K, 80 young (163840K), 1 survivors (2048K)
 Metaspace       used 15367K, committed 15552K, reserved 1114112K
  class space    used 1561K, committed 1664K, reserved 1048576K
}
Event: 2.497 GC heap after
{Heap after GC invocations=10 (full 0):
 garbage-first heap   total 278528K, used 81072K [0x000000074ac00000, 0x0000000800000000)
  region size 2048K, 1 young (2048K), 1 survivors (2048K)
 Metaspace       used 15367K, committed 15552K, reserved 1114112K
  class space    used 1561K, committed 1664K, reserved 1048576K
}
Event: 2.738 GC heap before
{Heap before GC invocations=10 (full 0):
 garbage-first heap   total 315392K, used 281776K [0x000000074ac00000, 0x0000000800000000)
  region size 2048K, 81 young (165888K), 1 survivors (2048K)
 Metaspace       used 15372K, committed 15616K, reserved 1114112K
  class space    used 1561K, committed 1664K, reserved 1048576K
}
Event: 2.740 GC heap after
{Heap after GC invocations=11 (full 0):
 garbage-first heap   total 315392K, used 117937K [0x000000074ac00000, 0x0000000800000000)
  region size 2048K, 1 young (2048K), 1 survivors (2048K)
 Metaspace       used 15372K, committed 15616K, reserved 1114112K
  class space    used 1561K, committed 1664K, reserved 1048576K
}
Event: 2.836 GC heap before
{Heap before GC invocations=11 (full 0):
 garbage-first heap   total 315392K, used 277681K [0x000000074ac00000, 0x0000000800000000)
  region size 2048K, 79 young (161792K), 1 survivors (2048K)
 Metaspace       used 15372K, committed 15616K, reserved 1114112K
  class space    used 1561K, committed 1664K, reserved 1048576K
}
Event: 2.840 GC heap after
{Heap after GC invocations=12 (full 0):
 garbage-first heap   total 315392K, used 117934K [0x000000074ac00000, 0x0000000800000000)
  region size 2048K, 1 young (2048K), 1 survivors (2048K)
 Metaspace       used 15372K, committed 15616K, reserved 1114112K
  class space    used 1561K, committed 1664K, reserved 1048576K
}
Event: 2.936 GC heap before
{Heap before GC invocations=12 (full 0):
 garbage-first heap   total 315392K, used 277678K [0x000000074ac00000, 0x0000000800000000)
  region size 2048K, 79 young (161792K), 1 survivors (2048K)
 Metaspace       used 15387K, committed 15616K, reserved 1114112K
  class space    used 1561K, committed 1664K, reserved 1048576K
}
Event: 2.939 GC heap after
{Heap after GC invocations=13 (full 0):
 garbage-first heap   total 315392K, used 117940K [0x000000074ac00000, 0x0000000800000000)
  region size 2048K, 1 young (2048K), 1 survivors (2048K)
 Metaspace       used 15387K, committed 15616K, reserved 1114112K
  class space    used 1561K, committed 1664K, reserved 1048576K
}
Event: 3.035 GC heap before
{Heap before GC invocations=13 (full 0):
 garbage-first heap   total 315392K, used 277684K [0x000000074ac00000, 0x0000000800000000)
  region size 2048K, 79 young (161792K), 1 survivors (2048K)
 Metaspace       used 15387K, committed 15616K, reserved 1114112K
  class space    used 1561K, committed 1664K, reserved 1048576K
}
Event: 3.039 GC heap after
{Heap after GC invocations=14 (full 0):
 garbage-first heap   total 378880K, used 117935K [0x000000074ac00000, 0x0000000800000000)
  region size 2048K, 1 young (2048K), 1 survivors (2048K)
 Metaspace       used 15387K, committed 15616K, reserved 1114112K
  class space    used 1561K, committed 1664K, reserved 1048576K
}
Event: 3.268 GC heap before
{Heap before GC invocations=14 (full 0):
 garbage-first heap   total 378880K, used 236719K [0x000000074ac00000, 0x0000000800000000)
  region size 2048K, 60 young (122880K), 1 survivors (2048K)
 Metaspace       used 15394K, committed 15616K, reserved 1114112K
  class space    used 1561K, committed 1664K, reserved 1048576K
}
Event: 3.272 GC heap after
{Heap after GC invocations=15 (full 0):
 garbage-first heap   total 378880K, used 117934K [0x000000074ac00000, 0x0000000800000000)
  region size 2048K, 1 young (2048K), 1 survivors (2048K)
 Metaspace       used 15394K, committed 15616K, reserved 1114112K
  class space    used 1561K, committed 1664K, reserved 1048576K
}
Event: 3.427 GC heap before
{Heap before GC invocations=15 (full 0):
 garbage-first heap   total 378880K, used 371886K [0x000000074ac00000, 0x0000000800000000)
  region size 2048K, 99 young (202752K), 1 survivors (2048K)
 Metaspace       used 15399K, committed 15616K, reserved 1114112K
  class space    used 1561K, committed 1664K, reserved 1048576K
}
Event: 3.430 GC heap after
{Heap after GC invocations=16 (full 0):
 garbage-first heap   total 378880K, used 173231K [0x000000074ac00000, 0x0000000800000000)
  region size 2048K, 1 young (2048K), 1 survivors (2048K)
 Metaspace       used 15399K, committed 15616K, reserved 1114112K
  class space    used 1561K, committed 1664K, reserved 1048576K
}
Event: 3.528 GC heap before
{Heap before GC invocations=16 (full 0):
 garbage-first heap   total 378880K, used 335023K [0x000000074ac00000, 0x0000000800000000)
  region size 2048K, 80 young (163840K), 1 survivors (2048K)
 Metaspace       used 15404K, committed 15616K, reserved 1114112K
  class space    used 1561K, committed 1664K, reserved 1048576K
}
Event: 3.531 GC heap after
{Heap after GC invocations=17 (full 0):
 garbage-first heap   total 378880K, used 173239K [0x000000074ac00000, 0x0000000800000000)
  region size 2048K, 1 young (2048K), 1 survivors (2048K)
 Metaspace       used 15404K, committed 15616K, reserved 1114112K
  class space    used 1561K, committed 1664K, reserved 1048576K
}
Event: 3.646 GC heap before
{Heap before GC invocations=18 (full 0):
 garbage-first heap   total 378880K, used 220343K [0x000000074ac00000, 0x0000000800000000)
  region size 2048K, 80 young (163840K), 1 survivors (2048K)
 Metaspace       used 15404K, committed 15616K, reserved 1114112K
  class space    used 1561K, committed 1664K, reserved 1048576K
}
Event: 3.649 GC heap after
{Heap after GC invocations=19 (full 0):
 garbage-first heap   total 378880K, used 58560K [0x000000074ac00000, 0x0000000800000000)
  region size 2048K, 1 young (2048K), 1 survivors (2048K)
 Metaspace       used 15404K, committed 15616K, reserved 1114112K
  class space    used 1561K, committed 1664K, reserved 1048576K
}
Event: 3.802 GC heap before
{Heap before GC invocations=19 (full 0):
 garbage-first heap   total 378880K, used 283840K [0x000000074ac00000, 0x0000000800000000)
  region size 2048K, 111 young (227328K), 1 survivors (2048K)
 Metaspace       used 15404K, committed 15616K, reserved 1114112K
  class space    used 1561K, committed 1664K, reserved 1048576K
}
Event: 3.808 GC heap after
{Heap after GC invocations=20 (full 0):
 garbage-first heap   total 378880K, used 58563K [0x000000074ac00000, 0x0000000800000000)
  region size 2048K, 1 young (2048K), 1 survivors (2048K)
 Metaspace       used 15404K, committed 15616K, reserved 1114112K
  class space    used 1561K, committed 1664K, reserved 1048576K
}

Dll operation events (8 events):
Event: 0.016 Loaded shared library C:\Users\mulau\.p2\pool\plugins\org.eclipse.justj.openjdk.hotspot.jre.full.win32.x86_64_17.0.7.v20230425-1502\jre\bin\java.dll
Event: 0.216 Loaded shared library C:\Users\mulau\.p2\pool\plugins\org.eclipse.justj.openjdk.hotspot.jre.full.win32.x86_64_17.0.7.v20230425-1502\jre\bin\net.dll
Event: 0.220 Loaded shared library C:\Users\mulau\.p2\pool\plugins\org.eclipse.justj.openjdk.hotspot.jre.full.win32.x86_64_17.0.7.v20230425-1502\jre\bin\nio.dll
Event: 0.231 Loaded shared library C:\Users\mulau\.p2\pool\plugins\org.eclipse.justj.openjdk.hotspot.jre.full.win32.x86_64_17.0.7.v20230425-1502\jre\bin\zip.dll
Event: 0.282 Loaded shared library C:\Users\mulau\.p2\pool\plugins\org.eclipse.justj.openjdk.hotspot.jre.full.win32.x86_64_17.0.7.v20230425-1502\jre\bin\jimage.dll
Event: 0.345 Loaded shared library C:\Users\mulau\.p2\pool\plugins\org.eclipse.justj.openjdk.hotspot.jre.full.win32.x86_64_17.0.7.v20230425-1502\jre\bin\awt.dll
Event: 0.783 Loaded shared library C:\Users\mulau\.p2\pool\plugins\org.eclipse.justj.openjdk.hotspot.jre.full.win32.x86_64_17.0.7.v20230425-1502\jre\bin\freetype.dll
Event: 0.785 Loaded shared library C:\Users\mulau\.p2\pool\plugins\org.eclipse.justj.openjdk.hotspot.jre.full.win32.x86_64_17.0.7.v20230425-1502\jre\bin\fontmanager.dll

Deoptimization events (20 events):
Event: 1.086 Thread 0x0000022b1c6dd520 DEOPT PACKING pc=0x0000022b07be36f4 sp=0x000000ec6c8fed10
Event: 1.086 Thread 0x0000022b1c6dd520 DEOPT UNPACKING pc=0x0000022b074a69a3 sp=0x000000ec6c8fecb0 mode 2
Event: 1.169 Thread 0x0000022b1c6dd520 DEOPT PACKING pc=0x0000022b0016bd35 sp=0x000000ec6c8fee10
Event: 1.169 Thread 0x0000022b1c6dd520 DEOPT UNPACKING pc=0x0000022b074a7143 sp=0x000000ec6c8fe3b0 mode 0
Event: 1.178 Thread 0x0000022b1c6dd520 Uncommon trap: trap_request=0xffffffcc fr.pc=0x0000022b07bf2524 relative=0x0000000000001a44
Event: 1.178 Thread 0x0000022b1c6dd520 Uncommon trap: reason=intrinsic_or_type_checked_inlining action=make_not_entrant pc=0x0000022b07bf2524 method=java.util.ArrayList$SubList.toArray([Ljava/lang/Object;)[Ljava/lang/Object; @ 58 c2
Event: 1.178 Thread 0x0000022b1c6dd520 DEOPT PACKING pc=0x0000022b07bf2524 sp=0x000000ec6c8fee90
Event: 1.178 Thread 0x0000022b1c6dd520 DEOPT UNPACKING pc=0x0000022b074a69a3 sp=0x000000ec6c8fedd8 mode 2
Event: 1.243 Thread 0x0000022b1c44f510 Uncommon trap: trap_request=0xffffff45 fr.pc=0x0000022b07be2ef4 relative=0x00000000000002b4
Event: 1.243 Thread 0x0000022b1c44f510 Uncommon trap: reason=unstable_if action=reinterpret pc=0x0000022b07be2ef4 method=java.lang.Integer.parseInt(Ljava/lang/String;I)I @ 105 c2
Event: 1.244 Thread 0x0000022b1c44f510 DEOPT PACKING pc=0x0000022b07be2ef4 sp=0x000000ec6c4fed80
Event: 1.244 Thread 0x0000022b1c44f510 DEOPT UNPACKING pc=0x0000022b074a69a3 sp=0x000000ec6c4fec88 mode 2
Event: 1.244 Thread 0x0000022b1c3f1740 Uncommon trap: trap_request=0xffffff45 fr.pc=0x0000022b07be0230 relative=0x0000000000000370
Event: 1.244 Thread 0x0000022b1c3f1740 Uncommon trap: reason=unstable_if action=reinterpret pc=0x0000022b07be0230 method=java.lang.Integer.parseInt(Ljava/lang/String;I)I @ 119 c2
Event: 1.244 Thread 0x0000022b1c3f1740 DEOPT PACKING pc=0x0000022b07be0230 sp=0x000000ec6c3fe840
Event: 1.245 Thread 0x0000022b1c3f1740 DEOPT UNPACKING pc=0x0000022b074a69a3 sp=0x000000ec6c3fe7b8 mode 2
Event: 1.445 Thread 0x0000022b1c44f510 Uncommon trap: trap_request=0xffffff45 fr.pc=0x0000022b07bf9410 relative=0x0000000000001db0
Event: 1.445 Thread 0x0000022b1c44f510 Uncommon trap: reason=unstable_if action=reinterpret pc=0x0000022b07bf9410 method=java.lang.String.split(Ljava/lang/String;I)[Ljava/lang/String; @ 209 c2
Event: 1.445 Thread 0x0000022b1c44f510 DEOPT PACKING pc=0x0000022b07bf9410 sp=0x000000ec6c4fed60
Event: 1.445 Thread 0x0000022b1c44f510 DEOPT UNPACKING pc=0x0000022b074a69a3 sp=0x000000ec6c4fed40 mode 2

Classes unloaded (0 events):
No events

Classes redefined (0 events):
No events

Internal exceptions (18 events):
Event: 0.322 Thread 0x0000022b7a8a5640 Exception <a 'java/lang/ClassNotFoundException'{0x0000000755e0fd68}: sun/awt/resources/spi/awtProvider> (0x0000000755e0fd68) 
thrown [s\src\hotspot\share\classfile\systemDictionary.cpp, line 256]
Event: 0.376 Thread 0x0000022b7a8a5640 Exception <a 'java/io/FileNotFoundException'{0x0000000755e69730}> (0x0000000755e69730) 
thrown [s\src\hotspot\share\prims\jni.cpp, line 516]
Event: 0.385 Thread 0x0000022b7a8a5640 Exception <a 'java/io/FileNotFoundException'{0x0000000755e96920}> (0x0000000755e96920) 
thrown [s\src\hotspot\share\prims\jni.cpp, line 516]
Event: 0.458 Thread 0x0000022b7a8a5640 Exception <a 'java/lang/NoSuchMethodError'{0x0000000755ef1088}: 'java.lang.Object java.lang.invoke.DirectMethodHandle$Holder.invokeStaticInit(java.lang.Object)'> (0x0000000755ef1088) 
thrown [s\src\hotspot\share\interpreter\linkResolver.cpp, line 759]
Event: 0.619 Thread 0x0000022b7a8a5640 Exception <a 'java/lang/NoSuchMethodError'{0x0000000755f3b818}: 'void java.lang.invoke.DirectMethodHandle$Holder.invokeSpecial(java.lang.Object, java.lang.Object, java.lang.Object)'> (0x0000000755f3b818) 
thrown [s\src\hotspot\share\interpreter\linkResolver.cpp, line 759]
Event: 0.630 Thread 0x0000022b7a8a5640 Exception <a 'java/lang/NoSuchMethodError'{0x0000000755fd6690}: 'java.lang.Object java.lang.invoke.DirectMethodHandle$Holder.newInvokeSpecial(java.lang.Object, java.lang.Object, java.lang.Object, java.lang.Object, java.lang.Object)'> (0x0000000755fd6690) 
thrown [s\src\hotspot\share\interpreter\linkResolver.cpp, line 759]
Event: 0.632 Thread 0x0000022b7a8a5640 Exception <a 'java/lang/NoSuchMethodError'{0x0000000755fe2058}: 'java.lang.Object java.lang.invoke.DirectMethodHandle$Holder.invokeStatic(java.lang.Object, int, java.lang.Object, java.lang.Object, java.lang.Object, java.lang.Object)'> (0x0000000755fe2058) 
thrown [s\src\hotspot\share\interpreter\linkResolver.cpp, line 759]
Event: 0.636 Thread 0x0000022b7a8a5640 Exception <a 'java/lang/NoSuchMethodError'{0x0000000755c07f18}: 'java.lang.Object java.lang.invoke.DirectMethodHandle$Holder.invokeStatic(java.lang.Object, int, java.lang.Object)'> (0x0000000755c07f18) 
thrown [s\src\hotspot\share\interpreter\linkResolver.cpp, line 759]
Event: 0.674 Thread 0x0000022b7a8a5640 Exception <a 'java/lang/ClassNotFoundException'{0x0000000755cbfc10}: com/sun/swing/internal/plaf/metal/resources/spi/metalProvider> (0x0000000755cbfc10) 
thrown [s\src\hotspot\share\classfile\systemDictionary.cpp, line 256]
Event: 0.675 Thread 0x0000022b7a8a5640 Exception <a 'java/lang/ClassNotFoundException'{0x0000000755cc3a68}: com/sun/swing/internal/plaf/basic/resources/spi/basicProvider> (0x0000000755cc3a68) 
thrown [s\src\hotspot\share\classfile\systemDictionary.cpp, line 256]
Event: 0.696 Thread 0x0000022b7a8a5640 Exception <a 'java/lang/NoSuchMethodError'{0x0000000755ce8cf0}: 'void java.lang.invoke.DirectMethodHandle$Holder.invokeStatic(java.lang.Object, java.lang.Object)'> (0x0000000755ce8cf0) 
thrown [s\src\hotspot\share\interpreter\linkResolver.cpp, line 759]
Event: 0.729 Thread 0x0000022b7a8a5640 Exception <a 'java/lang/NoSuchMethodError'{0x0000000755d61988}: 'java.lang.Object java.lang.invoke.DirectMethodHandle$Holder.invokeStaticInit(java.lang.Object, int, int, int, int)'> (0x0000000755d61988) 
thrown [s\src\hotspot\share\interpreter\linkResolver.cpp, line 759]
Event: 0.756 Thread 0x0000022b1c10e9e0 Exception <a 'java/lang/NoSuchMethodError'{0x0000000755f61ea8}: 'void java.lang.invoke.DirectMethodHandle$Holder.invokeVirtual(java.lang.Object, java.lang.Object)'> (0x0000000755f61ea8) 
thrown [s\src\hotspot\share\interpreter\linkResolver.cpp, line 759]
Event: 0.777 Thread 0x0000022b7a8a5640 Exception <a 'java/lang/NoSuchMethodError'{0x0000000755dade18}: 'void java.lang.invoke.DirectMethodHandle$Holder.invokeStaticInit(java.lang.Object)'> (0x0000000755dade18) 
thrown [s\src\hotspot\share\interpreter\linkResolver.cpp, line 759]
Event: 0.984 Thread 0x0000022b1c44f510 Exception <a 'java/lang/NoSuchMethodError'{0x0000000755bbba28}: 'java.lang.Object java.lang.invoke.DirectMethodHandle$Holder.invokeStaticInit(java.lang.Object, java.lang.Object, int, int, int, int)'> (0x0000000755bbba28) 
thrown [s\src\hotspot\share\interpreter\linkResolver.cpp, line 759]
Event: 1.046 Thread 0x0000022b7a8a5640 Exception <a 'java/lang/NoSuchMethodError'{0x0000000755a5d410}: 'java.lang.Object java.lang.invoke.DirectMethodHandle$Holder.newInvokeSpecial(java.lang.Object, java.lang.Object, java.lang.Object, int)'> (0x0000000755a5d410) 
thrown [s\src\hotspot\share\interpreter\linkResolver.cpp, line 759]
Event: 1.047 Thread 0x0000022b7a8a5640 Exception <a 'java/lang/NoSuchMethodError'{0x0000000755a61548}: 'java.lang.Object java.lang.invoke.DirectMethodHandle$Holder.invokeSpecial(java.lang.Object, java.lang.Object, java.lang.Object, java.lang.Object, int)'> (0x0000000755a61548) 
thrown [s\src\hotspot\share\interpreter\linkResolver.cpp, line 759]
Event: 1.047 Thread 0x0000022b7a8a5640 Exception <a 'java/lang/NoSuchMethodError'{0x0000000755a64e68}: 'java.lang.Object java.lang.invoke.Invokers$Holder.linkToTargetMethod(java.lang.Object, java.lang.Object, int, java.lang.Object)'> (0x0000000755a64e68) 
thrown [s\src\hotspot\share\interpreter\linkResolver.cpp, line 759]

VM Operations (20 events):
Event: 2.836 Executing VM operation: G1CollectForAllocation
Event: 2.840 Executing VM operation: G1CollectForAllocation done
Event: 2.936 Executing VM operation: G1CollectForAllocation
Event: 2.939 Executing VM operation: G1CollectForAllocation done
Event: 3.035 Executing VM operation: G1CollectForAllocation
Event: 3.039 Executing VM operation: G1CollectForAllocation done
Event: 3.268 Executing VM operation: G1TryInitiateConcMark
Event: 3.272 Executing VM operation: G1TryInitiateConcMark done
Event: 3.426 Executing VM operation: G1CollectForAllocation
Event: 3.430 Executing VM operation: G1CollectForAllocation done
Event: 3.528 Executing VM operation: G1CollectForAllocation
Event: 3.531 Executing VM operation: G1CollectForAllocation done
Event: 3.578 Executing VM operation: G1Concurrent
Event: 3.581 Executing VM operation: G1Concurrent done
Event: 3.598 Executing VM operation: G1Concurrent
Event: 3.598 Executing VM operation: G1Concurrent done
Event: 3.646 Executing VM operation: G1CollectForAllocation
Event: 3.649 Executing VM operation: G1CollectForAllocation done
Event: 3.802 Executing VM operation: G1CollectForAllocation
Event: 3.808 Executing VM operation: G1CollectForAllocation done

Events (20 events):
Event: 1.261 loading class sun/font/CMap$NullCMapClass
Event: 1.261 loading class sun/font/CMap$NullCMapClass done
Event: 1.262 loading class sun/font/CMap$CMapFormat4
Event: 1.262 loading class sun/font/CMap$CMapFormat4 done
Event: 1.262 loading class java/nio/ByteBufferAsCharBufferB
Event: 1.263 loading class java/nio/ByteBufferAsCharBufferB done
Event: 1.265 loading class jdk/internal/misc/ScopedMemoryAccess$Scope
Event: 1.265 loading class jdk/internal/misc/ScopedMemoryAccess$Scope done
Event: 1.266 loading class sun/font/FileFontStrike
Event: 1.266 loading class sun/font/FileFontStrike done
Event: 1.267 loading class sun/font/FontScaler
Event: 1.267 loading class sun/font/FontScaler done
Event: 1.267 loading class sun/font/FreetypeFontScaler
Event: 1.268 loading class sun/font/FreetypeFontScaler done
Event: 1.431 Thread 0x0000022b21813490 Thread exited: 0x0000022b21813490
Event: 1.431 Thread 0x0000022b21813eb0 Thread exited: 0x0000022b21813eb0
Event: 1.431 Thread 0x0000022b218139a0 Thread exited: 0x0000022b218139a0
Event: 1.431 Thread 0x0000022b2181c6b0 Thread exited: 0x0000022b2181c6b0
Event: 1.431 Thread 0x0000022b1c5afa90 Thread exited: 0x0000022b1c5afa90
Event: 1.431 Thread 0x0000022b1c52aa60 Thread exited: 0x0000022b1c52aa60


Dynamic libraries:
0x00007ff740460000 - 0x00007ff74046e000 	C:\Users\mulau\.p2\pool\plugins\org.eclipse.justj.openjdk.hotspot.jre.full.win32.x86_64_17.0.7.v20230425-1502\jre\bin\javaw.exe
0x00007fffbb530000 - 0x00007fffbb744000 	C:\windows\SYSTEM32\ntdll.dll
0x00007fffb9db0000 - 0x00007fffb9e74000 	C:\windows\System32\KERNEL32.DLL
0x00007fffb8b60000 - 0x00007fffb8f04000 	C:\windows\System32\KERNELBASE.dll
0x00007fffb8f10000 - 0x00007fffb9021000 	C:\windows\System32\ucrtbase.dll
0x00007fffa0670000 - 0x00007fffa0689000 	C:\Users\mulau\.p2\pool\plugins\org.eclipse.justj.openjdk.hotspot.jre.full.win32.x86_64_17.0.7.v20230425-1502\jre\bin\VCRUNTIME140.dll
0x00007fffa0270000 - 0x00007fffa0287000 	C:\Users\mulau\.p2\pool\plugins\org.eclipse.justj.openjdk.hotspot.jre.full.win32.x86_64_17.0.7.v20230425-1502\jre\bin\jli.dll
0x00007fffbb260000 - 0x00007fffbb40e000 	C:\windows\System32\USER32.dll
0x00007fffb7ab0000 - 0x00007fffb7d43000 	C:\windows\WinSxS\amd64_microsoft.windows.common-controls_6595b64144ccf1df_6.0.22621.2215_none_270d72677387dfc3\COMCTL32.dll
0x00007fffb88b0000 - 0x00007fffb88d6000 	C:\windows\System32\win32u.dll
0x00007fffbb410000 - 0x00007fffbb4b7000 	C:\windows\System32\msvcrt.dll
0x00007fffba2a0000 - 0x00007fffba2c9000 	C:\windows\System32\GDI32.dll
0x00007fffb90b0000 - 0x00007fffb91c8000 	C:\windows\System32\gdi32full.dll
0x00007fffb88e0000 - 0x00007fffb897a000 	C:\windows\System32\msvcp_win.dll
0x00007fffb9660000 - 0x00007fffb9691000 	C:\windows\System32\IMM32.DLL
0x00007fffb3370000 - 0x00007fffb337c000 	C:\Users\mulau\.p2\pool\plugins\org.eclipse.justj.openjdk.hotspot.jre.full.win32.x86_64_17.0.7.v20230425-1502\jre\bin\vcruntime140_1.dll
0x00007fff974c0000 - 0x00007fff97551000 	C:\Users\mulau\.p2\pool\plugins\org.eclipse.justj.openjdk.hotspot.jre.full.win32.x86_64_17.0.7.v20230425-1502\jre\bin\msvcp140.dll
0x00007fff7f9d0000 - 0x00007fff80618000 	C:\Users\mulau\.p2\pool\plugins\org.eclipse.justj.openjdk.hotspot.jre.full.win32.x86_64_17.0.7.v20230425-1502\jre\bin\server\jvm.dll
0x00007fffb9590000 - 0x00007fffb9640000 	C:\windows\System32\ADVAPI32.dll
0x00007fffb94e0000 - 0x00007fffb9586000 	C:\windows\System32\sechost.dll
0x00007fffb92a0000 - 0x00007fffb93b7000 	C:\windows\System32\RPCRT4.dll
0x00007fff143a0000 - 0x00007fff143a9000 	C:\windows\SYSTEM32\WSOCK32.dll
0x00007fffb6c10000 - 0x00007fffb6c1a000 	C:\windows\SYSTEM32\VERSION.dll
0x00007fffaf4b0000 - 0x00007fffaf4e4000 	C:\windows\SYSTEM32\WINMM.dll
0x00007fffb9950000 - 0x00007fffb99c1000 	C:\windows\System32\WS2_32.dll
0x00007fffb69e0000 - 0x00007fffb69f8000 	C:\windows\SYSTEM32\kernel.appcore.dll
0x00007fffaef80000 - 0x00007fffaef8a000 	C:\Users\mulau\.p2\pool\plugins\org.eclipse.justj.openjdk.hotspot.jre.full.win32.x86_64_17.0.7.v20230425-1502\jre\bin\jimage.dll
0x00007fffb81e0000 - 0x00007fffb840e000 	C:\windows\SYSTEM32\DBGHELP.DLL
0x00007fffb9f10000 - 0x00007fffba29a000 	C:\windows\System32\combase.dll
0x00007fffba350000 - 0x00007fffba427000 	C:\windows\System32\OLEAUT32.dll
0x00007fffb80a0000 - 0x00007fffb80d2000 	C:\windows\SYSTEM32\dbgcore.DLL
0x00007fffb9030000 - 0x00007fffb90aa000 	C:\windows\System32\bcryptPrimitives.dll
0x00007fffa0340000 - 0x00007fffa0365000 	C:\Users\mulau\.p2\pool\plugins\org.eclipse.justj.openjdk.hotspot.jre.full.win32.x86_64_17.0.7.v20230425-1502\jre\bin\java.dll
0x00007fffa07d0000 - 0x00007fffa07e8000 	C:\Users\mulau\.p2\pool\plugins\org.eclipse.justj.openjdk.hotspot.jre.full.win32.x86_64_17.0.7.v20230425-1502\jre\bin\zip.dll
0x00007fffba430000 - 0x00007fffbac53000 	C:\windows\System32\SHELL32.dll
0x00007fffb5920000 - 0x00007fffb620a000 	C:\windows\SYSTEM32\windows.storage.dll
0x00007fffb57e0000 - 0x00007fffb591e000 	C:\windows\SYSTEM32\wintypes.dll
0x00007fffb93e0000 - 0x00007fffb94d3000 	C:\windows\System32\SHCORE.dll
0x00007fffb9d50000 - 0x00007fffb9dae000 	C:\windows\System32\shlwapi.dll
0x00007fffb87e0000 - 0x00007fffb8806000 	C:\windows\SYSTEM32\profapi.dll
0x00007fffa0320000 - 0x00007fffa0339000 	C:\Users\mulau\.p2\pool\plugins\org.eclipse.justj.openjdk.hotspot.jre.full.win32.x86_64_17.0.7.v20230425-1502\jre\bin\net.dll
0x00007fffb11e0000 - 0x00007fffb1317000 	C:\windows\SYSTEM32\WINHTTP.dll
0x00007fffb76f0000 - 0x00007fffb7759000 	C:\windows\system32\mswsock.dll
0x00007fffa0300000 - 0x00007fffa0315000 	C:\Users\mulau\.p2\pool\plugins\org.eclipse.justj.openjdk.hotspot.jre.full.win32.x86_64_17.0.7.v20230425-1502\jre\bin\nio.dll
0x00007fff80ed0000 - 0x00007fff8105e000 	C:\Users\mulau\.p2\pool\plugins\org.eclipse.justj.openjdk.hotspot.jre.full.win32.x86_64_17.0.7.v20230425-1502\jre\bin\awt.dll
0x00007fffb4e10000 - 0x00007fffb4ea7000 	C:\windows\SYSTEM32\apphelp.dll
0x00007fffb5220000 - 0x00007fffb524b000 	C:\windows\system32\DWMAPI.DLL
0x00007fffb4fb0000 - 0x00007fffb505b000 	C:\windows\system32\uxtheme.dll
0x00007fff88be0000 - 0x00007fff88ce0000 	C:\windows\system32\opengl32.dll
0x00007fffa3af0000 - 0x00007fffa3b1d000 	C:\windows\SYSTEM32\GLU32.dll
0x00007fffb50c0000 - 0x00007fffb50f8000 	C:\windows\SYSTEM32\dxcore.dll
0x00007fffb96a0000 - 0x00007fffb97e9000 	C:\windows\System32\MSCTF.dll
0x00007fffb9b90000 - 0x00007fffb9d2e000 	C:\windows\System32\ole32.dll
0x00007fff60290000 - 0x00007fff60439000 	C:\windows\system32\d3d9.dll
0x00007fffadcf0000 - 0x00007fffadeab000 	C:\windows\System32\DriverStore\FileRepository\u0387389.inf_amd64_995be970e30b8c79\B385477\aticfx64.dll
0x00007fffa0070000 - 0x00007fffa00a4000 	C:\windows\System32\DriverStore\FileRepository\u0387389.inf_amd64_995be970e30b8c79\B385477\atiu9p64.dll
0x00007fff57320000 - 0x00007fff58075000 	C:\windows\System32\DriverStore\FileRepository\u0387389.inf_amd64_995be970e30b8c79\B385477\atiumd64.dll
0x00000000768f0000 - 0x0000000077817000 	C:\windows\System32\DriverStore\FileRepository\u0387389.inf_amd64_995be970e30b8c79\B385477\atiumd6a.dll
0x00007fffbad10000 - 0x00007fffbb184000 	C:\windows\System32\SETUPAPI.dll
0x00007fffb8410000 - 0x00007fffb845d000 	C:\windows\SYSTEM32\POWRPROF.dll
0x00007fffb8080000 - 0x00007fffb8093000 	C:\windows\SYSTEM32\UMPDC.dll
0x00007fffabab0000 - 0x00007fffabae5000 	C:\windows\SYSTEM32\amdihk64.dll
0x00007fffb1c80000 - 0x00007fffb1cca000 	C:\windows\SYSTEM32\directxdatabasehelper.dll
0x00007fff92f00000 - 0x00007fff92f86000 	C:\Users\mulau\.p2\pool\plugins\org.eclipse.justj.openjdk.hotspot.jre.full.win32.x86_64_17.0.7.v20230425-1502\jre\bin\freetype.dll
0x00007fff877b0000 - 0x00007fff87875000 	C:\Users\mulau\.p2\pool\plugins\org.eclipse.justj.openjdk.hotspot.jre.full.win32.x86_64_17.0.7.v20230425-1502\jre\bin\fontmanager.dll
0x00007fffb8550000 - 0x00007fffb856b000 	C:\windows\SYSTEM32\CRYPTSP.dll
0x00007fffb6950000 - 0x00007fffb6985000 	C:\windows\system32\rsaenh.dll
0x00007fffb77e0000 - 0x00007fffb780c000 	C:\windows\SYSTEM32\USERENV.dll
0x00007fffb80e0000 - 0x00007fffb8108000 	C:\windows\SYSTEM32\bcrypt.dll
0x00007fffb7940000 - 0x00007fffb794c000 	C:\windows\SYSTEM32\CRYPTBASE.dll
0x00007fffa0ef0000 - 0x00007fffa1034000 	C:\windows\SYSTEM32\textinputframework.dll
0x00007fffb64b0000 - 0x00007fffb64dd000 	C:\windows\SYSTEM32\IPHLPAPI.DLL
0x00007fffb9d40000 - 0x00007fffb9d49000 	C:\windows\System32\NSI.dll
0x00007fffb0a90000 - 0x00007fffb0aa9000 	C:\windows\SYSTEM32\dhcpcsvc6.DLL
0x00007fffb0b30000 - 0x00007fffb0b4f000 	C:\windows\SYSTEM32\dhcpcsvc.DLL
0x00007fffb6530000 - 0x00007fffb6622000 	C:\windows\SYSTEM32\DNSAPI.dll
0x00007fffb4b30000 - 0x00007fffb4c63000 	C:\windows\SYSTEM32\CoreMessaging.dll
0x00007fffb1320000 - 0x00007fffb168c000 	C:\windows\SYSTEM32\CoreUIComponents.dll

dbghelp: loaded successfully - version: 4.0.5 - missing functions: none
symbol engine: initialized successfully - sym options: 0x614 - pdb path: .;C:\Users\mulau\.p2\pool\plugins\org.eclipse.justj.openjdk.hotspot.jre.full.win32.x86_64_17.0.7.v20230425-1502\jre\bin;C:\windows\SYSTEM32;C:\windows\WinSxS\amd64_microsoft.windows.common-controls_6595b64144ccf1df_6.0.22621.2215_none_270d72677387dfc3;C:\Users\mulau\.p2\pool\plugins\org.eclipse.justj.openjdk.hotspot.jre.full.win32.x86_64_17.0.7.v20230425-1502\jre\bin\server;C:\windows\System32\DriverStore\FileRepository\u0387389.inf_amd64_995be970e30b8c79\B385477

VM Arguments:
jvm_args: -Dfile.encoding=UTF-8 -XX:+ShowCodeDetailsInExceptionMessages 
java_command: MyAgent -develop
java_class_path (initial): C:\Users\mulau\eclipse-workspace\ExampleSnake\bin;C:\Users\mulau\eclipse-workspace\ExampleSnake\lib\Snake2023-v1.jar
Launcher Type: SUN_STANDARD

[Global flags]
     intx CICompilerCount                          = 12                                        {product} {ergonomic}
     uint ConcGCThreads                            = 3                                         {product} {ergonomic}
     uint G1ConcRefinementThreads                  = 13                                        {product} {ergonomic}
   size_t G1HeapRegionSize                         = 2097152                                   {product} {ergonomic}
    uintx GCDrainStackTargetSize                   = 64                                        {product} {ergonomic}
   size_t InitialHeapSize                          = 190840832                                 {product} {ergonomic}
   size_t MarkStackSize                            = 4194304                                   {product} {ergonomic}
   size_t MaxHeapSize                              = 3040870400                                {product} {ergonomic}
   size_t MaxNewSize                               = 1824522240                                {product} {ergonomic}
   size_t MinHeapDeltaBytes                        = 2097152                                   {product} {ergonomic}
   size_t MinHeapSize                              = 8388608                                   {product} {ergonomic}
    uintx NonNMethodCodeHeapSize                   = 7602480                                {pd product} {ergonomic}
    uintx NonProfiledCodeHeapSize                  = 122027880                              {pd product} {ergonomic}
    uintx ProfiledCodeHeapSize                     = 122027880                              {pd product} {ergonomic}
    uintx ReservedCodeCacheSize                    = 251658240                              {pd product} {ergonomic}
     bool SegmentedCodeCache                       = true                                      {product} {ergonomic}
     bool ShowCodeDetailsInExceptionMessages       = true                                   {manageable} {command line}
   size_t SoftMaxHeapSize                          = 3040870400                             {manageable} {ergonomic}
     bool UseCompressedClassPointers               = true                           {product lp64_product} {ergonomic}
     bool UseCompressedOops                        = true                           {product lp64_product} {ergonomic}
     bool UseG1GC                                  = true                                      {product} {ergonomic}
     bool UseLargePagesIndividualAllocation        = false                                  {pd product} {ergonomic}

Logging:
Log output configuration:
 #0: stdout all=warning uptime,level,tags
 #1: stderr all=off uptime,level,tags

Environment Variables:
JAVA_HOME=C:\Users\mulau\AppData\Local\Programs\Eclipse Adoptium\jdk-17.0.8.7-hotspot\
PATH=C:/Users/mulau/.p2/pool/plugins/org.eclipse.justj.openjdk.hotspot.jre.full.win32.x86_64_17.0.7.v20230425-1502/jre/bin/server;C:/Users/mulau/.p2/pool/plugins/org.eclipse.justj.openjdk.hotspot.jre.full.win32.x86_64_17.0.7.v20230425-1502/jre/bin;C:\windows\system32;C:\windows;C:\windows\System32\Wbem;C:\windows\System32\WindowsPowerShell\v1.0\;C:\windows\System32\OpenSSH\;C:\Users\mulau\AppData\Local\Programs\Eclipse Adoptium\jdk-17.0.8.7-hotspot\bin;C:\Users\mulau\AppData\Local\Microsoft\WindowsApps;;C:\Users\mulau\AppData\Local\Programs\Microsoft VS Code\bin;C:\windows\system32;
USERNAME=mulau
OS=Windows_NT
PROCESSOR_IDENTIFIER=AMD64 Family 23 Model 104 Stepping 1, AuthenticAMD
TMP=C:\Users\mulau\AppData\Local\Temp
TEMP=C:\Users\mulau\AppData\Local\Temp



---------------  S Y S T E M  ---------------

OS:
 Windows 11 , 64 bit Build 22621 (10.0.22621.2215)
OS uptime: 9 days 15:46 hours
Hyper-V role detected

CPU: total 16 (initial active 16) (16 cores per cpu, 2 threads per core) family 23 model 104 stepping 1 microcode 0x0, cx8, cmov, fxsr, ht, mmx, 3dnowpref, sse, sse2, sse3, ssse3, sse4a, sse4.1, sse4.2, popcnt, lzcnt, tsc, tscinvbit, avx, avx2, aes, clmul, bmi1, bmi2, adx, sha, fma, vzeroupper, clflush, clflushopt, hv

Memory: 4k page, system-wide physical 11597M (2692M free)
TotalPageFile size 14597M (AvailPageFile size 6M)
current process WorkingSet (physical memory assigned to process): 458M, peak: 458M
current process commit charge ("private bytes"): 558M, peak: 560M

vm_info: OpenJDK 64-Bit Server VM (17.0.7+7) for windows-amd64 JRE (17.0.7+7), built on Apr 18 2023 22:10:42 by "temurin" with MS VC++ 16.7 (VS2019)

END.
