#
# There is insufficient memory for the Java Runtime Environment to continue.
# Native memory allocation (mmap) failed to map 591396864 bytes for G1 virtual space
# Possible reasons:
#   The system is out of physical RAM or swap space
#   The process is running with CompressedOops enabled, and the Java Heap may be blocking the growth of the native heap
# Possible solutions:
#   Reduce memory load on the system
#   Increase physical memory or swap space
#   Check if swap backing store is full
#   Decrease Java heap size (-Xmx/-Xms)
#   Decrease number of Java threads
#   Decrease Java thread stack sizes (-Xss)
#   Set larger code cache with -XX:ReservedCodeCacheSize=
#   JVM is running with Zero Based Compressed Oops mode in which the Java heap is
#     placed in the first 32GB address space. The Java Heap base address is the
#     maximum limit for the native heap growth. Please use -XX:HeapBaseMinAddress
#     to set the Java Heap base and to place the Java Heap above 32GB virtual address.
# This output file may be truncated or incomplete.
#
#  Out of Memory Error (os_windows.cpp:3559), pid=27516, tid=22368
#
# JRE version: OpenJDK Runtime Environment Temurin-17.0.7+7 (17.0.7+7) (build 17.0.7+7)
# Java VM: OpenJDK 64-Bit Server VM Temurin-17.0.7+7 (17.0.7+7, mixed mode, tiered, compressed oops, compressed class ptrs, g1 gc, windows-amd64)
# No core dump will be written. Minidumps are not enabled by default on client versions of Windows
#

---------------  S U M M A R Y ------------

Command Line: -Dfile.encoding=UTF-8 -XX:+ShowCodeDetailsInExceptionMessages MyAgent -develop

Host: AMD Ryzen 7 5700U with Radeon Graphics         , 16 cores, 11G,  Windows 11 , 64 bit Build 22621 (10.0.22621.2428)
Time: Mon Oct 23 09:55:57 2023 South Africa Standard Time elapsed time: 3.699851 seconds (0d 0h 0m 3s)

---------------  T H R E A D  ---------------

Current thread (0x00000198c8018e20):  VMThread "VM Thread" [stack: 0x0000003c96c00000,0x0000003c96d00000] [id=22368]

Stack: [0x0000003c96c00000,0x0000003c96d00000]
Native frames: (J=compiled Java code, j=interpreted, Vv=VM code, C=native code)
V  [jvm.dll+0x67754a]
V  [jvm.dll+0x834304]
V  [jvm.dll+0x835aae]
V  [jvm.dll+0x836113]
V  [jvm.dll+0x24696f]
V  [jvm.dll+0x6743f9]
V  [jvm.dll+0x668c8a]
V  [jvm.dll+0x3061bb]
V  [jvm.dll+0x30d6a6]
V  [jvm.dll+0x35cece]
V  [jvm.dll+0x35d0ff]
V  [jvm.dll+0x2dd048]
V  [jvm.dll+0x2db20c]
V  [jvm.dll+0x2da7dc]
V  [jvm.dll+0x31e6db]
V  [jvm.dll+0x83a5bb]
V  [jvm.dll+0x83b2f4]
V  [jvm.dll+0x83b80c]
V  [jvm.dll+0x83bbe4]
V  [jvm.dll+0x83bcb0]
V  [jvm.dll+0x7e4e7a]
V  [jvm.dll+0x676395]
C  [ucrtbase.dll+0x29363]
C  [KERNEL32.DLL+0x1257d]
C  [ntdll.dll+0x5aa78]

VM_Operation (0x0000003c98cfec20): G1CollectForAllocation, mode: safepoint, requested by thread 0x00000198c8bfae00


---------------  P R O C E S S  ---------------

Threads class SMR info:
_java_thread_list=0x00000198cf3da100, length=23, elements={
0x00000198c3fa7f30, 0x00000198c3fa8da0, 0x00000198c802ab00, 0x00000198c805d410,
0x00000198c805e3d0, 0x00000198c8060190, 0x00000198c806c430, 0x00000198c806d6f0,
0x00000198c80808b0, 0x00000198c8128910, 0x00000198c81e7810, 0x00000198c820f200,
0x00000198c85f5ad0, 0x00000198c85f8a60, 0x00000198c85f9540, 0x00000198c8943ac0,
0x00000198c890f640, 0x00000198c8a82480, 0x00000198c8bfae00, 0x00000198c8c90ce0,
0x00000198c8c911f0, 0x00000198c8c804f0, 0x00000198c8c81d00
}

Java Threads: ( => current thread )
  0x00000198c3fa7f30 JavaThread "Reference Handler" daemon [_thread_blocked, id=19592, stack(0x0000003c96d00000,0x0000003c96e00000)]
  0x00000198c3fa8da0 JavaThread "Finalizer" daemon [_thread_blocked, id=18000, stack(0x0000003c96e00000,0x0000003c96f00000)]
  0x00000198c802ab00 JavaThread "Signal Dispatcher" daemon [_thread_blocked, id=21164, stack(0x0000003c96f00000,0x0000003c97000000)]
  0x00000198c805d410 JavaThread "Attach Listener" daemon [_thread_blocked, id=11088, stack(0x0000003c97000000,0x0000003c97100000)]
  0x00000198c805e3d0 JavaThread "Service Thread" daemon [_thread_blocked, id=27352, stack(0x0000003c97100000,0x0000003c97200000)]
  0x00000198c8060190 JavaThread "Monitor Deflation Thread" daemon [_thread_blocked, id=10944, stack(0x0000003c97200000,0x0000003c97300000)]
  0x00000198c806c430 JavaThread "C2 CompilerThread0" daemon [_thread_blocked, id=19908, stack(0x0000003c97300000,0x0000003c97400000)]
  0x00000198c806d6f0 JavaThread "C1 CompilerThread0" daemon [_thread_blocked, id=26188, stack(0x0000003c97400000,0x0000003c97500000)]
  0x00000198c80808b0 JavaThread "Sweeper thread" daemon [_thread_blocked, id=26864, stack(0x0000003c97500000,0x0000003c97600000)]
  0x00000198c8128910 JavaThread "C1 CompilerThread1" daemon [_thread_blocked, id=21024, stack(0x0000003c97600000,0x0000003c97700000)]
  0x00000198c81e7810 JavaThread "Notification Thread" daemon [_thread_blocked, id=24960, stack(0x0000003c97700000,0x0000003c97800000)]
  0x00000198c820f200 JavaThread "Common-Cleaner" daemon [_thread_blocked, id=21676, stack(0x0000003c97900000,0x0000003c97a00000)]
  0x00000198c85f5ad0 JavaThread "Java2D Disposer" daemon [_thread_blocked, id=11260, stack(0x0000003c97a00000,0x0000003c97b00000)]
  0x00000198c85f8a60 JavaThread "AWT-Shutdown" [_thread_blocked, id=23884, stack(0x0000003c97b00000,0x0000003c97c00000)]
  0x00000198c85f9540 JavaThread "AWT-Windows" daemon [_thread_in_native, id=5816, stack(0x0000003c97c00000,0x0000003c97d00000)]
  0x00000198c8943ac0 JavaThread "AWT-EventQueue-0" [_thread_blocked, id=20696, stack(0x0000003c98900000,0x0000003c98a00000)]
  0x00000198c890f640 JavaThread "Thread-0" [_thread_blocked, id=24536, stack(0x0000003c98a00000,0x0000003c98b00000)]
  0x00000198c8a82480 JavaThread "D3D Screen Updater" daemon [_thread_blocked, id=26716, stack(0x0000003c98b00000,0x0000003c98c00000)]
  0x00000198c8bfae00 JavaThread "Thread-1" [_thread_blocked, id=13888, stack(0x0000003c98c00000,0x0000003c98d00000)]
  0x00000198c8c90ce0 JavaThread "C1 CompilerThread2" daemon [_thread_blocked, id=18912, stack(0x0000003c98e00000,0x0000003c98f00000)]
  0x00000198c8c911f0 JavaThread "C1 CompilerThread3" daemon [_thread_blocked, id=16020, stack(0x0000003c98f00000,0x0000003c99000000)]
  0x00000198c8c804f0 JavaThread "TimerQueue" daemon [_thread_blocked, id=3160, stack(0x0000003c99000000,0x0000003c99100000)]
  0x00000198c8c81d00 JavaThread "DestroyJavaVM" [_thread_blocked, id=24044, stack(0x0000003c96600000,0x0000003c96700000)]

Other Threads:
=>0x00000198c8018e20 VMThread "VM Thread" [stack: 0x0000003c96c00000,0x0000003c96d00000] [id=22368]
  0x00000198c81ec710 WatcherThread [stack: 0x0000003c97800000,0x0000003c97900000] [id=19436]
  0x00000198a752d360 GCTaskThread "GC Thread#0" [stack: 0x0000003c96700000,0x0000003c96800000] [id=25716]
  0x00000198cec2ac80 GCTaskThread "GC Thread#1" [stack: 0x0000003c99200000,0x0000003c99300000] [id=3740]
  0x00000198ceb41fb0 GCTaskThread "GC Thread#2" [stack: 0x0000003c99300000,0x0000003c99400000] [id=23236]
  0x00000198cebfc960 GCTaskThread "GC Thread#3" [stack: 0x0000003c99400000,0x0000003c99500000] [id=16040]
  0x00000198cebf7880 GCTaskThread "GC Thread#4" [stack: 0x0000003c99500000,0x0000003c99600000] [id=24800]
  0x00000198cebf7f30 GCTaskThread "GC Thread#5" [stack: 0x0000003c99600000,0x0000003c99700000] [id=26672]
  0x00000198cebf81e0 GCTaskThread "GC Thread#6" [stack: 0x0000003c99700000,0x0000003c99800000] [id=22152]
  0x00000198cebf8490 GCTaskThread "GC Thread#7" [stack: 0x0000003c99800000,0x0000003c99900000] [id=8388]
  0x00000198cec28190 GCTaskThread "GC Thread#8" [stack: 0x0000003c99900000,0x0000003c99a00000] [id=7148]
  0x00000198cec28440 GCTaskThread "GC Thread#9" [stack: 0x0000003c99a00000,0x0000003c99b00000] [id=24852]
  0x00000198cf2c5ec0 GCTaskThread "GC Thread#10" [stack: 0x0000003c98d00000,0x0000003c98e00000] [id=2440]
  0x00000198cf67aad0 GCTaskThread "GC Thread#11" [stack: 0x0000003c99100000,0x0000003c99200000] [id=21476]
  0x00000198cf8becc0 GCTaskThread "GC Thread#12" [stack: 0x0000003c9a700000,0x0000003c9a800000] [id=14884]
  0x00000198a7539ff0 ConcurrentGCThread "G1 Main Marker" [stack: 0x0000003c96800000,0x0000003c96900000] [id=25120]
  0x00000198a753c1b0 ConcurrentGCThread "G1 Conc#0" [stack: 0x0000003c96900000,0x0000003c96a00000] [id=21940]
  0x00000198a759e990 ConcurrentGCThread "G1 Refine#0" [stack: 0x0000003c96a00000,0x0000003c96b00000] [id=3464]
  0x00000198cf802db0 ConcurrentGCThread "G1 Refine#1" [stack: 0x0000003c99b00000,0x0000003c99c00000] [id=26676]
  0x00000198cec286f0 ConcurrentGCThread "G1 Refine#2" [stack: 0x0000003c99c00000,0x0000003c99d00000] [id=23024]
  0x00000198cf423640 ConcurrentGCThread "G1 Refine#3" [stack: 0x0000003c99d00000,0x0000003c99e00000] [id=27268]
  0x00000198cf0ea800 ConcurrentGCThread "G1 Refine#4" [stack: 0x0000003c99e00000,0x0000003c99f00000] [id=27456]
  0x00000198c8bfa440 ConcurrentGCThread "G1 Refine#5" [stack: 0x0000003c99f00000,0x0000003c9a000000] [id=24916]
  0x00000198cef219f0 ConcurrentGCThread "G1 Refine#6" [stack: 0x0000003c9a000000,0x0000003c9a100000] [id=13168]
  0x00000198cec41bc0 ConcurrentGCThread "G1 Refine#7" [stack: 0x0000003c9a100000,0x0000003c9a200000] [id=7184]
  0x00000198cedfd3a0 ConcurrentGCThread "G1 Refine#8" [stack: 0x0000003c9a200000,0x0000003c9a300000] [id=4172]
  0x00000198cf358ce0 ConcurrentGCThread "G1 Refine#9" [stack: 0x0000003c9a300000,0x0000003c9a400000] [id=16360]
  0x00000198cf358fc0 ConcurrentGCThread "G1 Refine#10" [stack: 0x0000003c9a400000,0x0000003c9a500000] [id=3188]
  0x00000198cf7d2a40 ConcurrentGCThread "G1 Refine#11" [stack: 0x0000003c9a500000,0x0000003c9a600000] [id=4020]
  0x00000198ced07f30 ConcurrentGCThread "G1 Refine#12" [stack: 0x0000003c9a600000,0x0000003c9a700000] [id=20980]
  0x00000198c3df44b0 ConcurrentGCThread "G1 Service" [stack: 0x0000003c96b00000,0x0000003c96c00000] [id=5980]

Threads with active compile tasks:

VM state: at safepoint (normal execution)

VM Mutex/Monitor currently owned by a thread:  ([mutex/lock_event])
[0x00000198a74d18f0] Threads_lock - owner thread: 0x00000198c8018e20
[0x00000198a74d1c50] Heap_lock - owner thread: 0x00000198c8bfae00

Heap address: 0x000000074ac00000, size: 2900 MB, Compressed Oops mode: Zero based, Oop shift amount: 3

CDS archive(s) not mapped
Compressed class space mapped at: 0x0000000800000000-0x0000000840000000, reserved size: 1073741824
Narrow klass base: 0x0000000800000000, Narrow klass shift: 0, Narrow klass range: 0x40000000

GC Precious Log:
 CPUs: 16 total, 16 available
 Memory: 11597M
 Large Page Support: Disabled
 NUMA Support: Disabled
 Compressed Oops: Enabled (Zero based)
 Heap Region Size: 2M
 Heap Min Capacity: 8M
 Heap Initial Capacity: 182M
 Heap Max Capacity: 2900M
 Pre-touch: Disabled
 Parallel Workers: 13
 Concurrent Workers: 3
 Concurrent Refinement Workers: 13
 Periodic GC: Disabled

Heap:
 garbage-first heap   total 675840K, used 117480K [0x000000074ac00000, 0x0000000800000000)
  region size 2048K, 2 young (4096K), 2 survivors (4096K)
 Metaspace       used 15544K, committed 15744K, reserved 1114112K
  class space    used 1561K, committed 1664K, reserved 1048576K

Heap Regions: E=young(eden), S=young(survivor), O=old, HS=humongous(starts), HC=humongous(continues), CS=collection set, F=free, OA=open archive, CA=closed archive, TAMS=top-at-mark-start (previous, next)
|   0|0x000000074ac00000, 0x000000074ae00000, 0x000000074ae00000|100%|HS|  |TAMS 0x000000074ac00000, 0x000000074ac00000| Complete 
|   1|0x000000074ae00000, 0x000000074b000000, 0x000000074b000000|100%|HS|  |TAMS 0x000000074ae00000, 0x000000074ae00000| Complete 
|   2|0x000000074b000000, 0x000000074b200000, 0x000000074b200000|100%|HC|  |TAMS 0x000000074b000000, 0x000000074b000000| Complete 
|   3|0x000000074b200000, 0x000000074b400000, 0x000000074b400000|100%|HS|  |TAMS 0x000000074b200000, 0x000000074b200000| Complete 
|   4|0x000000074b400000, 0x000000074b600000, 0x000000074b600000|100%|HC|  |TAMS 0x000000074b400000, 0x000000074b400000| Complete 
|   5|0x000000074b600000, 0x000000074b800000, 0x000000074b800000|100%|HS|  |TAMS 0x000000074b600000, 0x000000074b600000| Complete 
|   6|0x000000074b800000, 0x000000074ba00000, 0x000000074ba00000|100%|HC|  |TAMS 0x000000074b800000, 0x000000074b800000| Complete 
|   7|0x000000074ba00000, 0x000000074bc00000, 0x000000074bc00000|100%|HC|  |TAMS 0x000000074ba00000, 0x000000074ba00000| Complete 
|   8|0x000000074bc00000, 0x000000074be00000, 0x000000074be00000|100%|HS|  |TAMS 0x000000074bc00000, 0x000000074bc00000| Complete 
|   9|0x000000074be00000, 0x000000074c000000, 0x000000074c000000|100%|HC|  |TAMS 0x000000074be00000, 0x000000074be00000| Complete 
|  10|0x000000074c000000, 0x000000074c200000, 0x000000074c200000|100%|HC|  |TAMS 0x000000074c000000, 0x000000074c000000| Complete 
|  11|0x000000074c200000, 0x000000074c400000, 0x000000074c400000|100%|HC|  |TAMS 0x000000074c200000, 0x000000074c200000| Complete 
|  12|0x000000074c400000, 0x000000074c600000, 0x000000074c600000|100%|HS|  |TAMS 0x000000074c400000, 0x000000074c400000| Complete 
|  13|0x000000074c600000, 0x000000074c800000, 0x000000074c800000|100%|HC|  |TAMS 0x000000074c600000, 0x000000074c600000| Complete 
|  14|0x000000074c800000, 0x000000074ca00000, 0x000000074ca00000|100%|HC|  |TAMS 0x000000074c800000, 0x000000074c800000| Complete 
|  15|0x000000074ca00000, 0x000000074cc00000, 0x000000074cc00000|100%|HC|  |TAMS 0x000000074ca00000, 0x000000074ca00000| Complete 
|  16|0x000000074cc00000, 0x000000074ce00000, 0x000000074ce00000|100%|HC|  |TAMS 0x000000074cc00000, 0x000000074cc00000| Complete 
|  17|0x000000074ce00000, 0x000000074d000000, 0x000000074d000000|100%|HC|  |TAMS 0x000000074ce00000, 0x000000074ce00000| Complete 
|  18|0x000000074d000000, 0x000000074d200000, 0x000000074d200000|100%|HS|  |TAMS 0x000000074d000000, 0x000000074d000000| Complete 
|  19|0x000000074d200000, 0x000000074d400000, 0x000000074d400000|100%|HC|  |TAMS 0x000000074d200000, 0x000000074d200000| Complete 
|  20|0x000000074d400000, 0x000000074d600000, 0x000000074d600000|100%|HC|  |TAMS 0x000000074d400000, 0x000000074d400000| Complete 
|  21|0x000000074d600000, 0x000000074d800000, 0x000000074d800000|100%|HC|  |TAMS 0x000000074d600000, 0x000000074d600000| Complete 
|  22|0x000000074d800000, 0x000000074da00000, 0x000000074da00000|100%|HC|  |TAMS 0x000000074d800000, 0x000000074d800000| Complete 
|  23|0x000000074da00000, 0x000000074dc00000, 0x000000074dc00000|100%|HC|  |TAMS 0x000000074da00000, 0x000000074da00000| Complete 
|  24|0x000000074dc00000, 0x000000074de00000, 0x000000074de00000|100%|HC|  |TAMS 0x000000074dc00000, 0x000000074dc00000| Complete 
|  25|0x000000074de00000, 0x000000074e000000, 0x000000074e000000|100%|HC|  |TAMS 0x000000074de00000, 0x000000074de00000| Complete 
|  26|0x000000074e000000, 0x000000074e200000, 0x000000074e200000|100%|HS|  |TAMS 0x000000074e000000, 0x000000074e000000| Complete 
|  27|0x000000074e200000, 0x000000074e400000, 0x000000074e400000|100%|HC|  |TAMS 0x000000074e200000, 0x000000074e200000| Complete 
|  28|0x000000074e400000, 0x000000074e600000, 0x000000074e600000|100%|HC|  |TAMS 0x000000074e400000, 0x000000074e400000| Complete 
|  29|0x000000074e600000, 0x000000074e800000, 0x000000074e800000|100%|HC|  |TAMS 0x000000074e600000, 0x000000074e600000| Complete 
|  30|0x000000074e800000, 0x000000074ea00000, 0x000000074ea00000|100%|HC|  |TAMS 0x000000074e800000, 0x000000074e800000| Complete 
|  31|0x000000074ea00000, 0x000000074ec00000, 0x000000074ec00000|100%|HC|  |TAMS 0x000000074ea00000, 0x000000074ea00000| Complete 
|  32|0x000000074ec00000, 0x000000074ee00000, 0x000000074ee00000|100%|HC|  |TAMS 0x000000074ec00000, 0x000000074ec00000| Complete 
|  33|0x000000074ee00000, 0x000000074f000000, 0x000000074f000000|100%|HC|  |TAMS 0x000000074ee00000, 0x000000074ee00000| Complete 
|  34|0x000000074f000000, 0x000000074f200000, 0x000000074f200000|100%|HC|  |TAMS 0x000000074f000000, 0x000000074f000000| Complete 
|  35|0x000000074f200000, 0x000000074f400000, 0x000000074f400000|100%|HC|  |TAMS 0x000000074f200000, 0x000000074f200000| Complete 
|  36|0x000000074f400000, 0x000000074f600000, 0x000000074f600000|100%|HC|  |TAMS 0x000000074f400000, 0x000000074f400000| Complete 
|  37|0x000000074f600000, 0x000000074f800000, 0x000000074f800000|100%|HC|  |TAMS 0x000000074f600000, 0x000000074f600000| Complete 
|  38|0x000000074f800000, 0x000000074fa00000, 0x000000074fa00000|100%|HS|  |TAMS 0x000000074f800000, 0x000000074f800000| Complete 
|  39|0x000000074fa00000, 0x000000074fc00000, 0x000000074fc00000|100%|HC|  |TAMS 0x000000074fa00000, 0x000000074fa00000| Complete 
|  40|0x000000074fc00000, 0x000000074fe00000, 0x000000074fe00000|100%|HC|  |TAMS 0x000000074fc00000, 0x000000074fc00000| Complete 
|  41|0x000000074fe00000, 0x0000000750000000, 0x0000000750000000|100%|HC|  |TAMS 0x000000074fe00000, 0x000000074fe00000| Complete 
|  42|0x0000000750000000, 0x0000000750200000, 0x0000000750200000|100%|HC|  |TAMS 0x0000000750000000, 0x0000000750000000| Complete 
|  43|0x0000000750200000, 0x0000000750400000, 0x0000000750400000|100%|HC|  |TAMS 0x0000000750200000, 0x0000000750200000| Complete 
|  44|0x0000000750400000, 0x0000000750600000, 0x0000000750600000|100%|HC|  |TAMS 0x0000000750400000, 0x0000000750400000| Complete 
|  45|0x0000000750600000, 0x0000000750800000, 0x0000000750800000|100%|HC|  |TAMS 0x0000000750600000, 0x0000000750600000| Complete 
|  46|0x0000000750800000, 0x0000000750a00000, 0x0000000750a00000|100%|HC|  |TAMS 0x0000000750800000, 0x0000000750800000| Complete 
|  47|0x0000000750a00000, 0x0000000750c00000, 0x0000000750c00000|100%|HC|  |TAMS 0x0000000750a00000, 0x0000000750a00000| Complete 
|  48|0x0000000750c00000, 0x0000000750e00000, 0x0000000750e00000|100%|HC|  |TAMS 0x0000000750c00000, 0x0000000750c00000| Complete 
|  49|0x0000000750e00000, 0x0000000751000000, 0x0000000751000000|100%|HC|  |TAMS 0x0000000750e00000, 0x0000000750e00000| Complete 
|  50|0x0000000751000000, 0x0000000751200000, 0x0000000751200000|100%|HC|  |TAMS 0x0000000751000000, 0x0000000751000000| Complete 
|  51|0x0000000751200000, 0x0000000751400000, 0x0000000751400000|100%|HC|  |TAMS 0x0000000751200000, 0x0000000751200000| Complete 
|  52|0x0000000751400000, 0x0000000751600000, 0x0000000751600000|100%|HC|  |TAMS 0x0000000751400000, 0x0000000751400000| Complete 
|  53|0x0000000751600000, 0x0000000751800000, 0x0000000751800000|100%|HC|  |TAMS 0x0000000751600000, 0x0000000751600000| Complete 
|  54|0x0000000751800000, 0x0000000751a00000, 0x0000000751a00000|100%|HC|  |TAMS 0x0000000751800000, 0x0000000751800000| Complete 
|  55|0x0000000751a00000, 0x0000000751c00000, 0x0000000751c00000|100%|HC|  |TAMS 0x0000000751a00000, 0x0000000751a00000| Complete 
|  56|0x0000000751c00000, 0x0000000751c00000, 0x0000000751e00000|  0%| F|  |TAMS 0x0000000751c00000, 0x0000000751c00000| Untracked 
|  57|0x0000000751e00000, 0x0000000751e00000, 0x0000000752000000|  0%| F|  |TAMS 0x0000000751e00000, 0x0000000751e00000| Untracked 
|  58|0x0000000752000000, 0x0000000752000000, 0x0000000752200000|  0%| F|  |TAMS 0x0000000752000000, 0x0000000752000000| Untracked 
|  59|0x0000000752200000, 0x0000000752200000, 0x0000000752400000|  0%| F|  |TAMS 0x0000000752200000, 0x0000000752200000| Untracked 
|  60|0x0000000752400000, 0x0000000752400000, 0x0000000752600000|  0%| F|  |TAMS 0x0000000752400000, 0x0000000752400000| Untracked 
|  61|0x0000000752600000, 0x0000000752600000, 0x0000000752800000|  0%| F|  |TAMS 0x0000000752600000, 0x0000000752600000| Untracked 
|  62|0x0000000752800000, 0x0000000752800000, 0x0000000752a00000|  0%| F|  |TAMS 0x0000000752800000, 0x0000000752800000| Untracked 
|  63|0x0000000752a00000, 0x0000000752a00000, 0x0000000752c00000|  0%| F|  |TAMS 0x0000000752a00000, 0x0000000752a00000| Untracked 
|  64|0x0000000752c00000, 0x0000000752c00000, 0x0000000752e00000|  0%| F|  |TAMS 0x0000000752c00000, 0x0000000752c00000| Untracked 
|  65|0x0000000752e00000, 0x0000000752e00000, 0x0000000753000000|  0%| F|  |TAMS 0x0000000752e00000, 0x0000000752e00000| Untracked 
|  66|0x0000000753000000, 0x0000000753000000, 0x0000000753200000|  0%| F|  |TAMS 0x0000000753000000, 0x0000000753000000| Untracked 
|  67|0x0000000753200000, 0x0000000753200000, 0x0000000753400000|  0%| F|  |TAMS 0x0000000753200000, 0x0000000753200000| Untracked 
|  68|0x0000000753400000, 0x0000000753400000, 0x0000000753600000|  0%| F|  |TAMS 0x0000000753400000, 0x0000000753400000| Untracked 
|  69|0x0000000753600000, 0x0000000753600000, 0x0000000753800000|  0%| F|  |TAMS 0x0000000753600000, 0x0000000753600000| Untracked 
|  70|0x0000000753800000, 0x0000000753800000, 0x0000000753a00000|  0%| F|  |TAMS 0x0000000753800000, 0x0000000753800000| Untracked 
|  71|0x0000000753a00000, 0x0000000753a00000, 0x0000000753c00000|  0%| F|  |TAMS 0x0000000753a00000, 0x0000000753a00000| Untracked 
|  72|0x0000000753c00000, 0x0000000753c00000, 0x0000000753e00000|  0%| F|  |TAMS 0x0000000753c00000, 0x0000000753c00000| Untracked 
|  73|0x0000000753e00000, 0x0000000753e00000, 0x0000000754000000|  0%| F|  |TAMS 0x0000000753e00000, 0x0000000753e00000| Untracked 
|  74|0x0000000754000000, 0x0000000754000000, 0x0000000754200000|  0%| F|  |TAMS 0x0000000754000000, 0x0000000754000000| Untracked 
|  75|0x0000000754200000, 0x0000000754200000, 0x0000000754400000|  0%| F|  |TAMS 0x0000000754200000, 0x0000000754200000| Untracked 
|  76|0x0000000754400000, 0x0000000754400000, 0x0000000754600000|  0%| F|  |TAMS 0x0000000754400000, 0x0000000754400000| Untracked 
|  77|0x0000000754600000, 0x0000000754600000, 0x0000000754800000|  0%| F|  |TAMS 0x0000000754600000, 0x0000000754600000| Untracked 
|  78|0x0000000754800000, 0x0000000754800000, 0x0000000754a00000|  0%| F|  |TAMS 0x0000000754800000, 0x0000000754800000| Untracked 
|  79|0x0000000754a00000, 0x0000000754a00000, 0x0000000754c00000|  0%| F|  |TAMS 0x0000000754a00000, 0x0000000754a00000| Untracked 
|  80|0x0000000754c00000, 0x0000000754c00000, 0x0000000754e00000|  0%| F|  |TAMS 0x0000000754c00000, 0x0000000754c00000| Untracked 
|  81|0x0000000754e00000, 0x0000000754e00000, 0x0000000755000000|  0%| F|  |TAMS 0x0000000754e00000, 0x0000000754e00000| Untracked 
|  82|0x0000000755000000, 0x0000000755000000, 0x0000000755200000|  0%| F|  |TAMS 0x0000000755000000, 0x0000000755000000| Untracked 
|  83|0x0000000755200000, 0x0000000755200000, 0x0000000755400000|  0%| F|  |TAMS 0x0000000755200000, 0x0000000755200000| Untracked 
|  84|0x0000000755400000, 0x0000000755400000, 0x0000000755600000|  0%| F|  |TAMS 0x0000000755400000, 0x0000000755400000| Untracked 
|  85|0x0000000755600000, 0x0000000755600000, 0x0000000755800000|  0%| F|  |TAMS 0x0000000755600000, 0x0000000755600000| Untracked 
|  86|0x0000000755800000, 0x0000000755800000, 0x0000000755a00000|  0%| F|  |TAMS 0x0000000755800000, 0x0000000755800000| Untracked 
|  87|0x0000000755a00000, 0x0000000755a00000, 0x0000000755c00000|  0%| F|  |TAMS 0x0000000755a00000, 0x0000000755a00000| Untracked 
|  88|0x0000000755c00000, 0x0000000755c00000, 0x0000000755e00000|  0%| F|  |TAMS 0x0000000755c00000, 0x0000000755c00000| Untracked 
|  89|0x0000000755e00000, 0x0000000755e00000, 0x0000000756000000|  0%| F|  |TAMS 0x0000000755e00000, 0x0000000755e00000| Untracked 
|  90|0x0000000756000000, 0x0000000756000000, 0x0000000756200000|  0%| F|  |TAMS 0x0000000756000000, 0x0000000756000000| Untracked 
|  91|0x0000000756200000, 0x0000000756200000, 0x0000000756400000|  0%| F|  |TAMS 0x0000000756200000, 0x0000000756200000| Untracked 
|  92|0x0000000756400000, 0x0000000756400000, 0x0000000756600000|  0%| F|  |TAMS 0x0000000756400000, 0x0000000756400000| Untracked 
|  93|0x0000000756600000, 0x0000000756600000, 0x0000000756800000|  0%| F|  |TAMS 0x0000000756600000, 0x0000000756600000| Untracked 
|  94|0x0000000756800000, 0x0000000756800000, 0x0000000756a00000|  0%| F|  |TAMS 0x0000000756800000, 0x0000000756800000| Untracked 
|  95|0x0000000756a00000, 0x0000000756a00000, 0x0000000756c00000|  0%| F|  |TAMS 0x0000000756a00000, 0x0000000756a00000| Untracked 
|  96|0x0000000756c00000, 0x0000000756c00000, 0x0000000756e00000|  0%| F|  |TAMS 0x0000000756c00000, 0x0000000756c00000| Untracked 
|  97|0x0000000756e00000, 0x0000000756e00000, 0x0000000757000000|  0%| F|  |TAMS 0x0000000756e00000, 0x0000000756e00000| Untracked 
|  98|0x0000000757000000, 0x0000000757000000, 0x0000000757200000|  0%| F|  |TAMS 0x0000000757000000, 0x0000000757000000| Untracked 
|  99|0x0000000757200000, 0x0000000757200000, 0x0000000757400000|  0%| F|  |TAMS 0x0000000757200000, 0x0000000757200000| Untracked 
| 100|0x0000000757400000, 0x0000000757400000, 0x0000000757600000|  0%| F|  |TAMS 0x0000000757400000, 0x0000000757400000| Untracked 
| 101|0x0000000757600000, 0x0000000757600000, 0x0000000757800000|  0%| F|  |TAMS 0x0000000757600000, 0x0000000757600000| Untracked 
| 102|0x0000000757800000, 0x0000000757800000, 0x0000000757a00000|  0%| F|  |TAMS 0x0000000757800000, 0x0000000757800000| Untracked 
| 103|0x0000000757a00000, 0x0000000757a00000, 0x0000000757c00000|  0%| F|  |TAMS 0x0000000757a00000, 0x0000000757a00000| Untracked 
| 104|0x0000000757c00000, 0x0000000757c00000, 0x0000000757e00000|  0%| F|  |TAMS 0x0000000757c00000, 0x0000000757c00000| Untracked 
| 105|0x0000000757e00000, 0x0000000757e00000, 0x0000000758000000|  0%| F|  |TAMS 0x0000000757e00000, 0x0000000757e00000| Untracked 
| 106|0x0000000758000000, 0x0000000758000000, 0x0000000758200000|  0%| F|  |TAMS 0x0000000758000000, 0x0000000758000000| Untracked 
| 107|0x0000000758200000, 0x0000000758200000, 0x0000000758400000|  0%| F|  |TAMS 0x0000000758200000, 0x0000000758200000| Untracked 
| 108|0x0000000758400000, 0x0000000758400000, 0x0000000758600000|  0%| F|  |TAMS 0x0000000758400000, 0x0000000758400000| Untracked 
| 109|0x0000000758600000, 0x0000000758600000, 0x0000000758800000|  0%| F|  |TAMS 0x0000000758600000, 0x0000000758600000| Untracked 
| 110|0x0000000758800000, 0x0000000758800000, 0x0000000758a00000|  0%| F|  |TAMS 0x0000000758800000, 0x0000000758800000| Untracked 
| 111|0x0000000758a00000, 0x0000000758a00000, 0x0000000758c00000|  0%| F|  |TAMS 0x0000000758a00000, 0x0000000758a00000| Untracked 
| 112|0x0000000758c00000, 0x0000000758c00000, 0x0000000758e00000|  0%| F|  |TAMS 0x0000000758c00000, 0x0000000758c00000| Untracked 
| 113|0x0000000758e00000, 0x0000000758e00000, 0x0000000759000000|  0%| F|  |TAMS 0x0000000758e00000, 0x0000000758e00000| Untracked 
| 114|0x0000000759000000, 0x0000000759000000, 0x0000000759200000|  0%| F|  |TAMS 0x0000000759000000, 0x0000000759000000| Untracked 
| 115|0x0000000759200000, 0x0000000759200000, 0x0000000759400000|  0%| F|  |TAMS 0x0000000759200000, 0x0000000759200000| Untracked 
| 116|0x0000000759400000, 0x0000000759400000, 0x0000000759600000|  0%| F|  |TAMS 0x0000000759400000, 0x0000000759400000| Untracked 
| 117|0x0000000759600000, 0x0000000759600000, 0x0000000759800000|  0%| F|  |TAMS 0x0000000759600000, 0x0000000759600000| Untracked 
| 118|0x0000000759800000, 0x0000000759800000, 0x0000000759a00000|  0%| F|  |TAMS 0x0000000759800000, 0x0000000759800000| Untracked 
| 119|0x0000000759a00000, 0x0000000759a00000, 0x0000000759c00000|  0%| F|  |TAMS 0x0000000759a00000, 0x0000000759a00000| Untracked 
| 120|0x0000000759c00000, 0x0000000759c00000, 0x0000000759e00000|  0%| F|  |TAMS 0x0000000759c00000, 0x0000000759c00000| Untracked 
| 121|0x0000000759e00000, 0x0000000759e00000, 0x000000075a000000|  0%| F|  |TAMS 0x0000000759e00000, 0x0000000759e00000| Untracked 
| 122|0x000000075a000000, 0x000000075a000000, 0x000000075a200000|  0%| F|  |TAMS 0x000000075a000000, 0x000000075a000000| Untracked 
| 123|0x000000075a200000, 0x000000075a200000, 0x000000075a400000|  0%| F|  |TAMS 0x000000075a200000, 0x000000075a200000| Untracked 
| 124|0x000000075a400000, 0x000000075a400000, 0x000000075a600000|  0%| F|  |TAMS 0x000000075a400000, 0x000000075a400000| Untracked 
| 125|0x000000075a600000, 0x000000075a600000, 0x000000075a800000|  0%| F|  |TAMS 0x000000075a600000, 0x000000075a600000| Untracked 
| 126|0x000000075a800000, 0x000000075a800000, 0x000000075aa00000|  0%| F|  |TAMS 0x000000075a800000, 0x000000075a800000| Untracked 
| 127|0x000000075aa00000, 0x000000075aa00000, 0x000000075ac00000|  0%| F|  |TAMS 0x000000075aa00000, 0x000000075aa00000| Untracked 
| 128|0x000000075ac00000, 0x000000075ac00000, 0x000000075ae00000|  0%| F|  |TAMS 0x000000075ac00000, 0x000000075ac00000| Untracked 
| 129|0x000000075ae00000, 0x000000075ae00000, 0x000000075b000000|  0%| F|  |TAMS 0x000000075ae00000, 0x000000075ae00000| Untracked 
| 130|0x000000075b000000, 0x000000075b0ba3a8, 0x000000075b200000| 36%| S|CS|TAMS 0x000000075b000000, 0x000000075b000000| Complete 
| 131|0x000000075b200000, 0x000000075b400000, 0x000000075b400000|100%| S|CS|TAMS 0x000000075b200000, 0x000000075b200000| Complete 
| 132|0x000000075b400000, 0x000000075b400000, 0x000000075b600000|  0%| F|  |TAMS 0x000000075b400000, 0x000000075b400000| Untracked 
| 133|0x000000075b600000, 0x000000075b600000, 0x000000075b800000|  0%| F|  |TAMS 0x000000075b600000, 0x000000075b600000| Untracked 
| 134|0x000000075b800000, 0x000000075b800000, 0x000000075ba00000|  0%| F|  |TAMS 0x000000075b800000, 0x000000075b800000| Untracked 
| 135|0x000000075ba00000, 0x000000075ba00000, 0x000000075bc00000|  0%| F|  |TAMS 0x000000075ba00000, 0x000000075ba00000| Untracked 
| 136|0x000000075bc00000, 0x000000075bc00000, 0x000000075be00000|  0%| F|  |TAMS 0x000000075bc00000, 0x000000075bc00000| Untracked 
| 137|0x000000075be00000, 0x000000075be00000, 0x000000075c000000|  0%| F|  |TAMS 0x000000075be00000, 0x000000075be00000| Untracked 
| 138|0x000000075c000000, 0x000000075c000000, 0x000000075c200000|  0%| F|  |TAMS 0x000000075c000000, 0x000000075c000000| Untracked 
| 139|0x000000075c200000, 0x000000075c200000, 0x000000075c400000|  0%| F|  |TAMS 0x000000075c200000, 0x000000075c200000| Untracked 
| 140|0x000000075c400000, 0x000000075c400000, 0x000000075c600000|  0%| F|  |TAMS 0x000000075c400000, 0x000000075c400000| Untracked 
| 141|0x000000075c600000, 0x000000075c600000, 0x000000075c800000|  0%| F|  |TAMS 0x000000075c600000, 0x000000075c600000| Untracked 
| 142|0x000000075c800000, 0x000000075c800000, 0x000000075ca00000|  0%| F|  |TAMS 0x000000075c800000, 0x000000075c800000| Untracked 
| 143|0x000000075ca00000, 0x000000075ca00000, 0x000000075cc00000|  0%| F|  |TAMS 0x000000075ca00000, 0x000000075ca00000| Untracked 
| 144|0x000000075cc00000, 0x000000075cc00000, 0x000000075ce00000|  0%| F|  |TAMS 0x000000075cc00000, 0x000000075cc00000| Untracked 
| 145|0x000000075ce00000, 0x000000075ce00000, 0x000000075d000000|  0%| F|  |TAMS 0x000000075ce00000, 0x000000075ce00000| Untracked 
| 146|0x000000075d000000, 0x000000075d000000, 0x000000075d200000|  0%| F|  |TAMS 0x000000075d000000, 0x000000075d000000| Untracked 
| 147|0x000000075d200000, 0x000000075d200000, 0x000000075d400000|  0%| F|  |TAMS 0x000000075d200000, 0x000000075d200000| Untracked 
| 148|0x000000075d400000, 0x000000075d400000, 0x000000075d600000|  0%| F|  |TAMS 0x000000075d400000, 0x000000075d400000| Untracked 
| 149|0x000000075d600000, 0x000000075d600000, 0x000000075d800000|  0%| F|  |TAMS 0x000000075d600000, 0x000000075d600000| Untracked 
| 150|0x000000075d800000, 0x000000075d800000, 0x000000075da00000|  0%| F|  |TAMS 0x000000075d800000, 0x000000075d800000| Untracked 
| 151|0x000000075da00000, 0x000000075da00000, 0x000000075dc00000|  0%| F|  |TAMS 0x000000075da00000, 0x000000075da00000| Untracked 
| 152|0x000000075dc00000, 0x000000075dc00000, 0x000000075de00000|  0%| F|  |TAMS 0x000000075dc00000, 0x000000075dc00000| Untracked 
| 153|0x000000075de00000, 0x000000075de00000, 0x000000075e000000|  0%| F|  |TAMS 0x000000075de00000, 0x000000075de00000| Untracked 
| 154|0x000000075e000000, 0x000000075e000000, 0x000000075e200000|  0%| F|  |TAMS 0x000000075e000000, 0x000000075e000000| Untracked 
| 155|0x000000075e200000, 0x000000075e200000, 0x000000075e400000|  0%| F|  |TAMS 0x000000075e200000, 0x000000075e200000| Untracked 
| 156|0x000000075e400000, 0x000000075e400000, 0x000000075e600000|  0%| F|  |TAMS 0x000000075e400000, 0x000000075e400000| Untracked 
| 157|0x000000075e600000, 0x000000075e600000, 0x000000075e800000|  0%| F|  |TAMS 0x000000075e600000, 0x000000075e600000| Untracked 
| 158|0x000000075e800000, 0x000000075e800000, 0x000000075ea00000|  0%| F|  |TAMS 0x000000075e800000, 0x000000075e800000| Untracked 
| 159|0x000000075ea00000, 0x000000075ea00000, 0x000000075ec00000|  0%| F|  |TAMS 0x000000075ea00000, 0x000000075ea00000| Untracked 
| 160|0x000000075ec00000, 0x000000075ec00000, 0x000000075ee00000|  0%| F|  |TAMS 0x000000075ec00000, 0x000000075ec00000| Untracked 
| 161|0x000000075ee00000, 0x000000075ee00000, 0x000000075f000000|  0%| F|  |TAMS 0x000000075ee00000, 0x000000075ee00000| Untracked 
| 162|0x000000075f000000, 0x000000075f000000, 0x000000075f200000|  0%| F|  |TAMS 0x000000075f000000, 0x000000075f000000| Untracked 
| 163|0x000000075f200000, 0x000000075f200000, 0x000000075f400000|  0%| F|  |TAMS 0x000000075f200000, 0x000000075f200000| Untracked 
| 164|0x000000075f400000, 0x000000075f400000, 0x000000075f600000|  0%| F|  |TAMS 0x000000075f400000, 0x000000075f400000| Untracked 
| 165|0x000000075f600000, 0x000000075f600000, 0x000000075f800000|  0%| F|  |TAMS 0x000000075f600000, 0x000000075f600000| Untracked 
| 166|0x000000075f800000, 0x000000075f800000, 0x000000075fa00000|  0%| F|  |TAMS 0x000000075f800000, 0x000000075f800000| Untracked 
| 167|0x000000075fa00000, 0x000000075fa00000, 0x000000075fc00000|  0%| F|  |TAMS 0x000000075fa00000, 0x000000075fa00000| Untracked 
| 168|0x000000075fc00000, 0x000000075fc00000, 0x000000075fe00000|  0%| F|  |TAMS 0x000000075fc00000, 0x000000075fc00000| Untracked 
| 169|0x000000075fe00000, 0x000000075fe00000, 0x0000000760000000|  0%| F|  |TAMS 0x000000075fe00000, 0x000000075fe00000| Untracked 
| 170|0x0000000760000000, 0x0000000760000000, 0x0000000760200000|  0%| F|  |TAMS 0x0000000760000000, 0x0000000760000000| Untracked 
| 171|0x0000000760200000, 0x0000000760200000, 0x0000000760400000|  0%| F|  |TAMS 0x0000000760200000, 0x0000000760200000| Untracked 
| 172|0x0000000760400000, 0x0000000760400000, 0x0000000760600000|  0%| F|  |TAMS 0x0000000760400000, 0x0000000760400000| Untracked 
| 173|0x0000000760600000, 0x0000000760600000, 0x0000000760800000|  0%| F|  |TAMS 0x0000000760600000, 0x0000000760600000| Untracked 
| 174|0x0000000760800000, 0x0000000760800000, 0x0000000760a00000|  0%| F|  |TAMS 0x0000000760800000, 0x0000000760800000| Untracked 
| 175|0x0000000760a00000, 0x0000000760a00000, 0x0000000760c00000|  0%| F|  |TAMS 0x0000000760a00000, 0x0000000760a00000| Untracked 
| 176|0x0000000760c00000, 0x0000000760c00000, 0x0000000760e00000|  0%| F|  |TAMS 0x0000000760c00000, 0x0000000760c00000| Untracked 
| 177|0x0000000760e00000, 0x0000000760e00000, 0x0000000761000000|  0%| F|  |TAMS 0x0000000760e00000, 0x0000000760e00000| Untracked 
| 178|0x0000000761000000, 0x0000000761000000, 0x0000000761200000|  0%| F|  |TAMS 0x0000000761000000, 0x0000000761000000| Untracked 
| 179|0x0000000761200000, 0x0000000761200000, 0x0000000761400000|  0%| F|  |TAMS 0x0000000761200000, 0x0000000761200000| Untracked 
| 180|0x0000000761400000, 0x0000000761400000, 0x0000000761600000|  0%| F|  |TAMS 0x0000000761400000, 0x0000000761400000| Untracked 
| 181|0x0000000761600000, 0x0000000761600000, 0x0000000761800000|  0%| F|  |TAMS 0x0000000761600000, 0x0000000761600000| Untracked 
| 182|0x0000000761800000, 0x0000000761800000, 0x0000000761a00000|  0%| F|  |TAMS 0x0000000761800000, 0x0000000761800000| Untracked 
| 183|0x0000000761a00000, 0x0000000761a00000, 0x0000000761c00000|  0%| F|  |TAMS 0x0000000761a00000, 0x0000000761a00000| Untracked 
| 184|0x0000000761c00000, 0x0000000761c00000, 0x0000000761e00000|  0%| F|  |TAMS 0x0000000761c00000, 0x0000000761c00000| Untracked 
| 185|0x0000000761e00000, 0x0000000761e00000, 0x0000000762000000|  0%| F|  |TAMS 0x0000000761e00000, 0x0000000761e00000| Untracked 
| 186|0x0000000762000000, 0x0000000762000000, 0x0000000762200000|  0%| F|  |TAMS 0x0000000762000000, 0x0000000762000000| Untracked 
| 187|0x0000000762200000, 0x0000000762200000, 0x0000000762400000|  0%| F|  |TAMS 0x0000000762200000, 0x0000000762200000| Untracked 
| 188|0x0000000762400000, 0x0000000762400000, 0x0000000762600000|  0%| F|  |TAMS 0x0000000762400000, 0x0000000762400000| Untracked 
| 189|0x0000000762600000, 0x0000000762600000, 0x0000000762800000|  0%| F|  |TAMS 0x0000000762600000, 0x0000000762600000| Untracked 
| 190|0x0000000762800000, 0x0000000762800000, 0x0000000762a00000|  0%| F|  |TAMS 0x0000000762800000, 0x0000000762800000| Untracked 
| 191|0x0000000762a00000, 0x0000000762a00000, 0x0000000762c00000|  0%| F|  |TAMS 0x0000000762a00000, 0x0000000762a00000| Untracked 
| 192|0x0000000762c00000, 0x0000000762c00000, 0x0000000762e00000|  0%| F|  |TAMS 0x0000000762c00000, 0x0000000762c00000| Untracked 
| 193|0x0000000762e00000, 0x0000000762e00000, 0x0000000763000000|  0%| F|  |TAMS 0x0000000762e00000, 0x0000000762e00000| Untracked 
| 194|0x0000000763000000, 0x0000000763000000, 0x0000000763200000|  0%| F|  |TAMS 0x0000000763000000, 0x0000000763000000| Untracked 
| 195|0x0000000763200000, 0x0000000763200000, 0x0000000763400000|  0%| F|  |TAMS 0x0000000763200000, 0x0000000763200000| Untracked 
| 196|0x0000000763400000, 0x0000000763400000, 0x0000000763600000|  0%| F|  |TAMS 0x0000000763400000, 0x0000000763400000| Untracked 
| 197|0x0000000763600000, 0x0000000763600000, 0x0000000763800000|  0%| F|  |TAMS 0x0000000763600000, 0x0000000763600000| Untracked 
| 198|0x0000000763800000, 0x0000000763800000, 0x0000000763a00000|  0%| F|  |TAMS 0x0000000763800000, 0x0000000763800000| Untracked 
| 199|0x0000000763a00000, 0x0000000763a00000, 0x0000000763c00000|  0%| F|  |TAMS 0x0000000763a00000, 0x0000000763a00000| Untracked 
| 200|0x0000000763c00000, 0x0000000763c00000, 0x0000000763e00000|  0%| F|  |TAMS 0x0000000763c00000, 0x0000000763c00000| Untracked 
| 201|0x0000000763e00000, 0x0000000763e00000, 0x0000000764000000|  0%| F|  |TAMS 0x0000000763e00000, 0x0000000763e00000| Untracked 
| 202|0x0000000764000000, 0x0000000764000000, 0x0000000764200000|  0%| F|  |TAMS 0x0000000764000000, 0x0000000764000000| Untracked 
| 203|0x0000000764200000, 0x0000000764200000, 0x0000000764400000|  0%| F|  |TAMS 0x0000000764200000, 0x0000000764200000| Untracked 
| 204|0x0000000764400000, 0x0000000764400000, 0x0000000764600000|  0%| F|  |TAMS 0x0000000764400000, 0x0000000764400000| Untracked 
| 205|0x0000000764600000, 0x0000000764600000, 0x0000000764800000|  0%| F|  |TAMS 0x0000000764600000, 0x0000000764600000| Untracked 
| 206|0x0000000764800000, 0x0000000764800000, 0x0000000764a00000|  0%| F|  |TAMS 0x0000000764800000, 0x0000000764800000| Untracked 
| 207|0x0000000764a00000, 0x0000000764a00000, 0x0000000764c00000|  0%| F|  |TAMS 0x0000000764a00000, 0x0000000764a00000| Untracked 
| 208|0x0000000764c00000, 0x0000000764c00000, 0x0000000764e00000|  0%| F|  |TAMS 0x0000000764c00000, 0x0000000764c00000| Untracked 
| 209|0x0000000764e00000, 0x0000000764e00000, 0x0000000765000000|  0%| F|  |TAMS 0x0000000764e00000, 0x0000000764e00000| Untracked 
| 210|0x0000000765000000, 0x0000000765000000, 0x0000000765200000|  0%| F|  |TAMS 0x0000000765000000, 0x0000000765000000| Untracked 
| 211|0x0000000765200000, 0x0000000765200000, 0x0000000765400000|  0%| F|  |TAMS 0x0000000765200000, 0x0000000765200000| Untracked 
| 212|0x0000000765400000, 0x0000000765400000, 0x0000000765600000|  0%| F|  |TAMS 0x0000000765400000, 0x0000000765400000| Untracked 
| 213|0x0000000765600000, 0x0000000765600000, 0x0000000765800000|  0%| F|  |TAMS 0x0000000765600000, 0x0000000765600000| Untracked 
| 214|0x0000000765800000, 0x0000000765800000, 0x0000000765a00000|  0%| F|  |TAMS 0x0000000765800000, 0x0000000765800000| Untracked 
| 215|0x0000000765a00000, 0x0000000765a00000, 0x0000000765c00000|  0%| F|  |TAMS 0x0000000765a00000, 0x0000000765a00000| Untracked 
| 216|0x0000000765c00000, 0x0000000765c00000, 0x0000000765e00000|  0%| F|  |TAMS 0x0000000765c00000, 0x0000000765c00000| Untracked 
| 217|0x0000000765e00000, 0x0000000765e00000, 0x0000000766000000|  0%| F|  |TAMS 0x0000000765e00000, 0x0000000765e00000| Untracked 
| 218|0x0000000766000000, 0x0000000766000000, 0x0000000766200000|  0%| F|  |TAMS 0x0000000766000000, 0x0000000766000000| Untracked 
| 219|0x0000000766200000, 0x0000000766200000, 0x0000000766400000|  0%| F|  |TAMS 0x0000000766200000, 0x0000000766200000| Untracked 
| 220|0x0000000766400000, 0x0000000766400000, 0x0000000766600000|  0%| F|  |TAMS 0x0000000766400000, 0x0000000766400000| Untracked 
| 221|0x0000000766600000, 0x0000000766600000, 0x0000000766800000|  0%| F|  |TAMS 0x0000000766600000, 0x0000000766600000| Untracked 
| 222|0x0000000766800000, 0x0000000766800000, 0x0000000766a00000|  0%| F|  |TAMS 0x0000000766800000, 0x0000000766800000| Untracked 
| 223|0x0000000766a00000, 0x0000000766a00000, 0x0000000766c00000|  0%| F|  |TAMS 0x0000000766a00000, 0x0000000766a00000| Untracked 
| 224|0x0000000766c00000, 0x0000000766c00000, 0x0000000766e00000|  0%| F|  |TAMS 0x0000000766c00000, 0x0000000766c00000| Untracked 
| 225|0x0000000766e00000, 0x0000000766e00000, 0x0000000767000000|  0%| F|  |TAMS 0x0000000766e00000, 0x0000000766e00000| Untracked 
| 226|0x0000000767000000, 0x0000000767000000, 0x0000000767200000|  0%| F|  |TAMS 0x0000000767000000, 0x0000000767000000| Untracked 
| 227|0x0000000767200000, 0x0000000767200000, 0x0000000767400000|  0%| F|  |TAMS 0x0000000767200000, 0x0000000767200000| Untracked 
| 228|0x0000000767400000, 0x0000000767400000, 0x0000000767600000|  0%| F|  |TAMS 0x0000000767400000, 0x0000000767400000| Untracked 
| 229|0x0000000767600000, 0x0000000767600000, 0x0000000767800000|  0%| F|  |TAMS 0x0000000767600000, 0x0000000767600000| Untracked 
| 230|0x0000000767800000, 0x0000000767800000, 0x0000000767a00000|  0%| F|  |TAMS 0x0000000767800000, 0x0000000767800000| Untracked 
| 231|0x0000000767a00000, 0x0000000767a00000, 0x0000000767c00000|  0%| F|  |TAMS 0x0000000767a00000, 0x0000000767a00000| Untracked 
| 232|0x0000000767c00000, 0x0000000767c00000, 0x0000000767e00000|  0%| F|  |TAMS 0x0000000767c00000, 0x0000000767c00000| Untracked 
| 233|0x0000000767e00000, 0x0000000767e00000, 0x0000000768000000|  0%| F|  |TAMS 0x0000000767e00000, 0x0000000767e00000| Untracked 
| 234|0x0000000768000000, 0x0000000768000000, 0x0000000768200000|  0%| F|  |TAMS 0x0000000768000000, 0x0000000768000000| Untracked 
| 235|0x0000000768200000, 0x0000000768200000, 0x0000000768400000|  0%| F|  |TAMS 0x0000000768200000, 0x0000000768200000| Untracked 
| 236|0x0000000768400000, 0x0000000768400000, 0x0000000768600000|  0%| F|  |TAMS 0x0000000768400000, 0x0000000768400000| Untracked 
| 237|0x0000000768600000, 0x0000000768600000, 0x0000000768800000|  0%| F|  |TAMS 0x0000000768600000, 0x0000000768600000| Untracked 
| 238|0x0000000768800000, 0x0000000768800000, 0x0000000768a00000|  0%| F|  |TAMS 0x0000000768800000, 0x0000000768800000| Untracked 
| 239|0x0000000768a00000, 0x0000000768a00000, 0x0000000768c00000|  0%| F|  |TAMS 0x0000000768a00000, 0x0000000768a00000| Untracked 
| 240|0x0000000768c00000, 0x0000000768c00000, 0x0000000768e00000|  0%| F|  |TAMS 0x0000000768c00000, 0x0000000768c00000| Untracked 
| 241|0x0000000768e00000, 0x0000000768e00000, 0x0000000769000000|  0%| F|  |TAMS 0x0000000768e00000, 0x0000000768e00000| Untracked 
| 242|0x0000000769000000, 0x0000000769000000, 0x0000000769200000|  0%| F|  |TAMS 0x0000000769000000, 0x0000000769000000| Untracked 
| 243|0x0000000769200000, 0x0000000769200000, 0x0000000769400000|  0%| F|  |TAMS 0x0000000769200000, 0x0000000769200000| Untracked 
| 244|0x0000000769400000, 0x0000000769400000, 0x0000000769600000|  0%| F|  |TAMS 0x0000000769400000, 0x0000000769400000| Untracked 
| 245|0x0000000769600000, 0x0000000769600000, 0x0000000769800000|  0%| F|  |TAMS 0x0000000769600000, 0x0000000769600000| Untracked 
| 246|0x0000000769800000, 0x0000000769800000, 0x0000000769a00000|  0%| F|  |TAMS 0x0000000769800000, 0x0000000769800000| Untracked 
| 247|0x0000000769a00000, 0x0000000769a00000, 0x0000000769c00000|  0%| F|  |TAMS 0x0000000769a00000, 0x0000000769a00000| Untracked 
| 248|0x0000000769c00000, 0x0000000769c00000, 0x0000000769e00000|  0%| F|  |TAMS 0x0000000769c00000, 0x0000000769c00000| Untracked 
| 249|0x0000000769e00000, 0x0000000769e00000, 0x000000076a000000|  0%| F|  |TAMS 0x0000000769e00000, 0x0000000769e00000| Untracked 
| 250|0x000000076a000000, 0x000000076a000000, 0x000000076a200000|  0%| F|  |TAMS 0x000000076a000000, 0x000000076a000000| Untracked 
| 251|0x000000076a200000, 0x000000076a200000, 0x000000076a400000|  0%| F|  |TAMS 0x000000076a200000, 0x000000076a200000| Untracked 
| 252|0x000000076a400000, 0x000000076a400000, 0x000000076a600000|  0%| F|  |TAMS 0x000000076a400000, 0x000000076a400000| Untracked 
| 253|0x000000076a600000, 0x000000076a600000, 0x000000076a800000|  0%| F|  |TAMS 0x000000076a600000, 0x000000076a600000| Untracked 
| 254|0x000000076a800000, 0x000000076a800000, 0x000000076aa00000|  0%| F|  |TAMS 0x000000076a800000, 0x000000076a800000| Untracked 
| 255|0x000000076aa00000, 0x000000076aa00000, 0x000000076ac00000|  0%| F|  |TAMS 0x000000076aa00000, 0x000000076aa00000| Untracked 
| 256|0x000000076ac00000, 0x000000076ac00000, 0x000000076ae00000|  0%| F|  |TAMS 0x000000076ac00000, 0x000000076ac00000| Untracked 
| 257|0x000000076ae00000, 0x000000076ae00000, 0x000000076b000000|  0%| F|  |TAMS 0x000000076ae00000, 0x000000076ae00000| Untracked 
| 258|0x000000076b000000, 0x000000076b000000, 0x000000076b200000|  0%| F|  |TAMS 0x000000076b000000, 0x000000076b000000| Untracked 
| 259|0x000000076b200000, 0x000000076b200000, 0x000000076b400000|  0%| F|  |TAMS 0x000000076b200000, 0x000000076b200000| Untracked 
| 260|0x000000076b400000, 0x000000076b400000, 0x000000076b600000|  0%| F|  |TAMS 0x000000076b400000, 0x000000076b400000| Untracked 
| 261|0x000000076b600000, 0x000000076b600000, 0x000000076b800000|  0%| F|  |TAMS 0x000000076b600000, 0x000000076b600000| Untracked 
| 262|0x000000076b800000, 0x000000076b800000, 0x000000076ba00000|  0%| F|  |TAMS 0x000000076b800000, 0x000000076b800000| Untracked 
| 263|0x000000076ba00000, 0x000000076ba00000, 0x000000076bc00000|  0%| F|  |TAMS 0x000000076ba00000, 0x000000076ba00000| Untracked 
| 264|0x000000076bc00000, 0x000000076bc00000, 0x000000076be00000|  0%| F|  |TAMS 0x000000076bc00000, 0x000000076bc00000| Untracked 
| 265|0x000000076be00000, 0x000000076be00000, 0x000000076c000000|  0%| F|  |TAMS 0x000000076be00000, 0x000000076be00000| Untracked 
| 266|0x000000076c000000, 0x000000076c000000, 0x000000076c200000|  0%| F|  |TAMS 0x000000076c000000, 0x000000076c000000| Untracked 
| 267|0x000000076c200000, 0x000000076c200000, 0x000000076c400000|  0%| F|  |TAMS 0x000000076c200000, 0x000000076c200000| Untracked 
| 268|0x000000076c400000, 0x000000076c400000, 0x000000076c600000|  0%| F|  |TAMS 0x000000076c400000, 0x000000076c400000| Untracked 
| 269|0x000000076c600000, 0x000000076c600000, 0x000000076c800000|  0%| F|  |TAMS 0x000000076c600000, 0x000000076c600000| Untracked 
| 270|0x000000076c800000, 0x000000076c800000, 0x000000076ca00000|  0%| F|  |TAMS 0x000000076c800000, 0x000000076c800000| Untracked 
| 271|0x000000076ca00000, 0x000000076ca00000, 0x000000076cc00000|  0%| F|  |TAMS 0x000000076ca00000, 0x000000076ca00000| Untracked 
| 272|0x000000076cc00000, 0x000000076cc00000, 0x000000076ce00000|  0%| F|  |TAMS 0x000000076cc00000, 0x000000076cc00000| Untracked 
| 273|0x000000076ce00000, 0x000000076ce00000, 0x000000076d000000|  0%| F|  |TAMS 0x000000076ce00000, 0x000000076ce00000| Untracked 
| 274|0x000000076d000000, 0x000000076d000000, 0x000000076d200000|  0%| F|  |TAMS 0x000000076d000000, 0x000000076d000000| Untracked 
| 275|0x000000076d200000, 0x000000076d200000, 0x000000076d400000|  0%| F|  |TAMS 0x000000076d200000, 0x000000076d200000| Untracked 
| 276|0x000000076d400000, 0x000000076d400000, 0x000000076d600000|  0%| F|  |TAMS 0x000000076d400000, 0x000000076d400000| Untracked 
| 277|0x000000076d600000, 0x000000076d600000, 0x000000076d800000|  0%| F|  |TAMS 0x000000076d600000, 0x000000076d600000| Untracked 
| 278|0x000000076d800000, 0x000000076d800000, 0x000000076da00000|  0%| F|  |TAMS 0x000000076d800000, 0x000000076d800000| Untracked 
| 279|0x000000076da00000, 0x000000076da00000, 0x000000076dc00000|  0%| F|  |TAMS 0x000000076da00000, 0x000000076da00000| Untracked 
| 280|0x000000076dc00000, 0x000000076dc00000, 0x000000076de00000|  0%| F|  |TAMS 0x000000076dc00000, 0x000000076dc00000| Untracked 
| 281|0x000000076de00000, 0x000000076de00000, 0x000000076e000000|  0%| F|  |TAMS 0x000000076de00000, 0x000000076de00000| Untracked 
| 282|0x000000076e000000, 0x000000076e000000, 0x000000076e200000|  0%| F|  |TAMS 0x000000076e000000, 0x000000076e000000| Untracked 
| 283|0x000000076e200000, 0x000000076e200000, 0x000000076e400000|  0%| F|  |TAMS 0x000000076e200000, 0x000000076e200000| Untracked 
| 284|0x000000076e400000, 0x000000076e400000, 0x000000076e600000|  0%| F|  |TAMS 0x000000076e400000, 0x000000076e400000| Untracked 
| 285|0x000000076e600000, 0x000000076e600000, 0x000000076e800000|  0%| F|  |TAMS 0x000000076e600000, 0x000000076e600000| Untracked 
| 286|0x000000076e800000, 0x000000076e800000, 0x000000076ea00000|  0%| F|  |TAMS 0x000000076e800000, 0x000000076e800000| Untracked 
| 287|0x000000076ea00000, 0x000000076ea00000, 0x000000076ec00000|  0%| F|  |TAMS 0x000000076ea00000, 0x000000076ea00000| Untracked 
| 288|0x000000076ec00000, 0x000000076ec00000, 0x000000076ee00000|  0%| F|  |TAMS 0x000000076ec00000, 0x000000076ec00000| Untracked 
| 289|0x000000076ee00000, 0x000000076ee00000, 0x000000076f000000|  0%| F|  |TAMS 0x000000076ee00000, 0x000000076ee00000| Untracked 
| 290|0x000000076f000000, 0x000000076f000000, 0x000000076f200000|  0%| F|  |TAMS 0x000000076f000000, 0x000000076f000000| Untracked 
| 291|0x000000076f200000, 0x000000076f200000, 0x000000076f400000|  0%| F|  |TAMS 0x000000076f200000, 0x000000076f200000| Untracked 
| 292|0x000000076f400000, 0x000000076f400000, 0x000000076f600000|  0%| F|  |TAMS 0x000000076f400000, 0x000000076f400000| Untracked 
| 293|0x000000076f600000, 0x000000076f600000, 0x000000076f800000|  0%| F|  |TAMS 0x000000076f600000, 0x000000076f600000| Untracked 
| 294|0x000000076f800000, 0x000000076f800000, 0x000000076fa00000|  0%| F|  |TAMS 0x000000076f800000, 0x000000076f800000| Untracked 
| 295|0x000000076fa00000, 0x000000076fa00000, 0x000000076fc00000|  0%| F|  |TAMS 0x000000076fa00000, 0x000000076fa00000| Untracked 
| 296|0x000000076fc00000, 0x000000076fc00000, 0x000000076fe00000|  0%| F|  |TAMS 0x000000076fc00000, 0x000000076fc00000| Untracked 
| 297|0x000000076fe00000, 0x000000076fe00000, 0x0000000770000000|  0%| F|  |TAMS 0x000000076fe00000, 0x000000076fe00000| Untracked 
| 298|0x0000000770000000, 0x0000000770000000, 0x0000000770200000|  0%| F|  |TAMS 0x0000000770000000, 0x0000000770000000| Untracked 
| 299|0x0000000770200000, 0x0000000770200000, 0x0000000770400000|  0%| F|  |TAMS 0x0000000770200000, 0x0000000770200000| Untracked 
| 300|0x0000000770400000, 0x0000000770400000, 0x0000000770600000|  0%| F|  |TAMS 0x0000000770400000, 0x0000000770400000| Untracked 
| 301|0x0000000770600000, 0x0000000770600000, 0x0000000770800000|  0%| F|  |TAMS 0x0000000770600000, 0x0000000770600000| Untracked 
| 302|0x0000000770800000, 0x0000000770800000, 0x0000000770a00000|  0%| F|  |TAMS 0x0000000770800000, 0x0000000770800000| Untracked 
| 303|0x0000000770a00000, 0x0000000770a00000, 0x0000000770c00000|  0%| F|  |TAMS 0x0000000770a00000, 0x0000000770a00000| Untracked 
| 304|0x0000000770c00000, 0x0000000770c00000, 0x0000000770e00000|  0%| F|  |TAMS 0x0000000770c00000, 0x0000000770c00000| Untracked 
| 305|0x0000000770e00000, 0x0000000770e00000, 0x0000000771000000|  0%| F|  |TAMS 0x0000000770e00000, 0x0000000770e00000| Untracked 
| 306|0x0000000771000000, 0x0000000771000000, 0x0000000771200000|  0%| F|  |TAMS 0x0000000771000000, 0x0000000771000000| Untracked 
| 307|0x0000000771200000, 0x0000000771200000, 0x0000000771400000|  0%| F|  |TAMS 0x0000000771200000, 0x0000000771200000| Untracked 
| 308|0x0000000771400000, 0x0000000771400000, 0x0000000771600000|  0%| F|  |TAMS 0x0000000771400000, 0x0000000771400000| Untracked 
| 309|0x0000000771600000, 0x0000000771600000, 0x0000000771800000|  0%| F|  |TAMS 0x0000000771600000, 0x0000000771600000| Untracked 
| 310|0x0000000771800000, 0x0000000771800000, 0x0000000771a00000|  0%| F|  |TAMS 0x0000000771800000, 0x0000000771800000| Untracked 
| 311|0x0000000771a00000, 0x0000000771a00000, 0x0000000771c00000|  0%| F|  |TAMS 0x0000000771a00000, 0x0000000771a00000| Untracked 
| 312|0x0000000771c00000, 0x0000000771c00000, 0x0000000771e00000|  0%| F|  |TAMS 0x0000000771c00000, 0x0000000771c00000| Untracked 
| 313|0x0000000771e00000, 0x0000000771e00000, 0x0000000772000000|  0%| F|  |TAMS 0x0000000771e00000, 0x0000000771e00000| Untracked 
| 314|0x0000000772000000, 0x0000000772000000, 0x0000000772200000|  0%| F|  |TAMS 0x0000000772000000, 0x0000000772000000| Untracked 
| 315|0x0000000772200000, 0x0000000772200000, 0x0000000772400000|  0%| F|  |TAMS 0x0000000772200000, 0x0000000772200000| Untracked 
| 316|0x0000000772400000, 0x0000000772400000, 0x0000000772600000|  0%| F|  |TAMS 0x0000000772400000, 0x0000000772400000| Untracked 
| 317|0x0000000772600000, 0x0000000772600000, 0x0000000772800000|  0%| F|  |TAMS 0x0000000772600000, 0x0000000772600000| Untracked 
| 318|0x0000000772800000, 0x0000000772800000, 0x0000000772a00000|  0%| F|  |TAMS 0x0000000772800000, 0x0000000772800000| Untracked 
| 319|0x0000000772a00000, 0x0000000772a00000, 0x0000000772c00000|  0%| F|  |TAMS 0x0000000772a00000, 0x0000000772a00000| Untracked 
| 320|0x0000000772c00000, 0x0000000772c00000, 0x0000000772e00000|  0%| F|  |TAMS 0x0000000772c00000, 0x0000000772c00000| Untracked 
| 321|0x0000000772e00000, 0x0000000772e00000, 0x0000000773000000|  0%| F|  |TAMS 0x0000000772e00000, 0x0000000772e00000| Untracked 
| 322|0x0000000773000000, 0x0000000773000000, 0x0000000773200000|  0%| F|  |TAMS 0x0000000773000000, 0x0000000773000000| Untracked 
| 323|0x0000000773200000, 0x0000000773200000, 0x0000000773400000|  0%| F|  |TAMS 0x0000000773200000, 0x0000000773200000| Untracked 
| 324|0x0000000773400000, 0x0000000773400000, 0x0000000773600000|  0%| F|  |TAMS 0x0000000773400000, 0x0000000773400000| Untracked 
| 325|0x0000000773600000, 0x0000000773600000, 0x0000000773800000|  0%| F|  |TAMS 0x0000000773600000, 0x0000000773600000| Untracked 
| 326|0x0000000773800000, 0x0000000773800000, 0x0000000773a00000|  0%| F|  |TAMS 0x0000000773800000, 0x0000000773800000| Untracked 
| 327|0x0000000773a00000, 0x0000000773a00000, 0x0000000773c00000|  0%| F|  |TAMS 0x0000000773a00000, 0x0000000773a00000| Untracked 
| 328|0x0000000773c00000, 0x0000000773c00000, 0x0000000773e00000|  0%| F|  |TAMS 0x0000000773c00000, 0x0000000773c00000| Untracked 
| 329|0x0000000773e00000, 0x0000000773e00000, 0x0000000774000000|  0%| F|  |TAMS 0x0000000773e00000, 0x0000000773e00000| Untracked 

Card table byte_map: [0x00000198ba9e0000,0x00000198baf90000] _byte_map_base: 0x00000198b6f8a000

Marking Bits (Prev, Next): (CMBitMap*) 0x00000198a752d970, (CMBitMap*) 0x00000198a752d9b0
 Prev Bits: [0x00000198bb540000, 0x00000198be290000)
 Next Bits: [0x00000198be290000, 0x00000198c0fe0000)

Polling page: 0x00000198a6ca0000

Metaspace:

Usage:
  Non-class:     13.66 MB used.
      Class:      1.52 MB used.
       Both:     15.18 MB used.

Virtual space:
  Non-class space:       64.00 MB reserved,      13.75 MB ( 21%) committed,  1 nodes.
      Class space:        1.00 GB reserved,       1.62 MB ( <1%) committed,  1 nodes.
             Both:        1.06 GB reserved,      15.38 MB (  1%) committed. 

Chunk freelists:
   Non-Class:  2.14 MB
       Class:  14.24 MB
        Both:  16.38 MB

MaxMetaspaceSize: unlimited
CompressedClassSpaceSize: 1.00 GB
Initial GC threshold: 21.00 MB
Current GC threshold: 21.00 MB
CDS: off
MetaspaceReclaimPolicy: balanced
 - commit_granule_bytes: 65536.
 - commit_granule_words: 8192.
 - virtual_space_node_default_size: 8388608.
 - enlarge_chunks_in_place: 1.
 - new_chunks_are_fully_committed: 0.
 - uncommit_free_chunks: 1.
 - use_allocation_guard: 0.
 - handle_deallocations: 1.


Internal statistics:

num_allocs_failed_limit: 0.
num_arena_births: 128.
num_arena_deaths: 0.
num_vsnodes_births: 2.
num_vsnodes_deaths: 0.
num_space_committed: 246.
num_space_uncommitted: 0.
num_chunks_returned_to_freelist: 0.
num_chunks_taken_from_freelist: 206.
num_chunk_merges: 0.
num_chunk_splits: 111.
num_chunks_enlarged: 63.
num_inconsistent_stats: 0.

CodeHeap 'non-profiled nmethods': size=119168Kb used=548Kb max_used=548Kb free=118619Kb
 bounds [0x00000198b2730000, 0x00000198b29a0000, 0x00000198b9b90000]
CodeHeap 'profiled nmethods': size=119104Kb used=2407Kb max_used=2407Kb free=116696Kb
 bounds [0x00000198aab90000, 0x00000198aae00000, 0x00000198b1fe0000]
CodeHeap 'non-nmethods': size=7488Kb used=2946Kb max_used=2992Kb free=4541Kb
 bounds [0x00000198b1fe0000, 0x00000198b22e0000, 0x00000198b2730000]
 total_blobs=1968 nmethods=1388 adapters=490
 compilation: enabled
              stopped_count=0, restarted_count=0
 full_count=0

Compilation events (20 events):
Event: 3.417 Thread 0x00000198c806c430 nmethod 1377 0x00000198b27b8910 code [0x00000198b27b8a80, 0x00000198b27b8b38]
Event: 3.417 Thread 0x00000198c8128910 nmethod 1378 0x00000198aade2e10 code [0x00000198aade2fa0, 0x00000198aade3218]
Event: 3.494 Thread 0x00000198c806d6f0 1379       3       java.awt.Window::isOpaque (29 bytes)
Event: 3.494 Thread 0x00000198c806d6f0 nmethod 1379 0x00000198aade3310 code [0x00000198aade34e0, 0x00000198aade3ae8]
Event: 3.495 Thread 0x00000198c806d6f0 1380       3       javax.swing.JComponent::isOpaque (6 bytes)
Event: 3.495 Thread 0x00000198c806d6f0 nmethod 1380 0x00000198aade3c90 code [0x00000198aade3e20, 0x00000198aade3ff8]
Event: 3.618 Thread 0x00000198c8c90ce0 1381       3       java.awt.geom.EllipseIterator::currentSegment (229 bytes)
Event: 3.618 Thread 0x00000198c806d6f0 1383       3       java.awt.geom.EllipseIterator::next (11 bytes)
Event: 3.618 Thread 0x00000198c806d6f0 nmethod 1383 0x00000198aade4090 code [0x00000198aade4220, 0x00000198aade4338]
Event: 3.618 Thread 0x00000198c806d6f0 1385       3       java.lang.invoke.VarHandleGuards::guard_LII_Z (86 bytes)
Event: 3.618 Thread 0x00000198c8c911f0 1384       3       java.util.concurrent.atomic.AtomicBoolean::compareAndSet (26 bytes)
Event: 3.618 Thread 0x00000198c8128910 1386       3       java.lang.invoke.VarHandleInts$FieldInstanceReadWrite::compareAndSet (32 bytes)
Event: 3.618 Thread 0x00000198c8128910 nmethod 1386 0x00000198aade4410 code [0x00000198aade4600, 0x00000198aade4bc8]
Event: 3.618 Thread 0x00000198c8128910 1387       3       sun.java2d.pipe.RenderBuffer::position (11 bytes)
Event: 3.618 Thread 0x00000198c8128910 nmethod 1387 0x00000198aade4e10 code [0x00000198aade4fa0, 0x00000198aade50b8]
Event: 3.618 Thread 0x00000198c8128910 1388       3       java.util.concurrent.atomic.AtomicBoolean::set (14 bytes)
Event: 3.618 Thread 0x00000198c8c90ce0 nmethod 1381 0x00000198aade5190 code [0x00000198aade53c0, 0x00000198aade5c08]
Event: 3.618 Thread 0x00000198c8c911f0 nmethod 1384 0x00000198aade6010 code [0x00000198aade6240, 0x00000198aade6b78]
Event: 3.618 Thread 0x00000198c8128910 nmethod 1388 0x00000198aade6e10 code [0x00000198aade6fa0, 0x00000198aade7118]
Event: 3.619 Thread 0x00000198c806d6f0 nmethod 1385 0x00000198aade7190 code [0x00000198aade74e0, 0x00000198aade93e8]

GC Heap History (20 events):
Event: 2.073 GC heap after
{Heap after GC invocations=4 (full 0):
 garbage-first heap   total 186368K, used 12956K [0x000000074ac00000, 0x0000000800000000)
  region size 2048K, 2 young (4096K), 2 survivors (4096K)
 Metaspace       used 15466K, committed 15680K, reserved 1114112K
  class space    used 1561K, committed 1664K, reserved 1048576K
}
Event: 2.122 GC heap before
{Heap before GC invocations=4 (full 0):
 garbage-first heap   total 186368K, used 125596K [0x000000074ac00000, 0x0000000800000000)
  region size 2048K, 54 young (110592K), 2 survivors (4096K)
 Metaspace       used 15472K, committed 15680K, reserved 1114112K
  class space    used 1561K, committed 1664K, reserved 1048576K
}
Event: 2.130 GC heap after
{Heap after GC invocations=5 (full 0):
 garbage-first heap   total 186368K, used 19178K [0x000000074ac00000, 0x0000000800000000)
  region size 2048K, 2 young (4096K), 2 survivors (4096K)
 Metaspace       used 15472K, committed 15680K, reserved 1114112K
  class space    used 1561K, committed 1664K, reserved 1048576K
}
Event: 2.180 GC heap before
{Heap before GC invocations=5 (full 0):
 garbage-first heap   total 186368K, used 125674K [0x000000074ac00000, 0x0000000800000000)
  region size 2048K, 54 young (110592K), 2 survivors (4096K)
 Metaspace       used 15479K, committed 15680K, reserved 1114112K
  class space    used 1561K, committed 1664K, reserved 1048576K
}
Event: 2.190 GC heap after
{Heap after GC invocations=6 (full 0):
 garbage-first heap   total 337920K, used 19103K [0x000000074ac00000, 0x0000000800000000)
  region size 2048K, 2 young (4096K), 2 survivors (4096K)
 Metaspace       used 15479K, committed 15680K, reserved 1114112K
  class space    used 1561K, committed 1664K, reserved 1048576K
}
Event: 2.341 GC heap before
{Heap before GC invocations=6 (full 0):
 garbage-first heap   total 337920K, used 225951K [0x000000074ac00000, 0x0000000800000000)
  region size 2048K, 99 young (202752K), 2 survivors (4096K)
 Metaspace       used 15492K, committed 15680K, reserved 1114112K
  class space    used 1561K, committed 1664K, reserved 1048576K
}
Event: 2.353 GC heap after
{Heap after GC invocations=7 (full 0):
 garbage-first heap   total 337920K, used 27268K [0x000000074ac00000, 0x0000000800000000)
  region size 2048K, 2 young (4096K), 2 survivors (4096K)
 Metaspace       used 15492K, committed 15680K, reserved 1114112K
  class space    used 1561K, committed 1664K, reserved 1048576K
}
Event: 2.451 GC heap before
{Heap before GC invocations=7 (full 0):
 garbage-first heap   total 337920K, used 238212K [0x000000074ac00000, 0x0000000800000000)
  region size 2048K, 99 young (202752K), 2 survivors (4096K)
 Metaspace       used 15499K, committed 15680K, reserved 1114112K
  class space    used 1561K, committed 1664K, reserved 1048576K
}
Event: 2.469 GC heap after
{Heap after GC invocations=8 (full 0):
 garbage-first heap   total 337920K, used 39665K [0x000000074ac00000, 0x0000000800000000)
  region size 2048K, 2 young (4096K), 2 survivors (4096K)
 Metaspace       used 15499K, committed 15680K, reserved 1114112K
  class space    used 1561K, committed 1664K, reserved 1048576K
}
Event: 2.577 GC heap before
{Heap before GC invocations=8 (full 0):
 garbage-first heap   total 337920K, used 238321K [0x000000074ac00000, 0x0000000800000000)
  region size 2048K, 99 young (202752K), 2 survivors (4096K)
 Metaspace       used 15503K, committed 15680K, reserved 1114112K
  class space    used 1561K, committed 1664K, reserved 1048576K
}
Event: 2.595 GC heap after
{Heap after GC invocations=9 (full 0):
 garbage-first heap   total 337920K, used 39600K [0x000000074ac00000, 0x0000000800000000)
  region size 2048K, 2 young (4096K), 2 survivors (4096K)
 Metaspace       used 15503K, committed 15680K, reserved 1114112K
  class space    used 1561K, committed 1664K, reserved 1048576K
}
Event: 2.688 GC heap before
{Heap before GC invocations=9 (full 0):
 garbage-first heap   total 337920K, used 254640K [0x000000074ac00000, 0x0000000800000000)
  region size 2048K, 99 young (202752K), 2 survivors (4096K)
 Metaspace       used 15505K, committed 15744K, reserved 1114112K
  class space    used 1561K, committed 1664K, reserved 1048576K
}
Event: 2.733 GC heap after
{Heap after GC invocations=10 (full 0):
 garbage-first heap   total 675840K, used 55975K [0x000000074ac00000, 0x0000000800000000)
  region size 2048K, 2 young (4096K), 2 survivors (4096K)
 Metaspace       used 15505K, committed 15744K, reserved 1114112K
  class space    used 1561K, committed 1664K, reserved 1048576K
}
Event: 3.051 GC heap before
{Heap before GC invocations=10 (full 0):
 garbage-first heap   total 675840K, used 481959K [0x000000074ac00000, 0x0000000800000000)
  region size 2048K, 198 young (405504K), 2 survivors (4096K)
 Metaspace       used 15523K, committed 15744K, reserved 1114112K
  class space    used 1561K, committed 1664K, reserved 1048576K
}
Event: 3.081 GC heap after
{Heap after GC invocations=11 (full 0):
 garbage-first heap   total 675840K, used 80616K [0x000000074ac00000, 0x0000000800000000)
  region size 2048K, 2 young (4096K), 2 survivors (4096K)
 Metaspace       used 15523K, committed 15744K, reserved 1114112K
  class space    used 1561K, committed 1664K, reserved 1048576K
}
Event: 3.243 GC heap before
{Heap before GC invocations=11 (full 0):
 garbage-first heap   total 675840K, used 482024K [0x000000074ac00000, 0x0000000800000000)
  region size 2048K, 198 young (405504K), 2 survivors (4096K)
 Metaspace       used 15533K, committed 15744K, reserved 1114112K
  class space    used 1561K, committed 1664K, reserved 1048576K
}
Event: 3.272 GC heap after
{Heap after GC invocations=12 (full 0):
 garbage-first heap   total 675840K, used 80568K [0x000000074ac00000, 0x0000000800000000)
  region size 2048K, 2 young (4096K), 2 survivors (4096K)
 Metaspace       used 15533K, committed 15744K, reserved 1114112K
  class space    used 1561K, committed 1664K, reserved 1048576K
}
Event: 3.449 GC heap before
{Heap before GC invocations=12 (full 0):
 garbage-first heap   total 675840K, used 518840K [0x000000074ac00000, 0x0000000800000000)
  region size 2048K, 198 young (405504K), 2 survivors (4096K)
 Metaspace       used 15538K, committed 15744K, reserved 1114112K
  class space    used 1561K, committed 1664K, reserved 1048576K
}
Event: 3.493 GC heap after
{Heap after GC invocations=13 (full 0):
 garbage-first heap   total 675840K, used 117494K [0x000000074ac00000, 0x0000000800000000)
  region size 2048K, 2 young (4096K), 2 survivors (4096K)
 Metaspace       used 15538K, committed 15744K, reserved 1114112K
  class space    used 1561K, committed 1664K, reserved 1048576K
}
Event: 3.654 GC heap before
{Heap before GC invocations=13 (full 0):
 garbage-first heap   total 675840K, used 518902K [0x000000074ac00000, 0x0000000800000000)
  region size 2048K, 198 young (405504K), 2 survivors (4096K)
 Metaspace       used 15544K, committed 15744K, reserved 1114112K
  class space    used 1561K, committed 1664K, reserved 1048576K
}

Dll operation events (8 events):
Event: 0.011 Loaded shared library C:\Users\mulau\.p2\pool\plugins\org.eclipse.justj.openjdk.hotspot.jre.full.win32.x86_64_17.0.7.v20230425-1502\jre\bin\java.dll
Event: 0.151 Loaded shared library C:\Users\mulau\.p2\pool\plugins\org.eclipse.justj.openjdk.hotspot.jre.full.win32.x86_64_17.0.7.v20230425-1502\jre\bin\net.dll
Event: 0.154 Loaded shared library C:\Users\mulau\.p2\pool\plugins\org.eclipse.justj.openjdk.hotspot.jre.full.win32.x86_64_17.0.7.v20230425-1502\jre\bin\nio.dll
Event: 0.161 Loaded shared library C:\Users\mulau\.p2\pool\plugins\org.eclipse.justj.openjdk.hotspot.jre.full.win32.x86_64_17.0.7.v20230425-1502\jre\bin\zip.dll
Event: 0.196 Loaded shared library C:\Users\mulau\.p2\pool\plugins\org.eclipse.justj.openjdk.hotspot.jre.full.win32.x86_64_17.0.7.v20230425-1502\jre\bin\jimage.dll
Event: 0.241 Loaded shared library C:\Users\mulau\.p2\pool\plugins\org.eclipse.justj.openjdk.hotspot.jre.full.win32.x86_64_17.0.7.v20230425-1502\jre\bin\awt.dll
Event: 0.581 Loaded shared library C:\Users\mulau\.p2\pool\plugins\org.eclipse.justj.openjdk.hotspot.jre.full.win32.x86_64_17.0.7.v20230425-1502\jre\bin\freetype.dll
Event: 0.587 Loaded shared library C:\Users\mulau\.p2\pool\plugins\org.eclipse.justj.openjdk.hotspot.jre.full.win32.x86_64_17.0.7.v20230425-1502\jre\bin\fontmanager.dll

Deoptimization events (18 events):
Event: 0.598 Thread 0x00000198a74d63f0 DEOPT PACKING pc=0x00000198aaba8467 sp=0x0000003c966fceb0
Event: 0.598 Thread 0x00000198a74d63f0 DEOPT UNPACKING pc=0x00000198b2037143 sp=0x0000003c966fc2d0 mode 0
Event: 0.770 Thread 0x00000198c890f640 Uncommon trap: trap_request=0xffffff45 fr.pc=0x00000198b2761874 relative=0x0000000000000074
Event: 0.770 Thread 0x00000198c890f640 Uncommon trap: reason=unstable_if action=reinterpret pc=0x00000198b2761874 method=jdk.internal.misc.Unsafe.convEndian(ZI)I @ 4 c2
Event: 0.770 Thread 0x00000198c890f640 DEOPT PACKING pc=0x00000198b2761874 sp=0x0000003c98afd4f0
Event: 0.770 Thread 0x00000198c890f640 DEOPT UNPACKING pc=0x00000198b20369a3 sp=0x0000003c98afd420 mode 2
Event: 1.793 Thread 0x00000198c8bfae00 Uncommon trap: trap_request=0xffffffcc fr.pc=0x00000198b277e474 relative=0x0000000000000154
Event: 1.793 Thread 0x00000198c8bfae00 Uncommon trap: reason=intrinsic_or_type_checked_inlining action=make_not_entrant pc=0x00000198b277e474 method=java.util.ArrayList$SubList.toArray([Ljava/lang/Object;)[Ljava/lang/Object; @ 58 c2
Event: 1.793 Thread 0x00000198c8bfae00 DEOPT PACKING pc=0x00000198b277e474 sp=0x0000003c98cfed70
Event: 1.793 Thread 0x00000198c8bfae00 DEOPT UNPACKING pc=0x00000198b20369a3 sp=0x0000003c98cfed10 mode 2
Event: 1.859 Thread 0x00000198c890f640 Uncommon trap: trap_request=0xffffff45 fr.pc=0x00000198b2779c84 relative=0x0000000000000344
Event: 1.859 Thread 0x00000198c890f640 Uncommon trap: reason=unstable_if action=reinterpret pc=0x00000198b2779c84 method=java.lang.Integer.parseInt(Ljava/lang/String;I)I @ 105 c2
Event: 1.860 Thread 0x00000198c890f640 DEOPT PACKING pc=0x00000198b2779c84 sp=0x0000003c98afef50
Event: 1.860 Thread 0x00000198c890f640 DEOPT UNPACKING pc=0x00000198b20369a3 sp=0x0000003c98afee58 mode 2
Event: 1.936 Thread 0x00000198c890f640 Uncommon trap: trap_request=0xffffff45 fr.pc=0x00000198b278cacc relative=0x000000000000302c
Event: 1.936 Thread 0x00000198c890f640 Uncommon trap: reason=unstable_if action=reinterpret pc=0x00000198b278cacc method=java.lang.String.split(Ljava/lang/String;I)[Ljava/lang/String; @ 209 c2
Event: 1.936 Thread 0x00000198c890f640 DEOPT PACKING pc=0x00000198b278cacc sp=0x0000003c98afef30
Event: 1.937 Thread 0x00000198c890f640 DEOPT UNPACKING pc=0x00000198b20369a3 sp=0x0000003c98afef10 mode 2

Classes unloaded (0 events):
No events

Classes redefined (0 events):
No events

Internal exceptions (18 events):
Event: 0.223 Thread 0x00000198a74d63f0 Exception <a 'java/lang/ClassNotFoundException'{0x0000000755e12dc0}: sun/awt/resources/spi/awtProvider> (0x0000000755e12dc0) 
thrown [s\src\hotspot\share\classfile\systemDictionary.cpp, line 256]
Event: 0.264 Thread 0x00000198a74d63f0 Exception <a 'java/io/FileNotFoundException'{0x0000000755e6c788}> (0x0000000755e6c788) 
thrown [s\src\hotspot\share\prims\jni.cpp, line 516]
Event: 0.272 Thread 0x00000198a74d63f0 Exception <a 'java/io/FileNotFoundException'{0x0000000755e99950}> (0x0000000755e99950) 
thrown [s\src\hotspot\share\prims\jni.cpp, line 516]
Event: 0.331 Thread 0x00000198a74d63f0 Exception <a 'java/lang/NoSuchMethodError'{0x0000000755ef3f28}: 'java.lang.Object java.lang.invoke.DirectMethodHandle$Holder.invokeStaticInit(java.lang.Object)'> (0x0000000755ef3f28) 
thrown [s\src\hotspot\share\interpreter\linkResolver.cpp, line 759]
Event: 0.450 Thread 0x00000198a74d63f0 Exception <a 'java/lang/NoSuchMethodError'{0x0000000755f3e8a8}: 'void java.lang.invoke.DirectMethodHandle$Holder.invokeSpecial(java.lang.Object, java.lang.Object, java.lang.Object)'> (0x0000000755f3e8a8) 
thrown [s\src\hotspot\share\interpreter\linkResolver.cpp, line 759]
Event: 0.460 Thread 0x00000198a74d63f0 Exception <a 'java/lang/NoSuchMethodError'{0x0000000755fd9720}: 'java.lang.Object java.lang.invoke.DirectMethodHandle$Holder.newInvokeSpecial(java.lang.Object, java.lang.Object, java.lang.Object, java.lang.Object, java.lang.Object)'> (0x0000000755fd9720) 
thrown [s\src\hotspot\share\interpreter\linkResolver.cpp, line 759]
Event: 0.463 Thread 0x00000198a74d63f0 Exception <a 'java/lang/NoSuchMethodError'{0x0000000755fe50e8}: 'java.lang.Object java.lang.invoke.DirectMethodHandle$Holder.invokeStatic(java.lang.Object, int, java.lang.Object, java.lang.Object, java.lang.Object, java.lang.Object)'> (0x0000000755fe50e8) 
thrown [s\src\hotspot\share\interpreter\linkResolver.cpp, line 759]
Event: 0.466 Thread 0x00000198a74d63f0 Exception <a 'java/lang/NoSuchMethodError'{0x0000000755c0ad68}: 'java.lang.Object java.lang.invoke.DirectMethodHandle$Holder.invokeStatic(java.lang.Object, int, java.lang.Object)'> (0x0000000755c0ad68) 
thrown [s\src\hotspot\share\interpreter\linkResolver.cpp, line 759]
Event: 0.496 Thread 0x00000198a74d63f0 Exception <a 'java/lang/ClassNotFoundException'{0x0000000755cc2a50}: com/sun/swing/internal/plaf/metal/resources/spi/metalProvider> (0x0000000755cc2a50) 
thrown [s\src\hotspot\share\classfile\systemDictionary.cpp, line 256]
Event: 0.497 Thread 0x00000198a74d63f0 Exception <a 'java/lang/ClassNotFoundException'{0x0000000755cc68a8}: com/sun/swing/internal/plaf/basic/resources/spi/basicProvider> (0x0000000755cc68a8) 
thrown [s\src\hotspot\share\classfile\systemDictionary.cpp, line 256]
Event: 0.515 Thread 0x00000198a74d63f0 Exception <a 'java/lang/NoSuchMethodError'{0x0000000755cec3d8}: 'void java.lang.invoke.DirectMethodHandle$Holder.invokeStatic(java.lang.Object, java.lang.Object)'> (0x0000000755cec3d8) 
thrown [s\src\hotspot\share\interpreter\linkResolver.cpp, line 759]
Event: 0.540 Thread 0x00000198a74d63f0 Exception <a 'java/lang/NoSuchMethodError'{0x0000000755d65050}: 'java.lang.Object java.lang.invoke.DirectMethodHandle$Holder.invokeStaticInit(java.lang.Object, int, int, int, int)'> (0x0000000755d65050) 
thrown [s\src\hotspot\share\interpreter\linkResolver.cpp, line 759]
Event: 0.559 Thread 0x00000198c85f9540 Exception <a 'java/lang/NoSuchMethodError'{0x0000000755f61e80}: 'void java.lang.invoke.DirectMethodHandle$Holder.invokeVirtual(java.lang.Object, java.lang.Object)'> (0x0000000755f61e80) 
thrown [s\src\hotspot\share\interpreter\linkResolver.cpp, line 759]
Event: 0.574 Thread 0x00000198a74d63f0 Exception <a 'java/lang/NoSuchMethodError'{0x0000000755da9bf8}: 'void java.lang.invoke.DirectMethodHandle$Holder.invokeStaticInit(java.lang.Object)'> (0x0000000755da9bf8) 
thrown [s\src\hotspot\share\interpreter\linkResolver.cpp, line 759]
Event: 0.744 Thread 0x00000198c890f640 Exception <a 'java/lang/NoSuchMethodError'{0x0000000755bba140}: 'java.lang.Object java.lang.invoke.DirectMethodHandle$Holder.invokeStaticInit(java.lang.Object, java.lang.Object, int, int, int, int)'> (0x0000000755bba140) 
thrown [s\src\hotspot\share\interpreter\linkResolver.cpp, line 759]
Event: 0.820 Thread 0x00000198a74d63f0 Exception <a 'java/lang/NoSuchMethodError'{0x0000000755a58ed8}: 'java.lang.Object java.lang.invoke.DirectMethodHandle$Holder.newInvokeSpecial(java.lang.Object, java.lang.Object, java.lang.Object, int)'> (0x0000000755a58ed8) 
thrown [s\src\hotspot\share\interpreter\linkResolver.cpp, line 759]
Event: 0.822 Thread 0x00000198a74d63f0 Exception <a 'java/lang/NoSuchMethodError'{0x0000000755a5d010}: 'java.lang.Object java.lang.invoke.DirectMethodHandle$Holder.invokeSpecial(java.lang.Object, java.lang.Object, java.lang.Object, java.lang.Object, int)'> (0x0000000755a5d010) 
thrown [s\src\hotspot\share\interpreter\linkResolver.cpp, line 759]
Event: 0.822 Thread 0x00000198a74d63f0 Exception <a 'java/lang/NoSuchMethodError'{0x0000000755a60930}: 'java.lang.Object java.lang.invoke.Invokers$Holder.linkToTargetMethod(java.lang.Object, java.lang.Object, int, java.lang.Object)'> (0x0000000755a60930) 
thrown [s\src\hotspot\share\interpreter\linkResolver.cpp, line 759]

VM Operations (20 events):
Event: 2.073 Executing VM operation: G1CollectForAllocation done
Event: 2.121 Executing VM operation: G1CollectForAllocation
Event: 2.130 Executing VM operation: G1CollectForAllocation done
Event: 2.180 Executing VM operation: G1CollectForAllocation
Event: 2.190 Executing VM operation: G1CollectForAllocation done
Event: 2.341 Executing VM operation: G1CollectForAllocation
Event: 2.353 Executing VM operation: G1CollectForAllocation done
Event: 2.449 Executing VM operation: G1CollectForAllocation
Event: 2.469 Executing VM operation: G1CollectForAllocation done
Event: 2.577 Executing VM operation: G1CollectForAllocation
Event: 2.595 Executing VM operation: G1CollectForAllocation done
Event: 2.687 Executing VM operation: G1CollectForAllocation
Event: 2.733 Executing VM operation: G1CollectForAllocation done
Event: 3.051 Executing VM operation: G1CollectForAllocation
Event: 3.081 Executing VM operation: G1CollectForAllocation done
Event: 3.243 Executing VM operation: G1CollectForAllocation
Event: 3.272 Executing VM operation: G1CollectForAllocation done
Event: 3.449 Executing VM operation: G1CollectForAllocation
Event: 3.493 Executing VM operation: G1CollectForAllocation done
Event: 3.654 Executing VM operation: G1CollectForAllocation

Events (20 events):
Event: 0.908 loading class sun/font/CMap done
Event: 0.908 loading class sun/font/CMap$NullCMapClass
Event: 0.908 loading class sun/font/CMap$NullCMapClass done
Event: 0.908 loading class sun/font/CMap$CMapFormat4
Event: 0.909 loading class sun/font/CMap$CMapFormat4 done
Event: 0.909 loading class java/nio/ByteBufferAsCharBufferB
Event: 0.909 loading class java/nio/ByteBufferAsCharBufferB done
Event: 0.910 loading class jdk/internal/misc/ScopedMemoryAccess$Scope
Event: 0.910 loading class jdk/internal/misc/ScopedMemoryAccess$Scope done
Event: 0.910 loading class sun/font/FileFontStrike
Event: 0.911 loading class sun/font/FileFontStrike done
Event: 0.911 loading class sun/font/FontScaler
Event: 0.911 loading class sun/font/FontScaler done
Event: 0.911 loading class sun/font/FreetypeFontScaler
Event: 0.911 loading class sun/font/FreetypeFontScaler done
Event: 1.266 Thread 0x00000198c8bfb720 Thread exited: 0x00000198c8bfb720
Event: 1.788 Thread 0x00000198c8cd86e0 Thread added: 0x00000198c8cd86e0
Event: 1.788 Thread 0x00000198c8cd8bf0 Thread added: 0x00000198c8cd8bf0
Event: 2.326 Thread 0x00000198c8cd8bf0 Thread exited: 0x00000198c8cd8bf0
Event: 2.327 Thread 0x00000198c8cd86e0 Thread exited: 0x00000198c8cd86e0


Dynamic libraries:
0x00007ff6cb6a0000 - 0x00007ff6cb6ae000 	C:\Users\mulau\.p2\pool\plugins\org.eclipse.justj.openjdk.hotspot.jre.full.win32.x86_64_17.0.7.v20230425-1502\jre\bin\javaw.exe
0x00007ffca2d70000 - 0x00007ffca2f87000 	C:\windows\SYSTEM32\ntdll.dll
0x00007ffca1c40000 - 0x00007ffca1d04000 	C:\windows\System32\KERNEL32.DLL
0x00007ffca03a0000 - 0x00007ffca0746000 	C:\windows\System32\KERNELBASE.dll
0x00007ffca0750000 - 0x00007ffca0861000 	C:\windows\System32\ucrtbase.dll
0x00007ffc976a0000 - 0x00007ffc976b7000 	C:\Users\mulau\.p2\pool\plugins\org.eclipse.justj.openjdk.hotspot.jre.full.win32.x86_64_17.0.7.v20230425-1502\jre\bin\jli.dll
0x00007ffc967b0000 - 0x00007ffc967c9000 	C:\Users\mulau\.p2\pool\plugins\org.eclipse.justj.openjdk.hotspot.jre.full.win32.x86_64_17.0.7.v20230425-1502\jre\bin\VCRUNTIME140.dll
0x00007ffca0d90000 - 0x00007ffca0f3d000 	C:\windows\System32\USER32.dll
0x00007ffc9f300000 - 0x00007ffc9f593000 	C:\windows\WinSxS\amd64_microsoft.windows.common-controls_6595b64144ccf1df_6.0.22621.2361_none_2712ced57382f843\COMCTL32.dll
0x00007ffca0160000 - 0x00007ffca0186000 	C:\windows\System32\win32u.dll
0x00007ffca17e0000 - 0x00007ffca1887000 	C:\windows\System32\msvcrt.dll
0x00007ffca1e20000 - 0x00007ffca1e49000 	C:\windows\System32\GDI32.dll
0x00007ffca0200000 - 0x00007ffca0318000 	C:\windows\System32\gdi32full.dll
0x00007ffca00c0000 - 0x00007ffca015a000 	C:\windows\System32\msvcp_win.dll
0x00007ffca1c00000 - 0x00007ffca1c31000 	C:\windows\System32\IMM32.DLL
0x00007ffc9a5b0000 - 0x00007ffc9a5bc000 	C:\Users\mulau\.p2\pool\plugins\org.eclipse.justj.openjdk.hotspot.jre.full.win32.x86_64_17.0.7.v20230425-1502\jre\bin\vcruntime140_1.dll
0x00007ffc69960000 - 0x00007ffc699f1000 	C:\Users\mulau\.p2\pool\plugins\org.eclipse.justj.openjdk.hotspot.jre.full.win32.x86_64_17.0.7.v20230425-1502\jre\bin\msvcp140.dll
0x00007ffc31e90000 - 0x00007ffc32ad8000 	C:\Users\mulau\.p2\pool\plugins\org.eclipse.justj.openjdk.hotspot.jre.full.win32.x86_64_17.0.7.v20230425-1502\jre\bin\server\jvm.dll
0x00007ffca1d10000 - 0x00007ffca1dc0000 	C:\windows\System32\ADVAPI32.dll
0x00007ffca1990000 - 0x00007ffca1a36000 	C:\windows\System32\sechost.dll
0x00007ffca2bd0000 - 0x00007ffca2ce7000 	C:\windows\System32\RPCRT4.dll
0x00007ffc7ea40000 - 0x00007ffc7ea49000 	C:\windows\SYSTEM32\WSOCK32.dll
0x00007ffc97710000 - 0x00007ffc97744000 	C:\windows\SYSTEM32\WINMM.dll
0x00007ffca0bf0000 - 0x00007ffca0c61000 	C:\windows\System32\WS2_32.dll
0x00007ffc9e2f0000 - 0x00007ffc9e2fa000 	C:\windows\SYSTEM32\VERSION.dll
0x00007ffc9e1e0000 - 0x00007ffc9e1f8000 	C:\windows\SYSTEM32\kernel.appcore.dll
0x00007ffc9f980000 - 0x00007ffc9f98a000 	C:\Users\mulau\.p2\pool\plugins\org.eclipse.justj.openjdk.hotspot.jre.full.win32.x86_64_17.0.7.v20230425-1502\jre\bin\jimage.dll
0x00007ffc9fa40000 - 0x00007ffc9fc6e000 	C:\windows\SYSTEM32\DBGHELP.DLL
0x00007ffca1450000 - 0x00007ffca17da000 	C:\windows\System32\combase.dll
0x00007ffca1f50000 - 0x00007ffca2027000 	C:\windows\System32\OLEAUT32.dll
0x00007ffc9f8b0000 - 0x00007ffc9f8e2000 	C:\windows\SYSTEM32\dbgcore.DLL
0x00007ffca0320000 - 0x00007ffca039a000 	C:\windows\System32\bcryptPrimitives.dll
0x00007ffc8d530000 - 0x00007ffc8d555000 	C:\Users\mulau\.p2\pool\plugins\org.eclipse.justj.openjdk.hotspot.jre.full.win32.x86_64_17.0.7.v20230425-1502\jre\bin\java.dll
0x00007ffc8d510000 - 0x00007ffc8d528000 	C:\Users\mulau\.p2\pool\plugins\org.eclipse.justj.openjdk.hotspot.jre.full.win32.x86_64_17.0.7.v20230425-1502\jre\bin\zip.dll
0x00007ffca21f0000 - 0x00007ffca2a48000 	C:\windows\System32\SHELL32.dll
0x00007ffc9d0e0000 - 0x00007ffc9d9d2000 	C:\windows\SYSTEM32\windows.storage.dll
0x00007ffc9cf90000 - 0x00007ffc9d0ce000 	C:\windows\SYSTEM32\wintypes.dll
0x00007ffca1890000 - 0x00007ffca1983000 	C:\windows\System32\SHCORE.dll
0x00007ffca2b50000 - 0x00007ffca2bae000 	C:\windows\System32\shlwapi.dll
0x00007ffc9fff0000 - 0x00007ffca0016000 	C:\windows\SYSTEM32\profapi.dll
0x00007ffc8d4f0000 - 0x00007ffc8d509000 	C:\Users\mulau\.p2\pool\plugins\org.eclipse.justj.openjdk.hotspot.jre.full.win32.x86_64_17.0.7.v20230425-1502\jre\bin\net.dll
0x00007ffc99600000 - 0x00007ffc99737000 	C:\windows\SYSTEM32\WINHTTP.dll
0x00007ffc9eed0000 - 0x00007ffc9ef39000 	C:\windows\system32\mswsock.dll
0x00007ffc8d410000 - 0x00007ffc8d425000 	C:\Users\mulau\.p2\pool\plugins\org.eclipse.justj.openjdk.hotspot.jre.full.win32.x86_64_17.0.7.v20230425-1502\jre\bin\nio.dll
0x00007ffc56870000 - 0x00007ffc569fe000 	C:\Users\mulau\.p2\pool\plugins\org.eclipse.justj.openjdk.hotspot.jre.full.win32.x86_64_17.0.7.v20230425-1502\jre\bin\awt.dll
0x00007ffc9c5f0000 - 0x00007ffc9c687000 	C:\windows\SYSTEM32\apphelp.dll
0x00007ffc9c9f0000 - 0x00007ffc9ca1b000 	C:\windows\system32\DWMAPI.DLL
0x00007ffc9c780000 - 0x00007ffc9c82b000 	C:\windows\system32\uxtheme.dll
0x00007ffc3aac0000 - 0x00007ffc3abc0000 	C:\windows\system32\opengl32.dll
0x00007ffc39ae0000 - 0x00007ffc39b0d000 	C:\windows\SYSTEM32\GLU32.dll
0x00007ffc9c8a0000 - 0x00007ffc9c8d6000 	C:\windows\SYSTEM32\dxcore.dll
0x00007ffca0aa0000 - 0x00007ffca0bec000 	C:\windows\System32\MSCTF.dll
0x00007ffca1a60000 - 0x00007ffca1bff000 	C:\windows\System32\ole32.dll
0x00007ffc430c0000 - 0x00007ffc43269000 	C:\windows\system32\d3d9.dll
0x00007ffc95f20000 - 0x00007ffc960db000 	C:\windows\System32\DriverStore\FileRepository\u0387389.inf_amd64_995be970e30b8c79\B385477\aticfx64.dll
0x00007ffc37240000 - 0x00007ffc37274000 	C:\windows\System32\DriverStore\FileRepository\u0387389.inf_amd64_995be970e30b8c79\B385477\atiu9p64.dll
0x00007ffc364e0000 - 0x00007ffc37235000 	C:\windows\System32\DriverStore\FileRepository\u0387389.inf_amd64_995be970e30b8c79\B385477\atiumd64.dll
0x000000006d350000 - 0x000000006e277000 	C:\windows\System32\DriverStore\FileRepository\u0387389.inf_amd64_995be970e30b8c79\B385477\atiumd6a.dll
0x00007ffca0f40000 - 0x00007ffca13b4000 	C:\windows\System32\SETUPAPI.dll
0x00007ffc9f9f0000 - 0x00007ffc9fa3d000 	C:\windows\SYSTEM32\POWRPROF.dll
0x00007ffc9f870000 - 0x00007ffc9f883000 	C:\windows\SYSTEM32\UMPDC.dll
0x00007ffc93e80000 - 0x00007ffc93eb5000 	C:\windows\SYSTEM32\amdihk64.dll
0x00007ffc99740000 - 0x00007ffc9978a000 	C:\windows\SYSTEM32\directxdatabasehelper.dll
0x00007ffc5b980000 - 0x00007ffc5ba06000 	C:\Users\mulau\.p2\pool\plugins\org.eclipse.justj.openjdk.hotspot.jre.full.win32.x86_64_17.0.7.v20230425-1502\jre\bin\freetype.dll
0x00007ffc5a970000 - 0x00007ffc5aa35000 	C:\Users\mulau\.p2\pool\plugins\org.eclipse.justj.openjdk.hotspot.jre.full.win32.x86_64_17.0.7.v20230425-1502\jre\bin\fontmanager.dll
0x00007ffc9fd60000 - 0x00007ffc9fd7b000 	C:\windows\SYSTEM32\CRYPTSP.dll
0x00007ffc9e140000 - 0x00007ffc9e175000 	C:\windows\system32\rsaenh.dll
0x00007ffc9f150000 - 0x00007ffc9f17c000 	C:\windows\SYSTEM32\USERENV.dll
0x00007ffc9f8f0000 - 0x00007ffc9f918000 	C:\windows\SYSTEM32\bcrypt.dll
0x00007ffc9f180000 - 0x00007ffc9f18c000 	C:\windows\SYSTEM32\CRYPTBASE.dll
0x00007ffc8a150000 - 0x00007ffc8a29a000 	C:\windows\SYSTEM32\textinputframework.dll
0x00007ffc9dc40000 - 0x00007ffc9dc6d000 	C:\windows\SYSTEM32\IPHLPAPI.DLL
0x00007ffca1f40000 - 0x00007ffca1f49000 	C:\windows\System32\NSI.dll
0x00007ffc99280000 - 0x00007ffc99299000 	C:\windows\SYSTEM32\dhcpcsvc6.DLL
0x00007ffc99580000 - 0x00007ffc9959f000 	C:\windows\SYSTEM32\dhcpcsvc.DLL
0x00007ffc9dcb0000 - 0x00007ffc9dda9000 	C:\windows\SYSTEM32\DNSAPI.dll
0x00007ffc9c310000 - 0x00007ffc9c443000 	C:\windows\SYSTEM32\CoreMessaging.dll
0x00007ffc98560000 - 0x00007ffc988cc000 	C:\windows\SYSTEM32\CoreUIComponents.dll

dbghelp: loaded successfully - version: 4.0.5 - missing functions: none
symbol engine: initialized successfully - sym options: 0x614 - pdb path: .;C:\Users\mulau\.p2\pool\plugins\org.eclipse.justj.openjdk.hotspot.jre.full.win32.x86_64_17.0.7.v20230425-1502\jre\bin;C:\windows\SYSTEM32;C:\windows\WinSxS\amd64_microsoft.windows.common-controls_6595b64144ccf1df_6.0.22621.2361_none_2712ced57382f843;C:\Users\mulau\.p2\pool\plugins\org.eclipse.justj.openjdk.hotspot.jre.full.win32.x86_64_17.0.7.v20230425-1502\jre\bin\server;C:\windows\System32\DriverStore\FileRepository\u0387389.inf_amd64_995be970e30b8c79\B385477

VM Arguments:
jvm_args: -Dfile.encoding=UTF-8 -XX:+ShowCodeDetailsInExceptionMessages 
java_command: MyAgent -develop
java_class_path (initial): C:\Users\mulau\eclipse-workspace\ExampleSnake\bin;C:\Users\mulau\eclipse-workspace\ExampleSnake\lib\Snake2023-v1.jar
Launcher Type: SUN_STANDARD

[Global flags]
     intx CICompilerCount                          = 12                                        {product} {ergonomic}
     uint ConcGCThreads                            = 3                                         {product} {ergonomic}
     uint G1ConcRefinementThreads                  = 13                                        {product} {ergonomic}
   size_t G1HeapRegionSize                         = 2097152                                   {product} {ergonomic}
    uintx GCDrainStackTargetSize                   = 64                                        {product} {ergonomic}
   size_t InitialHeapSize                          = 190840832                                 {product} {ergonomic}
   size_t MarkStackSize                            = 4194304                                   {product} {ergonomic}
   size_t MaxHeapSize                              = 3040870400                                {product} {ergonomic}
   size_t MaxNewSize                               = 1824522240                                {product} {ergonomic}
   size_t MinHeapDeltaBytes                        = 2097152                                   {product} {ergonomic}
   size_t MinHeapSize                              = 8388608                                   {product} {ergonomic}
    uintx NonNMethodCodeHeapSize                   = 7602480                                {pd product} {ergonomic}
    uintx NonProfiledCodeHeapSize                  = 122027880                              {pd product} {ergonomic}
    uintx ProfiledCodeHeapSize                     = 122027880                              {pd product} {ergonomic}
    uintx ReservedCodeCacheSize                    = 251658240                              {pd product} {ergonomic}
     bool SegmentedCodeCache                       = true                                      {product} {ergonomic}
     bool ShowCodeDetailsInExceptionMessages       = true                                   {manageable} {command line}
   size_t SoftMaxHeapSize                          = 3040870400                             {manageable} {ergonomic}
     bool UseCompressedClassPointers               = true                           {product lp64_product} {ergonomic}
     bool UseCompressedOops                        = true                           {product lp64_product} {ergonomic}
     bool UseG1GC                                  = true                                      {product} {ergonomic}
     bool UseLargePagesIndividualAllocation        = false                                  {pd product} {ergonomic}

Logging:
Log output configuration:
 #0: stdout all=warning uptime,level,tags
 #1: stderr all=off uptime,level,tags

Environment Variables:
JAVA_HOME=C:\Users\mulau\AppData\Local\Programs\Eclipse Adoptium\jdk-17.0.8.7-hotspot\
PATH=C:/Users/mulau/.p2/pool/plugins/org.eclipse.justj.openjdk.hotspot.jre.full.win32.x86_64_17.0.7.v20230425-1502/jre/bin/server;C:/Users/mulau/.p2/pool/plugins/org.eclipse.justj.openjdk.hotspot.jre.full.win32.x86_64_17.0.7.v20230425-1502/jre/bin;C:\windows\system32;C:\windows;C:\windows\System32\Wbem;C:\windows\System32\WindowsPowerShell\v1.0\;C:\windows\System32\OpenSSH\;C:\Program Files\Microsoft SQL Server\Client SDK\ODBC\170\Tools\Binn\;C:\Program Files\Microsoft SQL Server\150\Tools\Binn\;C:\Program Files\dotnet\;C:\Users\mulau\AppData\Local\Programs\Eclipse Adoptium\jdk-17.0.8.7-hotspot\bin;C:\Users\mulau\AppData\Local\Microsoft\WindowsApps;;C:\Users\mulau\AppData\Local\Programs\Microsoft VS Code\bin;C:\Users\mulau\.dotnet\tools;C:\windows\system32;
USERNAME=mulau
OS=Windows_NT
PROCESSOR_IDENTIFIER=AMD64 Family 23 Model 104 Stepping 1, AuthenticAMD
TMP=C:\Users\mulau\AppData\Local\Temp
TEMP=C:\Users\mulau\AppData\Local\Temp



---------------  S Y S T E M  ---------------

OS:
 Windows 11 , 64 bit Build 22621 (10.0.22621.2428)
OS uptime: 1 days 15:33 hours
Hyper-V role detected

CPU: total 16 (initial active 16) (16 cores per cpu, 2 threads per core) family 23 model 104 stepping 1 microcode 0x0, cx8, cmov, fxsr, ht, mmx, 3dnowpref, sse, sse2, sse3, ssse3, sse4a, sse4.1, sse4.2, popcnt, lzcnt, tsc, tscinvbit, avx, avx2, aes, clmul, bmi1, bmi2, adx, sha, fma, vzeroupper, clflush, clflushopt, hv

Memory: 4k page, system-wide physical 11597M (2522M free)
TotalPageFile size 14508M (AvailPageFile size 288M)
current process WorkingSet (physical memory assigned to process): 755M, peak: 755M
current process commit charge ("private bytes"): 835M, peak: 1399M

vm_info: OpenJDK 64-Bit Server VM (17.0.7+7) for windows-amd64 JRE (17.0.7+7), built on Apr 18 2023 22:10:42 by "temurin" with MS VC++ 16.7 (VS2019)

END.
