#
# There is insufficient memory for the Java Runtime Environment to continue.
# Native memory allocation (mmap) failed to map 190840832 bytes for G1 virtual space
# Possible reasons:
#   The system is out of physical RAM or swap space
#   The process is running with CompressedOops enabled, and the Java Heap may be blocking the growth of the native heap
# Possible solutions:
#   Reduce memory load on the system
#   Increase physical memory or swap space
#   Check if swap backing store is full
#   Decrease Java heap size (-Xmx/-Xms)
#   Decrease number of Java threads
#   Decrease Java thread stack sizes (-Xss)
#   Set larger code cache with -XX:ReservedCodeCacheSize=
#   JVM is running with Zero Based Compressed Oops mode in which the Java heap is
#     placed in the first 32GB address space. The Java Heap base address is the
#     maximum limit for the native heap growth. Please use -XX:HeapBaseMinAddress
#     to set the Java Heap base and to place the Java Heap above 32GB virtual address.
# This output file may be truncated or incomplete.
#
#  Out of Memory Error (os_windows.cpp:3559), pid=51148, tid=20776
#
# JRE version:  (17.0.7+7) (build )
# Java VM: OpenJDK 64-Bit Server VM (17.0.7+7, mixed mode, sharing, tiered, compressed oops, compressed class ptrs, g1 gc, windows-amd64)
# No core dump will be written. Minidumps are not enabled by default on client versions of Windows
#

---------------  S U M M A R Y ------------

Command Line: -Dfile.encoding=UTF-8 -XX:+ShowCodeDetailsInExceptionMessages MyAgent -develop

Host: AMD Ryzen 7 5700U with Radeon Graphics         , 16 cores, 11G,  Windows 11 , 64 bit Build 22621 (10.0.22621.2215)
Time: Tue Oct 10 19:21:01 2023 South Africa Standard Time elapsed time: 0.016815 seconds (0d 0h 0m 0s)

---------------  T H R E A D  ---------------

Current thread (0x000001307ebb6b80):  JavaThread "Unknown thread" [_thread_in_vm, id=20776, stack(0x0000001887600000,0x0000001887700000)]

Stack: [0x0000001887600000,0x0000001887700000]
Native frames: (J=compiled Java code, j=interpreted, Vv=VM code, C=native code)
V  [jvm.dll+0x67754a]
V  [jvm.dll+0x834304]
V  [jvm.dll+0x835aae]
V  [jvm.dll+0x836113]
V  [jvm.dll+0x24696f]
V  [jvm.dll+0x6743f9]
V  [jvm.dll+0x668c8a]
V  [jvm.dll+0x3061bb]
V  [jvm.dll+0x30d6a6]
V  [jvm.dll+0x35cece]
V  [jvm.dll+0x35d0ff]
V  [jvm.dll+0x2dd048]
V  [jvm.dll+0x2ddfb4]
V  [jvm.dll+0x8066d1]
V  [jvm.dll+0x36ac91]
V  [jvm.dll+0x7e5cec]
V  [jvm.dll+0x3ed56f]
V  [jvm.dll+0x3ef0a1]
C  [jli.dll+0x528b]
C  [ucrtbase.dll+0x29363]
C  [KERNEL32.DLL+0x1257d]
C  [ntdll.dll+0x5aa68]


---------------  P R O C E S S  ---------------

Threads class SMR info:
_java_thread_list=0x00007fff804e7018, length=0, elements={
}

Java Threads: ( => current thread )

Other Threads:
  0x000001307ec0e1a0 GCTaskThread "GC Thread#0" [stack: 0x0000001887700000,0x0000001887800000] [id=18136]
  0x000001307ec1a620 ConcurrentGCThread "G1 Main Marker" [stack: 0x0000001887800000,0x0000001887900000] [id=48972]
  0x000001307ec1c7e0 ConcurrentGCThread "G1 Conc#0" [stack: 0x0000001887900000,0x0000001887a00000] [id=51336]

[error occurred during error reporting (printing all threads), id 0xc0000005, EXCEPTION_ACCESS_VIOLATION (0xc0000005) at pc=0x00007fff7fcbdaf7]

VM state: not at safepoint (not fully initialized)

VM Mutex/Monitor currently owned by a thread:  ([mutex/lock_event])
[0x000001307ebb2470] Heap_lock - owner thread: 0x000001307ebb6b80

Heap address: 0x000000074ac00000, size: 2900 MB, Compressed Oops mode: Zero based, Oop shift amount: 3

CDS archive(s) mapped at: [0x0000000000000000-0x0000000000000000-0x0000000000000000), size 0, SharedBaseAddress: 0x0000000800000000, ArchiveRelocationMode: 0.
Narrow klass base: 0x0000000000000000, Narrow klass shift: 0, Narrow klass range: 0x0

GC Precious Log:
<Empty>

Heap:
 garbage-first heap   total 0K, used 0K [0x000000074ac00000, 0x0000000800000000)
  region size 2048K, 0 young (0K), 0 survivors (0K)

[error occurred during error reporting (printing heap information), id 0xc0000005, EXCEPTION_ACCESS_VIOLATION (0xc0000005) at pc=0x00007fff800a0db9]

GC Heap History (0 events):
No events

Dll operation events (1 events):
Event: 0.011 Loaded shared library C:\Users\mulau\.p2\pool\plugins\org.eclipse.justj.openjdk.hotspot.jre.full.win32.x86_64_17.0.7.v20230425-1502\jre\bin\java.dll

Deoptimization events (0 events):
No events

Classes unloaded (0 events):
No events

Classes redefined (0 events):
No events

Internal exceptions (0 events):
No events

VM Operations (0 events):
No events

Events (0 events):
No events


Dynamic libraries:
0x00007ff740460000 - 0x00007ff74046e000 	C:\Users\mulau\.p2\pool\plugins\org.eclipse.justj.openjdk.hotspot.jre.full.win32.x86_64_17.0.7.v20230425-1502\jre\bin\javaw.exe
0x00007fffbb530000 - 0x00007fffbb744000 	C:\windows\SYSTEM32\ntdll.dll
0x00007fffb9db0000 - 0x00007fffb9e74000 	C:\windows\System32\KERNEL32.DLL
0x00007fffb8b60000 - 0x00007fffb8f04000 	C:\windows\System32\KERNELBASE.dll
0x00007fffb8f10000 - 0x00007fffb9021000 	C:\windows\System32\ucrtbase.dll
0x00007fffa0270000 - 0x00007fffa0287000 	C:\Users\mulau\.p2\pool\plugins\org.eclipse.justj.openjdk.hotspot.jre.full.win32.x86_64_17.0.7.v20230425-1502\jre\bin\jli.dll
0x00007fffa0670000 - 0x00007fffa0689000 	C:\Users\mulau\.p2\pool\plugins\org.eclipse.justj.openjdk.hotspot.jre.full.win32.x86_64_17.0.7.v20230425-1502\jre\bin\VCRUNTIME140.dll
0x00007fffbb260000 - 0x00007fffbb40e000 	C:\windows\System32\USER32.dll
0x00007fffb88b0000 - 0x00007fffb88d6000 	C:\windows\System32\win32u.dll
0x00007fffb7ab0000 - 0x00007fffb7d43000 	C:\windows\WinSxS\amd64_microsoft.windows.common-controls_6595b64144ccf1df_6.0.22621.2215_none_270d72677387dfc3\COMCTL32.dll
0x00007fffba2a0000 - 0x00007fffba2c9000 	C:\windows\System32\GDI32.dll
0x00007fffb90b0000 - 0x00007fffb91c8000 	C:\windows\System32\gdi32full.dll
0x00007fffbb410000 - 0x00007fffbb4b7000 	C:\windows\System32\msvcrt.dll
0x00007fffb88e0000 - 0x00007fffb897a000 	C:\windows\System32\msvcp_win.dll
0x00007fffb9660000 - 0x00007fffb9691000 	C:\windows\System32\IMM32.DLL
0x00007fffb3370000 - 0x00007fffb337c000 	C:\Users\mulau\.p2\pool\plugins\org.eclipse.justj.openjdk.hotspot.jre.full.win32.x86_64_17.0.7.v20230425-1502\jre\bin\vcruntime140_1.dll
0x00007fff974c0000 - 0x00007fff97551000 	C:\Users\mulau\.p2\pool\plugins\org.eclipse.justj.openjdk.hotspot.jre.full.win32.x86_64_17.0.7.v20230425-1502\jre\bin\msvcp140.dll
0x00007fff7f9d0000 - 0x00007fff80618000 	C:\Users\mulau\.p2\pool\plugins\org.eclipse.justj.openjdk.hotspot.jre.full.win32.x86_64_17.0.7.v20230425-1502\jre\bin\server\jvm.dll
0x00007fffb9590000 - 0x00007fffb9640000 	C:\windows\System32\ADVAPI32.dll
0x00007fffb94e0000 - 0x00007fffb9586000 	C:\windows\System32\sechost.dll
0x00007fffb92a0000 - 0x00007fffb93b7000 	C:\windows\System32\RPCRT4.dll
0x00007fff143a0000 - 0x00007fff143a9000 	C:\windows\SYSTEM32\WSOCK32.dll
0x00007fffb6c10000 - 0x00007fffb6c1a000 	C:\windows\SYSTEM32\VERSION.dll
0x00007fffaf4b0000 - 0x00007fffaf4e4000 	C:\windows\SYSTEM32\WINMM.dll
0x00007fffb9950000 - 0x00007fffb99c1000 	C:\windows\System32\WS2_32.dll
0x00007fffb69e0000 - 0x00007fffb69f8000 	C:\windows\SYSTEM32\kernel.appcore.dll
0x00007fffaef80000 - 0x00007fffaef8a000 	C:\Users\mulau\.p2\pool\plugins\org.eclipse.justj.openjdk.hotspot.jre.full.win32.x86_64_17.0.7.v20230425-1502\jre\bin\jimage.dll
0x00007fffb81e0000 - 0x00007fffb840e000 	C:\windows\SYSTEM32\DBGHELP.DLL
0x00007fffb9f10000 - 0x00007fffba29a000 	C:\windows\System32\combase.dll
0x00007fffba350000 - 0x00007fffba427000 	C:\windows\System32\OLEAUT32.dll
0x00007fffb80a0000 - 0x00007fffb80d2000 	C:\windows\SYSTEM32\dbgcore.DLL
0x00007fffb9030000 - 0x00007fffb90aa000 	C:\windows\System32\bcryptPrimitives.dll
0x00007fffa0340000 - 0x00007fffa0365000 	C:\Users\mulau\.p2\pool\plugins\org.eclipse.justj.openjdk.hotspot.jre.full.win32.x86_64_17.0.7.v20230425-1502\jre\bin\java.dll

dbghelp: loaded successfully - version: 4.0.5 - missing functions: none
symbol engine: initialized successfully - sym options: 0x614 - pdb path: .;C:\Users\mulau\.p2\pool\plugins\org.eclipse.justj.openjdk.hotspot.jre.full.win32.x86_64_17.0.7.v20230425-1502\jre\bin;C:\windows\SYSTEM32;C:\windows\WinSxS\amd64_microsoft.windows.common-controls_6595b64144ccf1df_6.0.22621.2215_none_270d72677387dfc3;C:\Users\mulau\.p2\pool\plugins\org.eclipse.justj.openjdk.hotspot.jre.full.win32.x86_64_17.0.7.v20230425-1502\jre\bin\server

VM Arguments:
jvm_args: -Dfile.encoding=UTF-8 -XX:+ShowCodeDetailsInExceptionMessages 
java_command: MyAgent -develop
java_class_path (initial): C:\Users\mulau\eclipse-workspace\ExampleSnake\bin;C:\Users\mulau\eclipse-workspace\ExampleSnake\lib\Snake2023-v1.jar
Launcher Type: SUN_STANDARD

[Global flags]
     intx CICompilerCount                          = 12                                        {product} {ergonomic}
     uint ConcGCThreads                            = 3                                         {product} {ergonomic}
     uint G1ConcRefinementThreads                  = 13                                        {product} {ergonomic}
   size_t G1HeapRegionSize                         = 2097152                                   {product} {ergonomic}
    uintx GCDrainStackTargetSize                   = 64                                        {product} {ergonomic}
   size_t InitialHeapSize                          = 190840832                                 {product} {ergonomic}
   size_t MarkStackSize                            = 4194304                                   {product} {ergonomic}
   size_t MaxHeapSize                              = 3040870400                                {product} {ergonomic}
   size_t MinHeapDeltaBytes                        = 2097152                                   {product} {ergonomic}
   size_t MinHeapSize                              = 8388608                                   {product} {ergonomic}
    uintx NonNMethodCodeHeapSize                   = 7602480                                {pd product} {ergonomic}
    uintx NonProfiledCodeHeapSize                  = 122027880                              {pd product} {ergonomic}
    uintx ProfiledCodeHeapSize                     = 122027880                              {pd product} {ergonomic}
    uintx ReservedCodeCacheSize                    = 251658240                              {pd product} {ergonomic}
     bool SegmentedCodeCache                       = true                                      {product} {ergonomic}
     bool ShowCodeDetailsInExceptionMessages       = true                                   {manageable} {command line}
   size_t SoftMaxHeapSize                          = 3040870400                             {manageable} {ergonomic}
     bool UseCompressedClassPointers               = true                           {product lp64_product} {ergonomic}
     bool UseCompressedOops                        = true                           {product lp64_product} {ergonomic}
     bool UseG1GC                                  = true                                      {product} {ergonomic}
     bool UseLargePagesIndividualAllocation        = false                                  {pd product} {ergonomic}

Logging:
Log output configuration:
 #0: stdout all=warning uptime,level,tags
 #1: stderr all=off uptime,level,tags

Environment Variables:
JAVA_HOME=C:\Users\mulau\AppData\Local\Programs\Eclipse Adoptium\jdk-17.0.8.7-hotspot\
PATH=C:/Users/mulau/.p2/pool/plugins/org.eclipse.justj.openjdk.hotspot.jre.full.win32.x86_64_17.0.7.v20230425-1502/jre/bin/server;C:/Users/mulau/.p2/pool/plugins/org.eclipse.justj.openjdk.hotspot.jre.full.win32.x86_64_17.0.7.v20230425-1502/jre/bin;C:\windows\system32;C:\windows;C:\windows\System32\Wbem;C:\windows\System32\WindowsPowerShell\v1.0\;C:\windows\System32\OpenSSH\;C:\Users\mulau\AppData\Local\Programs\Eclipse Adoptium\jdk-17.0.8.7-hotspot\bin;C:\Users\mulau\AppData\Local\Microsoft\WindowsApps;;C:\Users\mulau\AppData\Local\Programs\Microsoft VS Code\bin;C:\windows\system32;
USERNAME=mulau
OS=Windows_NT
PROCESSOR_IDENTIFIER=AMD64 Family 23 Model 104 Stepping 1, AuthenticAMD
TMP=C:\Users\mulau\AppData\Local\Temp
TEMP=C:\Users\mulau\AppData\Local\Temp



---------------  S Y S T E M  ---------------

OS:
 Windows 11 , 64 bit Build 22621 (10.0.22621.2215)
OS uptime: 9 days 17:50 hours
Hyper-V role detected

CPU: total 16 (initial active 16) (16 cores per cpu, 2 threads per core) family 23 model 104 stepping 1 microcode 0x0, cx8, cmov, fxsr, ht, mmx, 3dnowpref, sse, sse2, sse3, ssse3, sse4a, sse4.1, sse4.2, popcnt, lzcnt, tsc, tscinvbit, avx, avx2, aes, clmul, bmi1, bmi2, adx, sha, fma, vzeroupper, clflush, clflushopt, hv

Memory: 4k page, system-wide physical 11597M (1792M free)
TotalPageFile size 14597M (AvailPageFile size 28M)
current process WorkingSet (physical memory assigned to process): 11M, peak: 11M
current process commit charge ("private bytes"): 70M, peak: 252M

vm_info: OpenJDK 64-Bit Server VM (17.0.7+7) for windows-amd64 JRE (17.0.7+7), built on Apr 18 2023 22:10:42 by "temurin" with MS VC++ 16.7 (VS2019)

END.
