#
# There is insufficient memory for the Java Runtime Environment to continue.
# Native memory allocation (mmap) failed to map 469762048 bytes for G1 virtual space
# Possible reasons:
#   The system is out of physical RAM or swap space
#   The process is running with CompressedOops enabled, and the Java Heap may be blocking the growth of the native heap
# Possible solutions:
#   Reduce memory load on the system
#   Increase physical memory or swap space
#   Check if swap backing store is full
#   Decrease Java heap size (-Xmx/-Xms)
#   Decrease number of Java threads
#   Decrease Java thread stack sizes (-Xss)
#   Set larger code cache with -XX:ReservedCodeCacheSize=
#   JVM is running with Zero Based Compressed Oops mode in which the Java heap is
#     placed in the first 32GB address space. The Java Heap base address is the
#     maximum limit for the native heap growth. Please use -XX:HeapBaseMinAddress
#     to set the Java Heap base and to place the Java Heap above 32GB virtual address.
# This output file may be truncated or incomplete.
#
#  Out of Memory Error (os_windows.cpp:3559), pid=31628, tid=48176
#
# JRE version: OpenJDK Runtime Environment Temurin-17.0.7+7 (17.0.7+7) (build 17.0.7+7)
# Java VM: OpenJDK 64-Bit Server VM Temurin-17.0.7+7 (17.0.7+7, mixed mode, tiered, compressed oops, compressed class ptrs, g1 gc, windows-amd64)
# No core dump will be written. Minidumps are not enabled by default on client versions of Windows
#

---------------  S U M M A R Y ------------

Command Line: -Dfile.encoding=UTF-8 -XX:+ShowCodeDetailsInExceptionMessages MyAgent -develop

Host: AMD Ryzen 7 5700U with Radeon Graphics         , 16 cores, 11G,  Windows 11 , 64 bit Build 22621 (10.0.22621.2215)
Time: Tue Oct 10 16:48:19 2023 South Africa Standard Time elapsed time: 2.495137 seconds (0d 0h 0m 2s)

---------------  T H R E A D  ---------------

Current thread (0x000001e7e53cf630):  VMThread "VM Thread" [stack: 0x000000ba62f00000,0x000000ba63000000] [id=48176]

Stack: [0x000000ba62f00000,0x000000ba63000000]
Native frames: (J=compiled Java code, j=interpreted, Vv=VM code, C=native code)
V  [jvm.dll+0x67754a]
V  [jvm.dll+0x834304]
V  [jvm.dll+0x835aae]
V  [jvm.dll+0x836113]
V  [jvm.dll+0x24696f]
V  [jvm.dll+0x6743f9]
V  [jvm.dll+0x668c8a]
V  [jvm.dll+0x3061bb]
V  [jvm.dll+0x30d6a6]
V  [jvm.dll+0x35cece]
V  [jvm.dll+0x35d0ff]
V  [jvm.dll+0x2dd048]
V  [jvm.dll+0x2db20c]
V  [jvm.dll+0x2da7dc]
V  [jvm.dll+0x31e6db]
V  [jvm.dll+0x83a5bb]
V  [jvm.dll+0x83b2f4]
V  [jvm.dll+0x83b80c]
V  [jvm.dll+0x83bbe4]
V  [jvm.dll+0x83bcb0]
V  [jvm.dll+0x7e4e7a]
V  [jvm.dll+0x676395]
C  [ucrtbase.dll+0x29363]
C  [KERNEL32.DLL+0x1257d]
C  [ntdll.dll+0x5aa68]

VM_Operation (0x000000ba653fed70): G1CollectForAllocation, mode: safepoint, requested by thread 0x000001e7ea7ac5c0


---------------  P R O C E S S  ---------------

Threads class SMR info:
_java_thread_list=0x000001e7ea4ed1a0, length=23, elements={
0x000001e7e545c010, 0x000001e7e5413780, 0x000001e7e5449f60, 0x000001e7e5477010,
0x000001e7e5478070, 0x000001e7e547a1d0, 0x000001e7e547ec00, 0x000001e7e549fe50,
0x000001e7e54ae310, 0x000001e7e5607d60, 0x000001e7e560c690, 0x000001e7e5610c60,
0x000001e7e5641350, 0x000001e7e5661020, 0x000001e7ea118020, 0x000001e7ea143f30,
0x000001e7ea147ed0, 0x000001e7ea443be0, 0x000001e7ea4574b0, 0x000001e7ea521d90,
0x000001e7ea7ac5c0, 0x000001e7effabc70, 0x000001e7effaa930
}

Java Threads: ( => current thread )
  0x000001e7e545c010 JavaThread "Reference Handler" daemon [_thread_blocked, id=48712, stack(0x000000ba63000000,0x000000ba63100000)]
  0x000001e7e5413780 JavaThread "Finalizer" daemon [_thread_blocked, id=41328, stack(0x000000ba63100000,0x000000ba63200000)]
  0x000001e7e5449f60 JavaThread "Signal Dispatcher" daemon [_thread_blocked, id=40368, stack(0x000000ba63200000,0x000000ba63300000)]
  0x000001e7e5477010 JavaThread "Attach Listener" daemon [_thread_blocked, id=52280, stack(0x000000ba63300000,0x000000ba63400000)]
  0x000001e7e5478070 JavaThread "Service Thread" daemon [_thread_blocked, id=45356, stack(0x000000ba63400000,0x000000ba63500000)]
  0x000001e7e547a1d0 JavaThread "Monitor Deflation Thread" daemon [_thread_blocked, id=4824, stack(0x000000ba63500000,0x000000ba63600000)]
  0x000001e7e547ec00 JavaThread "C2 CompilerThread0" daemon [_thread_blocked, id=52344, stack(0x000000ba63600000,0x000000ba63700000)]
  0x000001e7e549fe50 JavaThread "C1 CompilerThread0" daemon [_thread_blocked, id=51592, stack(0x000000ba63700000,0x000000ba63800000)]
  0x000001e7e54ae310 JavaThread "Sweeper thread" daemon [_thread_blocked, id=51588, stack(0x000000ba63800000,0x000000ba63900000)]
  0x000001e7e5607d60 JavaThread "C1 CompilerThread1" daemon [_thread_blocked, id=19556, stack(0x000000ba63900000,0x000000ba63a00000)]
  0x000001e7e560c690 JavaThread "C1 CompilerThread2" daemon [_thread_blocked, id=53440, stack(0x000000ba63a00000,0x000000ba63b00000)]
  0x000001e7e5610c60 JavaThread "C1 CompilerThread3" daemon [_thread_blocked, id=40452, stack(0x000000ba63b00000,0x000000ba63c00000)]
  0x000001e7e5641350 JavaThread "Notification Thread" daemon [_thread_blocked, id=1664, stack(0x000000ba63c00000,0x000000ba63d00000)]
  0x000001e7e5661020 JavaThread "Common-Cleaner" daemon [_thread_blocked, id=52244, stack(0x000000ba63e00000,0x000000ba63f00000)]
  0x000001e7ea118020 JavaThread "Java2D Disposer" daemon [_thread_blocked, id=46016, stack(0x000000ba63f00000,0x000000ba64000000)]
  0x000001e7ea143f30 JavaThread "AWT-Shutdown" [_thread_blocked, id=50812, stack(0x000000ba64000000,0x000000ba64100000)]
  0x000001e7ea147ed0 JavaThread "AWT-Windows" daemon [_thread_in_native, id=31756, stack(0x000000ba64100000,0x000000ba64200000)]
  0x000001e7ea443be0 JavaThread "AWT-EventQueue-0" [_thread_blocked, id=48724, stack(0x000000ba64e00000,0x000000ba64f00000)]
  0x000001e7ea4574b0 JavaThread "Thread-0" [_thread_blocked, id=36596, stack(0x000000ba64f00000,0x000000ba65000000)]
  0x000001e7ea521d90 JavaThread "D3D Screen Updater" daemon [_thread_blocked, id=33168, stack(0x000000ba65000000,0x000000ba65100000)]
  0x000001e7ea7ac5c0 JavaThread "Thread-1" [_thread_blocked, id=49856, stack(0x000000ba65300000,0x000000ba65400000)]
  0x000001e7effabc70 JavaThread "TimerQueue" daemon [_thread_blocked, id=7940, stack(0x000000ba65400000,0x000000ba65500000)]
  0x000001e7effaa930 JavaThread "DestroyJavaVM" [_thread_blocked, id=52184, stack(0x000000ba62900000,0x000000ba62a00000)]

Other Threads:
=>0x000001e7e53cf630 VMThread "VM Thread" [stack: 0x000000ba62f00000,0x000000ba63000000] [id=48176]
  0x000001e7e5647060 WatcherThread [stack: 0x000000ba63d00000,0x000000ba63e00000] [id=50608]
  0x000001e7c89bed40 GCTaskThread "GC Thread#0" [stack: 0x000000ba62a00000,0x000000ba62b00000] [id=52700]
  0x000001e7f00ccf50 GCTaskThread "GC Thread#1" [stack: 0x000000ba65200000,0x000000ba65300000] [id=43600]
  0x000001e7f00cd200 GCTaskThread "GC Thread#2" [stack: 0x000000ba65500000,0x000000ba65600000] [id=14064]
  0x000001e7f00cdcc0 GCTaskThread "GC Thread#3" [stack: 0x000000ba65600000,0x000000ba65700000] [id=47236]
  0x000001e7f00cdf70 GCTaskThread "GC Thread#4" [stack: 0x000000ba65700000,0x000000ba65800000] [id=52104]
  0x000001e7f00ce220 GCTaskThread "GC Thread#5" [stack: 0x000000ba65800000,0x000000ba65900000] [id=52148]
  0x000001e7f0128f70 GCTaskThread "GC Thread#6" [stack: 0x000000ba65900000,0x000000ba65a00000] [id=48736]
  0x000001e7f0129630 GCTaskThread "GC Thread#7" [stack: 0x000000ba65a00000,0x000000ba65b00000] [id=52232]
  0x000001e7f0129cf0 GCTaskThread "GC Thread#8" [stack: 0x000000ba65b00000,0x000000ba65c00000] [id=16220]
  0x000001e7f0129fa0 GCTaskThread "GC Thread#9" [stack: 0x000000ba65c00000,0x000000ba65d00000] [id=37036]
  0x000001e7c89cb1c0 ConcurrentGCThread "G1 Main Marker" [stack: 0x000000ba62b00000,0x000000ba62c00000] [id=34204]
  0x000001e7c89cd380 ConcurrentGCThread "G1 Conc#0" [stack: 0x000000ba62c00000,0x000000ba62d00000] [id=52508]
  0x000001e7c8a2df50 ConcurrentGCThread "G1 Refine#0" [stack: 0x000000ba62d00000,0x000000ba62e00000] [id=52276]
  0x000001e7f0688d50 ConcurrentGCThread "G1 Refine#1" [stack: 0x000000ba65e00000,0x000000ba65f00000] [id=15028]
  0x000001e7f022e2f0 ConcurrentGCThread "G1 Refine#2" [stack: 0x000000ba65f00000,0x000000ba66000000] [id=52028]
  0x000001e7f041a0d0 ConcurrentGCThread "G1 Refine#3" [stack: 0x000000ba66000000,0x000000ba66100000] [id=52180]
  0x000001e7f0312720 ConcurrentGCThread "G1 Refine#4" [stack: 0x000000ba66100000,0x000000ba66200000] [id=52424]
  0x000001e7f07859b0 ConcurrentGCThread "G1 Refine#5" [stack: 0x000000ba66200000,0x000000ba66300000] [id=16312]
  0x000001e7f06d3420 ConcurrentGCThread "G1 Refine#6" [stack: 0x000000ba66300000,0x000000ba66400000] [id=52500]
  0x000001e7f0dfcc20 ConcurrentGCThread "G1 Refine#7" [stack: 0x000000ba66400000,0x000000ba66500000] [id=52216]
  0x000001e7f06d3700 ConcurrentGCThread "G1 Refine#8" [stack: 0x000000ba66500000,0x000000ba66600000] [id=52436]
  0x000001e7f03d94e0 ConcurrentGCThread "G1 Refine#9" [stack: 0x000000ba66600000,0x000000ba66700000] [id=37676]
  0x000001e7f09b8910 ConcurrentGCThread "G1 Refine#10" [stack: 0x000000ba66700000,0x000000ba66800000] [id=19008]
  0x000001e7f0d51220 ConcurrentGCThread "G1 Refine#11" [stack: 0x000000ba66800000,0x000000ba66900000] [id=48588]
  0x000001e7f09b8bf0 ConcurrentGCThread "G1 Refine#12" [stack: 0x000000ba66900000,0x000000ba66a00000] [id=52228]
  0x000001e7c8a2e970 ConcurrentGCThread "G1 Service" [stack: 0x000000ba62e00000,0x000000ba62f00000] [id=7828]

Threads with active compile tasks:

VM state: at safepoint (normal execution)

VM Mutex/Monitor currently owned by a thread:  ([mutex/lock_event])
[0x000001e7c8961560] Threads_lock - owner thread: 0x000001e7e53cf630
[0x000001e7c8962c70] Heap_lock - owner thread: 0x000001e7ea7ac5c0

Heap address: 0x000000074ac00000, size: 2900 MB, Compressed Oops mode: Zero based, Oop shift amount: 3

CDS archive(s) not mapped
Compressed class space mapped at: 0x0000000800000000-0x0000000840000000, reserved size: 1073741824
Narrow klass base: 0x0000000800000000, Narrow klass shift: 0, Narrow klass range: 0x40000000

GC Precious Log:
 CPUs: 16 total, 16 available
 Memory: 11597M
 Large Page Support: Disabled
 NUMA Support: Disabled
 Compressed Oops: Enabled (Zero based)
 Heap Region Size: 2M
 Heap Min Capacity: 8M
 Heap Initial Capacity: 182M
 Heap Max Capacity: 2900M
 Pre-touch: Disabled
 Parallel Workers: 13
 Concurrent Workers: 3
 Concurrent Refinement Workers: 13
 Periodic GC: Disabled

Heap:
 garbage-first heap   total 372736K, used 80924K [0x000000074ac00000, 0x0000000800000000)
  region size 2048K, 1 young (2048K), 1 survivors (2048K)
 Metaspace       used 15474K, committed 15680K, reserved 1114112K
  class space    used 1560K, committed 1664K, reserved 1048576K

Heap Regions: E=young(eden), S=young(survivor), O=old, HS=humongous(starts), HC=humongous(continues), CS=collection set, F=free, OA=open archive, CA=closed archive, TAMS=top-at-mark-start (previous, next)
|   0|0x000000074ac00000, 0x000000074ae00000, 0x000000074ae00000|100%|HS|  |TAMS 0x000000074ac00000, 0x000000074ac00000| Complete 
|   1|0x000000074ae00000, 0x000000074b000000, 0x000000074b000000|100%|HS|  |TAMS 0x000000074ae00000, 0x000000074ae00000| Complete 
|   2|0x000000074b000000, 0x000000074b200000, 0x000000074b200000|100%|HC|  |TAMS 0x000000074b000000, 0x000000074b000000| Complete 
|   3|0x000000074b200000, 0x000000074b400000, 0x000000074b400000|100%|HS|  |TAMS 0x000000074b200000, 0x000000074b200000| Complete 
|   4|0x000000074b400000, 0x000000074b600000, 0x000000074b600000|100%|HC|  |TAMS 0x000000074b400000, 0x000000074b400000| Complete 
|   5|0x000000074b600000, 0x000000074b800000, 0x000000074b800000|100%|HS|  |TAMS 0x000000074b600000, 0x000000074b600000| Complete 
|   6|0x000000074b800000, 0x000000074ba00000, 0x000000074ba00000|100%|HC|  |TAMS 0x000000074b800000, 0x000000074b800000| Complete 
|   7|0x000000074ba00000, 0x000000074bc00000, 0x000000074bc00000|100%|HC|  |TAMS 0x000000074ba00000, 0x000000074ba00000| Complete 
|   8|0x000000074bc00000, 0x000000074be00000, 0x000000074be00000|100%|HS|  |TAMS 0x000000074bc00000, 0x000000074bc00000| Complete 
|   9|0x000000074be00000, 0x000000074c000000, 0x000000074c000000|100%|HC|  |TAMS 0x000000074be00000, 0x000000074be00000| Complete 
|  10|0x000000074c000000, 0x000000074c200000, 0x000000074c200000|100%|HC|  |TAMS 0x000000074c000000, 0x000000074c000000| Complete 
|  11|0x000000074c200000, 0x000000074c400000, 0x000000074c400000|100%|HC|  |TAMS 0x000000074c200000, 0x000000074c200000| Complete 
|  12|0x000000074c400000, 0x000000074c600000, 0x000000074c600000|100%|HS|  |TAMS 0x000000074c400000, 0x000000074c400000| Complete 
|  13|0x000000074c600000, 0x000000074c800000, 0x000000074c800000|100%|HC|  |TAMS 0x000000074c600000, 0x000000074c600000| Complete 
|  14|0x000000074c800000, 0x000000074ca00000, 0x000000074ca00000|100%|HC|  |TAMS 0x000000074c800000, 0x000000074c800000| Complete 
|  15|0x000000074ca00000, 0x000000074cc00000, 0x000000074cc00000|100%|HC|  |TAMS 0x000000074ca00000, 0x000000074ca00000| Complete 
|  16|0x000000074cc00000, 0x000000074ce00000, 0x000000074ce00000|100%|HC|  |TAMS 0x000000074cc00000, 0x000000074cc00000| Complete 
|  17|0x000000074ce00000, 0x000000074d000000, 0x000000074d000000|100%|HC|  |TAMS 0x000000074ce00000, 0x000000074ce00000| Complete 
|  18|0x000000074d000000, 0x000000074d200000, 0x000000074d200000|100%|HS|  |TAMS 0x000000074d000000, 0x000000074d000000| Complete 
|  19|0x000000074d200000, 0x000000074d400000, 0x000000074d400000|100%|HC|  |TAMS 0x000000074d200000, 0x000000074d200000| Complete 
|  20|0x000000074d400000, 0x000000074d600000, 0x000000074d600000|100%|HC|  |TAMS 0x000000074d400000, 0x000000074d400000| Complete 
|  21|0x000000074d600000, 0x000000074d800000, 0x000000074d800000|100%|HC|  |TAMS 0x000000074d600000, 0x000000074d600000| Complete 
|  22|0x000000074d800000, 0x000000074da00000, 0x000000074da00000|100%|HC|  |TAMS 0x000000074d800000, 0x000000074d800000| Complete 
|  23|0x000000074da00000, 0x000000074dc00000, 0x000000074dc00000|100%|HC|  |TAMS 0x000000074da00000, 0x000000074da00000| Complete 
|  24|0x000000074dc00000, 0x000000074de00000, 0x000000074de00000|100%|HC|  |TAMS 0x000000074dc00000, 0x000000074dc00000| Complete 
|  25|0x000000074de00000, 0x000000074e000000, 0x000000074e000000|100%|HC|  |TAMS 0x000000074de00000, 0x000000074de00000| Complete 
|  26|0x000000074e000000, 0x000000074e200000, 0x000000074e200000|100%|HS|  |TAMS 0x000000074e000000, 0x000000074e000000| Complete 
|  27|0x000000074e200000, 0x000000074e400000, 0x000000074e400000|100%|HC|  |TAMS 0x000000074e200000, 0x000000074e200000| Complete 
|  28|0x000000074e400000, 0x000000074e600000, 0x000000074e600000|100%|HC|  |TAMS 0x000000074e400000, 0x000000074e400000| Complete 
|  29|0x000000074e600000, 0x000000074e800000, 0x000000074e800000|100%|HC|  |TAMS 0x000000074e600000, 0x000000074e600000| Complete 
|  30|0x000000074e800000, 0x000000074ea00000, 0x000000074ea00000|100%|HC|  |TAMS 0x000000074e800000, 0x000000074e800000| Complete 
|  31|0x000000074ea00000, 0x000000074ec00000, 0x000000074ec00000|100%|HC|  |TAMS 0x000000074ea00000, 0x000000074ea00000| Complete 
|  32|0x000000074ec00000, 0x000000074ee00000, 0x000000074ee00000|100%|HC|  |TAMS 0x000000074ec00000, 0x000000074ec00000| Complete 
|  33|0x000000074ee00000, 0x000000074f000000, 0x000000074f000000|100%|HC|  |TAMS 0x000000074ee00000, 0x000000074ee00000| Complete 
|  34|0x000000074f000000, 0x000000074f200000, 0x000000074f200000|100%|HC|  |TAMS 0x000000074f000000, 0x000000074f000000| Complete 
|  35|0x000000074f200000, 0x000000074f400000, 0x000000074f400000|100%|HC|  |TAMS 0x000000074f200000, 0x000000074f200000| Complete 
|  36|0x000000074f400000, 0x000000074f600000, 0x000000074f600000|100%|HC|  |TAMS 0x000000074f400000, 0x000000074f400000| Complete 
|  37|0x000000074f600000, 0x000000074f800000, 0x000000074f800000|100%|HC|  |TAMS 0x000000074f600000, 0x000000074f600000| Complete 
|  38|0x000000074f800000, 0x000000074fa00000, 0x000000074fa00000|100%| O|  |TAMS 0x000000074f800000, 0x000000074f800000| Untracked 
|  39|0x000000074fa00000, 0x000000074fa75a00, 0x000000074fc00000| 22%| O|  |TAMS 0x000000074fa00000, 0x000000074fa00000| Untracked 
|  40|0x000000074fc00000, 0x000000074fc00000, 0x000000074fe00000|  0%| F|  |TAMS 0x000000074fc00000, 0x000000074fc00000| Untracked 
|  41|0x000000074fe00000, 0x000000074fe00000, 0x0000000750000000|  0%| F|  |TAMS 0x000000074fe00000, 0x000000074fe00000| Untracked 
|  42|0x0000000750000000, 0x0000000750000000, 0x0000000750200000|  0%| F|  |TAMS 0x0000000750000000, 0x0000000750000000| Untracked 
|  43|0x0000000750200000, 0x0000000750200000, 0x0000000750400000|  0%| F|  |TAMS 0x0000000750200000, 0x0000000750200000| Untracked 
|  44|0x0000000750400000, 0x0000000750400000, 0x0000000750600000|  0%| F|  |TAMS 0x0000000750400000, 0x0000000750400000| Untracked 
|  45|0x0000000750600000, 0x0000000750600000, 0x0000000750800000|  0%| F|  |TAMS 0x0000000750600000, 0x0000000750600000| Untracked 
|  46|0x0000000750800000, 0x0000000750800000, 0x0000000750a00000|  0%| F|  |TAMS 0x0000000750800000, 0x0000000750800000| Untracked 
|  47|0x0000000750a00000, 0x0000000750a00000, 0x0000000750c00000|  0%| F|  |TAMS 0x0000000750a00000, 0x0000000750a00000| Untracked 
|  48|0x0000000750c00000, 0x0000000750c00000, 0x0000000750e00000|  0%| F|  |TAMS 0x0000000750c00000, 0x0000000750c00000| Untracked 
|  49|0x0000000750e00000, 0x0000000750e00000, 0x0000000751000000|  0%| F|  |TAMS 0x0000000750e00000, 0x0000000750e00000| Untracked 
|  50|0x0000000751000000, 0x0000000751000000, 0x0000000751200000|  0%| F|  |TAMS 0x0000000751000000, 0x0000000751000000| Untracked 
|  51|0x0000000751200000, 0x0000000751200000, 0x0000000751400000|  0%| F|  |TAMS 0x0000000751200000, 0x0000000751200000| Untracked 
|  52|0x0000000751400000, 0x0000000751400000, 0x0000000751600000|  0%| F|  |TAMS 0x0000000751400000, 0x0000000751400000| Untracked 
|  53|0x0000000751600000, 0x0000000751600000, 0x0000000751800000|  0%| F|  |TAMS 0x0000000751600000, 0x0000000751600000| Untracked 
|  54|0x0000000751800000, 0x0000000751800000, 0x0000000751a00000|  0%| F|  |TAMS 0x0000000751800000, 0x0000000751800000| Untracked 
|  55|0x0000000751a00000, 0x0000000751a00000, 0x0000000751c00000|  0%| F|  |TAMS 0x0000000751a00000, 0x0000000751a00000| Untracked 
|  56|0x0000000751c00000, 0x0000000751c00000, 0x0000000751e00000|  0%| F|  |TAMS 0x0000000751c00000, 0x0000000751c00000| Untracked 
|  57|0x0000000751e00000, 0x0000000751e00000, 0x0000000752000000|  0%| F|  |TAMS 0x0000000751e00000, 0x0000000751e00000| Untracked 
|  58|0x0000000752000000, 0x0000000752000000, 0x0000000752200000|  0%| F|  |TAMS 0x0000000752000000, 0x0000000752000000| Untracked 
|  59|0x0000000752200000, 0x0000000752200000, 0x0000000752400000|  0%| F|  |TAMS 0x0000000752200000, 0x0000000752200000| Untracked 
|  60|0x0000000752400000, 0x0000000752400000, 0x0000000752600000|  0%| F|  |TAMS 0x0000000752400000, 0x0000000752400000| Untracked 
|  61|0x0000000752600000, 0x0000000752600000, 0x0000000752800000|  0%| F|  |TAMS 0x0000000752600000, 0x0000000752600000| Untracked 
|  62|0x0000000752800000, 0x0000000752800000, 0x0000000752a00000|  0%| F|  |TAMS 0x0000000752800000, 0x0000000752800000| Untracked 
|  63|0x0000000752a00000, 0x0000000752a00000, 0x0000000752c00000|  0%| F|  |TAMS 0x0000000752a00000, 0x0000000752a00000| Untracked 
|  64|0x0000000752c00000, 0x0000000752c00000, 0x0000000752e00000|  0%| F|  |TAMS 0x0000000752c00000, 0x0000000752c00000| Untracked 
|  65|0x0000000752e00000, 0x0000000752e00000, 0x0000000753000000|  0%| F|  |TAMS 0x0000000752e00000, 0x0000000752e00000| Untracked 
|  66|0x0000000753000000, 0x0000000753000000, 0x0000000753200000|  0%| F|  |TAMS 0x0000000753000000, 0x0000000753000000| Untracked 
|  67|0x0000000753200000, 0x0000000753200000, 0x0000000753400000|  0%| F|  |TAMS 0x0000000753200000, 0x0000000753200000| Untracked 
|  68|0x0000000753400000, 0x0000000753400000, 0x0000000753600000|  0%| F|  |TAMS 0x0000000753400000, 0x0000000753400000| Untracked 
|  69|0x0000000753600000, 0x0000000753600000, 0x0000000753800000|  0%| F|  |TAMS 0x0000000753600000, 0x0000000753600000| Untracked 
|  70|0x0000000753800000, 0x0000000753800000, 0x0000000753a00000|  0%| F|  |TAMS 0x0000000753800000, 0x0000000753800000| Untracked 
|  71|0x0000000753a00000, 0x0000000753a00000, 0x0000000753c00000|  0%| F|  |TAMS 0x0000000753a00000, 0x0000000753a00000| Untracked 
|  72|0x0000000753c00000, 0x0000000753c00000, 0x0000000753e00000|  0%| F|  |TAMS 0x0000000753c00000, 0x0000000753c00000| Untracked 
|  73|0x0000000753e00000, 0x0000000753e00000, 0x0000000754000000|  0%| F|  |TAMS 0x0000000753e00000, 0x0000000753e00000| Untracked 
|  74|0x0000000754000000, 0x0000000754000000, 0x0000000754200000|  0%| F|  |TAMS 0x0000000754000000, 0x0000000754000000| Untracked 
|  75|0x0000000754200000, 0x0000000754200000, 0x0000000754400000|  0%| F|  |TAMS 0x0000000754200000, 0x0000000754200000| Untracked 
|  76|0x0000000754400000, 0x0000000754400000, 0x0000000754600000|  0%| F|  |TAMS 0x0000000754400000, 0x0000000754400000| Untracked 
|  77|0x0000000754600000, 0x0000000754600000, 0x0000000754800000|  0%| F|  |TAMS 0x0000000754600000, 0x0000000754600000| Untracked 
|  78|0x0000000754800000, 0x0000000754800000, 0x0000000754a00000|  0%| F|  |TAMS 0x0000000754800000, 0x0000000754800000| Untracked 
|  79|0x0000000754a00000, 0x0000000754a00000, 0x0000000754c00000|  0%| F|  |TAMS 0x0000000754a00000, 0x0000000754a00000| Untracked 
|  80|0x0000000754c00000, 0x0000000754c00000, 0x0000000754e00000|  0%| F|  |TAMS 0x0000000754c00000, 0x0000000754c00000| Untracked 
|  81|0x0000000754e00000, 0x0000000754e00000, 0x0000000755000000|  0%| F|  |TAMS 0x0000000754e00000, 0x0000000754e00000| Untracked 
|  82|0x0000000755000000, 0x0000000755000000, 0x0000000755200000|  0%| F|  |TAMS 0x0000000755000000, 0x0000000755000000| Untracked 
|  83|0x0000000755200000, 0x0000000755200000, 0x0000000755400000|  0%| F|  |TAMS 0x0000000755200000, 0x0000000755200000| Untracked 
|  84|0x0000000755400000, 0x0000000755400000, 0x0000000755600000|  0%| F|  |TAMS 0x0000000755400000, 0x0000000755400000| Untracked 
|  85|0x0000000755600000, 0x0000000755600000, 0x0000000755800000|  0%| F|  |TAMS 0x0000000755600000, 0x0000000755600000| Untracked 
|  86|0x0000000755800000, 0x0000000755800000, 0x0000000755a00000|  0%| F|  |TAMS 0x0000000755800000, 0x0000000755800000| Untracked 
|  87|0x0000000755a00000, 0x0000000755a00000, 0x0000000755c00000|  0%| F|  |TAMS 0x0000000755a00000, 0x0000000755a00000| Untracked 
|  88|0x0000000755c00000, 0x0000000755c00000, 0x0000000755e00000|  0%| F|  |TAMS 0x0000000755c00000, 0x0000000755c00000| Untracked 
|  89|0x0000000755e00000, 0x0000000755e00000, 0x0000000756000000|  0%| F|  |TAMS 0x0000000755e00000, 0x0000000755e00000| Untracked 
|  90|0x0000000756000000, 0x0000000756000000, 0x0000000756200000|  0%| F|  |TAMS 0x0000000756000000, 0x0000000756000000| Untracked 
|  91|0x0000000756200000, 0x0000000756200000, 0x0000000756400000|  0%| F|  |TAMS 0x0000000756200000, 0x0000000756200000| Untracked 
|  92|0x0000000756400000, 0x0000000756400000, 0x0000000756600000|  0%| F|  |TAMS 0x0000000756400000, 0x0000000756400000| Untracked 
|  93|0x0000000756600000, 0x0000000756600000, 0x0000000756800000|  0%| F|  |TAMS 0x0000000756600000, 0x0000000756600000| Untracked 
|  94|0x0000000756800000, 0x0000000756800000, 0x0000000756a00000|  0%| F|  |TAMS 0x0000000756800000, 0x0000000756800000| Untracked 
|  95|0x0000000756a00000, 0x0000000756a00000, 0x0000000756c00000|  0%| F|  |TAMS 0x0000000756a00000, 0x0000000756a00000| Untracked 
|  96|0x0000000756c00000, 0x0000000756c00000, 0x0000000756e00000|  0%| F|  |TAMS 0x0000000756c00000, 0x0000000756c00000| Untracked 
|  97|0x0000000756e00000, 0x0000000756e00000, 0x0000000757000000|  0%| F|  |TAMS 0x0000000756e00000, 0x0000000756e00000| Untracked 
|  98|0x0000000757000000, 0x0000000757000000, 0x0000000757200000|  0%| F|  |TAMS 0x0000000757000000, 0x0000000757000000| Untracked 
|  99|0x0000000757200000, 0x0000000757200000, 0x0000000757400000|  0%| F|  |TAMS 0x0000000757200000, 0x0000000757200000| Untracked 
| 100|0x0000000757400000, 0x0000000757400000, 0x0000000757600000|  0%| F|  |TAMS 0x0000000757400000, 0x0000000757400000| Untracked 
| 101|0x0000000757600000, 0x0000000757600000, 0x0000000757800000|  0%| F|  |TAMS 0x0000000757600000, 0x0000000757600000| Untracked 
| 102|0x0000000757800000, 0x0000000757800000, 0x0000000757a00000|  0%| F|  |TAMS 0x0000000757800000, 0x0000000757800000| Untracked 
| 103|0x0000000757a00000, 0x0000000757a00000, 0x0000000757c00000|  0%| F|  |TAMS 0x0000000757a00000, 0x0000000757a00000| Untracked 
| 104|0x0000000757c00000, 0x0000000757c00000, 0x0000000757e00000|  0%| F|  |TAMS 0x0000000757c00000, 0x0000000757c00000| Untracked 
| 105|0x0000000757e00000, 0x0000000757e00000, 0x0000000758000000|  0%| F|  |TAMS 0x0000000757e00000, 0x0000000757e00000| Untracked 
| 106|0x0000000758000000, 0x0000000758000000, 0x0000000758200000|  0%| F|  |TAMS 0x0000000758000000, 0x0000000758000000| Untracked 
| 107|0x0000000758200000, 0x0000000758200000, 0x0000000758400000|  0%| F|  |TAMS 0x0000000758200000, 0x0000000758200000| Untracked 
| 108|0x0000000758400000, 0x0000000758400000, 0x0000000758600000|  0%| F|  |TAMS 0x0000000758400000, 0x0000000758400000| Untracked 
| 109|0x0000000758600000, 0x0000000758600000, 0x0000000758800000|  0%| F|  |TAMS 0x0000000758600000, 0x0000000758600000| Untracked 
| 110|0x0000000758800000, 0x0000000758800000, 0x0000000758a00000|  0%| F|  |TAMS 0x0000000758800000, 0x0000000758800000| Untracked 
| 111|0x0000000758a00000, 0x0000000758a00000, 0x0000000758c00000|  0%| F|  |TAMS 0x0000000758a00000, 0x0000000758a00000| Untracked 
| 112|0x0000000758c00000, 0x0000000758c00000, 0x0000000758e00000|  0%| F|  |TAMS 0x0000000758c00000, 0x0000000758c00000| Untracked 
| 113|0x0000000758e00000, 0x0000000758e00000, 0x0000000759000000|  0%| F|  |TAMS 0x0000000758e00000, 0x0000000758e00000| Untracked 
| 114|0x0000000759000000, 0x0000000759000000, 0x0000000759200000|  0%| F|  |TAMS 0x0000000759000000, 0x0000000759000000| Untracked 
| 115|0x0000000759200000, 0x0000000759200000, 0x0000000759400000|  0%| F|  |TAMS 0x0000000759200000, 0x0000000759200000| Untracked 
| 116|0x0000000759400000, 0x0000000759400000, 0x0000000759600000|  0%| F|  |TAMS 0x0000000759400000, 0x0000000759400000| Untracked 
| 117|0x0000000759600000, 0x0000000759600000, 0x0000000759800000|  0%| F|  |TAMS 0x0000000759600000, 0x0000000759600000| Untracked 
| 118|0x0000000759800000, 0x0000000759800000, 0x0000000759a00000|  0%| F|  |TAMS 0x0000000759800000, 0x0000000759800000| Untracked 
| 119|0x0000000759a00000, 0x0000000759a00000, 0x0000000759c00000|  0%| F|  |TAMS 0x0000000759a00000, 0x0000000759a00000| Untracked 
| 120|0x0000000759c00000, 0x0000000759c00000, 0x0000000759e00000|  0%| F|  |TAMS 0x0000000759c00000, 0x0000000759c00000| Untracked 
| 121|0x0000000759e00000, 0x0000000759e00000, 0x000000075a000000|  0%| F|  |TAMS 0x0000000759e00000, 0x0000000759e00000| Untracked 
| 122|0x000000075a000000, 0x000000075a000000, 0x000000075a200000|  0%| F|  |TAMS 0x000000075a000000, 0x000000075a000000| Untracked 
| 123|0x000000075a200000, 0x000000075a200000, 0x000000075a400000|  0%| F|  |TAMS 0x000000075a200000, 0x000000075a200000| Untracked 
| 124|0x000000075a400000, 0x000000075a400000, 0x000000075a600000|  0%| F|  |TAMS 0x000000075a400000, 0x000000075a400000| Untracked 
| 125|0x000000075a600000, 0x000000075a600000, 0x000000075a800000|  0%| F|  |TAMS 0x000000075a600000, 0x000000075a600000| Untracked 
| 126|0x000000075a800000, 0x000000075a800000, 0x000000075aa00000|  0%| F|  |TAMS 0x000000075a800000, 0x000000075a800000| Untracked 
| 127|0x000000075aa00000, 0x000000075aa00000, 0x000000075ac00000|  0%| F|  |TAMS 0x000000075aa00000, 0x000000075aa00000| Untracked 
| 128|0x000000075ac00000, 0x000000075ac00000, 0x000000075ae00000|  0%| F|  |TAMS 0x000000075ac00000, 0x000000075ac00000| Untracked 
| 129|0x000000075ae00000, 0x000000075ae00000, 0x000000075b000000|  0%| F|  |TAMS 0x000000075ae00000, 0x000000075ae00000| Untracked 
| 130|0x000000075b000000, 0x000000075b000000, 0x000000075b200000|  0%| F|  |TAMS 0x000000075b000000, 0x000000075b000000| Untracked 
| 131|0x000000075b200000, 0x000000075b200000, 0x000000075b400000|  0%| F|  |TAMS 0x000000075b200000, 0x000000075b200000| Untracked 
| 132|0x000000075b400000, 0x000000075b400000, 0x000000075b600000|  0%| F|  |TAMS 0x000000075b400000, 0x000000075b400000| Untracked 
| 133|0x000000075b600000, 0x000000075b600000, 0x000000075b800000|  0%| F|  |TAMS 0x000000075b600000, 0x000000075b600000| Untracked 
| 134|0x000000075b800000, 0x000000075b800000, 0x000000075ba00000|  0%| F|  |TAMS 0x000000075b800000, 0x000000075b800000| Untracked 
| 135|0x000000075ba00000, 0x000000075ba00000, 0x000000075bc00000|  0%| F|  |TAMS 0x000000075ba00000, 0x000000075ba00000| Untracked 
| 136|0x000000075bc00000, 0x000000075bc00000, 0x000000075be00000|  0%| F|  |TAMS 0x000000075bc00000, 0x000000075bc00000| Untracked 
| 137|0x000000075be00000, 0x000000075be00000, 0x000000075c000000|  0%| F|  |TAMS 0x000000075be00000, 0x000000075be00000| Untracked 
| 138|0x000000075c000000, 0x000000075c000000, 0x000000075c200000|  0%| F|  |TAMS 0x000000075c000000, 0x000000075c000000| Untracked 
| 139|0x000000075c200000, 0x000000075c200000, 0x000000075c400000|  0%| F|  |TAMS 0x000000075c200000, 0x000000075c200000| Untracked 
| 140|0x000000075c400000, 0x000000075c400000, 0x000000075c600000|  0%| F|  |TAMS 0x000000075c400000, 0x000000075c400000| Untracked 
| 141|0x000000075c600000, 0x000000075c600000, 0x000000075c800000|  0%| F|  |TAMS 0x000000075c600000, 0x000000075c600000| Untracked 
| 142|0x000000075c800000, 0x000000075c800000, 0x000000075ca00000|  0%| F|  |TAMS 0x000000075c800000, 0x000000075c800000| Untracked 
| 143|0x000000075ca00000, 0x000000075ca00000, 0x000000075cc00000|  0%| F|  |TAMS 0x000000075ca00000, 0x000000075ca00000| Untracked 
| 144|0x000000075cc00000, 0x000000075cc00000, 0x000000075ce00000|  0%| F|  |TAMS 0x000000075cc00000, 0x000000075cc00000| Untracked 
| 145|0x000000075ce00000, 0x000000075ce00000, 0x000000075d000000|  0%| F|  |TAMS 0x000000075ce00000, 0x000000075ce00000| Untracked 
| 146|0x000000075d000000, 0x000000075d000000, 0x000000075d200000|  0%| F|  |TAMS 0x000000075d000000, 0x000000075d000000| Untracked 
| 147|0x000000075d200000, 0x000000075d200000, 0x000000075d400000|  0%| F|  |TAMS 0x000000075d200000, 0x000000075d200000| Untracked 
| 148|0x000000075d400000, 0x000000075d400000, 0x000000075d600000|  0%| F|  |TAMS 0x000000075d400000, 0x000000075d400000| Untracked 
| 149|0x000000075d600000, 0x000000075d600000, 0x000000075d800000|  0%| F|  |TAMS 0x000000075d600000, 0x000000075d600000| Untracked 
| 150|0x000000075d800000, 0x000000075d800000, 0x000000075da00000|  0%| F|  |TAMS 0x000000075d800000, 0x000000075d800000| Untracked 
| 151|0x000000075da00000, 0x000000075da00000, 0x000000075dc00000|  0%| F|  |TAMS 0x000000075da00000, 0x000000075da00000| Untracked 
| 152|0x000000075dc00000, 0x000000075dc00000, 0x000000075de00000|  0%| F|  |TAMS 0x000000075dc00000, 0x000000075dc00000| Untracked 
| 153|0x000000075de00000, 0x000000075de00000, 0x000000075e000000|  0%| F|  |TAMS 0x000000075de00000, 0x000000075de00000| Untracked 
| 154|0x000000075e000000, 0x000000075e000000, 0x000000075e200000|  0%| F|  |TAMS 0x000000075e000000, 0x000000075e000000| Untracked 
| 155|0x000000075e200000, 0x000000075e200000, 0x000000075e400000|  0%| F|  |TAMS 0x000000075e200000, 0x000000075e200000| Untracked 
| 156|0x000000075e400000, 0x000000075e400000, 0x000000075e600000|  0%| F|  |TAMS 0x000000075e400000, 0x000000075e400000| Untracked 
| 157|0x000000075e600000, 0x000000075e600000, 0x000000075e800000|  0%| F|  |TAMS 0x000000075e600000, 0x000000075e600000| Untracked 
| 158|0x000000075e800000, 0x000000075e800000, 0x000000075ea00000|  0%| F|  |TAMS 0x000000075e800000, 0x000000075e800000| Untracked 
| 159|0x000000075ea00000, 0x000000075ea00000, 0x000000075ec00000|  0%| F|  |TAMS 0x000000075ea00000, 0x000000075ea00000| Untracked 
| 160|0x000000075ec00000, 0x000000075ec00000, 0x000000075ee00000|  0%| F|  |TAMS 0x000000075ec00000, 0x000000075ec00000| Untracked 
| 161|0x000000075ee00000, 0x000000075ee00000, 0x000000075f000000|  0%| F|  |TAMS 0x000000075ee00000, 0x000000075ee00000| Untracked 
| 162|0x000000075f000000, 0x000000075f000000, 0x000000075f200000|  0%| F|  |TAMS 0x000000075f000000, 0x000000075f000000| Untracked 
| 163|0x000000075f200000, 0x000000075f200000, 0x000000075f400000|  0%| F|  |TAMS 0x000000075f200000, 0x000000075f200000| Untracked 
| 164|0x000000075f400000, 0x000000075f400000, 0x000000075f600000|  0%| F|  |TAMS 0x000000075f400000, 0x000000075f400000| Untracked 
| 165|0x000000075f600000, 0x000000075f600000, 0x000000075f800000|  0%| F|  |TAMS 0x000000075f600000, 0x000000075f600000| Untracked 
| 166|0x000000075f800000, 0x000000075f800000, 0x000000075fa00000|  0%| F|  |TAMS 0x000000075f800000, 0x000000075f800000| Untracked 
| 167|0x000000075fa00000, 0x000000075fa00000, 0x000000075fc00000|  0%| F|  |TAMS 0x000000075fa00000, 0x000000075fa00000| Untracked 
| 168|0x000000075fc00000, 0x000000075fc00000, 0x000000075fe00000|  0%| F|  |TAMS 0x000000075fc00000, 0x000000075fc00000| Untracked 
| 169|0x000000075fe00000, 0x000000075fe00000, 0x0000000760000000|  0%| F|  |TAMS 0x000000075fe00000, 0x000000075fe00000| Untracked 
| 170|0x0000000760000000, 0x0000000760000000, 0x0000000760200000|  0%| F|  |TAMS 0x0000000760000000, 0x0000000760000000| Untracked 
| 171|0x0000000760200000, 0x0000000760200000, 0x0000000760400000|  0%| F|  |TAMS 0x0000000760200000, 0x0000000760200000| Untracked 
| 172|0x0000000760400000, 0x0000000760400000, 0x0000000760600000|  0%| F|  |TAMS 0x0000000760400000, 0x0000000760400000| Untracked 
| 173|0x0000000760600000, 0x0000000760600000, 0x0000000760800000|  0%| F|  |TAMS 0x0000000760600000, 0x0000000760600000| Untracked 
| 174|0x0000000760800000, 0x00000007608919b0, 0x0000000760a00000| 28%| S|CS|TAMS 0x0000000760800000, 0x0000000760800000| Complete 
| 175|0x0000000760a00000, 0x0000000760a00000, 0x0000000760c00000|  0%| F|  |TAMS 0x0000000760a00000, 0x0000000760a00000| Untracked 
| 176|0x0000000760c00000, 0x0000000760c00000, 0x0000000760e00000|  0%| F|  |TAMS 0x0000000760c00000, 0x0000000760c00000| Untracked 
| 177|0x0000000760e00000, 0x0000000760e00000, 0x0000000761000000|  0%| F|  |TAMS 0x0000000760e00000, 0x0000000760e00000| Untracked 
| 178|0x0000000761000000, 0x0000000761000000, 0x0000000761200000|  0%| F|  |TAMS 0x0000000761000000, 0x0000000761000000| Untracked 
| 179|0x0000000761200000, 0x0000000761200000, 0x0000000761400000|  0%| F|  |TAMS 0x0000000761200000, 0x0000000761200000| Untracked 
| 180|0x0000000761400000, 0x0000000761400000, 0x0000000761600000|  0%| F|  |TAMS 0x0000000761400000, 0x0000000761400000| Untracked 
| 181|0x0000000761600000, 0x0000000761600000, 0x0000000761800000|  0%| F|  |TAMS 0x0000000761600000, 0x0000000761600000| Untracked 

Card table byte_map: [0x000001e7dbe50000,0x000001e7dc400000] _byte_map_base: 0x000001e7d83fa000

Marking Bits (Prev, Next): (CMBitMap*) 0x000001e7c89bf350, (CMBitMap*) 0x000001e7c89bf390
 Prev Bits: [0x000001e7dc9b0000, 0x000001e7df700000)
 Next Bits: [0x000001e7df700000, 0x000001e7e2450000)

Polling page: 0x000001e7c68e0000

Metaspace:

Usage:
  Non-class:     13.59 MB used.
      Class:      1.52 MB used.
       Both:     15.11 MB used.

Virtual space:
  Non-class space:       64.00 MB reserved,      13.69 MB ( 21%) committed,  1 nodes.
      Class space:        1.00 GB reserved,       1.62 MB ( <1%) committed,  1 nodes.
             Both:        1.06 GB reserved,      15.31 MB (  1%) committed. 

Chunk freelists:
   Non-Class:  2.16 MB
       Class:  14.24 MB
        Both:  16.40 MB

MaxMetaspaceSize: unlimited
CompressedClassSpaceSize: 1.00 GB
Initial GC threshold: 21.00 MB
Current GC threshold: 21.00 MB
CDS: off
MetaspaceReclaimPolicy: balanced
 - commit_granule_bytes: 65536.
 - commit_granule_words: 8192.
 - virtual_space_node_default_size: 8388608.
 - enlarge_chunks_in_place: 1.
 - new_chunks_are_fully_committed: 0.
 - uncommit_free_chunks: 1.
 - use_allocation_guard: 0.
 - handle_deallocations: 1.


Internal statistics:

num_allocs_failed_limit: 0.
num_arena_births: 128.
num_arena_deaths: 0.
num_vsnodes_births: 2.
num_vsnodes_deaths: 0.
num_space_committed: 245.
num_space_uncommitted: 0.
num_chunks_returned_to_freelist: 0.
num_chunks_taken_from_freelist: 218.
num_chunk_merges: 0.
num_chunk_splits: 112.
num_chunks_enlarged: 46.
num_inconsistent_stats: 0.

CodeHeap 'non-profiled nmethods': size=119168Kb used=451Kb max_used=451Kb free=118717Kb
 bounds [0x000001e7d3bc0000, 0x000001e7d3e30000, 0x000001e7db020000]
CodeHeap 'profiled nmethods': size=119104Kb used=2256Kb max_used=2256Kb free=116847Kb
 bounds [0x000001e7cc020000, 0x000001e7cc290000, 0x000001e7d3470000]
CodeHeap 'non-nmethods': size=7488Kb used=2946Kb max_used=2989Kb free=4541Kb
 bounds [0x000001e7d3470000, 0x000001e7d3770000, 0x000001e7d3bc0000]
 total_blobs=1826 nmethods=1246 adapters=490
 compilation: enabled
              stopped_count=0, restarted_count=0
 full_count=0

Compilation events (20 events):
Event: 2.392 Thread 0x000001e7e5607d60 1238       3       sun.awt.SunToolkit::setSystemGenerated (10 bytes)
Event: 2.392 Thread 0x000001e7e5610c60 1239       3       sun.awt.AWTAccessor::getAWTEventAccessor (15 bytes)
Event: 2.392 Thread 0x000001e7e560c690 1240       3       java.awt.AWTEvent$1::setSystemGenerated (6 bytes)
Event: 2.392 Thread 0x000001e7e560c690 nmethod 1240 0x000001e7cc24cc10 code [0x000001e7cc24cda0, 0x000001e7cc24ceb8]
Event: 2.393 Thread 0x000001e7e5610c60 nmethod 1239 0x000001e7cc24cf90 code [0x000001e7cc24d180, 0x000001e7cc24d528]
Event: 2.393 Thread 0x000001e7e5607d60 nmethod 1238 0x000001e7cc24d710 code [0x000001e7cc24d900, 0x000001e7cc24dde8]
Event: 2.448 Thread 0x000001e7e560c690 1241       3       sun.awt.SunToolkit::postEvent (144 bytes)
Event: 2.448 Thread 0x000001e7e5607d60 1242   !   3       sun.awt.AWTAccessor::getSequencedEventAccessor (22 bytes)
Event: 2.449 Thread 0x000001e7e5607d60 nmethod 1242 0x000001e7cc24e090 code [0x000001e7cc24e280, 0x000001e7cc24e698]
Event: 2.449 Thread 0x000001e7e5607d60 1243       3       java.awt.SequencedEvent$1::isSequencedEvent (5 bytes)
Event: 2.449 Thread 0x000001e7e549fe50 1244   !   3       sun.awt.PostEventQueue::postEvent (81 bytes)
Event: 2.449 Thread 0x000001e7e5607d60 nmethod 1243 0x000001e7cc24e910 code [0x000001e7cc24eaa0, 0x000001e7cc24ecb8]
Event: 2.449 Thread 0x000001e7e5610c60 1245       3       sun.awt.SunToolkit::wakeupEventQueue (11 bytes)
Event: 2.449 Thread 0x000001e7e5607d60 1246       3       sun.awt.AWTAccessor::getEventQueueAccessor (15 bytes)
Event: 2.450 Thread 0x000001e7e5607d60 nmethod 1246 0x000001e7cc251910 code [0x000001e7cc251b00, 0x000001e7cc251ec8]
Event: 2.450 Thread 0x000001e7e5607d60 1247       3       java.awt.EventQueue$2::wakeup (6 bytes)
Event: 2.450 Thread 0x000001e7e5610c60 nmethod 1245 0x000001e7cc252090 code [0x000001e7cc2522a0, 0x000001e7cc2527d8]
Event: 2.450 Thread 0x000001e7e560c690 nmethod 1241 0x000001e7cc24ed90 code [0x000001e7cc24f160, 0x000001e7cc250f28]
Event: 2.450 Thread 0x000001e7e549fe50 nmethod 1244 0x000001e7cc252a90 code [0x000001e7cc252ce0, 0x000001e7cc253878]
Event: 2.450 Thread 0x000001e7e5607d60 nmethod 1247 0x000001e7cc253d10 code [0x000001e7cc253ec0, 0x000001e7cc254008]

GC Heap History (19 events):
Event: 1.406 GC heap before
{Heap before GC invocations=0 (full 0):
 garbage-first heap   total 186368K, used 22528K [0x000000074ac00000, 0x0000000800000000)
  region size 2048K, 11 young (22528K), 0 survivors (0K)
 Metaspace       used 15365K, committed 15616K, reserved 1114112K
  class space    used 1560K, committed 1664K, reserved 1048576K
}
Event: 1.410 GC heap after
{Heap after GC invocations=1 (full 0):
 garbage-first heap   total 186368K, used 3095K [0x000000074ac00000, 0x0000000800000000)
  region size 2048K, 2 young (4096K), 2 survivors (4096K)
 Metaspace       used 15365K, committed 15616K, reserved 1114112K
  class space    used 1560K, committed 1664K, reserved 1048576K
}
Event: 1.449 GC heap before
{Heap before GC invocations=1 (full 0):
 garbage-first heap   total 186368K, used 35863K [0x000000074ac00000, 0x0000000800000000)
  region size 2048K, 19 young (38912K), 2 survivors (4096K)
 Metaspace       used 15370K, committed 15616K, reserved 1114112K
  class space    used 1560K, committed 1664K, reserved 1048576K
}
Event: 1.452 GC heap after
{Heap after GC invocations=2 (full 0):
 garbage-first heap   total 186368K, used 4452K [0x000000074ac00000, 0x0000000800000000)
  region size 2048K, 3 young (6144K), 3 survivors (6144K)
 Metaspace       used 15370K, committed 15616K, reserved 1114112K
  class space    used 1560K, committed 1664K, reserved 1048576K
}
Event: 1.549 GC heap before
{Heap before GC invocations=2 (full 0):
 garbage-first heap   total 186368K, used 119140K [0x000000074ac00000, 0x0000000800000000)
  region size 2048K, 54 young (110592K), 3 survivors (6144K)
 Metaspace       used 15376K, committed 15616K, reserved 1114112K
  class space    used 1560K, committed 1664K, reserved 1048576K
}
Event: 1.555 GC heap after
{Heap after GC invocations=3 (full 0):
 garbage-first heap   total 186368K, used 13082K [0x000000074ac00000, 0x0000000800000000)
  region size 2048K, 2 young (4096K), 2 survivors (4096K)
 Metaspace       used 15376K, committed 15616K, reserved 1114112K
  class space    used 1560K, committed 1664K, reserved 1048576K
}
Event: 1.604 GC heap before
{Heap before GC invocations=3 (full 0):
 garbage-first heap   total 186368K, used 125722K [0x000000074ac00000, 0x0000000800000000)
  region size 2048K, 54 young (110592K), 2 survivors (4096K)
 Metaspace       used 15387K, committed 15616K, reserved 1114112K
  class space    used 1560K, committed 1664K, reserved 1048576K
}
Event: 1.612 GC heap after
{Heap after GC invocations=4 (full 0):
 garbage-first heap   total 186368K, used 19359K [0x000000074ac00000, 0x0000000800000000)
  region size 2048K, 2 young (4096K), 2 survivors (4096K)
 Metaspace       used 15387K, committed 15616K, reserved 1114112K
  class space    used 1560K, committed 1664K, reserved 1048576K
}
Event: 1.667 GC heap before
{Heap before GC invocations=4 (full 0):
 garbage-first heap   total 186368K, used 134047K [0x000000074ac00000, 0x0000000800000000)
  region size 2048K, 54 young (110592K), 2 survivors (4096K)
 Metaspace       used 15389K, committed 15616K, reserved 1114112K
  class space    used 1560K, committed 1664K, reserved 1048576K
}
Event: 1.677 GC heap after
{Heap after GC invocations=5 (full 0):
 garbage-first heap   total 186368K, used 27396K [0x000000074ac00000, 0x0000000800000000)
  region size 2048K, 2 young (4096K), 2 survivors (4096K)
 Metaspace       used 15389K, committed 15616K, reserved 1114112K
  class space    used 1560K, committed 1664K, reserved 1048576K
}
Event: 1.742 GC heap before
{Heap before GC invocations=5 (full 0):
 garbage-first heap   total 186368K, used 146180K [0x000000074ac00000, 0x0000000800000000)
  region size 2048K, 54 young (110592K), 2 survivors (4096K)
 Metaspace       used 15395K, committed 15616K, reserved 1114112K
  class space    used 1560K, committed 1664K, reserved 1048576K
}
Event: 1.774 GC heap after
{Heap after GC invocations=6 (full 0):
 garbage-first heap   total 372736K, used 39839K [0x000000074ac00000, 0x0000000800000000)
  region size 2048K, 2 young (4096K), 2 survivors (4096K)
 Metaspace       used 15395K, committed 15616K, reserved 1114112K
  class space    used 1560K, committed 1664K, reserved 1048576K
}
Event: 2.078 GC heap before
{Heap before GC invocations=6 (full 0):
 garbage-first heap   total 372736K, used 177055K [0x000000074ac00000, 0x0000000800000000)
  region size 2048K, 61 young (124928K), 2 survivors (4096K)
 Metaspace       used 15413K, committed 15616K, reserved 1114112K
  class space    used 1560K, committed 1664K, reserved 1048576K
}
Event: 2.098 GC heap after
{Heap after GC invocations=7 (full 0):
 garbage-first heap   total 372736K, used 56123K [0x000000074ac00000, 0x0000000800000000)
  region size 2048K, 2 young (4096K), 2 survivors (4096K)
 Metaspace       used 15413K, committed 15616K, reserved 1114112K
  class space    used 1560K, committed 1664K, reserved 1048576K
}
Event: 2.239 GC heap before
{Heap before GC invocations=7 (full 0):
 garbage-first heap   total 372736K, used 217915K [0x000000074ac00000, 0x0000000800000000)
  region size 2048K, 81 young (165888K), 2 survivors (4096K)
 Metaspace       used 15427K, committed 15616K, reserved 1114112K
  class space    used 1560K, committed 1664K, reserved 1048576K
}
Event: 2.260 GC heap after
{Heap after GC invocations=8 (full 0):
 garbage-first heap   total 372736K, used 56112K [0x000000074ac00000, 0x0000000800000000)
  region size 2048K, 2 young (4096K), 2 survivors (4096K)
 Metaspace       used 15427K, committed 15616K, reserved 1114112K
  class space    used 1560K, committed 1664K, reserved 1048576K
}
Event: 2.418 GC heap before
{Heap before GC invocations=8 (full 0):
 garbage-first heap   total 372736K, used 299824K [0x000000074ac00000, 0x0000000800000000)
  region size 2048K, 109 young (223232K), 2 survivors (4096K)
 Metaspace       used 15468K, committed 15680K, reserved 1114112K
  class space    used 1560K, committed 1664K, reserved 1048576K
}
Event: 2.448 GC heap after
{Heap after GC invocations=9 (full 0):
 garbage-first heap   total 372736K, used 80816K [0x000000074ac00000, 0x0000000800000000)
  region size 2048K, 2 young (4096K), 2 survivors (4096K)
 Metaspace       used 15468K, committed 15680K, reserved 1114112K
  class space    used 1560K, committed 1664K, reserved 1048576K
}
Event: 2.458 GC heap before
{Heap before GC invocations=9 (full 0):
 garbage-first heap   total 372736K, used 95152K [0x000000074ac00000, 0x0000000800000000)
  region size 2048K, 9 young (18432K), 2 survivors (4096K)
 Metaspace       used 15474K, committed 15680K, reserved 1114112K
  class space    used 1560K, committed 1664K, reserved 1048576K
}

Dll operation events (8 events):
Event: 0.010 Loaded shared library C:\Users\mulau\.p2\pool\plugins\org.eclipse.justj.openjdk.hotspot.jre.full.win32.x86_64_17.0.7.v20230425-1502\jre\bin\java.dll
Event: 0.102 Loaded shared library C:\Users\mulau\.p2\pool\plugins\org.eclipse.justj.openjdk.hotspot.jre.full.win32.x86_64_17.0.7.v20230425-1502\jre\bin\net.dll
Event: 0.105 Loaded shared library C:\Users\mulau\.p2\pool\plugins\org.eclipse.justj.openjdk.hotspot.jre.full.win32.x86_64_17.0.7.v20230425-1502\jre\bin\nio.dll
Event: 0.110 Loaded shared library C:\Users\mulau\.p2\pool\plugins\org.eclipse.justj.openjdk.hotspot.jre.full.win32.x86_64_17.0.7.v20230425-1502\jre\bin\zip.dll
Event: 0.134 Loaded shared library C:\Users\mulau\.p2\pool\plugins\org.eclipse.justj.openjdk.hotspot.jre.full.win32.x86_64_17.0.7.v20230425-1502\jre\bin\jimage.dll
Event: 0.164 Loaded shared library C:\Users\mulau\.p2\pool\plugins\org.eclipse.justj.openjdk.hotspot.jre.full.win32.x86_64_17.0.7.v20230425-1502\jre\bin\awt.dll
Event: 0.464 Loaded shared library C:\Users\mulau\.p2\pool\plugins\org.eclipse.justj.openjdk.hotspot.jre.full.win32.x86_64_17.0.7.v20230425-1502\jre\bin\freetype.dll
Event: 0.467 Loaded shared library C:\Users\mulau\.p2\pool\plugins\org.eclipse.justj.openjdk.hotspot.jre.full.win32.x86_64_17.0.7.v20230425-1502\jre\bin\fontmanager.dll

Deoptimization events (20 events):
Event: 1.437 Thread 0x000001e7ea7ac5c0 Uncommon trap: trap_request=0xffffffcc fr.pc=0x000001e7d3c0e074 relative=0x0000000000000154
Event: 1.437 Thread 0x000001e7ea7ac5c0 Uncommon trap: reason=intrinsic_or_type_checked_inlining action=make_not_entrant pc=0x000001e7d3c0e074 method=java.util.ArrayList$SubList.toArray([Ljava/lang/Object;)[Ljava/lang/Object; @ 58 c2
Event: 1.437 Thread 0x000001e7ea7ac5c0 DEOPT PACKING pc=0x000001e7d3c0e074 sp=0x000000ba653fef70
Event: 1.437 Thread 0x000001e7ea7ac5c0 DEOPT UNPACKING pc=0x000001e7d34c69a3 sp=0x000000ba653fef10 mode 2
Event: 1.455 Thread 0x000001e7ea7ac5c0 Uncommon trap: trap_request=0xffffffcc fr.pc=0x000001e7d3c12218 relative=0x0000000000002758
Event: 1.455 Thread 0x000001e7ea7ac5c0 Uncommon trap: reason=intrinsic_or_type_checked_inlining action=make_not_entrant pc=0x000001e7d3c12218 method=java.util.ArrayList$SubList.toArray([Ljava/lang/Object;)[Ljava/lang/Object; @ 58 c2
Event: 1.455 Thread 0x000001e7ea7ac5c0 DEOPT PACKING pc=0x000001e7d3c12218 sp=0x000000ba653ff060
Event: 1.455 Thread 0x000001e7ea7ac5c0 DEOPT UNPACKING pc=0x000001e7d34c69a3 sp=0x000000ba653fefb8 mode 2
Event: 1.578 Thread 0x000001e7ea4574b0 Uncommon trap: trap_request=0xffffff45 fr.pc=0x000001e7d3c0d480 relative=0x0000000000000340
Event: 1.578 Thread 0x000001e7ea4574b0 Uncommon trap: reason=unstable_if action=reinterpret pc=0x000001e7d3c0d480 method=java.lang.Integer.parseInt(Ljava/lang/String;I)I @ 105 c2
Event: 1.578 Thread 0x000001e7ea4574b0 DEOPT PACKING pc=0x000001e7d3c0d480 sp=0x000000ba64fff2a0
Event: 1.578 Thread 0x000001e7ea4574b0 DEOPT UNPACKING pc=0x000001e7d34c69a3 sp=0x000000ba64fff1a8 mode 2
Event: 1.774 Thread 0x000001e7ea4574b0 Uncommon trap: trap_request=0xffffff45 fr.pc=0x000001e7d3c07d3c relative=0x00000000000003fc
Event: 1.774 Thread 0x000001e7ea4574b0 Uncommon trap: reason=unstable_if action=reinterpret pc=0x000001e7d3c07d3c method=java.lang.Integer.parseInt(Ljava/lang/String;I)I @ 105 c2
Event: 1.774 Thread 0x000001e7ea4574b0 DEOPT PACKING pc=0x000001e7d3c07d3c sp=0x000000ba64fff250
Event: 1.774 Thread 0x000001e7ea4574b0 DEOPT UNPACKING pc=0x000001e7d34c69a3 sp=0x000000ba64fff1c0 mode 2
Event: 1.970 Thread 0x000001e7ea4574b0 DEOPT PACKING pc=0x000001e7cc1faab5 sp=0x000000ba64fff3d0
Event: 1.970 Thread 0x000001e7ea4574b0 DEOPT UNPACKING pc=0x000001e7d34c7143 sp=0x000000ba64ffe888 mode 0
Event: 1.970 Thread 0x000001e7ea4574b0 DEOPT PACKING pc=0x000001e7cc1faab5 sp=0x000000ba64fff3b0
Event: 1.970 Thread 0x000001e7ea4574b0 DEOPT UNPACKING pc=0x000001e7d34c7143 sp=0x000000ba64ffe868 mode 0

Classes unloaded (0 events):
No events

Classes redefined (0 events):
No events

Internal exceptions (18 events):
Event: 0.150 Thread 0x000001e7c8967e80 Exception <a 'java/lang/ClassNotFoundException'{0x0000000755e10390}: sun/awt/resources/spi/awtProvider> (0x0000000755e10390) 
thrown [s\src\hotspot\share\classfile\systemDictionary.cpp, line 256]
Event: 0.182 Thread 0x000001e7c8967e80 Exception <a 'java/io/FileNotFoundException'{0x0000000755e69d58}> (0x0000000755e69d58) 
thrown [s\src\hotspot\share\prims\jni.cpp, line 516]
Event: 0.190 Thread 0x000001e7c8967e80 Exception <a 'java/io/FileNotFoundException'{0x0000000755f07990}> (0x0000000755f07990) 
thrown [s\src\hotspot\share\prims\jni.cpp, line 516]
Event: 0.240 Thread 0x000001e7c8967e80 Exception <a 'java/lang/NoSuchMethodError'{0x0000000755f61f10}: 'java.lang.Object java.lang.invoke.DirectMethodHandle$Holder.invokeStaticInit(java.lang.Object)'> (0x0000000755f61f10) 
thrown [s\src\hotspot\share\interpreter\linkResolver.cpp, line 759]
Event: 0.345 Thread 0x000001e7c8967e80 Exception <a 'java/lang/NoSuchMethodError'{0x0000000755fac890}: 'void java.lang.invoke.DirectMethodHandle$Holder.invokeSpecial(java.lang.Object, java.lang.Object, java.lang.Object)'> (0x0000000755fac890) 
thrown [s\src\hotspot\share\interpreter\linkResolver.cpp, line 759]
Event: 0.354 Thread 0x000001e7c8967e80 Exception <a 'java/lang/NoSuchMethodError'{0x0000000755c13db0}: 'java.lang.Object java.lang.invoke.DirectMethodHandle$Holder.newInvokeSpecial(java.lang.Object, java.lang.Object, java.lang.Object, java.lang.Object, java.lang.Object)'> (0x0000000755c13db0) 
thrown [s\src\hotspot\share\interpreter\linkResolver.cpp, line 759]
Event: 0.355 Thread 0x000001e7c8967e80 Exception <a 'java/lang/NoSuchMethodError'{0x0000000755c1f778}: 'java.lang.Object java.lang.invoke.DirectMethodHandle$Holder.invokeStatic(java.lang.Object, int, java.lang.Object, java.lang.Object, java.lang.Object, java.lang.Object)'> (0x0000000755c1f778) 
thrown [s\src\hotspot\share\interpreter\linkResolver.cpp, line 759]
Event: 0.358 Thread 0x000001e7c8967e80 Exception <a 'java/lang/NoSuchMethodError'{0x0000000755c44f38}: 'java.lang.Object java.lang.invoke.DirectMethodHandle$Holder.invokeStatic(java.lang.Object, int, java.lang.Object)'> (0x0000000755c44f38) 
thrown [s\src\hotspot\share\interpreter\linkResolver.cpp, line 759]
Event: 0.385 Thread 0x000001e7c8967e80 Exception <a 'java/lang/ClassNotFoundException'{0x0000000755cfcef8}: com/sun/swing/internal/plaf/metal/resources/spi/metalProvider> (0x0000000755cfcef8) 
thrown [s\src\hotspot\share\classfile\systemDictionary.cpp, line 256]
Event: 0.386 Thread 0x000001e7c8967e80 Exception <a 'java/lang/ClassNotFoundException'{0x0000000755d00d50}: com/sun/swing/internal/plaf/basic/resources/spi/basicProvider> (0x0000000755d00d50) 
thrown [s\src\hotspot\share\classfile\systemDictionary.cpp, line 256]
Event: 0.402 Thread 0x000001e7c8967e80 Exception <a 'java/lang/NoSuchMethodError'{0x0000000755d25c68}: 'void java.lang.invoke.DirectMethodHandle$Holder.invokeStatic(java.lang.Object, java.lang.Object)'> (0x0000000755d25c68) 
thrown [s\src\hotspot\share\interpreter\linkResolver.cpp, line 759]
Event: 0.424 Thread 0x000001e7c8967e80 Exception <a 'java/lang/NoSuchMethodError'{0x0000000755d9ec80}: 'java.lang.Object java.lang.invoke.DirectMethodHandle$Holder.invokeStaticInit(java.lang.Object, int, int, int, int)'> (0x0000000755d9ec80) 
thrown [s\src\hotspot\share\interpreter\linkResolver.cpp, line 759]
Event: 0.445 Thread 0x000001e7ea147ed0 Exception <a 'java/lang/NoSuchMethodError'{0x0000000755fd28a8}: 'void java.lang.invoke.DirectMethodHandle$Holder.invokeVirtual(java.lang.Object, java.lang.Object)'> (0x0000000755fd28a8) 
thrown [s\src\hotspot\share\interpreter\linkResolver.cpp, line 759]
Event: 0.460 Thread 0x000001e7c8967e80 Exception <a 'java/lang/NoSuchMethodError'{0x0000000755deb390}: 'void java.lang.invoke.DirectMethodHandle$Holder.invokeStaticInit(java.lang.Object)'> (0x0000000755deb390) 
thrown [s\src\hotspot\share\interpreter\linkResolver.cpp, line 759]
Event: 0.585 Thread 0x000001e7ea4574b0 Exception <a 'java/lang/NoSuchMethodError'{0x000000075582c710}: 'java.lang.Object java.lang.invoke.DirectMethodHandle$Holder.invokeStaticInit(java.lang.Object, java.lang.Object, int, int, int, int)'> (0x000000075582c710) 
thrown [s\src\hotspot\share\interpreter\linkResolver.cpp, line 759]
Event: 0.630 Thread 0x000001e7c8967e80 Exception <a 'java/lang/NoSuchMethodError'{0x0000000755ace8c0}: 'java.lang.Object java.lang.invoke.DirectMethodHandle$Holder.newInvokeSpecial(java.lang.Object, java.lang.Object, java.lang.Object, int)'> (0x0000000755ace8c0) 
thrown [s\src\hotspot\share\interpreter\linkResolver.cpp, line 759]
Event: 0.630 Thread 0x000001e7c8967e80 Exception <a 'java/lang/NoSuchMethodError'{0x0000000755ad29f8}: 'java.lang.Object java.lang.invoke.DirectMethodHandle$Holder.invokeSpecial(java.lang.Object, java.lang.Object, java.lang.Object, java.lang.Object, int)'> (0x0000000755ad29f8) 
thrown [s\src\hotspot\share\interpreter\linkResolver.cpp, line 759]
Event: 0.631 Thread 0x000001e7c8967e80 Exception <a 'java/lang/NoSuchMethodError'{0x0000000755ad6318}: 'java.lang.Object java.lang.invoke.Invokers$Holder.linkToTargetMethod(java.lang.Object, java.lang.Object, int, java.lang.Object)'> (0x0000000755ad6318) 
thrown [s\src\hotspot\share\interpreter\linkResolver.cpp, line 759]

VM Operations (20 events):
Event: 0.552 Executing VM operation: HandshakeAllThreads done
Event: 1.405 Executing VM operation: G1CollectForAllocation
Event: 1.410 Executing VM operation: G1CollectForAllocation done
Event: 1.448 Executing VM operation: G1CollectForAllocation
Event: 1.452 Executing VM operation: G1CollectForAllocation done
Event: 1.549 Executing VM operation: G1CollectForAllocation
Event: 1.555 Executing VM operation: G1CollectForAllocation done
Event: 1.604 Executing VM operation: G1CollectForAllocation
Event: 1.612 Executing VM operation: G1CollectForAllocation done
Event: 1.667 Executing VM operation: G1CollectForAllocation
Event: 1.677 Executing VM operation: G1CollectForAllocation done
Event: 1.742 Executing VM operation: G1CollectForAllocation
Event: 1.774 Executing VM operation: G1CollectForAllocation done
Event: 2.078 Executing VM operation: G1CollectForAllocation
Event: 2.098 Executing VM operation: G1CollectForAllocation done
Event: 2.239 Executing VM operation: G1CollectForAllocation
Event: 2.260 Executing VM operation: G1CollectForAllocation done
Event: 2.417 Executing VM operation: G1CollectForAllocation
Event: 2.448 Executing VM operation: G1CollectForAllocation done
Event: 2.458 Executing VM operation: G1CollectForAllocation

Events (20 events):
Event: 0.839 loading class sun/font/CMap$NullCMapClass
Event: 0.839 loading class sun/font/CMap$NullCMapClass done
Event: 0.839 loading class sun/font/CMap$CMapFormat4
Event: 0.840 loading class sun/font/CMap$CMapFormat4 done
Event: 0.840 loading class java/nio/ByteBufferAsCharBufferB
Event: 0.840 loading class java/nio/ByteBufferAsCharBufferB done
Event: 0.841 loading class jdk/internal/misc/ScopedMemoryAccess$Scope
Event: 0.841 loading class jdk/internal/misc/ScopedMemoryAccess$Scope done
Event: 0.842 loading class sun/font/FileFontStrike
Event: 0.842 loading class sun/font/FileFontStrike done
Event: 0.842 loading class sun/font/FontScaler
Event: 0.842 loading class sun/font/FontScaler done
Event: 0.842 loading class sun/font/FreetypeFontScaler
Event: 0.842 loading class sun/font/FreetypeFontScaler done
Event: 1.021 Thread 0x000001e7f0069db0 Thread added: 0x000001e7f0069db0
Event: 1.169 Thread 0x000001e7f0069db0 Thread exited: 0x000001e7f0069db0
Event: 1.397 Thread 0x000001e7f00d6640 Thread added: 0x000001e7f00d6640
Event: 1.431 Thread 0x000001e7f044a6b0 Thread added: 0x000001e7f044a6b0
Event: 1.650 Thread 0x000001e7f044a6b0 Thread exited: 0x000001e7f044a6b0
Event: 1.665 Thread 0x000001e7f00d6640 Thread exited: 0x000001e7f00d6640


Dynamic libraries:
0x00007ff740460000 - 0x00007ff74046e000 	C:\Users\mulau\.p2\pool\plugins\org.eclipse.justj.openjdk.hotspot.jre.full.win32.x86_64_17.0.7.v20230425-1502\jre\bin\javaw.exe
0x00007fffbb530000 - 0x00007fffbb744000 	C:\windows\SYSTEM32\ntdll.dll
0x00007fffb9db0000 - 0x00007fffb9e74000 	C:\windows\System32\KERNEL32.DLL
0x00007fffb8b60000 - 0x00007fffb8f04000 	C:\windows\System32\KERNELBASE.dll
0x00007fffb8f10000 - 0x00007fffb9021000 	C:\windows\System32\ucrtbase.dll
0x00007fffa0270000 - 0x00007fffa0287000 	C:\Users\mulau\.p2\pool\plugins\org.eclipse.justj.openjdk.hotspot.jre.full.win32.x86_64_17.0.7.v20230425-1502\jre\bin\jli.dll
0x00007fffa0670000 - 0x00007fffa0689000 	C:\Users\mulau\.p2\pool\plugins\org.eclipse.justj.openjdk.hotspot.jre.full.win32.x86_64_17.0.7.v20230425-1502\jre\bin\VCRUNTIME140.dll
0x00007fffbb260000 - 0x00007fffbb40e000 	C:\windows\System32\USER32.dll
0x00007fffb7ab0000 - 0x00007fffb7d43000 	C:\windows\WinSxS\amd64_microsoft.windows.common-controls_6595b64144ccf1df_6.0.22621.2215_none_270d72677387dfc3\COMCTL32.dll
0x00007fffb88b0000 - 0x00007fffb88d6000 	C:\windows\System32\win32u.dll
0x00007fffbb410000 - 0x00007fffbb4b7000 	C:\windows\System32\msvcrt.dll
0x00007fffba2a0000 - 0x00007fffba2c9000 	C:\windows\System32\GDI32.dll
0x00007fffb90b0000 - 0x00007fffb91c8000 	C:\windows\System32\gdi32full.dll
0x00007fffb88e0000 - 0x00007fffb897a000 	C:\windows\System32\msvcp_win.dll
0x00007fffb9660000 - 0x00007fffb9691000 	C:\windows\System32\IMM32.DLL
0x00007fffb3370000 - 0x00007fffb337c000 	C:\Users\mulau\.p2\pool\plugins\org.eclipse.justj.openjdk.hotspot.jre.full.win32.x86_64_17.0.7.v20230425-1502\jre\bin\vcruntime140_1.dll
0x00007fff974c0000 - 0x00007fff97551000 	C:\Users\mulau\.p2\pool\plugins\org.eclipse.justj.openjdk.hotspot.jre.full.win32.x86_64_17.0.7.v20230425-1502\jre\bin\msvcp140.dll
0x00007fff7f9d0000 - 0x00007fff80618000 	C:\Users\mulau\.p2\pool\plugins\org.eclipse.justj.openjdk.hotspot.jre.full.win32.x86_64_17.0.7.v20230425-1502\jre\bin\server\jvm.dll
0x00007fffb9590000 - 0x00007fffb9640000 	C:\windows\System32\ADVAPI32.dll
0x00007fffb94e0000 - 0x00007fffb9586000 	C:\windows\System32\sechost.dll
0x00007fffb92a0000 - 0x00007fffb93b7000 	C:\windows\System32\RPCRT4.dll
0x00007fffaf4b0000 - 0x00007fffaf4e4000 	C:\windows\SYSTEM32\WINMM.dll
0x00007fff143a0000 - 0x00007fff143a9000 	C:\windows\SYSTEM32\WSOCK32.dll
0x00007fffb6c10000 - 0x00007fffb6c1a000 	C:\windows\SYSTEM32\VERSION.dll
0x00007fffb9950000 - 0x00007fffb99c1000 	C:\windows\System32\WS2_32.dll
0x00007fffb69e0000 - 0x00007fffb69f8000 	C:\windows\SYSTEM32\kernel.appcore.dll
0x00007fffaef80000 - 0x00007fffaef8a000 	C:\Users\mulau\.p2\pool\plugins\org.eclipse.justj.openjdk.hotspot.jre.full.win32.x86_64_17.0.7.v20230425-1502\jre\bin\jimage.dll
0x00007fffb81e0000 - 0x00007fffb840e000 	C:\windows\SYSTEM32\DBGHELP.DLL
0x00007fffb9f10000 - 0x00007fffba29a000 	C:\windows\System32\combase.dll
0x00007fffba350000 - 0x00007fffba427000 	C:\windows\System32\OLEAUT32.dll
0x00007fffb80a0000 - 0x00007fffb80d2000 	C:\windows\SYSTEM32\dbgcore.DLL
0x00007fffb9030000 - 0x00007fffb90aa000 	C:\windows\System32\bcryptPrimitives.dll
0x00007fffa0340000 - 0x00007fffa0365000 	C:\Users\mulau\.p2\pool\plugins\org.eclipse.justj.openjdk.hotspot.jre.full.win32.x86_64_17.0.7.v20230425-1502\jre\bin\java.dll
0x00007fffa07d0000 - 0x00007fffa07e8000 	C:\Users\mulau\.p2\pool\plugins\org.eclipse.justj.openjdk.hotspot.jre.full.win32.x86_64_17.0.7.v20230425-1502\jre\bin\zip.dll
0x00007fffba430000 - 0x00007fffbac53000 	C:\windows\System32\SHELL32.dll
0x00007fffb5920000 - 0x00007fffb620a000 	C:\windows\SYSTEM32\windows.storage.dll
0x00007fffb57e0000 - 0x00007fffb591e000 	C:\windows\SYSTEM32\wintypes.dll
0x00007fffb93e0000 - 0x00007fffb94d3000 	C:\windows\System32\SHCORE.dll
0x00007fffb9d50000 - 0x00007fffb9dae000 	C:\windows\System32\shlwapi.dll
0x00007fffb87e0000 - 0x00007fffb8806000 	C:\windows\SYSTEM32\profapi.dll
0x00007fffa0320000 - 0x00007fffa0339000 	C:\Users\mulau\.p2\pool\plugins\org.eclipse.justj.openjdk.hotspot.jre.full.win32.x86_64_17.0.7.v20230425-1502\jre\bin\net.dll
0x00007fffb11e0000 - 0x00007fffb1317000 	C:\windows\SYSTEM32\WINHTTP.dll
0x00007fffb76f0000 - 0x00007fffb7759000 	C:\windows\system32\mswsock.dll
0x00007fffa0300000 - 0x00007fffa0315000 	C:\Users\mulau\.p2\pool\plugins\org.eclipse.justj.openjdk.hotspot.jre.full.win32.x86_64_17.0.7.v20230425-1502\jre\bin\nio.dll
0x00007fff85520000 - 0x00007fff856ae000 	C:\Users\mulau\.p2\pool\plugins\org.eclipse.justj.openjdk.hotspot.jre.full.win32.x86_64_17.0.7.v20230425-1502\jre\bin\awt.dll
0x00007fffb4e10000 - 0x00007fffb4ea7000 	C:\windows\SYSTEM32\apphelp.dll
0x00007fffb5220000 - 0x00007fffb524b000 	C:\windows\system32\DWMAPI.DLL
0x00007fffb4fb0000 - 0x00007fffb505b000 	C:\windows\system32\uxtheme.dll
0x00007fff85420000 - 0x00007fff85520000 	C:\windows\system32\opengl32.dll
0x00007fffaf210000 - 0x00007fffaf23d000 	C:\windows\SYSTEM32\GLU32.dll
0x00007fffb50c0000 - 0x00007fffb50f8000 	C:\windows\SYSTEM32\dxcore.dll
0x00007fffb96a0000 - 0x00007fffb97e9000 	C:\windows\System32\MSCTF.dll
0x00007fffb9b90000 - 0x00007fffb9d2e000 	C:\windows\System32\ole32.dll
0x00007fff60290000 - 0x00007fff60439000 	C:\windows\system32\d3d9.dll
0x00007fffadcf0000 - 0x00007fffadeab000 	C:\windows\System32\DriverStore\FileRepository\u0387389.inf_amd64_995be970e30b8c79\B385477\aticfx64.dll
0x00007fffaed30000 - 0x00007fffaed64000 	C:\windows\System32\DriverStore\FileRepository\u0387389.inf_amd64_995be970e30b8c79\B385477\atiu9p64.dll
0x00007fff57320000 - 0x00007fff58075000 	C:\windows\System32\DriverStore\FileRepository\u0387389.inf_amd64_995be970e30b8c79\B385477\atiumd64.dll
0x00000000768f0000 - 0x0000000077817000 	C:\windows\System32\DriverStore\FileRepository\u0387389.inf_amd64_995be970e30b8c79\B385477\atiumd6a.dll
0x00007fffbad10000 - 0x00007fffbb184000 	C:\windows\System32\SETUPAPI.dll
0x00007fffb8410000 - 0x00007fffb845d000 	C:\windows\SYSTEM32\POWRPROF.dll
0x00007fffb8080000 - 0x00007fffb8093000 	C:\windows\SYSTEM32\UMPDC.dll
0x00007fffabab0000 - 0x00007fffabae5000 	C:\windows\SYSTEM32\amdihk64.dll
0x00007fffb1c80000 - 0x00007fffb1cca000 	C:\windows\SYSTEM32\directxdatabasehelper.dll
0x00007fff9fc70000 - 0x00007fff9fcf6000 	C:\Users\mulau\.p2\pool\plugins\org.eclipse.justj.openjdk.hotspot.jre.full.win32.x86_64_17.0.7.v20230425-1502\jre\bin\freetype.dll
0x00007fff859a0000 - 0x00007fff85a65000 	C:\Users\mulau\.p2\pool\plugins\org.eclipse.justj.openjdk.hotspot.jre.full.win32.x86_64_17.0.7.v20230425-1502\jre\bin\fontmanager.dll
0x00007fffb8550000 - 0x00007fffb856b000 	C:\windows\SYSTEM32\CRYPTSP.dll
0x00007fffb6950000 - 0x00007fffb6985000 	C:\windows\system32\rsaenh.dll
0x00007fffb77e0000 - 0x00007fffb780c000 	C:\windows\SYSTEM32\USERENV.dll
0x00007fffb80e0000 - 0x00007fffb8108000 	C:\windows\SYSTEM32\bcrypt.dll
0x00007fffb7940000 - 0x00007fffb794c000 	C:\windows\SYSTEM32\CRYPTBASE.dll
0x00007fffa0ef0000 - 0x00007fffa1034000 	C:\windows\SYSTEM32\textinputframework.dll
0x00007fffb64b0000 - 0x00007fffb64dd000 	C:\windows\SYSTEM32\IPHLPAPI.DLL
0x00007fffb9d40000 - 0x00007fffb9d49000 	C:\windows\System32\NSI.dll
0x00007fffb0a90000 - 0x00007fffb0aa9000 	C:\windows\SYSTEM32\dhcpcsvc6.DLL
0x00007fffb0b30000 - 0x00007fffb0b4f000 	C:\windows\SYSTEM32\dhcpcsvc.DLL
0x00007fffb6530000 - 0x00007fffb6622000 	C:\windows\SYSTEM32\DNSAPI.dll
0x00007fffb4b30000 - 0x00007fffb4c63000 	C:\windows\SYSTEM32\CoreMessaging.dll
0x00007fffb1320000 - 0x00007fffb168c000 	C:\windows\SYSTEM32\CoreUIComponents.dll

dbghelp: loaded successfully - version: 4.0.5 - missing functions: none
symbol engine: initialized successfully - sym options: 0x614 - pdb path: .;C:\Users\mulau\.p2\pool\plugins\org.eclipse.justj.openjdk.hotspot.jre.full.win32.x86_64_17.0.7.v20230425-1502\jre\bin;C:\windows\SYSTEM32;C:\windows\WinSxS\amd64_microsoft.windows.common-controls_6595b64144ccf1df_6.0.22621.2215_none_270d72677387dfc3;C:\Users\mulau\.p2\pool\plugins\org.eclipse.justj.openjdk.hotspot.jre.full.win32.x86_64_17.0.7.v20230425-1502\jre\bin\server;C:\windows\System32\DriverStore\FileRepository\u0387389.inf_amd64_995be970e30b8c79\B385477

VM Arguments:
jvm_args: -Dfile.encoding=UTF-8 -XX:+ShowCodeDetailsInExceptionMessages 
java_command: MyAgent -develop
java_class_path (initial): C:\Users\mulau\eclipse-workspace\ExampleSnake\bin;C:\Users\mulau\eclipse-workspace\ExampleSnake\lib\Snake2023-v1.jar
Launcher Type: SUN_STANDARD

[Global flags]
     intx CICompilerCount                          = 12                                        {product} {ergonomic}
     uint ConcGCThreads                            = 3                                         {product} {ergonomic}
     uint G1ConcRefinementThreads                  = 13                                        {product} {ergonomic}
   size_t G1HeapRegionSize                         = 2097152                                   {product} {ergonomic}
    uintx GCDrainStackTargetSize                   = 64                                        {product} {ergonomic}
   size_t InitialHeapSize                          = 190840832                                 {product} {ergonomic}
   size_t MarkStackSize                            = 4194304                                   {product} {ergonomic}
   size_t MaxHeapSize                              = 3040870400                                {product} {ergonomic}
   size_t MaxNewSize                               = 1824522240                                {product} {ergonomic}
   size_t MinHeapDeltaBytes                        = 2097152                                   {product} {ergonomic}
   size_t MinHeapSize                              = 8388608                                   {product} {ergonomic}
    uintx NonNMethodCodeHeapSize                   = 7602480                                {pd product} {ergonomic}
    uintx NonProfiledCodeHeapSize                  = 122027880                              {pd product} {ergonomic}
    uintx ProfiledCodeHeapSize                     = 122027880                              {pd product} {ergonomic}
    uintx ReservedCodeCacheSize                    = 251658240                              {pd product} {ergonomic}
     bool SegmentedCodeCache                       = true                                      {product} {ergonomic}
     bool ShowCodeDetailsInExceptionMessages       = true                                   {manageable} {command line}
   size_t SoftMaxHeapSize                          = 3040870400                             {manageable} {ergonomic}
     bool UseCompressedClassPointers               = true                           {product lp64_product} {ergonomic}
     bool UseCompressedOops                        = true                           {product lp64_product} {ergonomic}
     bool UseG1GC                                  = true                                      {product} {ergonomic}
     bool UseLargePagesIndividualAllocation        = false                                  {pd product} {ergonomic}

Logging:
Log output configuration:
 #0: stdout all=warning uptime,level,tags
 #1: stderr all=off uptime,level,tags

Environment Variables:
JAVA_HOME=C:\Users\mulau\AppData\Local\Programs\Eclipse Adoptium\jdk-17.0.8.7-hotspot\
PATH=C:/Users/mulau/.p2/pool/plugins/org.eclipse.justj.openjdk.hotspot.jre.full.win32.x86_64_17.0.7.v20230425-1502/jre/bin/server;C:/Users/mulau/.p2/pool/plugins/org.eclipse.justj.openjdk.hotspot.jre.full.win32.x86_64_17.0.7.v20230425-1502/jre/bin;C:\windows\system32;C:\windows;C:\windows\System32\Wbem;C:\windows\System32\WindowsPowerShell\v1.0\;C:\windows\System32\OpenSSH\;C:\Users\mulau\AppData\Local\Programs\Eclipse Adoptium\jdk-17.0.8.7-hotspot\bin;C:\Users\mulau\AppData\Local\Microsoft\WindowsApps;;C:\Users\mulau\AppData\Local\Programs\Microsoft VS Code\bin;C:\windows\system32;
USERNAME=mulau
OS=Windows_NT
PROCESSOR_IDENTIFIER=AMD64 Family 23 Model 104 Stepping 1, AuthenticAMD
TMP=C:\Users\mulau\AppData\Local\Temp
TEMP=C:\Users\mulau\AppData\Local\Temp



---------------  S Y S T E M  ---------------

OS:
 Windows 11 , 64 bit Build 22621 (10.0.22621.2215)
OS uptime: 9 days 15:18 hours
Hyper-V role detected

CPU: total 16 (initial active 16) (16 cores per cpu, 2 threads per core) family 23 model 104 stepping 1 microcode 0x0, cx8, cmov, fxsr, ht, mmx, 3dnowpref, sse, sse2, sse3, ssse3, sse4a, sse4.1, sse4.2, popcnt, lzcnt, tsc, tscinvbit, avx, avx2, aes, clmul, bmi1, bmi2, adx, sha, fma, vzeroupper, clflush, clflushopt, hv

Memory: 4k page, system-wide physical 11597M (3011M free)
TotalPageFile size 14477M (AvailPageFile size 212M)
current process WorkingSet (physical memory assigned to process): 453M, peak: 453M
current process commit charge ("private bytes"): 524M, peak: 972M

vm_info: OpenJDK 64-Bit Server VM (17.0.7+7) for windows-amd64 JRE (17.0.7+7), built on Apr 18 2023 22:10:42 by "temurin" with MS VC++ 16.7 (VS2019)

END.
