#
# There is insufficient memory for the Java Runtime Environment to continue.
# Native memory allocation (mmap) failed to map 801112064 bytes for G1 virtual space
# Possible reasons:
#   The system is out of physical RAM or swap space
#   The process is running with CompressedOops enabled, and the Java Heap may be blocking the growth of the native heap
# Possible solutions:
#   Reduce memory load on the system
#   Increase physical memory or swap space
#   Check if swap backing store is full
#   Decrease Java heap size (-Xmx/-Xms)
#   Decrease number of Java threads
#   Decrease Java thread stack sizes (-Xss)
#   Set larger code cache with -XX:ReservedCodeCacheSize=
#   JVM is running with Zero Based Compressed Oops mode in which the Java heap is
#     placed in the first 32GB address space. The Java Heap base address is the
#     maximum limit for the native heap growth. Please use -XX:HeapBaseMinAddress
#     to set the Java Heap base and to place the Java Heap above 32GB virtual address.
# This output file may be truncated or incomplete.
#
#  Out of Memory Error (os_windows.cpp:3559), pid=5172, tid=3564
#
# JRE version: OpenJDK Runtime Environment Temurin-17.0.7+7 (17.0.7+7) (build 17.0.7+7)
# Java VM: OpenJDK 64-Bit Server VM Temurin-17.0.7+7 (17.0.7+7, mixed mode, tiered, compressed oops, compressed class ptrs, g1 gc, windows-amd64)
# No core dump will be written. Minidumps are not enabled by default on client versions of Windows
#

---------------  S U M M A R Y ------------

Command Line: -Dfile.encoding=UTF-8 -XX:+ShowCodeDetailsInExceptionMessages MyAgent -develop

Host: AMD Ryzen 7 5700U with Radeon Graphics         , 16 cores, 11G,  Windows 11 , 64 bit Build 22621 (10.0.22621.2428)
Time: Mon Oct 23 10:02:16 2023 South Africa Standard Time elapsed time: 4.562556 seconds (0d 0h 0m 4s)

---------------  T H R E A D  ---------------

Current thread (0x00000254c40c7870):  VMThread "VM Thread" [stack: 0x00000057b6e00000,0x00000057b6f00000] [id=3564]

Stack: [0x00000057b6e00000,0x00000057b6f00000]
Native frames: (J=compiled Java code, j=interpreted, Vv=VM code, C=native code)
V  [jvm.dll+0x67754a]
V  [jvm.dll+0x834304]
V  [jvm.dll+0x835aae]
V  [jvm.dll+0x836113]
V  [jvm.dll+0x24696f]
V  [jvm.dll+0x6743f9]
V  [jvm.dll+0x668c8a]
V  [jvm.dll+0x3061bb]
V  [jvm.dll+0x30d6a6]
V  [jvm.dll+0x35cece]
V  [jvm.dll+0x35d0ff]
V  [jvm.dll+0x2dd048]
V  [jvm.dll+0x2db20c]
V  [jvm.dll+0x2da7dc]
V  [jvm.dll+0x31e6db]
V  [jvm.dll+0x83a5bb]
V  [jvm.dll+0x83b2f4]
V  [jvm.dll+0x83b80c]
V  [jvm.dll+0x83bbe4]
V  [jvm.dll+0x83bcb0]
V  [jvm.dll+0x7e4e7a]
V  [jvm.dll+0x676395]
C  [ucrtbase.dll+0x29363]
C  [KERNEL32.DLL+0x1257d]
C  [ntdll.dll+0x5aa78]

VM_Operation (0x00000057b90fec50): G1CollectForAllocation, mode: safepoint, requested by thread 0x00000254c4cf55b0


---------------  P R O C E S S  ---------------

Threads class SMR info:
_java_thread_list=0x00000254d02cfa00, length=23, elements={
0x00000254c40caf20, 0x00000254c40cbba0, 0x00000254c411cca0, 0x00000254c411d660,
0x00000254c411df20, 0x00000254c411fa00, 0x00000254c4123af0, 0x00000254c41244a0,
0x00000254c4125580, 0x00000254c4292340, 0x00000254c429f0b0, 0x00000254c42bf240,
0x00000254c42c5730, 0x00000254c44beab0, 0x00000254c468f110, 0x00000254c46d75c0,
0x00000254c4a050e0, 0x00000254c4a28160, 0x00000254c4b30a20, 0x00000254c4cf55b0,
0x00000254c4d0e6f0, 0x00000254c4d019c0, 0x00000254c4d00b50
}

Java Threads: ( => current thread )
  0x00000254c40caf20 JavaThread "Reference Handler" daemon [_thread_blocked, id=21864, stack(0x00000057b6f00000,0x00000057b7000000)]
  0x00000254c40cbba0 JavaThread "Finalizer" daemon [_thread_blocked, id=25376, stack(0x00000057b7000000,0x00000057b7100000)]
  0x00000254c411cca0 JavaThread "Signal Dispatcher" daemon [_thread_blocked, id=21748, stack(0x00000057b7100000,0x00000057b7200000)]
  0x00000254c411d660 JavaThread "Attach Listener" daemon [_thread_blocked, id=5980, stack(0x00000057b7200000,0x00000057b7300000)]
  0x00000254c411df20 JavaThread "Service Thread" daemon [_thread_blocked, id=21940, stack(0x00000057b7300000,0x00000057b7400000)]
  0x00000254c411fa00 JavaThread "Monitor Deflation Thread" daemon [_thread_blocked, id=25120, stack(0x00000057b7400000,0x00000057b7500000)]
  0x00000254c4123af0 JavaThread "C2 CompilerThread0" daemon [_thread_blocked, id=26580, stack(0x00000057b7500000,0x00000057b7600000)]
  0x00000254c41244a0 JavaThread "C1 CompilerThread0" daemon [_thread_blocked, id=2820, stack(0x00000057b7600000,0x00000057b7700000)]
  0x00000254c4125580 JavaThread "Sweeper thread" daemon [_thread_blocked, id=10944, stack(0x00000057b7700000,0x00000057b7800000)]
  0x00000254c4292340 JavaThread "C1 CompilerThread1" daemon [_thread_blocked, id=16224, stack(0x00000057b7800000,0x00000057b7900000)]
  0x00000254c429f0b0 JavaThread "C1 CompilerThread2" daemon [_thread_blocked, id=26796, stack(0x00000057b7900000,0x00000057b7a00000)]
  0x00000254c42bf240 JavaThread "Notification Thread" daemon [_thread_blocked, id=11124, stack(0x00000057b7a00000,0x00000057b7b00000)]
  0x00000254c42c5730 JavaThread "Common-Cleaner" daemon [_thread_blocked, id=25364, stack(0x00000057b7c00000,0x00000057b7d00000)]
  0x00000254c44beab0 JavaThread "Java2D Disposer" daemon [_thread_blocked, id=25420, stack(0x00000057b7d00000,0x00000057b7e00000)]
  0x00000254c468f110 JavaThread "AWT-Shutdown" [_thread_blocked, id=14120, stack(0x00000057b7e00000,0x00000057b7f00000)]
  0x00000254c46d75c0 JavaThread "AWT-Windows" daemon [_thread_in_native, id=16924, stack(0x00000057b7f00000,0x00000057b8000000)]
  0x00000254c4a050e0 JavaThread "AWT-EventQueue-0" [_thread_blocked, id=16196, stack(0x00000057b8c00000,0x00000057b8d00000)]
  0x00000254c4a28160 JavaThread "Thread-0" [_thread_blocked, id=27296, stack(0x00000057b8d00000,0x00000057b8e00000)]
  0x00000254c4b30a20 JavaThread "D3D Screen Updater" daemon [_thread_blocked, id=4844, stack(0x00000057b8e00000,0x00000057b8f00000)]
  0x00000254c4cf55b0 JavaThread "Thread-1" [_thread_blocked, id=27224, stack(0x00000057b9000000,0x00000057b9100000)]
  0x00000254c4d0e6f0 JavaThread "C1 CompilerThread3" daemon [_thread_blocked, id=9764, stack(0x00000057b9100000,0x00000057b9200000)]
  0x00000254c4d019c0 JavaThread "TimerQueue" daemon [_thread_blocked, id=26308, stack(0x00000057b9200000,0x00000057b9300000)]
  0x00000254c4d00b50 JavaThread "DestroyJavaVM" [_thread_blocked, id=23916, stack(0x00000057b6800000,0x00000057b6900000)]

Other Threads:
=>0x00000254c40c7870 VMThread "VM Thread" [stack: 0x00000057b6e00000,0x00000057b6f00000] [id=3564]
  0x00000254a7673ca0 WatcherThread [stack: 0x00000057b7b00000,0x00000057b7c00000] [id=16504]
  0x00000254a7652440 GCTaskThread "GC Thread#0" [stack: 0x00000057b6900000,0x00000057b6a00000] [id=396]
  0x00000254cebf01c0 GCTaskThread "GC Thread#1" [stack: 0x00000057b9300000,0x00000057b9400000] [id=24604]
  0x00000254c4d78c50 GCTaskThread "GC Thread#2" [stack: 0x00000057b9400000,0x00000057b9500000] [id=5124]
  0x00000254cedddb40 GCTaskThread "GC Thread#3" [stack: 0x00000057b9500000,0x00000057b9600000] [id=8064]
  0x00000254cee262a0 GCTaskThread "GC Thread#4" [stack: 0x00000057b9600000,0x00000057b9700000] [id=15800]
  0x00000254cf2565d0 GCTaskThread "GC Thread#5" [stack: 0x00000057b9700000,0x00000057b9800000] [id=26876]
  0x00000254cf256070 GCTaskThread "GC Thread#6" [stack: 0x00000057b9800000,0x00000057b9900000] [id=20464]
  0x00000254cf256320 GCTaskThread "GC Thread#7" [stack: 0x00000057b9900000,0x00000057b9a00000] [id=26116]
  0x00000254cf256de0 GCTaskThread "GC Thread#8" [stack: 0x00000057b9a00000,0x00000057b9b00000] [id=9396]
  0x00000254cf2555b0 GCTaskThread "GC Thread#9" [stack: 0x00000057b9b00000,0x00000057b9c00000] [id=2676]
  0x00000254a765efe0 ConcurrentGCThread "G1 Main Marker" [stack: 0x00000057b6a00000,0x00000057b6b00000] [id=412]
  0x00000254a7660910 ConcurrentGCThread "G1 Conc#0" [stack: 0x00000057b6b00000,0x00000057b6c00000] [id=22392]
  0x00000254c3f130d0 ConcurrentGCThread "G1 Refine#0" [stack: 0x00000057b6c00000,0x00000057b6d00000] [id=23464]
  0x00000254c4d76fe0 ConcurrentGCThread "G1 Refine#1" [stack: 0x00000057b8f00000,0x00000057b9000000] [id=10984]
  0x00000254cee39180 ConcurrentGCThread "G1 Refine#2" [stack: 0x00000057b9c00000,0x00000057b9d00000] [id=27312]
  0x00000254cee3a650 ConcurrentGCThread "G1 Refine#3" [stack: 0x00000057b9d00000,0x00000057b9e00000] [id=4932]
  0x00000254cf0f6a80 ConcurrentGCThread "G1 Refine#4" [stack: 0x00000057b9f00000,0x00000057ba000000] [id=19780]
  0x00000254cee3a930 ConcurrentGCThread "G1 Refine#5" [stack: 0x00000057ba000000,0x00000057ba100000] [id=25348]
  0x00000254cf0fe590 ConcurrentGCThread "G1 Refine#6" [stack: 0x00000057ba100000,0x00000057ba200000] [id=6664]
  0x00000254cf4dafc0 ConcurrentGCThread "G1 Refine#7" [stack: 0x00000057ba200000,0x00000057ba300000] [id=21676]
  0x00000254d0898270 ConcurrentGCThread "G1 Refine#8" [stack: 0x00000057ba300000,0x00000057ba400000] [id=23624]
  0x00000254d0195f60 ConcurrentGCThread "G1 Refine#9" [stack: 0x00000057ba400000,0x00000057ba500000] [id=25068]
  0x00000254cf531d80 ConcurrentGCThread "G1 Refine#10" [stack: 0x00000057ba500000,0x00000057ba600000] [id=14232]
  0x00000254cf532060 ConcurrentGCThread "G1 Refine#11" [stack: 0x00000057ba600000,0x00000057ba700000] [id=17556]
  0x00000254cf532340 ConcurrentGCThread "G1 Refine#12" [stack: 0x00000057ba700000,0x00000057ba800000] [id=24052]
  0x00000254c3f13a00 ConcurrentGCThread "G1 Service" [stack: 0x00000057b6d00000,0x00000057b6e00000] [id=10096]

Threads with active compile tasks:

VM state: at safepoint (normal execution)

VM Mutex/Monitor currently owned by a thread:  ([mutex/lock_event])
[0x00000254a75fa9b0] Threads_lock - owner thread: 0x00000254c40c7870
[0x00000254a75f9840] Heap_lock - owner thread: 0x00000254c4cf55b0

Heap address: 0x000000074ac00000, size: 2900 MB, Compressed Oops mode: Zero based, Oop shift amount: 3

CDS archive(s) not mapped
Compressed class space mapped at: 0x0000000800000000-0x0000000840000000, reserved size: 1073741824
Narrow klass base: 0x0000000800000000, Narrow klass shift: 0, Narrow klass range: 0x40000000

GC Precious Log:
 CPUs: 16 total, 16 available
 Memory: 11597M
 Large Page Support: Disabled
 NUMA Support: Disabled
 Compressed Oops: Enabled (Zero based)
 Heap Region Size: 2M
 Heap Min Capacity: 8M
 Heap Initial Capacity: 182M
 Heap Max Capacity: 2900M
 Pre-touch: Disabled
 Parallel Workers: 13
 Concurrent Workers: 3
 Concurrent Refinement Workers: 13
 Periodic GC: Disabled

Heap:
 garbage-first heap   total 391168K, used 117438K [0x000000074ac00000, 0x0000000800000000)
  region size 2048K, 1 young (2048K), 1 survivors (2048K)
 Metaspace       used 15590K, committed 15808K, reserved 1114112K
  class space    used 1560K, committed 1664K, reserved 1048576K

Heap Regions: E=young(eden), S=young(survivor), O=old, HS=humongous(starts), HC=humongous(continues), CS=collection set, F=free, OA=open archive, CA=closed archive, TAMS=top-at-mark-start (previous, next)
|   0|0x000000074ac00000, 0x000000074ae00000, 0x000000074ae00000|100%|HS|  |TAMS 0x000000074ac00000, 0x000000074ac00000| Complete 
|   1|0x000000074ae00000, 0x000000074b000000, 0x000000074b000000|100%|HS|  |TAMS 0x000000074ae00000, 0x000000074ae00000| Complete 
|   2|0x000000074b000000, 0x000000074b200000, 0x000000074b200000|100%|HC|  |TAMS 0x000000074b000000, 0x000000074b000000| Complete 
|   3|0x000000074b200000, 0x000000074b400000, 0x000000074b400000|100%|HS|  |TAMS 0x000000074b200000, 0x000000074b200000| Complete 
|   4|0x000000074b400000, 0x000000074b600000, 0x000000074b600000|100%|HC|  |TAMS 0x000000074b400000, 0x000000074b400000| Complete 
|   5|0x000000074b600000, 0x000000074b800000, 0x000000074b800000|100%|HS|  |TAMS 0x000000074b600000, 0x000000074b600000| Complete 
|   6|0x000000074b800000, 0x000000074ba00000, 0x000000074ba00000|100%|HC|  |TAMS 0x000000074b800000, 0x000000074b800000| Complete 
|   7|0x000000074ba00000, 0x000000074bc00000, 0x000000074bc00000|100%|HC|  |TAMS 0x000000074ba00000, 0x000000074ba00000| Complete 
|   8|0x000000074bc00000, 0x000000074be00000, 0x000000074be00000|100%|HS|  |TAMS 0x000000074bc00000, 0x000000074bc00000| Complete 
|   9|0x000000074be00000, 0x000000074c000000, 0x000000074c000000|100%|HC|  |TAMS 0x000000074be00000, 0x000000074be00000| Complete 
|  10|0x000000074c000000, 0x000000074c200000, 0x000000074c200000|100%|HC|  |TAMS 0x000000074c000000, 0x000000074c000000| Complete 
|  11|0x000000074c200000, 0x000000074c400000, 0x000000074c400000|100%|HC|  |TAMS 0x000000074c200000, 0x000000074c200000| Complete 
|  12|0x000000074c400000, 0x000000074c600000, 0x000000074c600000|100%|HS|  |TAMS 0x000000074c400000, 0x000000074c400000| Complete 
|  13|0x000000074c600000, 0x000000074c800000, 0x000000074c800000|100%|HC|  |TAMS 0x000000074c600000, 0x000000074c600000| Complete 
|  14|0x000000074c800000, 0x000000074ca00000, 0x000000074ca00000|100%|HC|  |TAMS 0x000000074c800000, 0x000000074c800000| Complete 
|  15|0x000000074ca00000, 0x000000074cc00000, 0x000000074cc00000|100%|HC|  |TAMS 0x000000074ca00000, 0x000000074ca00000| Complete 
|  16|0x000000074cc00000, 0x000000074ce00000, 0x000000074ce00000|100%|HC|  |TAMS 0x000000074cc00000, 0x000000074cc00000| Complete 
|  17|0x000000074ce00000, 0x000000074d000000, 0x000000074d000000|100%|HC|  |TAMS 0x000000074ce00000, 0x000000074ce00000| Complete 
|  18|0x000000074d000000, 0x000000074d200000, 0x000000074d200000|100%|HS|  |TAMS 0x000000074d000000, 0x000000074d000000| Complete 
|  19|0x000000074d200000, 0x000000074d400000, 0x000000074d400000|100%|HC|  |TAMS 0x000000074d200000, 0x000000074d200000| Complete 
|  20|0x000000074d400000, 0x000000074d600000, 0x000000074d600000|100%|HC|  |TAMS 0x000000074d400000, 0x000000074d400000| Complete 
|  21|0x000000074d600000, 0x000000074d800000, 0x000000074d800000|100%|HC|  |TAMS 0x000000074d600000, 0x000000074d600000| Complete 
|  22|0x000000074d800000, 0x000000074da00000, 0x000000074da00000|100%|HC|  |TAMS 0x000000074d800000, 0x000000074d800000| Complete 
|  23|0x000000074da00000, 0x000000074dc00000, 0x000000074dc00000|100%|HC|  |TAMS 0x000000074da00000, 0x000000074da00000| Complete 
|  24|0x000000074dc00000, 0x000000074de00000, 0x000000074de00000|100%|HC|  |TAMS 0x000000074dc00000, 0x000000074dc00000| Complete 
|  25|0x000000074de00000, 0x000000074e000000, 0x000000074e000000|100%|HC|  |TAMS 0x000000074de00000, 0x000000074de00000| Complete 
|  26|0x000000074e000000, 0x000000074e200000, 0x000000074e200000|100%|HS|  |TAMS 0x000000074e000000, 0x000000074e000000| Complete 
|  27|0x000000074e200000, 0x000000074e400000, 0x000000074e400000|100%|HC|  |TAMS 0x000000074e200000, 0x000000074e200000| Complete 
|  28|0x000000074e400000, 0x000000074e600000, 0x000000074e600000|100%|HC|  |TAMS 0x000000074e400000, 0x000000074e400000| Complete 
|  29|0x000000074e600000, 0x000000074e800000, 0x000000074e800000|100%|HC|  |TAMS 0x000000074e600000, 0x000000074e600000| Complete 
|  30|0x000000074e800000, 0x000000074ea00000, 0x000000074ea00000|100%|HC|  |TAMS 0x000000074e800000, 0x000000074e800000| Complete 
|  31|0x000000074ea00000, 0x000000074ec00000, 0x000000074ec00000|100%|HC|  |TAMS 0x000000074ea00000, 0x000000074ea00000| Complete 
|  32|0x000000074ec00000, 0x000000074ee00000, 0x000000074ee00000|100%|HC|  |TAMS 0x000000074ec00000, 0x000000074ec00000| Complete 
|  33|0x000000074ee00000, 0x000000074f000000, 0x000000074f000000|100%|HC|  |TAMS 0x000000074ee00000, 0x000000074ee00000| Complete 
|  34|0x000000074f000000, 0x000000074f200000, 0x000000074f200000|100%|HC|  |TAMS 0x000000074f000000, 0x000000074f000000| Complete 
|  35|0x000000074f200000, 0x000000074f400000, 0x000000074f400000|100%|HC|  |TAMS 0x000000074f200000, 0x000000074f200000| Complete 
|  36|0x000000074f400000, 0x000000074f600000, 0x000000074f600000|100%|HC|  |TAMS 0x000000074f400000, 0x000000074f400000| Complete 
|  37|0x000000074f600000, 0x000000074f800000, 0x000000074f800000|100%|HC|  |TAMS 0x000000074f600000, 0x000000074f600000| Complete 
|  38|0x000000074f800000, 0x000000074fa00000, 0x000000074fa00000|100%| O|  |TAMS 0x000000074f800000, 0x000000074f800000| Untracked 
|  39|0x000000074fa00000, 0x000000074fa41400, 0x000000074fc00000| 12%| O|  |TAMS 0x000000074fa00000, 0x000000074fa00000| Untracked 
|  40|0x000000074fc00000, 0x000000074fe00000, 0x000000074fe00000|100%|HS|  |TAMS 0x000000074fc00000, 0x000000074fc00000| Complete 
|  41|0x000000074fe00000, 0x0000000750000000, 0x0000000750000000|100%|HC|  |TAMS 0x000000074fe00000, 0x000000074fe00000| Complete 
|  42|0x0000000750000000, 0x0000000750200000, 0x0000000750200000|100%|HC|  |TAMS 0x0000000750000000, 0x0000000750000000| Complete 
|  43|0x0000000750200000, 0x0000000750400000, 0x0000000750400000|100%|HC|  |TAMS 0x0000000750200000, 0x0000000750200000| Complete 
|  44|0x0000000750400000, 0x0000000750600000, 0x0000000750600000|100%|HC|  |TAMS 0x0000000750400000, 0x0000000750400000| Complete 
|  45|0x0000000750600000, 0x0000000750800000, 0x0000000750800000|100%|HC|  |TAMS 0x0000000750600000, 0x0000000750600000| Complete 
|  46|0x0000000750800000, 0x0000000750a00000, 0x0000000750a00000|100%|HC|  |TAMS 0x0000000750800000, 0x0000000750800000| Complete 
|  47|0x0000000750a00000, 0x0000000750c00000, 0x0000000750c00000|100%|HC|  |TAMS 0x0000000750a00000, 0x0000000750a00000| Complete 
|  48|0x0000000750c00000, 0x0000000750e00000, 0x0000000750e00000|100%|HC|  |TAMS 0x0000000750c00000, 0x0000000750c00000| Complete 
|  49|0x0000000750e00000, 0x0000000751000000, 0x0000000751000000|100%|HC|  |TAMS 0x0000000750e00000, 0x0000000750e00000| Complete 
|  50|0x0000000751000000, 0x0000000751200000, 0x0000000751200000|100%|HC|  |TAMS 0x0000000751000000, 0x0000000751000000| Complete 
|  51|0x0000000751200000, 0x0000000751400000, 0x0000000751400000|100%|HC|  |TAMS 0x0000000751200000, 0x0000000751200000| Complete 
|  52|0x0000000751400000, 0x0000000751600000, 0x0000000751600000|100%|HC|  |TAMS 0x0000000751400000, 0x0000000751400000| Complete 
|  53|0x0000000751600000, 0x0000000751800000, 0x0000000751800000|100%|HC|  |TAMS 0x0000000751600000, 0x0000000751600000| Complete 
|  54|0x0000000751800000, 0x0000000751a00000, 0x0000000751a00000|100%|HC|  |TAMS 0x0000000751800000, 0x0000000751800000| Complete 
|  55|0x0000000751a00000, 0x0000000751c00000, 0x0000000751c00000|100%|HC|  |TAMS 0x0000000751a00000, 0x0000000751a00000| Complete 
|  56|0x0000000751c00000, 0x0000000751e00000, 0x0000000751e00000|100%|HC|  |TAMS 0x0000000751c00000, 0x0000000751c00000| Complete 
|  57|0x0000000751e00000, 0x0000000752000000, 0x0000000752000000|100%|HC|  |TAMS 0x0000000751e00000, 0x0000000751e00000| Complete 
|  58|0x0000000752000000, 0x0000000752000000, 0x0000000752200000|  0%| F|  |TAMS 0x0000000752000000, 0x0000000752000000| Untracked 
|  59|0x0000000752200000, 0x0000000752200000, 0x0000000752400000|  0%| F|  |TAMS 0x0000000752200000, 0x0000000752200000| Untracked 
|  60|0x0000000752400000, 0x0000000752400000, 0x0000000752600000|  0%| F|  |TAMS 0x0000000752400000, 0x0000000752400000| Untracked 
|  61|0x0000000752600000, 0x0000000752600000, 0x0000000752800000|  0%| F|  |TAMS 0x0000000752600000, 0x0000000752600000| Untracked 
|  62|0x0000000752800000, 0x0000000752800000, 0x0000000752a00000|  0%| F|  |TAMS 0x0000000752800000, 0x0000000752800000| Untracked 
|  63|0x0000000752a00000, 0x0000000752a00000, 0x0000000752c00000|  0%| F|  |TAMS 0x0000000752a00000, 0x0000000752a00000| Untracked 
|  64|0x0000000752c00000, 0x0000000752c00000, 0x0000000752e00000|  0%| F|  |TAMS 0x0000000752c00000, 0x0000000752c00000| Untracked 
|  65|0x0000000752e00000, 0x0000000752e00000, 0x0000000753000000|  0%| F|  |TAMS 0x0000000752e00000, 0x0000000752e00000| Untracked 
|  66|0x0000000753000000, 0x0000000753000000, 0x0000000753200000|  0%| F|  |TAMS 0x0000000753000000, 0x0000000753000000| Untracked 
|  67|0x0000000753200000, 0x0000000753200000, 0x0000000753400000|  0%| F|  |TAMS 0x0000000753200000, 0x0000000753200000| Untracked 
|  68|0x0000000753400000, 0x0000000753400000, 0x0000000753600000|  0%| F|  |TAMS 0x0000000753400000, 0x0000000753400000| Untracked 
|  69|0x0000000753600000, 0x0000000753600000, 0x0000000753800000|  0%| F|  |TAMS 0x0000000753600000, 0x0000000753600000| Untracked 
|  70|0x0000000753800000, 0x0000000753800000, 0x0000000753a00000|  0%| F|  |TAMS 0x0000000753800000, 0x0000000753800000| Untracked 
|  71|0x0000000753a00000, 0x0000000753a00000, 0x0000000753c00000|  0%| F|  |TAMS 0x0000000753a00000, 0x0000000753a00000| Untracked 
|  72|0x0000000753c00000, 0x0000000753c00000, 0x0000000753e00000|  0%| F|  |TAMS 0x0000000753c00000, 0x0000000753c00000| Untracked 
|  73|0x0000000753e00000, 0x0000000753e00000, 0x0000000754000000|  0%| F|  |TAMS 0x0000000753e00000, 0x0000000753e00000| Untracked 
|  74|0x0000000754000000, 0x0000000754000000, 0x0000000754200000|  0%| F|  |TAMS 0x0000000754000000, 0x0000000754000000| Untracked 
|  75|0x0000000754200000, 0x0000000754200000, 0x0000000754400000|  0%| F|  |TAMS 0x0000000754200000, 0x0000000754200000| Untracked 
|  76|0x0000000754400000, 0x000000075446e740, 0x0000000754600000| 21%| S|CS|TAMS 0x0000000754400000, 0x0000000754400000| Complete 
|  77|0x0000000754600000, 0x0000000754600000, 0x0000000754800000|  0%| F|  |TAMS 0x0000000754600000, 0x0000000754600000| Untracked 
|  78|0x0000000754800000, 0x0000000754800000, 0x0000000754a00000|  0%| F|  |TAMS 0x0000000754800000, 0x0000000754800000| Untracked 
|  79|0x0000000754a00000, 0x0000000754a00000, 0x0000000754c00000|  0%| F|  |TAMS 0x0000000754a00000, 0x0000000754a00000| Untracked 
|  80|0x0000000754c00000, 0x0000000754c00000, 0x0000000754e00000|  0%| F|  |TAMS 0x0000000754c00000, 0x0000000754c00000| Untracked 
|  81|0x0000000754e00000, 0x0000000754e00000, 0x0000000755000000|  0%| F|  |TAMS 0x0000000754e00000, 0x0000000754e00000| Untracked 
|  82|0x0000000755000000, 0x0000000755000000, 0x0000000755200000|  0%| F|  |TAMS 0x0000000755000000, 0x0000000755000000| Untracked 
|  83|0x0000000755200000, 0x0000000755200000, 0x0000000755400000|  0%| F|  |TAMS 0x0000000755200000, 0x0000000755200000| Untracked 
|  84|0x0000000755400000, 0x0000000755400000, 0x0000000755600000|  0%| F|  |TAMS 0x0000000755400000, 0x0000000755400000| Untracked 
|  85|0x0000000755600000, 0x0000000755600000, 0x0000000755800000|  0%| F|  |TAMS 0x0000000755600000, 0x0000000755600000| Untracked 
|  86|0x0000000755800000, 0x0000000755800000, 0x0000000755a00000|  0%| F|  |TAMS 0x0000000755800000, 0x0000000755800000| Untracked 
|  87|0x0000000755a00000, 0x0000000755a00000, 0x0000000755c00000|  0%| F|  |TAMS 0x0000000755a00000, 0x0000000755a00000| Untracked 
|  88|0x0000000755c00000, 0x0000000755c00000, 0x0000000755e00000|  0%| F|  |TAMS 0x0000000755c00000, 0x0000000755c00000| Untracked 
|  89|0x0000000755e00000, 0x0000000755e00000, 0x0000000756000000|  0%| F|  |TAMS 0x0000000755e00000, 0x0000000755e00000| Untracked 
|  90|0x0000000756000000, 0x0000000756000000, 0x0000000756200000|  0%| F|  |TAMS 0x0000000756000000, 0x0000000756000000| Untracked 
|  91|0x0000000756200000, 0x0000000756200000, 0x0000000756400000|  0%| F|  |TAMS 0x0000000756200000, 0x0000000756200000| Untracked 
|  92|0x0000000756400000, 0x0000000756400000, 0x0000000756600000|  0%| F|  |TAMS 0x0000000756400000, 0x0000000756400000| Untracked 
|  93|0x0000000756600000, 0x0000000756600000, 0x0000000756800000|  0%| F|  |TAMS 0x0000000756600000, 0x0000000756600000| Untracked 
|  94|0x0000000756800000, 0x0000000756800000, 0x0000000756a00000|  0%| F|  |TAMS 0x0000000756800000, 0x0000000756800000| Untracked 
|  95|0x0000000756a00000, 0x0000000756a00000, 0x0000000756c00000|  0%| F|  |TAMS 0x0000000756a00000, 0x0000000756a00000| Untracked 
|  96|0x0000000756c00000, 0x0000000756c00000, 0x0000000756e00000|  0%| F|  |TAMS 0x0000000756c00000, 0x0000000756c00000| Untracked 
|  97|0x0000000756e00000, 0x0000000756e00000, 0x0000000757000000|  0%| F|  |TAMS 0x0000000756e00000, 0x0000000756e00000| Untracked 
|  98|0x0000000757000000, 0x0000000757000000, 0x0000000757200000|  0%| F|  |TAMS 0x0000000757000000, 0x0000000757000000| Untracked 
|  99|0x0000000757200000, 0x0000000757200000, 0x0000000757400000|  0%| F|  |TAMS 0x0000000757200000, 0x0000000757200000| Untracked 
| 100|0x0000000757400000, 0x0000000757400000, 0x0000000757600000|  0%| F|  |TAMS 0x0000000757400000, 0x0000000757400000| Untracked 
| 101|0x0000000757600000, 0x0000000757600000, 0x0000000757800000|  0%| F|  |TAMS 0x0000000757600000, 0x0000000757600000| Untracked 
| 102|0x0000000757800000, 0x0000000757800000, 0x0000000757a00000|  0%| F|  |TAMS 0x0000000757800000, 0x0000000757800000| Untracked 
| 103|0x0000000757a00000, 0x0000000757a00000, 0x0000000757c00000|  0%| F|  |TAMS 0x0000000757a00000, 0x0000000757a00000| Untracked 
| 104|0x0000000757c00000, 0x0000000757c00000, 0x0000000757e00000|  0%| F|  |TAMS 0x0000000757c00000, 0x0000000757c00000| Untracked 
| 105|0x0000000757e00000, 0x0000000757e00000, 0x0000000758000000|  0%| F|  |TAMS 0x0000000757e00000, 0x0000000757e00000| Untracked 
| 106|0x0000000758000000, 0x0000000758000000, 0x0000000758200000|  0%| F|  |TAMS 0x0000000758000000, 0x0000000758000000| Untracked 
| 107|0x0000000758200000, 0x0000000758200000, 0x0000000758400000|  0%| F|  |TAMS 0x0000000758200000, 0x0000000758200000| Untracked 
| 108|0x0000000758400000, 0x0000000758400000, 0x0000000758600000|  0%| F|  |TAMS 0x0000000758400000, 0x0000000758400000| Untracked 
| 109|0x0000000758600000, 0x0000000758600000, 0x0000000758800000|  0%| F|  |TAMS 0x0000000758600000, 0x0000000758600000| Untracked 
| 110|0x0000000758800000, 0x0000000758800000, 0x0000000758a00000|  0%| F|  |TAMS 0x0000000758800000, 0x0000000758800000| Untracked 
| 111|0x0000000758a00000, 0x0000000758a00000, 0x0000000758c00000|  0%| F|  |TAMS 0x0000000758a00000, 0x0000000758a00000| Untracked 
| 112|0x0000000758c00000, 0x0000000758c00000, 0x0000000758e00000|  0%| F|  |TAMS 0x0000000758c00000, 0x0000000758c00000| Untracked 
| 113|0x0000000758e00000, 0x0000000758e00000, 0x0000000759000000|  0%| F|  |TAMS 0x0000000758e00000, 0x0000000758e00000| Untracked 
| 114|0x0000000759000000, 0x0000000759000000, 0x0000000759200000|  0%| F|  |TAMS 0x0000000759000000, 0x0000000759000000| Untracked 
| 115|0x0000000759200000, 0x0000000759200000, 0x0000000759400000|  0%| F|  |TAMS 0x0000000759200000, 0x0000000759200000| Untracked 
| 116|0x0000000759400000, 0x0000000759400000, 0x0000000759600000|  0%| F|  |TAMS 0x0000000759400000, 0x0000000759400000| Untracked 
| 117|0x0000000759600000, 0x0000000759600000, 0x0000000759800000|  0%| F|  |TAMS 0x0000000759600000, 0x0000000759600000| Untracked 
| 118|0x0000000759800000, 0x0000000759800000, 0x0000000759a00000|  0%| F|  |TAMS 0x0000000759800000, 0x0000000759800000| Untracked 
| 119|0x0000000759a00000, 0x0000000759a00000, 0x0000000759c00000|  0%| F|  |TAMS 0x0000000759a00000, 0x0000000759a00000| Untracked 
| 120|0x0000000759c00000, 0x0000000759c00000, 0x0000000759e00000|  0%| F|  |TAMS 0x0000000759c00000, 0x0000000759c00000| Untracked 
| 121|0x0000000759e00000, 0x0000000759e00000, 0x000000075a000000|  0%| F|  |TAMS 0x0000000759e00000, 0x0000000759e00000| Untracked 
| 122|0x000000075a000000, 0x000000075a000000, 0x000000075a200000|  0%| F|  |TAMS 0x000000075a000000, 0x000000075a000000| Untracked 
| 123|0x000000075a200000, 0x000000075a200000, 0x000000075a400000|  0%| F|  |TAMS 0x000000075a200000, 0x000000075a200000| Untracked 
| 124|0x000000075a400000, 0x000000075a400000, 0x000000075a600000|  0%| F|  |TAMS 0x000000075a400000, 0x000000075a400000| Untracked 
| 125|0x000000075a600000, 0x000000075a600000, 0x000000075a800000|  0%| F|  |TAMS 0x000000075a600000, 0x000000075a600000| Untracked 
| 126|0x000000075a800000, 0x000000075a800000, 0x000000075aa00000|  0%| F|  |TAMS 0x000000075a800000, 0x000000075a800000| Untracked 
| 127|0x000000075aa00000, 0x000000075aa00000, 0x000000075ac00000|  0%| F|  |TAMS 0x000000075aa00000, 0x000000075aa00000| Untracked 
| 128|0x000000075ac00000, 0x000000075ac00000, 0x000000075ae00000|  0%| F|  |TAMS 0x000000075ac00000, 0x000000075ac00000| Untracked 
| 129|0x000000075ae00000, 0x000000075ae00000, 0x000000075b000000|  0%| F|  |TAMS 0x000000075ae00000, 0x000000075ae00000| Untracked 
| 130|0x000000075b000000, 0x000000075b000000, 0x000000075b200000|  0%| F|  |TAMS 0x000000075b000000, 0x000000075b000000| Untracked 
| 131|0x000000075b200000, 0x000000075b200000, 0x000000075b400000|  0%| F|  |TAMS 0x000000075b200000, 0x000000075b200000| Untracked 
| 132|0x000000075b400000, 0x000000075b400000, 0x000000075b600000|  0%| F|  |TAMS 0x000000075b400000, 0x000000075b400000| Untracked 
| 133|0x000000075b600000, 0x000000075b600000, 0x000000075b800000|  0%| F|  |TAMS 0x000000075b600000, 0x000000075b600000| Untracked 
| 134|0x000000075b800000, 0x000000075b800000, 0x000000075ba00000|  0%| F|  |TAMS 0x000000075b800000, 0x000000075b800000| Untracked 
| 135|0x000000075ba00000, 0x000000075ba00000, 0x000000075bc00000|  0%| F|  |TAMS 0x000000075ba00000, 0x000000075ba00000| Untracked 
| 136|0x000000075bc00000, 0x000000075bc00000, 0x000000075be00000|  0%| F|  |TAMS 0x000000075bc00000, 0x000000075bc00000| Untracked 
| 137|0x000000075be00000, 0x000000075be00000, 0x000000075c000000|  0%| F|  |TAMS 0x000000075be00000, 0x000000075be00000| Untracked 
| 138|0x000000075c000000, 0x000000075c000000, 0x000000075c200000|  0%| F|  |TAMS 0x000000075c000000, 0x000000075c000000| Untracked 
| 139|0x000000075c200000, 0x000000075c200000, 0x000000075c400000|  0%| F|  |TAMS 0x000000075c200000, 0x000000075c200000| Untracked 
| 140|0x000000075c400000, 0x000000075c400000, 0x000000075c600000|  0%| F|  |TAMS 0x000000075c400000, 0x000000075c400000| Untracked 
| 141|0x000000075c600000, 0x000000075c600000, 0x000000075c800000|  0%| F|  |TAMS 0x000000075c600000, 0x000000075c600000| Untracked 
| 142|0x000000075c800000, 0x000000075c800000, 0x000000075ca00000|  0%| F|  |TAMS 0x000000075c800000, 0x000000075c800000| Untracked 
| 143|0x000000075ca00000, 0x000000075ca00000, 0x000000075cc00000|  0%| F|  |TAMS 0x000000075ca00000, 0x000000075ca00000| Untracked 
| 144|0x000000075cc00000, 0x000000075cc00000, 0x000000075ce00000|  0%| F|  |TAMS 0x000000075cc00000, 0x000000075cc00000| Untracked 
| 145|0x000000075ce00000, 0x000000075ce00000, 0x000000075d000000|  0%| F|  |TAMS 0x000000075ce00000, 0x000000075ce00000| Untracked 
| 146|0x000000075d000000, 0x000000075d000000, 0x000000075d200000|  0%| F|  |TAMS 0x000000075d000000, 0x000000075d000000| Untracked 
| 147|0x000000075d200000, 0x000000075d200000, 0x000000075d400000|  0%| F|  |TAMS 0x000000075d200000, 0x000000075d200000| Untracked 
| 148|0x000000075d400000, 0x000000075d400000, 0x000000075d600000|  0%| F|  |TAMS 0x000000075d400000, 0x000000075d400000| Untracked 
| 149|0x000000075d600000, 0x000000075d600000, 0x000000075d800000|  0%| F|  |TAMS 0x000000075d600000, 0x000000075d600000| Untracked 
| 150|0x000000075d800000, 0x000000075d800000, 0x000000075da00000|  0%| F|  |TAMS 0x000000075d800000, 0x000000075d800000| Untracked 
| 151|0x000000075da00000, 0x000000075da00000, 0x000000075dc00000|  0%| F|  |TAMS 0x000000075da00000, 0x000000075da00000| Untracked 
| 152|0x000000075dc00000, 0x000000075dc00000, 0x000000075de00000|  0%| F|  |TAMS 0x000000075dc00000, 0x000000075dc00000| Untracked 
| 153|0x000000075de00000, 0x000000075de00000, 0x000000075e000000|  0%| F|  |TAMS 0x000000075de00000, 0x000000075de00000| Untracked 
| 154|0x000000075e000000, 0x000000075e000000, 0x000000075e200000|  0%| F|  |TAMS 0x000000075e000000, 0x000000075e000000| Untracked 
| 155|0x000000075e200000, 0x000000075e200000, 0x000000075e400000|  0%| F|  |TAMS 0x000000075e200000, 0x000000075e200000| Untracked 
| 156|0x000000075e400000, 0x000000075e400000, 0x000000075e600000|  0%| F|  |TAMS 0x000000075e400000, 0x000000075e400000| Untracked 
| 157|0x000000075e600000, 0x000000075e600000, 0x000000075e800000|  0%| F|  |TAMS 0x000000075e600000, 0x000000075e600000| Untracked 
| 158|0x000000075e800000, 0x000000075e800000, 0x000000075ea00000|  0%| F|  |TAMS 0x000000075e800000, 0x000000075e800000| Untracked 
| 159|0x000000075ea00000, 0x000000075ea00000, 0x000000075ec00000|  0%| F|  |TAMS 0x000000075ea00000, 0x000000075ea00000| Untracked 
| 160|0x000000075ec00000, 0x000000075ec00000, 0x000000075ee00000|  0%| F|  |TAMS 0x000000075ec00000, 0x000000075ec00000| Untracked 
| 161|0x000000075ee00000, 0x000000075ee00000, 0x000000075f000000|  0%| F|  |TAMS 0x000000075ee00000, 0x000000075ee00000| Untracked 
| 162|0x000000075f000000, 0x000000075f000000, 0x000000075f200000|  0%| F|  |TAMS 0x000000075f000000, 0x000000075f000000| Untracked 
| 163|0x000000075f200000, 0x000000075f200000, 0x000000075f400000|  0%| F|  |TAMS 0x000000075f200000, 0x000000075f200000| Untracked 
| 164|0x000000075f400000, 0x000000075f400000, 0x000000075f600000|  0%| F|  |TAMS 0x000000075f400000, 0x000000075f400000| Untracked 
| 165|0x000000075f600000, 0x000000075f600000, 0x000000075f800000|  0%| F|  |TAMS 0x000000075f600000, 0x000000075f600000| Untracked 
| 166|0x000000075f800000, 0x000000075f800000, 0x000000075fa00000|  0%| F|  |TAMS 0x000000075f800000, 0x000000075f800000| Untracked 
| 167|0x000000075fa00000, 0x000000075fa00000, 0x000000075fc00000|  0%| F|  |TAMS 0x000000075fa00000, 0x000000075fa00000| Untracked 
| 168|0x000000075fc00000, 0x000000075fc00000, 0x000000075fe00000|  0%| F|  |TAMS 0x000000075fc00000, 0x000000075fc00000| Untracked 
| 169|0x000000075fe00000, 0x000000075fe00000, 0x0000000760000000|  0%| F|  |TAMS 0x000000075fe00000, 0x000000075fe00000| Untracked 
| 170|0x0000000760000000, 0x0000000760000000, 0x0000000760200000|  0%| F|  |TAMS 0x0000000760000000, 0x0000000760000000| Untracked 
| 171|0x0000000760200000, 0x0000000760200000, 0x0000000760400000|  0%| F|  |TAMS 0x0000000760200000, 0x0000000760200000| Untracked 
| 172|0x0000000760400000, 0x0000000760400000, 0x0000000760600000|  0%| F|  |TAMS 0x0000000760400000, 0x0000000760400000| Untracked 
| 173|0x0000000760600000, 0x0000000760600000, 0x0000000760800000|  0%| F|  |TAMS 0x0000000760600000, 0x0000000760600000| Untracked 
| 174|0x0000000760800000, 0x0000000760800000, 0x0000000760a00000|  0%| F|  |TAMS 0x0000000760800000, 0x0000000760800000| Untracked 
| 175|0x0000000760a00000, 0x0000000760a00000, 0x0000000760c00000|  0%| F|  |TAMS 0x0000000760a00000, 0x0000000760a00000| Untracked 
| 176|0x0000000760c00000, 0x0000000760c00000, 0x0000000760e00000|  0%| F|  |TAMS 0x0000000760c00000, 0x0000000760c00000| Untracked 
| 177|0x0000000760e00000, 0x0000000760e00000, 0x0000000761000000|  0%| F|  |TAMS 0x0000000760e00000, 0x0000000760e00000| Untracked 
| 178|0x0000000761000000, 0x0000000761000000, 0x0000000761200000|  0%| F|  |TAMS 0x0000000761000000, 0x0000000761000000| Untracked 
| 179|0x0000000761200000, 0x0000000761200000, 0x0000000761400000|  0%| F|  |TAMS 0x0000000761200000, 0x0000000761200000| Untracked 
| 180|0x0000000761400000, 0x0000000761400000, 0x0000000761600000|  0%| F|  |TAMS 0x0000000761400000, 0x0000000761400000| Untracked 
| 181|0x0000000761600000, 0x0000000761600000, 0x0000000761800000|  0%| F|  |TAMS 0x0000000761600000, 0x0000000761600000| Untracked 
| 182|0x0000000761800000, 0x0000000761800000, 0x0000000761a00000|  0%| F|  |TAMS 0x0000000761800000, 0x0000000761800000| Untracked 
| 183|0x0000000761a00000, 0x0000000761a00000, 0x0000000761c00000|  0%| F|  |TAMS 0x0000000761a00000, 0x0000000761a00000| Untracked 
| 184|0x0000000761c00000, 0x0000000761c00000, 0x0000000761e00000|  0%| F|  |TAMS 0x0000000761c00000, 0x0000000761c00000| Untracked 
| 185|0x0000000761e00000, 0x0000000761e00000, 0x0000000762000000|  0%| F|  |TAMS 0x0000000761e00000, 0x0000000761e00000| Untracked 
| 186|0x0000000762000000, 0x0000000762000000, 0x0000000762200000|  0%| F|  |TAMS 0x0000000762000000, 0x0000000762000000| Untracked 
| 187|0x0000000762200000, 0x0000000762200000, 0x0000000762400000|  0%| F|  |TAMS 0x0000000762200000, 0x0000000762200000| Untracked 
| 188|0x0000000762400000, 0x0000000762400000, 0x0000000762600000|  0%| F|  |TAMS 0x0000000762400000, 0x0000000762400000| Untracked 
| 189|0x0000000762600000, 0x0000000762600000, 0x0000000762800000|  0%| F|  |TAMS 0x0000000762600000, 0x0000000762600000| Untracked 
| 190|0x0000000762800000, 0x0000000762800000, 0x0000000762a00000|  0%| F|  |TAMS 0x0000000762800000, 0x0000000762800000| Untracked 

Card table byte_map: [0x00000254baaf0000,0x00000254bb0a0000] _byte_map_base: 0x00000254b709a000

Marking Bits (Prev, Next): (CMBitMap*) 0x00000254a7652960, (CMBitMap*) 0x00000254a76529a0
 Prev Bits: [0x00000254bb650000, 0x00000254be3a0000)
 Next Bits: [0x00000254be3a0000, 0x00000254c10f0000)

Polling page: 0x00000254a6dc0000

Metaspace:

Usage:
  Non-class:     13.70 MB used.
      Class:      1.52 MB used.
       Both:     15.23 MB used.

Virtual space:
  Non-class space:       64.00 MB reserved,      13.81 MB ( 22%) committed,  1 nodes.
      Class space:        1.00 GB reserved,       1.62 MB ( <1%) committed,  1 nodes.
             Both:        1.06 GB reserved,      15.44 MB (  1%) committed. 

Chunk freelists:
   Non-Class:  2.12 MB
       Class:  14.24 MB
        Both:  16.37 MB

MaxMetaspaceSize: unlimited
CompressedClassSpaceSize: 1.00 GB
Initial GC threshold: 21.00 MB
Current GC threshold: 21.00 MB
CDS: off
MetaspaceReclaimPolicy: balanced
 - commit_granule_bytes: 65536.
 - commit_granule_words: 8192.
 - virtual_space_node_default_size: 8388608.
 - enlarge_chunks_in_place: 1.
 - new_chunks_are_fully_committed: 0.
 - uncommit_free_chunks: 1.
 - use_allocation_guard: 0.
 - handle_deallocations: 1.


Internal statistics:

num_allocs_failed_limit: 0.
num_arena_births: 128.
num_arena_deaths: 0.
num_vsnodes_births: 2.
num_vsnodes_deaths: 0.
num_space_committed: 247.
num_space_uncommitted: 0.
num_chunks_returned_to_freelist: 0.
num_chunks_taken_from_freelist: 206.
num_chunk_merges: 0.
num_chunk_splits: 111.
num_chunks_enlarged: 64.
num_inconsistent_stats: 0.

CodeHeap 'non-profiled nmethods': size=119168Kb used=901Kb max_used=901Kb free=118266Kb
 bounds [0x00000254b2850000, 0x00000254b2ac0000, 0x00000254b9cb0000]
CodeHeap 'profiled nmethods': size=119104Kb used=2612Kb max_used=2612Kb free=116491Kb
 bounds [0x00000254aacb0000, 0x00000254aaf40000, 0x00000254b2100000]
CodeHeap 'non-nmethods': size=7488Kb used=2946Kb max_used=3006Kb free=4541Kb
 bounds [0x00000254b2100000, 0x00000254b2400000, 0x00000254b2850000]
 total_blobs=2084 nmethods=1504 adapters=490
 compilation: enabled
              stopped_count=0, restarted_count=0
 full_count=0

Compilation events (20 events):
Event: 4.367 Thread 0x00000254c41244a0 1494       3       java.awt.Component$1::getAppContext (5 bytes)
Event: 4.368 Thread 0x00000254c41244a0 nmethod 1494 0x00000254aaf3b110 code [0x00000254aaf3b2a0, 0x00000254aaf3b3b8]
Event: 4.369 Thread 0x00000254c429f0b0 1495       1       javax.swing.JComponent::getBorder (5 bytes)
Event: 4.369 Thread 0x00000254c429f0b0 nmethod 1495 0x00000254b2930090 code [0x00000254b2930220, 0x00000254b29302f8]
Event: 4.437 Thread 0x00000254c41244a0 1496       1       java.awt.event.InvocationEvent::getWhen (5 bytes)
Event: 4.437 Thread 0x00000254c41244a0 nmethod 1496 0x00000254b2930390 code [0x00000254b2930520, 0x00000254b29305f8]
Event: 4.502 Thread 0x00000254c41244a0 1497       3       java.awt.Rectangle::<init> (9 bytes)
Event: 4.502 Thread 0x00000254c4d0e6f0 1498       3       sun.java2d.pipe.Region::getIntersectionXYXY (57 bytes)
Event: 4.502 Thread 0x00000254c429f0b0 1499       1       java.awt.AlphaComposite::getRule (5 bytes)
Event: 4.502 Thread 0x00000254c4292340 1500       1       java.awt.AlphaComposite::getAlpha (5 bytes)
Event: 4.502 Thread 0x00000254c41244a0 nmethod 1497 0x00000254aaf3b490 code [0x00000254aaf3b640, 0x00000254aaf3b8f8]
Event: 4.502 Thread 0x00000254c4292340 nmethod 1500 0x00000254b2930690 code [0x00000254b2930820, 0x00000254b29308f8]
Event: 4.502 Thread 0x00000254c429f0b0 nmethod 1499 0x00000254b2930990 code [0x00000254b2930b20, 0x00000254b2930bf8]
Event: 4.502 Thread 0x00000254c429f0b0 1501       1       java.awt.image.ColorModel::getTransparency (5 bytes)
Event: 4.502 Thread 0x00000254c4292340 1502       1       sun.java2d.SurfaceData::getColorModel (5 bytes)
Event: 4.503 Thread 0x00000254c4d0e6f0 nmethod 1498 0x00000254aaf3ba10 code [0x00000254aaf3bc20, 0x00000254aaf3c2e8]
Event: 4.503 Thread 0x00000254c4d0e6f0 1503       3       sun.java2d.d3d.D3DSurfaceData::getBounds (98 bytes)
Event: 4.503 Thread 0x00000254c429f0b0 nmethod 1501 0x00000254b2930c90 code [0x00000254b2930e20, 0x00000254b2930ef8]
Event: 4.503 Thread 0x00000254c4292340 nmethod 1502 0x00000254b2930f90 code [0x00000254b2931120, 0x00000254b29311f8]
Event: 4.503 Thread 0x00000254c4d0e6f0 nmethod 1503 0x00000254aaf3c510 code [0x00000254aaf3c700, 0x00000254aaf3ced8]

GC Heap History (20 events):
Event: 2.148 GC heap after
{Heap after GC invocations=1 (full 0):
 garbage-first heap   total 186368K, used 2679K [0x000000074ac00000, 0x0000000800000000)
  region size 2048K, 2 young (4096K), 2 survivors (4096K)
 Metaspace       used 15458K, committed 15680K, reserved 1114112K
  class space    used 1560K, committed 1664K, reserved 1048576K
}
Event: 3.702 GC heap before
{Heap before GC invocations=1 (full 0):
 garbage-first heap   total 186368K, used 39543K [0x000000074ac00000, 0x0000000800000000)
  region size 2048K, 20 young (40960K), 2 survivors (4096K)
 Metaspace       used 15557K, committed 15744K, reserved 1114112K
  class space    used 1560K, committed 1664K, reserved 1048576K
}
Event: 3.706 GC heap after
{Heap after GC invocations=2 (full 0):
 garbage-first heap   total 186368K, used 3002K [0x000000074ac00000, 0x0000000800000000)
  region size 2048K, 2 young (4096K), 2 survivors (4096K)
 Metaspace       used 15557K, committed 15744K, reserved 1114112K
  class space    used 1560K, committed 1664K, reserved 1048576K
}
Event: 3.792 GC heap before
{Heap before GC invocations=2 (full 0):
 garbage-first heap   total 186368K, used 115642K [0x000000074ac00000, 0x0000000800000000)
  region size 2048K, 54 young (110592K), 2 survivors (4096K)
 Metaspace       used 15560K, committed 15744K, reserved 1114112K
  class space    used 1560K, committed 1664K, reserved 1048576K
}
Event: 3.796 GC heap after
{Heap after GC invocations=3 (full 0):
 garbage-first heap   total 186368K, used 8996K [0x000000074ac00000, 0x0000000800000000)
  region size 2048K, 2 young (4096K), 2 survivors (4096K)
 Metaspace       used 15560K, committed 15744K, reserved 1114112K
  class space    used 1560K, committed 1664K, reserved 1048576K
}
Event: 3.874 GC heap before
{Heap before GC invocations=3 (full 0):
 garbage-first heap   total 186368K, used 125732K [0x000000074ac00000, 0x0000000800000000)
  region size 2048K, 54 young (110592K), 2 survivors (4096K)
 Metaspace       used 15565K, committed 15744K, reserved 1114112K
  class space    used 1560K, committed 1664K, reserved 1048576K
}
Event: 3.882 GC heap after
{Heap after GC invocations=4 (full 0):
 garbage-first heap   total 186368K, used 19313K [0x000000074ac00000, 0x0000000800000000)
  region size 2048K, 2 young (4096K), 2 survivors (4096K)
 Metaspace       used 15565K, committed 15744K, reserved 1114112K
  class space    used 1560K, committed 1664K, reserved 1048576K
}
Event: 3.927 GC heap before
{Heap before GC invocations=4 (full 0):
 garbage-first heap   total 186368K, used 134001K [0x000000074ac00000, 0x0000000800000000)
  region size 2048K, 54 young (110592K), 2 survivors (4096K)
 Metaspace       used 15581K, committed 15744K, reserved 1114112K
  class space    used 1560K, committed 1664K, reserved 1048576K
}
Event: 3.938 GC heap after
{Heap after GC invocations=5 (full 0):
 garbage-first heap   total 186368K, used 27468K [0x000000074ac00000, 0x0000000800000000)
  region size 2048K, 2 young (4096K), 2 survivors (4096K)
 Metaspace       used 15581K, committed 15744K, reserved 1114112K
  class space    used 1560K, committed 1664K, reserved 1048576K
}
Event: 3.986 GC heap before
{Heap before GC invocations=5 (full 0):
 garbage-first heap   total 186368K, used 146252K [0x000000074ac00000, 0x0000000800000000)
  region size 2048K, 54 young (110592K), 2 survivors (4096K)
 Metaspace       used 15582K, committed 15744K, reserved 1114112K
  class space    used 1560K, committed 1664K, reserved 1048576K
}
Event: 4.001 GC heap after
{Heap after GC invocations=6 (full 0):
 garbage-first heap   total 186368K, used 39716K [0x000000074ac00000, 0x0000000800000000)
  region size 2048K, 2 young (4096K), 2 survivors (4096K)
 Metaspace       used 15582K, committed 15744K, reserved 1114112K
  class space    used 1560K, committed 1664K, reserved 1048576K
}
Event: 4.044 GC heap before
{Heap before GC invocations=6 (full 0):
 garbage-first heap   total 186368K, used 146212K [0x000000074ac00000, 0x0000000800000000)
  region size 2048K, 54 young (110592K), 2 survivors (4096K)
 Metaspace       used 15585K, committed 15744K, reserved 1114112K
  class space    used 1560K, committed 1664K, reserved 1048576K
}
Event: 4.060 GC heap after
{Heap after GC invocations=7 (full 0):
 garbage-first heap   total 391168K, used 39794K [0x000000074ac00000, 0x0000000800000000)
  region size 2048K, 2 young (4096K), 2 survivors (4096K)
 Metaspace       used 15585K, committed 15744K, reserved 1114112K
  class space    used 1560K, committed 1664K, reserved 1048576K
}
Event: 4.209 GC heap before
{Heap before GC invocations=7 (full 0):
 garbage-first heap   total 391168K, used 285554K [0x000000074ac00000, 0x0000000800000000)
  region size 2048K, 114 young (233472K), 2 survivors (4096K)
 Metaspace       used 15586K, committed 15744K, reserved 1114112K
  class space    used 1560K, committed 1664K, reserved 1048576K
}
Event: 4.230 GC heap after
{Heap after GC invocations=8 (full 0):
 garbage-first heap   total 391168K, used 56181K [0x000000074ac00000, 0x0000000800000000)
  region size 2048K, 2 young (4096K), 2 survivors (4096K)
 Metaspace       used 15586K, committed 15744K, reserved 1114112K
  class space    used 1560K, committed 1664K, reserved 1048576K
}
Event: 4.336 GC heap before
{Heap before GC invocations=8 (full 0):
 garbage-first heap   total 391168K, used 310133K [0x000000074ac00000, 0x0000000800000000)
  region size 2048K, 114 young (233472K), 2 survivors (4096K)
 Metaspace       used 15588K, committed 15744K, reserved 1114112K
  class space    used 1560K, committed 1664K, reserved 1048576K
}
Event: 4.367 GC heap after
{Heap after GC invocations=9 (full 0):
 garbage-first heap   total 391168K, used 80801K [0x000000074ac00000, 0x0000000800000000)
  region size 2048K, 2 young (4096K), 2 survivors (4096K)
 Metaspace       used 15588K, committed 15744K, reserved 1114112K
  class space    used 1560K, committed 1664K, reserved 1048576K
}
Event: 4.377 GC heap before
{Heap before GC invocations=9 (full 0):
 garbage-first heap   total 391168K, used 95137K [0x000000074ac00000, 0x0000000800000000)
  region size 2048K, 9 young (18432K), 2 survivors (4096K)
 Metaspace       used 15589K, committed 15744K, reserved 1114112K
  class space    used 1560K, committed 1664K, reserved 1048576K
}
Event: 4.406 GC heap after
{Heap after GC invocations=10 (full 0):
 garbage-first heap   total 391168K, used 80804K [0x000000074ac00000, 0x0000000800000000)
  region size 2048K, 1 young (2048K), 1 survivors (2048K)
 Metaspace       used 15589K, committed 15744K, reserved 1114112K
  class space    used 1560K, committed 1664K, reserved 1048576K
}
Event: 4.518 GC heap before
{Heap before GC invocations=10 (full 0):
 garbage-first heap   total 391168K, used 349092K [0x000000074ac00000, 0x0000000800000000)
  region size 2048K, 114 young (233472K), 1 survivors (2048K)
 Metaspace       used 15590K, committed 15808K, reserved 1114112K
  class space    used 1560K, committed 1664K, reserved 1048576K
}

Dll operation events (8 events):
Event: 0.009 Loaded shared library C:\Users\mulau\.p2\pool\plugins\org.eclipse.justj.openjdk.hotspot.jre.full.win32.x86_64_17.0.7.v20230425-1502\jre\bin\java.dll
Event: 0.102 Loaded shared library C:\Users\mulau\.p2\pool\plugins\org.eclipse.justj.openjdk.hotspot.jre.full.win32.x86_64_17.0.7.v20230425-1502\jre\bin\net.dll
Event: 0.105 Loaded shared library C:\Users\mulau\.p2\pool\plugins\org.eclipse.justj.openjdk.hotspot.jre.full.win32.x86_64_17.0.7.v20230425-1502\jre\bin\nio.dll
Event: 0.111 Loaded shared library C:\Users\mulau\.p2\pool\plugins\org.eclipse.justj.openjdk.hotspot.jre.full.win32.x86_64_17.0.7.v20230425-1502\jre\bin\zip.dll
Event: 0.141 Loaded shared library C:\Users\mulau\.p2\pool\plugins\org.eclipse.justj.openjdk.hotspot.jre.full.win32.x86_64_17.0.7.v20230425-1502\jre\bin\jimage.dll
Event: 0.174 Loaded shared library C:\Users\mulau\.p2\pool\plugins\org.eclipse.justj.openjdk.hotspot.jre.full.win32.x86_64_17.0.7.v20230425-1502\jre\bin\awt.dll
Event: 0.476 Loaded shared library C:\Users\mulau\.p2\pool\plugins\org.eclipse.justj.openjdk.hotspot.jre.full.win32.x86_64_17.0.7.v20230425-1502\jre\bin\freetype.dll
Event: 0.478 Loaded shared library C:\Users\mulau\.p2\pool\plugins\org.eclipse.justj.openjdk.hotspot.jre.full.win32.x86_64_17.0.7.v20230425-1502\jre\bin\fontmanager.dll

Deoptimization events (20 events):
Event: 3.696 Thread 0x00000254c4cf55b0 Uncommon trap: trap_request=0xffffff45 fr.pc=0x00000254b28fb64c relative=0x000000000000762c
Event: 3.696 Thread 0x00000254c4cf55b0 Uncommon trap: reason=unstable_if action=reinterpret pc=0x00000254b28fb64c method=java.util.AbstractCollection.isEmpty()Z @ 4 c2
Event: 3.696 Thread 0x00000254c4cf55b0 DEOPT PACKING pc=0x00000254b28fb64c sp=0x00000057b90ff150
Event: 3.696 Thread 0x00000254c4cf55b0 DEOPT UNPACKING pc=0x00000254b21569a3 sp=0x00000057b90ff080 mode 2
Event: 3.696 Thread 0x00000254c4cf55b0 Uncommon trap: trap_request=0xffffff45 fr.pc=0x00000254b28dc2f0 relative=0x0000000000000070
Event: 3.696 Thread 0x00000254c4cf55b0 Uncommon trap: reason=unstable_if action=reinterpret pc=0x00000254b28dc2f0 method=java.util.AbstractCollection.isEmpty()Z @ 4 c2
Event: 3.696 Thread 0x00000254c4cf55b0 DEOPT PACKING pc=0x00000254b28dc2f0 sp=0x00000057b90ff0e0
Event: 3.696 Thread 0x00000254c4cf55b0 DEOPT UNPACKING pc=0x00000254b21569a3 sp=0x00000057b90ff070 mode 2
Event: 3.755 Thread 0x00000254c4a28160 Uncommon trap: trap_request=0xffffff45 fr.pc=0x00000254b28a5a1c relative=0x0000000000002bfc
Event: 3.755 Thread 0x00000254c4a28160 Uncommon trap: reason=unstable_if action=reinterpret pc=0x00000254b28a5a1c method=java.lang.String.split(Ljava/lang/String;I)[Ljava/lang/String; @ 209 c2
Event: 3.755 Thread 0x00000254c4a28160 DEOPT PACKING pc=0x00000254b28a5a1c sp=0x00000057b8dfeec0
Event: 3.755 Thread 0x00000254c4a28160 DEOPT UNPACKING pc=0x00000254b21569a3 sp=0x00000057b8dfeea0 mode 2
Event: 3.755 Thread 0x00000254c4a28160 Uncommon trap: trap_request=0xffffff45 fr.pc=0x00000254b289970c relative=0x000000000000034c
Event: 3.755 Thread 0x00000254c4a28160 Uncommon trap: reason=unstable_if action=reinterpret pc=0x00000254b289970c method=java.lang.Integer.parseInt(Ljava/lang/String;I)I @ 105 c2
Event: 3.755 Thread 0x00000254c4a28160 DEOPT PACKING pc=0x00000254b289970c sp=0x00000057b8dfeee0
Event: 3.755 Thread 0x00000254c4a28160 DEOPT UNPACKING pc=0x00000254b21569a3 sp=0x00000057b8dfede8 mode 2
Event: 3.817 Thread 0x00000254c4a28160 Uncommon trap: trap_request=0xffffff45 fr.pc=0x00000254b2896bc0 relative=0x0000000000000400
Event: 3.817 Thread 0x00000254c4a28160 Uncommon trap: reason=unstable_if action=reinterpret pc=0x00000254b2896bc0 method=java.lang.Integer.parseInt(Ljava/lang/String;I)I @ 105 c2
Event: 3.817 Thread 0x00000254c4a28160 DEOPT PACKING pc=0x00000254b2896bc0 sp=0x00000057b8dfee60
Event: 3.817 Thread 0x00000254c4a28160 DEOPT UNPACKING pc=0x00000254b21569a3 sp=0x00000057b8dfede0 mode 2

Classes unloaded (0 events):
No events

Classes redefined (0 events):
No events

Internal exceptions (18 events):
Event: 0.161 Thread 0x00000254a75fc2e0 Exception <a 'java/lang/ClassNotFoundException'{0x0000000755e12dc0}: sun/awt/resources/spi/awtProvider> (0x0000000755e12dc0) 
thrown [s\src\hotspot\share\classfile\systemDictionary.cpp, line 256]
Event: 0.192 Thread 0x00000254a75fc2e0 Exception <a 'java/io/FileNotFoundException'{0x0000000755e6c788}> (0x0000000755e6c788) 
thrown [s\src\hotspot\share\prims\jni.cpp, line 516]
Event: 0.199 Thread 0x00000254a75fc2e0 Exception <a 'java/io/FileNotFoundException'{0x0000000755f0a3a0}> (0x0000000755f0a3a0) 
thrown [s\src\hotspot\share\prims\jni.cpp, line 516]
Event: 0.249 Thread 0x00000254a75fc2e0 Exception <a 'java/lang/NoSuchMethodError'{0x0000000755f648f0}: 'java.lang.Object java.lang.invoke.DirectMethodHandle$Holder.invokeStaticInit(java.lang.Object)'> (0x0000000755f648f0) 
thrown [s\src\hotspot\share\interpreter\linkResolver.cpp, line 759]
Event: 0.345 Thread 0x00000254a75fc2e0 Exception <a 'java/lang/NoSuchMethodError'{0x0000000755faf270}: 'void java.lang.invoke.DirectMethodHandle$Holder.invokeSpecial(java.lang.Object, java.lang.Object, java.lang.Object)'> (0x0000000755faf270) 
thrown [s\src\hotspot\share\interpreter\linkResolver.cpp, line 759]
Event: 0.353 Thread 0x00000254a75fc2e0 Exception <a 'java/lang/NoSuchMethodError'{0x0000000755c167c8}: 'java.lang.Object java.lang.invoke.DirectMethodHandle$Holder.newInvokeSpecial(java.lang.Object, java.lang.Object, java.lang.Object, java.lang.Object, java.lang.Object)'> (0x0000000755c167c8) 
thrown [s\src\hotspot\share\interpreter\linkResolver.cpp, line 759]
Event: 0.354 Thread 0x00000254a75fc2e0 Exception <a 'java/lang/NoSuchMethodError'{0x0000000755c22190}: 'java.lang.Object java.lang.invoke.DirectMethodHandle$Holder.invokeStatic(java.lang.Object, int, java.lang.Object, java.lang.Object, java.lang.Object, java.lang.Object)'> (0x0000000755c22190) 
thrown [s\src\hotspot\share\interpreter\linkResolver.cpp, line 759]
Event: 0.359 Thread 0x00000254a75fc2e0 Exception <a 'java/lang/NoSuchMethodError'{0x0000000755c47950}: 'java.lang.Object java.lang.invoke.DirectMethodHandle$Holder.invokeStatic(java.lang.Object, int, java.lang.Object)'> (0x0000000755c47950) 
thrown [s\src\hotspot\share\interpreter\linkResolver.cpp, line 759]
Event: 0.385 Thread 0x00000254a75fc2e0 Exception <a 'java/lang/ClassNotFoundException'{0x0000000755cff958}: com/sun/swing/internal/plaf/metal/resources/spi/metalProvider> (0x0000000755cff958) 
thrown [s\src\hotspot\share\classfile\systemDictionary.cpp, line 256]
Event: 0.386 Thread 0x00000254a75fc2e0 Exception <a 'java/lang/ClassNotFoundException'{0x0000000755d037b0}: com/sun/swing/internal/plaf/basic/resources/spi/basicProvider> (0x0000000755d037b0) 
thrown [s\src\hotspot\share\classfile\systemDictionary.cpp, line 256]
Event: 0.408 Thread 0x00000254a75fc2e0 Exception <a 'java/lang/NoSuchMethodError'{0x0000000755d29408}: 'void java.lang.invoke.DirectMethodHandle$Holder.invokeStatic(java.lang.Object, java.lang.Object)'> (0x0000000755d29408) 
thrown [s\src\hotspot\share\interpreter\linkResolver.cpp, line 759]
Event: 0.433 Thread 0x00000254a75fc2e0 Exception <a 'java/lang/NoSuchMethodError'{0x0000000755da2260}: 'java.lang.Object java.lang.invoke.DirectMethodHandle$Holder.invokeStaticInit(java.lang.Object, int, int, int, int)'> (0x0000000755da2260) 
thrown [s\src\hotspot\share\interpreter\linkResolver.cpp, line 759]
Event: 0.455 Thread 0x00000254c46d75c0 Exception <a 'java/lang/NoSuchMethodError'{0x0000000755fd28d0}: 'void java.lang.invoke.DirectMethodHandle$Holder.invokeVirtual(java.lang.Object, java.lang.Object)'> (0x0000000755fd28d0) 
thrown [s\src\hotspot\share\interpreter\linkResolver.cpp, line 759]
Event: 0.469 Thread 0x00000254a75fc2e0 Exception <a 'java/lang/NoSuchMethodError'{0x0000000755de7018}: 'void java.lang.invoke.DirectMethodHandle$Holder.invokeStaticInit(java.lang.Object)'> (0x0000000755de7018) 
thrown [s\src\hotspot\share\interpreter\linkResolver.cpp, line 759]
Event: 0.610 Thread 0x00000254c4a28160 Exception <a 'java/lang/NoSuchMethodError'{0x000000075582bbf0}: 'java.lang.Object java.lang.invoke.DirectMethodHandle$Holder.invokeStaticInit(java.lang.Object, java.lang.Object, int, int, int, int)'> (0x000000075582bbf0) 
thrown [s\src\hotspot\share\interpreter\linkResolver.cpp, line 759]
Event: 0.673 Thread 0x00000254a75fc2e0 Exception <a 'java/lang/NoSuchMethodError'{0x0000000755aca3b8}: 'java.lang.Object java.lang.invoke.DirectMethodHandle$Holder.newInvokeSpecial(java.lang.Object, java.lang.Object, java.lang.Object, int)'> (0x0000000755aca3b8) 
thrown [s\src\hotspot\share\interpreter\linkResolver.cpp, line 759]
Event: 0.674 Thread 0x00000254a75fc2e0 Exception <a 'java/lang/NoSuchMethodError'{0x0000000755ace4f0}: 'java.lang.Object java.lang.invoke.DirectMethodHandle$Holder.invokeSpecial(java.lang.Object, java.lang.Object, java.lang.Object, java.lang.Object, int)'> (0x0000000755ace4f0) 
thrown [s\src\hotspot\share\interpreter\linkResolver.cpp, line 759]
Event: 0.674 Thread 0x00000254a75fc2e0 Exception <a 'java/lang/NoSuchMethodError'{0x0000000755ad1e10}: 'java.lang.Object java.lang.invoke.Invokers$Holder.linkToTargetMethod(java.lang.Object, java.lang.Object, int, java.lang.Object)'> (0x0000000755ad1e10) 
thrown [s\src\hotspot\share\interpreter\linkResolver.cpp, line 759]

VM Operations (20 events):
Event: 3.162 Executing VM operation: Cleanup done
Event: 3.702 Executing VM operation: G1CollectForAllocation
Event: 3.706 Executing VM operation: G1CollectForAllocation done
Event: 3.792 Executing VM operation: G1CollectForAllocation
Event: 3.796 Executing VM operation: G1CollectForAllocation done
Event: 3.874 Executing VM operation: G1CollectForAllocation
Event: 3.882 Executing VM operation: G1CollectForAllocation done
Event: 3.927 Executing VM operation: G1CollectForAllocation
Event: 3.938 Executing VM operation: G1CollectForAllocation done
Event: 3.986 Executing VM operation: G1CollectForAllocation
Event: 4.001 Executing VM operation: G1CollectForAllocation done
Event: 4.044 Executing VM operation: G1CollectForAllocation
Event: 4.060 Executing VM operation: G1CollectForAllocation done
Event: 4.209 Executing VM operation: G1CollectForAllocation
Event: 4.231 Executing VM operation: G1CollectForAllocation done
Event: 4.336 Executing VM operation: G1CollectForAllocation
Event: 4.367 Executing VM operation: G1CollectForAllocation done
Event: 4.377 Executing VM operation: G1CollectForAllocation
Event: 4.406 Executing VM operation: G1CollectForAllocation done
Event: 4.518 Executing VM operation: G1CollectForAllocation

Events (20 events):
Event: 0.753 loading class sun/font/CMap$NullCMapClass done
Event: 0.753 loading class sun/font/CMap$CMapFormat4
Event: 0.754 loading class sun/font/CMap$CMapFormat4 done
Event: 0.754 loading class java/nio/ByteBufferAsCharBufferB
Event: 0.754 loading class java/nio/ByteBufferAsCharBufferB done
Event: 0.755 loading class jdk/internal/misc/ScopedMemoryAccess$Scope
Event: 0.755 loading class jdk/internal/misc/ScopedMemoryAccess$Scope done
Event: 0.755 loading class sun/font/FileFontStrike
Event: 0.755 loading class sun/font/FileFontStrike done
Event: 0.755 loading class sun/font/FontScaler
Event: 0.755 loading class sun/font/FontScaler done
Event: 0.755 loading class sun/font/FreetypeFontScaler
Event: 0.756 loading class sun/font/FreetypeFontScaler done
Event: 1.308 Thread 0x00000254c4cdbcd0 Thread exited: 0x00000254c4cdbcd0
Event: 1.928 Thread 0x00000254c4d11f80 Thread added: 0x00000254c4d11f80
Event: 2.479 Thread 0x00000254c4d11f80 Thread exited: 0x00000254c4d11f80
Event: 2.544 Thread 0x00000254c4d11f80 Thread added: 0x00000254c4d11f80
Event: 2.790 Thread 0x00000254c4d11f80 Thread exited: 0x00000254c4d11f80
Event: 3.786 Thread 0x00000254cec947c0 Thread added: 0x00000254cec947c0
Event: 4.032 Thread 0x00000254cec947c0 Thread exited: 0x00000254cec947c0


Dynamic libraries:
0x00007ff6cb6a0000 - 0x00007ff6cb6ae000 	C:\Users\mulau\.p2\pool\plugins\org.eclipse.justj.openjdk.hotspot.jre.full.win32.x86_64_17.0.7.v20230425-1502\jre\bin\javaw.exe
0x00007ffca2d70000 - 0x00007ffca2f87000 	C:\windows\SYSTEM32\ntdll.dll
0x00007ffca1c40000 - 0x00007ffca1d04000 	C:\windows\System32\KERNEL32.DLL
0x00007ffca03a0000 - 0x00007ffca0746000 	C:\windows\System32\KERNELBASE.dll
0x00007ffca0750000 - 0x00007ffca0861000 	C:\windows\System32\ucrtbase.dll
0x00007ffc818a0000 - 0x00007ffc818b7000 	C:\Users\mulau\.p2\pool\plugins\org.eclipse.justj.openjdk.hotspot.jre.full.win32.x86_64_17.0.7.v20230425-1502\jre\bin\jli.dll
0x00007ffc864a0000 - 0x00007ffc864b9000 	C:\Users\mulau\.p2\pool\plugins\org.eclipse.justj.openjdk.hotspot.jre.full.win32.x86_64_17.0.7.v20230425-1502\jre\bin\VCRUNTIME140.dll
0x00007ffca0d90000 - 0x00007ffca0f3d000 	C:\windows\System32\USER32.dll
0x00007ffca0160000 - 0x00007ffca0186000 	C:\windows\System32\win32u.dll
0x00007ffc9f300000 - 0x00007ffc9f593000 	C:\windows\WinSxS\amd64_microsoft.windows.common-controls_6595b64144ccf1df_6.0.22621.2361_none_2712ced57382f843\COMCTL32.dll
0x00007ffca17e0000 - 0x00007ffca1887000 	C:\windows\System32\msvcrt.dll
0x00007ffca1e20000 - 0x00007ffca1e49000 	C:\windows\System32\GDI32.dll
0x00007ffca0200000 - 0x00007ffca0318000 	C:\windows\System32\gdi32full.dll
0x00007ffca00c0000 - 0x00007ffca015a000 	C:\windows\System32\msvcp_win.dll
0x00007ffca1c00000 - 0x00007ffca1c31000 	C:\windows\System32\IMM32.DLL
0x00007ffc9a770000 - 0x00007ffc9a77c000 	C:\Users\mulau\.p2\pool\plugins\org.eclipse.justj.openjdk.hotspot.jre.full.win32.x86_64_17.0.7.v20230425-1502\jre\bin\vcruntime140_1.dll
0x00007ffc6b3e0000 - 0x00007ffc6b471000 	C:\Users\mulau\.p2\pool\plugins\org.eclipse.justj.openjdk.hotspot.jre.full.win32.x86_64_17.0.7.v20230425-1502\jre\bin\msvcp140.dll
0x00007ffc31e90000 - 0x00007ffc32ad8000 	C:\Users\mulau\.p2\pool\plugins\org.eclipse.justj.openjdk.hotspot.jre.full.win32.x86_64_17.0.7.v20230425-1502\jre\bin\server\jvm.dll
0x00007ffca1d10000 - 0x00007ffca1dc0000 	C:\windows\System32\ADVAPI32.dll
0x00007ffca1990000 - 0x00007ffca1a36000 	C:\windows\System32\sechost.dll
0x00007ffca2bd0000 - 0x00007ffca2ce7000 	C:\windows\System32\RPCRT4.dll
0x00007ffc7ea40000 - 0x00007ffc7ea49000 	C:\windows\SYSTEM32\WSOCK32.dll
0x00007ffc9e2f0000 - 0x00007ffc9e2fa000 	C:\windows\SYSTEM32\VERSION.dll
0x00007ffc97710000 - 0x00007ffc97744000 	C:\windows\SYSTEM32\WINMM.dll
0x00007ffca0bf0000 - 0x00007ffca0c61000 	C:\windows\System32\WS2_32.dll
0x00007ffc9e1e0000 - 0x00007ffc9e1f8000 	C:\windows\SYSTEM32\kernel.appcore.dll
0x00007ffc9f980000 - 0x00007ffc9f98a000 	C:\Users\mulau\.p2\pool\plugins\org.eclipse.justj.openjdk.hotspot.jre.full.win32.x86_64_17.0.7.v20230425-1502\jre\bin\jimage.dll
0x00007ffc9fa40000 - 0x00007ffc9fc6e000 	C:\windows\SYSTEM32\DBGHELP.DLL
0x00007ffca1450000 - 0x00007ffca17da000 	C:\windows\System32\combase.dll
0x00007ffca1f50000 - 0x00007ffca2027000 	C:\windows\System32\OLEAUT32.dll
0x00007ffc9f8b0000 - 0x00007ffc9f8e2000 	C:\windows\SYSTEM32\dbgcore.DLL
0x00007ffca0320000 - 0x00007ffca039a000 	C:\windows\System32\bcryptPrimitives.dll
0x00007ffc8d530000 - 0x00007ffc8d555000 	C:\Users\mulau\.p2\pool\plugins\org.eclipse.justj.openjdk.hotspot.jre.full.win32.x86_64_17.0.7.v20230425-1502\jre\bin\java.dll
0x00007ffc8d510000 - 0x00007ffc8d528000 	C:\Users\mulau\.p2\pool\plugins\org.eclipse.justj.openjdk.hotspot.jre.full.win32.x86_64_17.0.7.v20230425-1502\jre\bin\zip.dll
0x00007ffca21f0000 - 0x00007ffca2a48000 	C:\windows\System32\SHELL32.dll
0x00007ffc9d0e0000 - 0x00007ffc9d9d2000 	C:\windows\SYSTEM32\windows.storage.dll
0x00007ffc9cf90000 - 0x00007ffc9d0ce000 	C:\windows\SYSTEM32\wintypes.dll
0x00007ffca1890000 - 0x00007ffca1983000 	C:\windows\System32\SHCORE.dll
0x00007ffca2b50000 - 0x00007ffca2bae000 	C:\windows\System32\shlwapi.dll
0x00007ffc9fff0000 - 0x00007ffca0016000 	C:\windows\SYSTEM32\profapi.dll
0x00007ffc8d4f0000 - 0x00007ffc8d509000 	C:\Users\mulau\.p2\pool\plugins\org.eclipse.justj.openjdk.hotspot.jre.full.win32.x86_64_17.0.7.v20230425-1502\jre\bin\net.dll
0x00007ffc99600000 - 0x00007ffc99737000 	C:\windows\SYSTEM32\WINHTTP.dll
0x00007ffc9eed0000 - 0x00007ffc9ef39000 	C:\windows\system32\mswsock.dll
0x00007ffc8d410000 - 0x00007ffc8d425000 	C:\Users\mulau\.p2\pool\plugins\org.eclipse.justj.openjdk.hotspot.jre.full.win32.x86_64_17.0.7.v20230425-1502\jre\bin\nio.dll
0x00007ffc690c0000 - 0x00007ffc6924e000 	C:\Users\mulau\.p2\pool\plugins\org.eclipse.justj.openjdk.hotspot.jre.full.win32.x86_64_17.0.7.v20230425-1502\jre\bin\awt.dll
0x00007ffc9c5f0000 - 0x00007ffc9c687000 	C:\windows\SYSTEM32\apphelp.dll
0x00007ffc9c9f0000 - 0x00007ffc9ca1b000 	C:\windows\system32\DWMAPI.DLL
0x00007ffc9c780000 - 0x00007ffc9c82b000 	C:\windows\system32\uxtheme.dll
0x00007ffc3aac0000 - 0x00007ffc3abc0000 	C:\windows\system32\opengl32.dll
0x00007ffc39ae0000 - 0x00007ffc39b0d000 	C:\windows\SYSTEM32\GLU32.dll
0x00007ffc9c8a0000 - 0x00007ffc9c8d6000 	C:\windows\SYSTEM32\dxcore.dll
0x00007ffca0aa0000 - 0x00007ffca0bec000 	C:\windows\System32\MSCTF.dll
0x00007ffca1a60000 - 0x00007ffca1bff000 	C:\windows\System32\ole32.dll
0x00007ffc430c0000 - 0x00007ffc43269000 	C:\windows\system32\d3d9.dll
0x00007ffc95f20000 - 0x00007ffc960db000 	C:\windows\System32\DriverStore\FileRepository\u0387389.inf_amd64_995be970e30b8c79\B385477\aticfx64.dll
0x00007ffc37240000 - 0x00007ffc37274000 	C:\windows\System32\DriverStore\FileRepository\u0387389.inf_amd64_995be970e30b8c79\B385477\atiu9p64.dll
0x00007ffc364e0000 - 0x00007ffc37235000 	C:\windows\System32\DriverStore\FileRepository\u0387389.inf_amd64_995be970e30b8c79\B385477\atiumd64.dll
0x000000006d350000 - 0x000000006e277000 	C:\windows\System32\DriverStore\FileRepository\u0387389.inf_amd64_995be970e30b8c79\B385477\atiumd6a.dll
0x00007ffca0f40000 - 0x00007ffca13b4000 	C:\windows\System32\SETUPAPI.dll
0x00007ffc9f9f0000 - 0x00007ffc9fa3d000 	C:\windows\SYSTEM32\POWRPROF.dll
0x00007ffc9f870000 - 0x00007ffc9f883000 	C:\windows\SYSTEM32\UMPDC.dll
0x00007ffc93e80000 - 0x00007ffc93eb5000 	C:\windows\SYSTEM32\amdihk64.dll
0x00007ffc99740000 - 0x00007ffc9978a000 	C:\windows\SYSTEM32\directxdatabasehelper.dll
0x00007ffc6a820000 - 0x00007ffc6a8a6000 	C:\Users\mulau\.p2\pool\plugins\org.eclipse.justj.openjdk.hotspot.jre.full.win32.x86_64_17.0.7.v20230425-1502\jre\bin\freetype.dll
0x00007ffc69930000 - 0x00007ffc699f5000 	C:\Users\mulau\.p2\pool\plugins\org.eclipse.justj.openjdk.hotspot.jre.full.win32.x86_64_17.0.7.v20230425-1502\jre\bin\fontmanager.dll
0x00007ffc9fd60000 - 0x00007ffc9fd7b000 	C:\windows\SYSTEM32\CRYPTSP.dll
0x00007ffc9e140000 - 0x00007ffc9e175000 	C:\windows\system32\rsaenh.dll
0x00007ffc9f150000 - 0x00007ffc9f17c000 	C:\windows\SYSTEM32\USERENV.dll
0x00007ffc9f8f0000 - 0x00007ffc9f918000 	C:\windows\SYSTEM32\bcrypt.dll
0x00007ffc9f180000 - 0x00007ffc9f18c000 	C:\windows\SYSTEM32\CRYPTBASE.dll
0x00007ffc8a150000 - 0x00007ffc8a29a000 	C:\windows\SYSTEM32\textinputframework.dll
0x00007ffc9dc40000 - 0x00007ffc9dc6d000 	C:\windows\SYSTEM32\IPHLPAPI.DLL
0x00007ffca1f40000 - 0x00007ffca1f49000 	C:\windows\System32\NSI.dll
0x00007ffc99280000 - 0x00007ffc99299000 	C:\windows\SYSTEM32\dhcpcsvc6.DLL
0x00007ffc99580000 - 0x00007ffc9959f000 	C:\windows\SYSTEM32\dhcpcsvc.DLL
0x00007ffc9dcb0000 - 0x00007ffc9dda9000 	C:\windows\SYSTEM32\DNSAPI.dll
0x00007ffc9c310000 - 0x00007ffc9c443000 	C:\windows\SYSTEM32\CoreMessaging.dll
0x00007ffc98560000 - 0x00007ffc988cc000 	C:\windows\SYSTEM32\CoreUIComponents.dll

dbghelp: loaded successfully - version: 4.0.5 - missing functions: none
symbol engine: initialized successfully - sym options: 0x614 - pdb path: .;C:\Users\mulau\.p2\pool\plugins\org.eclipse.justj.openjdk.hotspot.jre.full.win32.x86_64_17.0.7.v20230425-1502\jre\bin;C:\windows\SYSTEM32;C:\windows\WinSxS\amd64_microsoft.windows.common-controls_6595b64144ccf1df_6.0.22621.2361_none_2712ced57382f843;C:\Users\mulau\.p2\pool\plugins\org.eclipse.justj.openjdk.hotspot.jre.full.win32.x86_64_17.0.7.v20230425-1502\jre\bin\server;C:\windows\System32\DriverStore\FileRepository\u0387389.inf_amd64_995be970e30b8c79\B385477

VM Arguments:
jvm_args: -Dfile.encoding=UTF-8 -XX:+ShowCodeDetailsInExceptionMessages 
java_command: MyAgent -develop
java_class_path (initial): C:\Users\mulau\eclipse-workspace\ExampleSnake\bin;C:\Users\mulau\eclipse-workspace\ExampleSnake\lib\Snake2023-v1.jar
Launcher Type: SUN_STANDARD

[Global flags]
     intx CICompilerCount                          = 12                                        {product} {ergonomic}
     uint ConcGCThreads                            = 3                                         {product} {ergonomic}
     uint G1ConcRefinementThreads                  = 13                                        {product} {ergonomic}
   size_t G1HeapRegionSize                         = 2097152                                   {product} {ergonomic}
    uintx GCDrainStackTargetSize                   = 64                                        {product} {ergonomic}
   size_t InitialHeapSize                          = 190840832                                 {product} {ergonomic}
   size_t MarkStackSize                            = 4194304                                   {product} {ergonomic}
   size_t MaxHeapSize                              = 3040870400                                {product} {ergonomic}
   size_t MaxNewSize                               = 1824522240                                {product} {ergonomic}
   size_t MinHeapDeltaBytes                        = 2097152                                   {product} {ergonomic}
   size_t MinHeapSize                              = 8388608                                   {product} {ergonomic}
    uintx NonNMethodCodeHeapSize                   = 7602480                                {pd product} {ergonomic}
    uintx NonProfiledCodeHeapSize                  = 122027880                              {pd product} {ergonomic}
    uintx ProfiledCodeHeapSize                     = 122027880                              {pd product} {ergonomic}
    uintx ReservedCodeCacheSize                    = 251658240                              {pd product} {ergonomic}
     bool SegmentedCodeCache                       = true                                      {product} {ergonomic}
     bool ShowCodeDetailsInExceptionMessages       = true                                   {manageable} {command line}
   size_t SoftMaxHeapSize                          = 3040870400                             {manageable} {ergonomic}
     bool UseCompressedClassPointers               = true                           {product lp64_product} {ergonomic}
     bool UseCompressedOops                        = true                           {product lp64_product} {ergonomic}
     bool UseG1GC                                  = true                                      {product} {ergonomic}
     bool UseLargePagesIndividualAllocation        = false                                  {pd product} {ergonomic}

Logging:
Log output configuration:
 #0: stdout all=warning uptime,level,tags
 #1: stderr all=off uptime,level,tags

Environment Variables:
JAVA_HOME=C:\Users\mulau\AppData\Local\Programs\Eclipse Adoptium\jdk-17.0.8.7-hotspot\
PATH=C:/Users/mulau/.p2/pool/plugins/org.eclipse.justj.openjdk.hotspot.jre.full.win32.x86_64_17.0.7.v20230425-1502/jre/bin/server;C:/Users/mulau/.p2/pool/plugins/org.eclipse.justj.openjdk.hotspot.jre.full.win32.x86_64_17.0.7.v20230425-1502/jre/bin;C:\windows\system32;C:\windows;C:\windows\System32\Wbem;C:\windows\System32\WindowsPowerShell\v1.0\;C:\windows\System32\OpenSSH\;C:\Program Files\Microsoft SQL Server\Client SDK\ODBC\170\Tools\Binn\;C:\Program Files\Microsoft SQL Server\150\Tools\Binn\;C:\Program Files\dotnet\;C:\Users\mulau\AppData\Local\Programs\Eclipse Adoptium\jdk-17.0.8.7-hotspot\bin;C:\Users\mulau\AppData\Local\Microsoft\WindowsApps;;C:\Users\mulau\AppData\Local\Programs\Microsoft VS Code\bin;C:\Users\mulau\.dotnet\tools;C:\windows\system32;
USERNAME=mulau
OS=Windows_NT
PROCESSOR_IDENTIFIER=AMD64 Family 23 Model 104 Stepping 1, AuthenticAMD
TMP=C:\Users\mulau\AppData\Local\Temp
TEMP=C:\Users\mulau\AppData\Local\Temp



---------------  S Y S T E M  ---------------

OS:
 Windows 11 , 64 bit Build 22621 (10.0.22621.2428)
OS uptime: 1 days 15:39 hours
Hyper-V role detected

CPU: total 16 (initial active 16) (16 cores per cpu, 2 threads per core) family 23 model 104 stepping 1 microcode 0x0, cx8, cmov, fxsr, ht, mmx, 3dnowpref, sse, sse2, sse3, ssse3, sse4a, sse4.1, sse4.2, popcnt, lzcnt, tsc, tscinvbit, avx, avx2, aes, clmul, bmi1, bmi2, adx, sha, fma, vzeroupper, clflush, clflushopt, hv

Memory: 4k page, system-wide physical 11597M (2941M free)
TotalPageFile size 14572M (AvailPageFile size 650M)
current process WorkingSet (physical memory assigned to process): 475M, peak: 475M
current process commit charge ("private bytes"): 546M, peak: 1310M

vm_info: OpenJDK 64-Bit Server VM (17.0.7+7) for windows-amd64 JRE (17.0.7+7), built on Apr 18 2023 22:10:42 by "temurin" with MS VC++ 16.7 (VS2019)

END.
