#
# There is insufficient memory for the Java Runtime Environment to continue.
# Native memory allocation (malloc) failed to allocate 131088 bytes for Chunk::new
# Possible reasons:
#   The system is out of physical RAM or swap space
#   The process is running with CompressedOops enabled, and the Java Heap may be blocking the growth of the native heap
# Possible solutions:
#   Reduce memory load on the system
#   Increase physical memory or swap space
#   Check if swap backing store is full
#   Decrease Java heap size (-Xmx/-Xms)
#   Decrease number of Java threads
#   Decrease Java thread stack sizes (-Xss)
#   Set larger code cache with -XX:ReservedCodeCacheSize=
#   JVM is running with Zero Based Compressed Oops mode in which the Java heap is
#     placed in the first 32GB address space. The Java Heap base address is the
#     maximum limit for the native heap growth. Please use -XX:HeapBaseMinAddress
#     to set the Java Heap base and to place the Java Heap above 32GB virtual address.
# This output file may be truncated or incomplete.
#
#  Out of Memory Error (arena.cpp:189), pid=49044, tid=53356
#
# JRE version: OpenJDK Runtime Environment Temurin-17.0.7+7 (17.0.7+7) (build 17.0.7+7)
# Java VM: OpenJDK 64-Bit Server VM Temurin-17.0.7+7 (17.0.7+7, mixed mode, tiered, compressed oops, compressed class ptrs, g1 gc, windows-amd64)
# No core dump will be written. Minidumps are not enabled by default on client versions of Windows
#

---------------  S U M M A R Y ------------

Command Line: -Dfile.encoding=UTF-8 -XX:+ShowCodeDetailsInExceptionMessages MyAgent -develop

Host: AMD Ryzen 7 5700U with Radeon Graphics         , 16 cores, 11G,  Windows 11 , 64 bit Build 22621 (10.0.22621.2215)
Time: Tue Oct 10 18:04:32 2023 South Africa Standard Time elapsed time: 9.601945 seconds (0d 0h 0m 9s)

---------------  T H R E A D  ---------------

Current thread (0x00000215a6474370):  JavaThread "C2 CompilerThread0" daemon [_thread_in_native, id=53356, stack(0x000000536b100000,0x000000536b200000)]


Current CompileTask:
C2:   9602 1489       4       java.text.DecimalFormatSymbols::initialize (330 bytes)

Stack: [0x000000536b100000,0x000000536b200000]
Native frames: (J=compiled Java code, j=interpreted, Vv=VM code, C=native code)
V  [jvm.dll+0x67754a]
V  [jvm.dll+0x834304]
V  [jvm.dll+0x835aae]
V  [jvm.dll+0x836113]
V  [jvm.dll+0x24696f]
V  [jvm.dll+0xac0ac]
V  [jvm.dll+0xac67c]
V  [jvm.dll+0xac1bb]
V  [jvm.dll+0x69c628]
V  [jvm.dll+0x1a9413]
V  [jvm.dll+0x69ac51]
V  [jvm.dll+0x601cc5]
V  [jvm.dll+0x219460]
V  [jvm.dll+0x218a61]
V  [jvm.dll+0x1a4d8d]
V  [jvm.dll+0x2284da]
V  [jvm.dll+0x226615]
V  [jvm.dll+0x7ea90b]
V  [jvm.dll+0x7e4e7a]
V  [jvm.dll+0x676395]
C  [ucrtbase.dll+0x29363]
C  [KERNEL32.DLL+0x1257d]
C  [ntdll.dll+0x5aa68]


---------------  P R O C E S S  ---------------

Threads class SMR info:
_java_thread_list=0x00000215b15cbec0, length=21, elements={
0x00000215a644e010, 0x00000215a6403570, 0x00000215a643c780, 0x00000215a6469400,
0x00000215a6469cc0, 0x00000215a646b680, 0x00000215a6474370, 0x00000215a6478310,
0x00000215a648b8d0, 0x00000215a65d86d0, 0x00000215a65e4990, 0x00000215a66053e0,
0x00000215ab14f420, 0x00000215ab150510, 0x00000215ab1542d0, 0x00000215ab432140,
0x00000215ab473f90, 0x00000215ab4d9560, 0x00000215ab7505d0, 0x00000215ab7646b0,
0x00000215ab761b60
}

Java Threads: ( => current thread )
  0x00000215a644e010 JavaThread "Reference Handler" daemon [_thread_blocked, id=52812, stack(0x000000536ab00000,0x000000536ac00000)]
  0x00000215a6403570 JavaThread "Finalizer" daemon [_thread_blocked, id=50600, stack(0x000000536ac00000,0x000000536ad00000)]
  0x00000215a643c780 JavaThread "Signal Dispatcher" daemon [_thread_blocked, id=38184, stack(0x000000536ad00000,0x000000536ae00000)]
  0x00000215a6469400 JavaThread "Attach Listener" daemon [_thread_blocked, id=52052, stack(0x000000536ae00000,0x000000536af00000)]
  0x00000215a6469cc0 JavaThread "Service Thread" daemon [_thread_blocked, id=53952, stack(0x000000536af00000,0x000000536b000000)]
  0x00000215a646b680 JavaThread "Monitor Deflation Thread" daemon [_thread_blocked, id=49680, stack(0x000000536b000000,0x000000536b100000)]
=>0x00000215a6474370 JavaThread "C2 CompilerThread0" daemon [_thread_in_native, id=53356, stack(0x000000536b100000,0x000000536b200000)]
  0x00000215a6478310 JavaThread "C1 CompilerThread0" daemon [_thread_blocked, id=35180, stack(0x000000536b200000,0x000000536b300000)]
  0x00000215a648b8d0 JavaThread "Sweeper thread" daemon [_thread_blocked, id=46040, stack(0x000000536b300000,0x000000536b400000)]
  0x00000215a65d86d0 JavaThread "C1 CompilerThread1" daemon [_thread_blocked, id=28588, stack(0x000000536b400000,0x000000536b500000)]
  0x00000215a65e4990 JavaThread "Notification Thread" daemon [_thread_blocked, id=26360, stack(0x000000536b600000,0x000000536b700000)]
  0x00000215a66053e0 JavaThread "Common-Cleaner" daemon [_thread_blocked, id=42532, stack(0x000000536b800000,0x000000536b900000)]
  0x00000215ab14f420 JavaThread "Java2D Disposer" daemon [_thread_blocked, id=22780, stack(0x000000536b900000,0x000000536ba00000)]
  0x00000215ab150510 JavaThread "AWT-Shutdown" [_thread_blocked, id=13996, stack(0x000000536ba00000,0x000000536bb00000)]
  0x00000215ab1542d0 JavaThread "AWT-Windows" daemon [_thread_in_native, id=42684, stack(0x000000536bb00000,0x000000536bc00000)]
  0x00000215ab432140 JavaThread "AWT-EventQueue-0" [_thread_blocked, id=11648, stack(0x000000536c800000,0x000000536c900000)]
  0x00000215ab473f90 JavaThread "Thread-0" [_thread_blocked, id=54016, stack(0x000000536c900000,0x000000536ca00000)]
  0x00000215ab4d9560 JavaThread "D3D Screen Updater" daemon [_thread_blocked, id=18564, stack(0x000000536ca00000,0x000000536cb00000)]
  0x00000215ab7505d0 JavaThread "Thread-1" [_thread_blocked, id=20124, stack(0x000000536cc00000,0x000000536cd00000)]
  0x00000215ab7646b0 JavaThread "TimerQueue" daemon [_thread_blocked, id=17496, stack(0x000000536cf00000,0x000000536d000000)]
  0x00000215ab761b60 JavaThread "DestroyJavaVM" [_thread_blocked, id=40124, stack(0x000000536a400000,0x000000536a500000)]

Other Threads:
  0x00000215a642b5e0 VMThread "VM Thread" [stack: 0x000000536aa00000,0x000000536ab00000] [id=44828]
  0x00000215a65e7270 WatcherThread [stack: 0x000000536b700000,0x000000536b800000] [id=47244]
  0x000002158999e230 GCTaskThread "GC Thread#0" [stack: 0x000000536a500000,0x000000536a600000] [id=6948]
  0x00000215ab465f00 GCTaskThread "GC Thread#1" [stack: 0x000000536cb00000,0x000000536cc00000] [id=49040]
  0x00000215b12fcd10 GCTaskThread "GC Thread#2" [stack: 0x000000536ce00000,0x000000536cf00000] [id=14084]
  0x00000215b12fcfc0 GCTaskThread "GC Thread#3" [stack: 0x000000536d000000,0x000000536d100000] [id=45932]
  0x00000215b1363c50 GCTaskThread "GC Thread#4" [stack: 0x000000536d100000,0x000000536d200000] [id=47108]
  0x00000215b1363f00 GCTaskThread "GC Thread#5" [stack: 0x000000536d200000,0x000000536d300000] [id=52320]
  0x00000215b13641b0 GCTaskThread "GC Thread#6" [stack: 0x000000536d300000,0x000000536d400000] [id=48632]
  0x00000215ab7a1230 GCTaskThread "GC Thread#7" [stack: 0x000000536d400000,0x000000536d500000] [id=45108]
  0x00000215ab7a14e0 GCTaskThread "GC Thread#8" [stack: 0x000000536d500000,0x000000536d600000] [id=52596]
  0x00000215ab7a1790 GCTaskThread "GC Thread#9" [stack: 0x000000536d600000,0x000000536d700000] [id=52284]
  0x00000215899aa6b0 ConcurrentGCThread "G1 Main Marker" [stack: 0x000000536a600000,0x000000536a700000] [id=52436]
  0x00000215899ac870 ConcurrentGCThread "G1 Conc#0" [stack: 0x000000536a700000,0x000000536a800000] [id=15304]
  0x0000021589a0dd50 ConcurrentGCThread "G1 Refine#0" [stack: 0x000000536a800000,0x000000536a900000] [id=49564]
  0x0000021589a0e770 ConcurrentGCThread "G1 Service" [stack: 0x000000536a900000,0x000000536aa00000] [id=50288]

Threads with active compile tasks:
C2 CompilerThread0     9627 1489       4       java.text.DecimalFormatSymbols::initialize (330 bytes)

VM state: not at safepoint (normal execution)

VM Mutex/Monitor currently owned by a thread: None

Heap address: 0x000000074ac00000, size: 2900 MB, Compressed Oops mode: Zero based, Oop shift amount: 3

CDS archive(s) not mapped
Compressed class space mapped at: 0x0000000800000000-0x0000000840000000, reserved size: 1073741824
Narrow klass base: 0x0000000800000000, Narrow klass shift: 0, Narrow klass range: 0x40000000

GC Precious Log:
 CPUs: 16 total, 16 available
 Memory: 11597M
 Large Page Support: Disabled
 NUMA Support: Disabled
 Compressed Oops: Enabled (Zero based)
 Heap Region Size: 2M
 Heap Min Capacity: 8M
 Heap Initial Capacity: 182M
 Heap Max Capacity: 2900M
 Pre-touch: Disabled
 Parallel Workers: 13
 Concurrent Workers: 3
 Concurrent Refinement Workers: 13
 Periodic GC: Disabled

Heap:
 garbage-first heap   total 186368K, used 54096K [0x000000074ac00000, 0x0000000800000000)
  region size 2048K, 28 young (57344K), 2 survivors (4096K)
 Metaspace       used 15569K, committed 15744K, reserved 1114112K
  class space    used 1560K, committed 1664K, reserved 1048576K

Heap Regions: E=young(eden), S=young(survivor), O=old, HS=humongous(starts), HC=humongous(continues), CS=collection set, F=free, OA=open archive, CA=closed archive, TAMS=top-at-mark-start (previous, next)
|   0|0x000000074ac00000, 0x000000074ac00000, 0x000000074ae00000|  0%| F|  |TAMS 0x000000074ac00000, 0x000000074ac00000| Untracked 
|   1|0x000000074ae00000, 0x000000074ae00000, 0x000000074b000000|  0%| F|  |TAMS 0x000000074ae00000, 0x000000074ae00000| Untracked 
|   2|0x000000074b000000, 0x000000074b000000, 0x000000074b200000|  0%| F|  |TAMS 0x000000074b000000, 0x000000074b000000| Untracked 
|   3|0x000000074b200000, 0x000000074b200000, 0x000000074b400000|  0%| F|  |TAMS 0x000000074b200000, 0x000000074b200000| Untracked 
|   4|0x000000074b400000, 0x000000074b400000, 0x000000074b600000|  0%| F|  |TAMS 0x000000074b400000, 0x000000074b400000| Untracked 
|   5|0x000000074b600000, 0x000000074b600000, 0x000000074b800000|  0%| F|  |TAMS 0x000000074b600000, 0x000000074b600000| Untracked 
|   6|0x000000074b800000, 0x000000074b800000, 0x000000074ba00000|  0%| F|  |TAMS 0x000000074b800000, 0x000000074b800000| Untracked 
|   7|0x000000074ba00000, 0x000000074ba00000, 0x000000074bc00000|  0%| F|  |TAMS 0x000000074ba00000, 0x000000074ba00000| Untracked 
|   8|0x000000074bc00000, 0x000000074bc00000, 0x000000074be00000|  0%| F|  |TAMS 0x000000074bc00000, 0x000000074bc00000| Untracked 
|   9|0x000000074be00000, 0x000000074be00000, 0x000000074c000000|  0%| F|  |TAMS 0x000000074be00000, 0x000000074be00000| Untracked 
|  10|0x000000074c000000, 0x000000074c000000, 0x000000074c200000|  0%| F|  |TAMS 0x000000074c000000, 0x000000074c000000| Untracked 
|  11|0x000000074c200000, 0x000000074c200000, 0x000000074c400000|  0%| F|  |TAMS 0x000000074c200000, 0x000000074c200000| Untracked 
|  12|0x000000074c400000, 0x000000074c400000, 0x000000074c600000|  0%| F|  |TAMS 0x000000074c400000, 0x000000074c400000| Untracked 
|  13|0x000000074c600000, 0x000000074c600000, 0x000000074c800000|  0%| F|  |TAMS 0x000000074c600000, 0x000000074c600000| Untracked 
|  14|0x000000074c800000, 0x000000074c800000, 0x000000074ca00000|  0%| F|  |TAMS 0x000000074c800000, 0x000000074c800000| Untracked 
|  15|0x000000074ca00000, 0x000000074ca00000, 0x000000074cc00000|  0%| F|  |TAMS 0x000000074ca00000, 0x000000074ca00000| Untracked 
|  16|0x000000074cc00000, 0x000000074cc00000, 0x000000074ce00000|  0%| F|  |TAMS 0x000000074cc00000, 0x000000074cc00000| Untracked 
|  17|0x000000074ce00000, 0x000000074ce00000, 0x000000074d000000|  0%| F|  |TAMS 0x000000074ce00000, 0x000000074ce00000| Untracked 
|  18|0x000000074d000000, 0x000000074d000000, 0x000000074d200000|  0%| F|  |TAMS 0x000000074d000000, 0x000000074d000000| Untracked 
|  19|0x000000074d200000, 0x000000074d200000, 0x000000074d400000|  0%| F|  |TAMS 0x000000074d200000, 0x000000074d200000| Untracked 
|  20|0x000000074d400000, 0x000000074d400000, 0x000000074d600000|  0%| F|  |TAMS 0x000000074d400000, 0x000000074d400000| Untracked 
|  21|0x000000074d600000, 0x000000074d600000, 0x000000074d800000|  0%| F|  |TAMS 0x000000074d600000, 0x000000074d600000| Untracked 
|  22|0x000000074d800000, 0x000000074d800000, 0x000000074da00000|  0%| F|  |TAMS 0x000000074d800000, 0x000000074d800000| Untracked 
|  23|0x000000074da00000, 0x000000074da00000, 0x000000074dc00000|  0%| F|  |TAMS 0x000000074da00000, 0x000000074da00000| Untracked 
|  24|0x000000074dc00000, 0x000000074dc00000, 0x000000074de00000|  0%| F|  |TAMS 0x000000074dc00000, 0x000000074dc00000| Untracked 
|  25|0x000000074de00000, 0x000000074de00000, 0x000000074e000000|  0%| F|  |TAMS 0x000000074de00000, 0x000000074de00000| Untracked 
|  26|0x000000074e000000, 0x000000074e000000, 0x000000074e200000|  0%| F|  |TAMS 0x000000074e000000, 0x000000074e000000| Untracked 
|  27|0x000000074e200000, 0x000000074e200000, 0x000000074e400000|  0%| F|  |TAMS 0x000000074e200000, 0x000000074e200000| Untracked 
|  28|0x000000074e400000, 0x000000074e400000, 0x000000074e600000|  0%| F|  |TAMS 0x000000074e400000, 0x000000074e400000| Untracked 
|  29|0x000000074e600000, 0x000000074e600000, 0x000000074e800000|  0%| F|  |TAMS 0x000000074e600000, 0x000000074e600000| Untracked 
|  30|0x000000074e800000, 0x000000074e800000, 0x000000074ea00000|  0%| F|  |TAMS 0x000000074e800000, 0x000000074e800000| Untracked 
|  31|0x000000074ea00000, 0x000000074ea00000, 0x000000074ec00000|  0%| F|  |TAMS 0x000000074ea00000, 0x000000074ea00000| Untracked 
|  32|0x000000074ec00000, 0x000000074ec00000, 0x000000074ee00000|  0%| F|  |TAMS 0x000000074ec00000, 0x000000074ec00000| Untracked 
|  33|0x000000074ee00000, 0x000000074ee00000, 0x000000074f000000|  0%| F|  |TAMS 0x000000074ee00000, 0x000000074ee00000| Untracked 
|  34|0x000000074f000000, 0x000000074f000000, 0x000000074f200000|  0%| F|  |TAMS 0x000000074f000000, 0x000000074f000000| Untracked 
|  35|0x000000074f200000, 0x000000074f200000, 0x000000074f400000|  0%| F|  |TAMS 0x000000074f200000, 0x000000074f200000| Untracked 
|  36|0x000000074f400000, 0x000000074f400000, 0x000000074f600000|  0%| F|  |TAMS 0x000000074f400000, 0x000000074f400000| Untracked 
|  37|0x000000074f600000, 0x000000074f600000, 0x000000074f800000|  0%| F|  |TAMS 0x000000074f600000, 0x000000074f600000| Untracked 
|  38|0x000000074f800000, 0x000000074f800000, 0x000000074fa00000|  0%| F|  |TAMS 0x000000074f800000, 0x000000074f800000| Untracked 
|  39|0x000000074fa00000, 0x000000074fa00000, 0x000000074fc00000|  0%| F|  |TAMS 0x000000074fa00000, 0x000000074fa00000| Untracked 
|  40|0x000000074fc00000, 0x000000074fc00000, 0x000000074fe00000|  0%| F|  |TAMS 0x000000074fc00000, 0x000000074fc00000| Untracked 
|  41|0x000000074fe00000, 0x000000074fe00000, 0x0000000750000000|  0%| F|  |TAMS 0x000000074fe00000, 0x000000074fe00000| Untracked 
|  42|0x0000000750000000, 0x0000000750000000, 0x0000000750200000|  0%| F|  |TAMS 0x0000000750000000, 0x0000000750000000| Untracked 
|  43|0x0000000750200000, 0x0000000750200000, 0x0000000750400000|  0%| F|  |TAMS 0x0000000750200000, 0x0000000750200000| Untracked 
|  44|0x0000000750400000, 0x0000000750400000, 0x0000000750600000|  0%| F|  |TAMS 0x0000000750400000, 0x0000000750400000| Untracked 
|  45|0x0000000750600000, 0x0000000750600000, 0x0000000750800000|  0%| F|  |TAMS 0x0000000750600000, 0x0000000750600000| Untracked 
|  46|0x0000000750800000, 0x0000000750800000, 0x0000000750a00000|  0%| F|  |TAMS 0x0000000750800000, 0x0000000750800000| Untracked 
|  47|0x0000000750a00000, 0x0000000750a00000, 0x0000000750c00000|  0%| F|  |TAMS 0x0000000750a00000, 0x0000000750a00000| Untracked 
|  48|0x0000000750c00000, 0x0000000750c00000, 0x0000000750e00000|  0%| F|  |TAMS 0x0000000750c00000, 0x0000000750c00000| Untracked 
|  49|0x0000000750e00000, 0x0000000750e00000, 0x0000000751000000|  0%| F|  |TAMS 0x0000000750e00000, 0x0000000750e00000| Untracked 
|  50|0x0000000751000000, 0x0000000751000000, 0x0000000751200000|  0%| F|  |TAMS 0x0000000751000000, 0x0000000751000000| Untracked 
|  51|0x0000000751200000, 0x0000000751200000, 0x0000000751400000|  0%| F|  |TAMS 0x0000000751200000, 0x0000000751200000| Untracked 
|  52|0x0000000751400000, 0x0000000751400000, 0x0000000751600000|  0%| F|  |TAMS 0x0000000751400000, 0x0000000751400000| Untracked 
|  53|0x0000000751600000, 0x0000000751600000, 0x0000000751800000|  0%| F|  |TAMS 0x0000000751600000, 0x0000000751600000| Untracked 
|  54|0x0000000751800000, 0x0000000751800000, 0x0000000751a00000|  0%| F|  |TAMS 0x0000000751800000, 0x0000000751800000| Untracked 
|  55|0x0000000751a00000, 0x0000000751a00000, 0x0000000751c00000|  0%| F|  |TAMS 0x0000000751a00000, 0x0000000751a00000| Untracked 
|  56|0x0000000751c00000, 0x0000000751c00000, 0x0000000751e00000|  0%| F|  |TAMS 0x0000000751c00000, 0x0000000751c00000| Untracked 
|  57|0x0000000751e00000, 0x0000000751e00000, 0x0000000752000000|  0%| F|  |TAMS 0x0000000751e00000, 0x0000000751e00000| Untracked 
|  58|0x0000000752000000, 0x0000000752000000, 0x0000000752200000|  0%| F|  |TAMS 0x0000000752000000, 0x0000000752000000| Untracked 
|  59|0x0000000752200000, 0x0000000752200000, 0x0000000752400000|  0%| F|  |TAMS 0x0000000752200000, 0x0000000752200000| Untracked 
|  60|0x0000000752400000, 0x0000000752400000, 0x0000000752600000|  0%| F|  |TAMS 0x0000000752400000, 0x0000000752400000| Untracked 
|  61|0x0000000752600000, 0x0000000752600000, 0x0000000752800000|  0%| F|  |TAMS 0x0000000752600000, 0x0000000752600000| Untracked 
|  62|0x0000000752800000, 0x0000000752800000, 0x0000000752a00000|  0%| F|  |TAMS 0x0000000752800000, 0x0000000752800000| Untracked 
|  63|0x0000000752a00000, 0x0000000752b00800, 0x0000000752c00000| 50%| E|  |TAMS 0x0000000752a00000, 0x0000000752a00000| Complete 
|  64|0x0000000752c00000, 0x0000000752e00000, 0x0000000752e00000|100%| E|CS|TAMS 0x0000000752c00000, 0x0000000752c00000| Complete 
|  65|0x0000000752e00000, 0x0000000753000000, 0x0000000753000000|100%| E|CS|TAMS 0x0000000752e00000, 0x0000000752e00000| Complete 
|  66|0x0000000753000000, 0x0000000753200000, 0x0000000753200000|100%| E|CS|TAMS 0x0000000753000000, 0x0000000753000000| Complete 
|  67|0x0000000753200000, 0x0000000753400000, 0x0000000753400000|100%| E|CS|TAMS 0x0000000753200000, 0x0000000753200000| Complete 
|  68|0x0000000753400000, 0x0000000753600000, 0x0000000753600000|100%| E|CS|TAMS 0x0000000753400000, 0x0000000753400000| Complete 
|  69|0x0000000753600000, 0x0000000753800000, 0x0000000753800000|100%| E|CS|TAMS 0x0000000753600000, 0x0000000753600000| Complete 
|  70|0x0000000753800000, 0x00000007538d4280, 0x0000000753a00000| 41%| S|CS|TAMS 0x0000000753800000, 0x0000000753800000| Complete 
|  71|0x0000000753a00000, 0x0000000753c00000, 0x0000000753c00000|100%| S|CS|TAMS 0x0000000753a00000, 0x0000000753a00000| Complete 
|  72|0x0000000753c00000, 0x0000000753e00000, 0x0000000753e00000|100%| E|CS|TAMS 0x0000000753c00000, 0x0000000753c00000| Complete 
|  73|0x0000000753e00000, 0x0000000754000000, 0x0000000754000000|100%| E|CS|TAMS 0x0000000753e00000, 0x0000000753e00000| Complete 
|  74|0x0000000754000000, 0x0000000754200000, 0x0000000754200000|100%| E|CS|TAMS 0x0000000754000000, 0x0000000754000000| Complete 
|  75|0x0000000754200000, 0x0000000754400000, 0x0000000754400000|100%| E|CS|TAMS 0x0000000754200000, 0x0000000754200000| Complete 
|  76|0x0000000754400000, 0x0000000754600000, 0x0000000754600000|100%| E|CS|TAMS 0x0000000754400000, 0x0000000754400000| Complete 
|  77|0x0000000754600000, 0x0000000754800000, 0x0000000754800000|100%| E|CS|TAMS 0x0000000754600000, 0x0000000754600000| Complete 
|  78|0x0000000754800000, 0x0000000754a00000, 0x0000000754a00000|100%| E|CS|TAMS 0x0000000754800000, 0x0000000754800000| Complete 
|  79|0x0000000754a00000, 0x0000000754c00000, 0x0000000754c00000|100%| E|CS|TAMS 0x0000000754a00000, 0x0000000754a00000| Complete 
|  80|0x0000000754c00000, 0x0000000754e00000, 0x0000000754e00000|100%| E|CS|TAMS 0x0000000754c00000, 0x0000000754c00000| Complete 
|  81|0x0000000754e00000, 0x0000000755000000, 0x0000000755000000|100%| E|CS|TAMS 0x0000000754e00000, 0x0000000754e00000| Complete 
|  82|0x0000000755000000, 0x0000000755200000, 0x0000000755200000|100%| E|CS|TAMS 0x0000000755000000, 0x0000000755000000| Complete 
|  83|0x0000000755200000, 0x0000000755400000, 0x0000000755400000|100%| E|CS|TAMS 0x0000000755200000, 0x0000000755200000| Complete 
|  84|0x0000000755400000, 0x0000000755600000, 0x0000000755600000|100%| E|CS|TAMS 0x0000000755400000, 0x0000000755400000| Complete 
|  85|0x0000000755600000, 0x0000000755800000, 0x0000000755800000|100%| E|CS|TAMS 0x0000000755600000, 0x0000000755600000| Complete 
|  86|0x0000000755800000, 0x0000000755a00000, 0x0000000755a00000|100%| E|CS|TAMS 0x0000000755800000, 0x0000000755800000| Complete 
|  87|0x0000000755a00000, 0x0000000755c00000, 0x0000000755c00000|100%| E|CS|TAMS 0x0000000755a00000, 0x0000000755a00000| Complete 
|  88|0x0000000755c00000, 0x0000000755e00000, 0x0000000755e00000|100%| E|CS|TAMS 0x0000000755c00000, 0x0000000755c00000| Complete 
|  89|0x0000000755e00000, 0x0000000756000000, 0x0000000756000000|100%| E|CS|TAMS 0x0000000755e00000, 0x0000000755e00000| Complete 
|  90|0x0000000756000000, 0x0000000756200000, 0x0000000756200000|100%| E|CS|TAMS 0x0000000756000000, 0x0000000756000000| Complete 

Card table byte_map: [0x000002159ce30000,0x000002159d3e0000] _byte_map_base: 0x00000215993da000

Marking Bits (Prev, Next): (CMBitMap*) 0x000002158999e840, (CMBitMap*) 0x000002158999e880
 Prev Bits: [0x000002159d990000, 0x00000215a06e0000)
 Next Bits: [0x00000215a06e0000, 0x00000215a3430000)

Polling page: 0x0000021589110000

Metaspace:

Usage:
  Non-class:     13.68 MB used.
      Class:      1.52 MB used.
       Both:     15.20 MB used.

Virtual space:
  Non-class space:       64.00 MB reserved,      13.75 MB ( 21%) committed,  1 nodes.
      Class space:        1.00 GB reserved,       1.62 MB ( <1%) committed,  1 nodes.
             Both:        1.06 GB reserved,      15.38 MB (  1%) committed. 

Chunk freelists:
   Non-Class:  2.14 MB
       Class:  14.24 MB
        Both:  16.38 MB

MaxMetaspaceSize: unlimited
CompressedClassSpaceSize: 1.00 GB
Initial GC threshold: 21.00 MB
Current GC threshold: 21.00 MB
CDS: off
MetaspaceReclaimPolicy: balanced
 - commit_granule_bytes: 65536.
 - commit_granule_words: 8192.
 - virtual_space_node_default_size: 8388608.
 - enlarge_chunks_in_place: 1.
 - new_chunks_are_fully_committed: 0.
 - uncommit_free_chunks: 1.
 - use_allocation_guard: 0.
 - handle_deallocations: 1.


Internal statistics:

num_allocs_failed_limit: 0.
num_arena_births: 128.
num_arena_deaths: 0.
num_vsnodes_births: 2.
num_vsnodes_deaths: 0.
num_space_committed: 246.
num_space_uncommitted: 0.
num_chunks_returned_to_freelist: 0.
num_chunks_taken_from_freelist: 217.
num_chunk_merges: 0.
num_chunk_splits: 113.
num_chunks_enlarged: 48.
num_inconsistent_stats: 0.

CodeHeap 'non-profiled nmethods': size=119168Kb used=698Kb max_used=698Kb free=118469Kb
 bounds [0x0000021594ba0000, 0x0000021594e10000, 0x000002159c000000]
CodeHeap 'profiled nmethods': size=119104Kb used=2610Kb max_used=2610Kb free=116493Kb
 bounds [0x000002158d000000, 0x000002158d290000, 0x0000021594450000]
CodeHeap 'non-nmethods': size=7488Kb used=1819Kb max_used=2984Kb free=5668Kb
 bounds [0x0000021594450000, 0x0000021594750000, 0x0000021594ba0000]
 total_blobs=2066 nmethods=1488 adapters=490
 compilation: enabled
              stopped_count=0, restarted_count=0
 full_count=0

Compilation events (20 events):
Event: 9.308 Thread 0x00000215a6478310 nmethod 1479 0x000002158d288290 code [0x000002158d288440, 0x000002158d2886c8]
Event: 9.339 Thread 0x00000215a6474370 1480       4       sun.util.locale.provider.JRELocaleProviderAdapter::getLocaleResources (51 bytes)
Event: 9.347 Thread 0x00000215a6474370 nmethod 1480 0x0000021594c4d890 code [0x0000021594c4da40, 0x0000021594c4dfb8]
Event: 9.347 Thread 0x00000215a6474370 1481       4       java.util.Locale::getDefault (63 bytes)
Event: 9.347 Thread 0x00000215a6474370 nmethod 1481 0x0000021594c4e590 code [0x0000021594c4e700, 0x0000021594c4e7b8]
Event: 9.495 Thread 0x00000215a6478310 1482       3       java.security.ProtectionDomain$JavaSecurityAccessImpl::doIntersectionPrivilege (22 bytes)
Event: 9.496 Thread 0x00000215a6478310 nmethod 1482 0x000002158d288810 code [0x000002158d288a20, 0x000002158d288f98]
Event: 9.496 Thread 0x00000215a6478310 1483       3       java.security.ProtectionDomain$JavaSecurityAccessImpl::getCombinedACC (30 bytes)
Event: 9.496 Thread 0x00000215a65d86d0 1484       3       java.security.AccessControlContext::<init> (63 bytes)
Event: 9.497 Thread 0x00000215a6478310 nmethod 1483 0x000002158d289210 code [0x000002158d2893e0, 0x000002158d2897d8]
Event: 9.497 Thread 0x00000215a6478310 1485       3       java.security.AccessControlContext::<init> (30 bytes)
Event: 9.497 Thread 0x00000215a65d86d0 nmethod 1484 0x000002158d289990 code [0x000002158d289b60, 0x000002158d28a068]
Event: 9.497 Thread 0x00000215a6478310 nmethod 1485 0x000002158d28a210 code [0x000002158d28a3c0, 0x000002158d28a638]
Event: 9.527 Thread 0x00000215a6478310 1486       3       java.util.HashMap::remove (26 bytes)
Event: 9.527 Thread 0x00000215a65d86d0 1487       3       java.util.HashMap::removeNode (291 bytes)
Event: 9.527 Thread 0x00000215a6478310 nmethod 1486 0x000002158d28a710 code [0x000002158d28a8e0, 0x000002158d28ac58]
Event: 9.527 Thread 0x00000215a6478310 1488       3       java.util.HashMap::afterNodeRemoval (1 bytes)
Event: 9.527 Thread 0x00000215a6478310 nmethod 1488 0x000002158d28ad90 code [0x000002158d28af20, 0x000002158d28b038]
Event: 9.527 Thread 0x00000215a6474370 1489       4       java.text.DecimalFormatSymbols::initialize (330 bytes)
Event: 9.528 Thread 0x00000215a65d86d0 nmethod 1487 0x000002158d28b110 code [0x000002158d28b3a0, 0x000002158d28c718]

GC Heap History (4 events):
Event: 1.848 GC heap before
{Heap before GC invocations=0 (full 0):
 garbage-first heap   total 186368K, used 22528K [0x000000074ac00000, 0x0000000800000000)
  region size 2048K, 11 young (22528K), 0 survivors (0K)
 Metaspace       used 15359K, committed 15552K, reserved 1114112K
  class space    used 1560K, committed 1664K, reserved 1048576K
}
Event: 1.854 GC heap after
{Heap after GC invocations=1 (full 0):
 garbage-first heap   total 186368K, used 3046K [0x000000074ac00000, 0x0000000800000000)
  region size 2048K, 2 young (4096K), 2 survivors (4096K)
 Metaspace       used 15359K, committed 15552K, reserved 1114112K
  class space    used 1560K, committed 1664K, reserved 1048576K
}
Event: 4.478 GC heap before
{Heap before GC invocations=1 (full 0):
 garbage-first heap   total 186368K, used 37862K [0x000000074ac00000, 0x0000000800000000)
  region size 2048K, 19 young (38912K), 2 survivors (4096K)
 Metaspace       used 15453K, committed 15680K, reserved 1114112K
  class space    used 1560K, committed 1664K, reserved 1048576K
}
Event: 4.482 GC heap after
{Heap after GC invocations=2 (full 0):
 garbage-first heap   total 186368K, used 2896K [0x000000074ac00000, 0x0000000800000000)
  region size 2048K, 2 young (4096K), 2 survivors (4096K)
 Metaspace       used 15453K, committed 15680K, reserved 1114112K
  class space    used 1560K, committed 1664K, reserved 1048576K
}

Dll operation events (8 events):
Event: 0.013 Loaded shared library C:\Users\mulau\.p2\pool\plugins\org.eclipse.justj.openjdk.hotspot.jre.full.win32.x86_64_17.0.7.v20230425-1502\jre\bin\java.dll
Event: 0.166 Loaded shared library C:\Users\mulau\.p2\pool\plugins\org.eclipse.justj.openjdk.hotspot.jre.full.win32.x86_64_17.0.7.v20230425-1502\jre\bin\net.dll
Event: 0.169 Loaded shared library C:\Users\mulau\.p2\pool\plugins\org.eclipse.justj.openjdk.hotspot.jre.full.win32.x86_64_17.0.7.v20230425-1502\jre\bin\nio.dll
Event: 0.179 Loaded shared library C:\Users\mulau\.p2\pool\plugins\org.eclipse.justj.openjdk.hotspot.jre.full.win32.x86_64_17.0.7.v20230425-1502\jre\bin\zip.dll
Event: 0.219 Loaded shared library C:\Users\mulau\.p2\pool\plugins\org.eclipse.justj.openjdk.hotspot.jre.full.win32.x86_64_17.0.7.v20230425-1502\jre\bin\jimage.dll
Event: 0.280 Loaded shared library C:\Users\mulau\.p2\pool\plugins\org.eclipse.justj.openjdk.hotspot.jre.full.win32.x86_64_17.0.7.v20230425-1502\jre\bin\awt.dll
Event: 0.773 Loaded shared library C:\Users\mulau\.p2\pool\plugins\org.eclipse.justj.openjdk.hotspot.jre.full.win32.x86_64_17.0.7.v20230425-1502\jre\bin\freetype.dll
Event: 0.774 Loaded shared library C:\Users\mulau\.p2\pool\plugins\org.eclipse.justj.openjdk.hotspot.jre.full.win32.x86_64_17.0.7.v20230425-1502\jre\bin\fontmanager.dll

Deoptimization events (20 events):
Event: 1.436 Thread 0x00000215ab473f90 DEOPT PACKING pc=0x0000021594bf0584 sp=0x000000536c9fed50
Event: 1.436 Thread 0x00000215ab473f90 DEOPT UNPACKING pc=0x00000215944a69a3 sp=0x000000536c9feca8 mode 2
Event: 1.436 Thread 0x00000215ab432140 Uncommon trap: trap_request=0xffffffcc fr.pc=0x0000021594be4974 relative=0x0000000000000154
Event: 1.436 Thread 0x00000215ab432140 Uncommon trap: reason=intrinsic_or_type_checked_inlining action=make_not_entrant pc=0x0000021594be4974 method=java.util.ArrayList$SubList.toArray([Ljava/lang/Object;)[Ljava/lang/Object; @ 58 c2
Event: 1.436 Thread 0x00000215ab432140 DEOPT PACKING pc=0x0000021594be4974 sp=0x000000536c8fe890
Event: 1.436 Thread 0x00000215ab432140 DEOPT UNPACKING pc=0x00000215944a69a3 sp=0x000000536c8fe840 mode 2
Event: 2.594 Thread 0x00000215ab473f90 DEOPT PACKING pc=0x000002158d1ed4b5 sp=0x000000536c9feea0
Event: 2.594 Thread 0x00000215ab473f90 DEOPT UNPACKING pc=0x00000215944a7143 sp=0x000000536c9fe358 mode 0
Event: 2.594 Thread 0x00000215ab473f90 DEOPT PACKING pc=0x000002158d1ed4b5 sp=0x000000536c9fee80
Event: 2.594 Thread 0x00000215ab473f90 DEOPT UNPACKING pc=0x00000215944a7143 sp=0x000000536c9fe338 mode 0
Event: 2.597 Thread 0x00000215ab7505d0 DEOPT PACKING pc=0x000002158d1f48f5 sp=0x000000536ccfee80
Event: 2.597 Thread 0x00000215ab7505d0 DEOPT UNPACKING pc=0x00000215944a7143 sp=0x000000536ccfe3d0 mode 0
Event: 2.787 Thread 0x00000215ab7505d0 DEOPT PACKING pc=0x000002158d1f48f5 sp=0x000000536ccfee80
Event: 2.787 Thread 0x00000215ab7505d0 DEOPT UNPACKING pc=0x00000215944a7143 sp=0x000000536ccfe3d0 mode 0
Event: 3.162 Thread 0x00000215ab473f90 DEOPT PACKING pc=0x000002158d206078 sp=0x000000536c9fef20
Event: 3.163 Thread 0x00000215ab473f90 DEOPT UNPACKING pc=0x00000215944a7143 sp=0x000000536c9fe3f0 mode 0
Event: 3.163 Thread 0x00000215ab7505d0 DEOPT PACKING pc=0x000002158d2001fe sp=0x000000536ccff030
Event: 3.164 Thread 0x00000215ab7505d0 DEOPT UNPACKING pc=0x00000215944a7143 sp=0x000000536ccfe590 mode 0
Event: 3.348 Thread 0x00000215ab473f90 DEOPT PACKING pc=0x000002158d21013e sp=0x000000536c9fee80
Event: 3.349 Thread 0x00000215ab473f90 DEOPT UNPACKING pc=0x00000215944a7143 sp=0x000000536c9fe338 mode 0

Classes unloaded (0 events):
No events

Classes redefined (0 events):
No events

Internal exceptions (18 events):
Event: 0.255 Thread 0x0000021589946f90 Exception <a 'java/lang/ClassNotFoundException'{0x0000000755e10438}: sun/awt/resources/spi/awtProvider> (0x0000000755e10438) 
thrown [s\src\hotspot\share\classfile\systemDictionary.cpp, line 256]
Event: 0.315 Thread 0x0000021589946f90 Exception <a 'java/io/FileNotFoundException'{0x0000000755e69e00}> (0x0000000755e69e00) 
thrown [s\src\hotspot\share\prims\jni.cpp, line 516]
Event: 0.328 Thread 0x0000021589946f90 Exception <a 'java/io/FileNotFoundException'{0x0000000755e96fe0}> (0x0000000755e96fe0) 
thrown [s\src\hotspot\share\prims\jni.cpp, line 516]
Event: 0.407 Thread 0x0000021589946f90 Exception <a 'java/lang/NoSuchMethodError'{0x0000000755ef15e0}: 'java.lang.Object java.lang.invoke.DirectMethodHandle$Holder.invokeStaticInit(java.lang.Object)'> (0x0000000755ef15e0) 
thrown [s\src\hotspot\share\interpreter\linkResolver.cpp, line 759]
Event: 0.566 Thread 0x0000021589946f90 Exception <a 'java/lang/NoSuchMethodError'{0x0000000755f3be70}: 'void java.lang.invoke.DirectMethodHandle$Holder.invokeSpecial(java.lang.Object, java.lang.Object, java.lang.Object)'> (0x0000000755f3be70) 
thrown [s\src\hotspot\share\interpreter\linkResolver.cpp, line 759]
Event: 0.580 Thread 0x0000021589946f90 Exception <a 'java/lang/NoSuchMethodError'{0x0000000755fd6cf8}: 'java.lang.Object java.lang.invoke.DirectMethodHandle$Holder.newInvokeSpecial(java.lang.Object, java.lang.Object, java.lang.Object, java.lang.Object, java.lang.Object)'> (0x0000000755fd6cf8) 
thrown [s\src\hotspot\share\interpreter\linkResolver.cpp, line 759]
Event: 0.582 Thread 0x0000021589946f90 Exception <a 'java/lang/NoSuchMethodError'{0x0000000755fe26c0}: 'java.lang.Object java.lang.invoke.DirectMethodHandle$Holder.invokeStatic(java.lang.Object, int, java.lang.Object, java.lang.Object, java.lang.Object, java.lang.Object)'> (0x0000000755fe26c0) 
thrown [s\src\hotspot\share\interpreter\linkResolver.cpp, line 759]
Event: 0.588 Thread 0x0000021589946f90 Exception <a 'java/lang/NoSuchMethodError'{0x0000000755c083d0}: 'java.lang.Object java.lang.invoke.DirectMethodHandle$Holder.invokeStatic(java.lang.Object, int, java.lang.Object)'> (0x0000000755c083d0) 
thrown [s\src\hotspot\share\interpreter\linkResolver.cpp, line 759]
Event: 0.632 Thread 0x0000021589946f90 Exception <a 'java/lang/ClassNotFoundException'{0x0000000755cc01c8}: com/sun/swing/internal/plaf/metal/resources/spi/metalProvider> (0x0000000755cc01c8) 
thrown [s\src\hotspot\share\classfile\systemDictionary.cpp, line 256]
Event: 0.633 Thread 0x0000021589946f90 Exception <a 'java/lang/ClassNotFoundException'{0x0000000755cc4020}: com/sun/swing/internal/plaf/basic/resources/spi/basicProvider> (0x0000000755cc4020) 
thrown [s\src\hotspot\share\classfile\systemDictionary.cpp, line 256]
Event: 0.658 Thread 0x0000021589946f90 Exception <a 'java/lang/NoSuchMethodError'{0x0000000755ce93d0}: 'void java.lang.invoke.DirectMethodHandle$Holder.invokeStatic(java.lang.Object, java.lang.Object)'> (0x0000000755ce93d0) 
thrown [s\src\hotspot\share\interpreter\linkResolver.cpp, line 759]
Event: 0.702 Thread 0x0000021589946f90 Exception <a 'java/lang/NoSuchMethodError'{0x0000000755d62070}: 'java.lang.Object java.lang.invoke.DirectMethodHandle$Holder.invokeStaticInit(java.lang.Object, int, int, int, int)'> (0x0000000755d62070) 
thrown [s\src\hotspot\share\interpreter\linkResolver.cpp, line 759]
Event: 0.738 Thread 0x00000215ab1542d0 Exception <a 'java/lang/NoSuchMethodError'{0x0000000755f61e50}: 'void java.lang.invoke.DirectMethodHandle$Holder.invokeVirtual(java.lang.Object, java.lang.Object)'> (0x0000000755f61e50) 
thrown [s\src\hotspot\share\interpreter\linkResolver.cpp, line 759]
Event: 0.765 Thread 0x0000021589946f90 Exception <a 'java/lang/NoSuchMethodError'{0x0000000755dae500}: 'void java.lang.invoke.DirectMethodHandle$Holder.invokeStaticInit(java.lang.Object)'> (0x0000000755dae500) 
thrown [s\src\hotspot\share\interpreter\linkResolver.cpp, line 759]
Event: 0.973 Thread 0x00000215ab473f90 Exception <a 'java/lang/NoSuchMethodError'{0x0000000755bbc0d8}: 'java.lang.Object java.lang.invoke.DirectMethodHandle$Holder.invokeStaticInit(java.lang.Object, java.lang.Object, int, int, int, int)'> (0x0000000755bbc0d8) 
thrown [s\src\hotspot\share\interpreter\linkResolver.cpp, line 759]
Event: 1.053 Thread 0x0000021589946f90 Exception <a 'java/lang/NoSuchMethodError'{0x0000000755a5d410}: 'java.lang.Object java.lang.invoke.DirectMethodHandle$Holder.newInvokeSpecial(java.lang.Object, java.lang.Object, java.lang.Object, int)'> (0x0000000755a5d410) 
thrown [s\src\hotspot\share\interpreter\linkResolver.cpp, line 759]
Event: 1.054 Thread 0x0000021589946f90 Exception <a 'java/lang/NoSuchMethodError'{0x0000000755a61548}: 'java.lang.Object java.lang.invoke.DirectMethodHandle$Holder.invokeSpecial(java.lang.Object, java.lang.Object, java.lang.Object, java.lang.Object, int)'> (0x0000000755a61548) 
thrown [s\src\hotspot\share\interpreter\linkResolver.cpp, line 759]
Event: 1.055 Thread 0x0000021589946f90 Exception <a 'java/lang/NoSuchMethodError'{0x0000000755a64e68}: 'java.lang.Object java.lang.invoke.Invokers$Holder.linkToTargetMethod(java.lang.Object, java.lang.Object, int, java.lang.Object)'> (0x0000000755a64e68) 
thrown [s\src\hotspot\share\interpreter\linkResolver.cpp, line 759]

VM Operations (20 events):
Event: 0.919 Executing VM operation: HandshakeAllThreads
Event: 0.919 Executing VM operation: HandshakeAllThreads done
Event: 1.848 Executing VM operation: G1CollectForAllocation
Event: 1.855 Executing VM operation: G1CollectForAllocation done
Event: 2.862 Executing VM operation: Cleanup
Event: 2.862 Executing VM operation: Cleanup done
Event: 3.864 Executing VM operation: Cleanup
Event: 3.865 Executing VM operation: Cleanup done
Event: 4.478 Executing VM operation: G1CollectForAllocation
Event: 4.483 Executing VM operation: G1CollectForAllocation done
Event: 5.485 Executing VM operation: Cleanup
Event: 5.486 Executing VM operation: Cleanup done
Event: 6.486 Executing VM operation: Cleanup
Event: 6.486 Executing VM operation: Cleanup done
Event: 7.499 Executing VM operation: Cleanup
Event: 7.499 Executing VM operation: Cleanup done
Event: 8.513 Executing VM operation: Cleanup
Event: 8.513 Executing VM operation: Cleanup done
Event: 9.526 Executing VM operation: Cleanup
Event: 9.526 Executing VM operation: Cleanup done

Events (20 events):
Event: 1.284 loading class sun/font/FileFontStrike done
Event: 1.285 loading class sun/font/FontScaler
Event: 1.285 loading class sun/font/FontScaler done
Event: 1.286 loading class sun/font/FreetypeFontScaler
Event: 1.286 loading class sun/font/FreetypeFontScaler done
Event: 1.437 Thread 0x00000215ab781ae0 Thread exited: 0x00000215ab781ae0
Event: 1.437 Thread 0x00000215ab770970 Thread exited: 0x00000215ab770970
Event: 1.438 Thread 0x00000215ab76f9a0 Thread exited: 0x00000215ab76f9a0
Event: 1.438 Thread 0x00000215ab465d30 Thread exited: 0x00000215ab465d30
Event: 1.443 Thread 0x00000215ab465820 Thread exited: 0x00000215ab465820
Event: 1.446 Thread 0x00000215ab76f9a0 Thread added: 0x00000215ab76f9a0
Event: 1.641 Thread 0x00000215ab76f9a0 Thread exited: 0x00000215ab76f9a0
Event: 4.478 Thread 0x00000215b17f54e0 Thread added: 0x00000215b17f54e0
Event: 4.633 Thread 0x00000215b17f54e0 Thread exited: 0x00000215b17f54e0
Event: 5.598 Thread 0x00000215b20aa010 Thread added: 0x00000215b20aa010
Event: 5.753 Thread 0x00000215b20aa010 Thread exited: 0x00000215b20aa010
Event: 6.174 Thread 0x00000215b20aa010 Thread added: 0x00000215b20aa010
Event: 6.316 Thread 0x00000215b20aa010 Thread exited: 0x00000215b20aa010
Event: 7.998 Thread 0x00000215ab7516c0 Thread exited: 0x00000215ab7516c0
Event: 7.998 Thread 0x00000215a65dec40 Thread exited: 0x00000215a65dec40


Dynamic libraries:
0x00007ff740460000 - 0x00007ff74046e000 	C:\Users\mulau\.p2\pool\plugins\org.eclipse.justj.openjdk.hotspot.jre.full.win32.x86_64_17.0.7.v20230425-1502\jre\bin\javaw.exe
0x00007fffbb530000 - 0x00007fffbb744000 	C:\windows\SYSTEM32\ntdll.dll
0x00007fffb9db0000 - 0x00007fffb9e74000 	C:\windows\System32\KERNEL32.DLL
0x00007fffb8b60000 - 0x00007fffb8f04000 	C:\windows\System32\KERNELBASE.dll
0x00007fffb8f10000 - 0x00007fffb9021000 	C:\windows\System32\ucrtbase.dll
0x00007fffa0670000 - 0x00007fffa0689000 	C:\Users\mulau\.p2\pool\plugins\org.eclipse.justj.openjdk.hotspot.jre.full.win32.x86_64_17.0.7.v20230425-1502\jre\bin\VCRUNTIME140.dll
0x00007fffa0270000 - 0x00007fffa0287000 	C:\Users\mulau\.p2\pool\plugins\org.eclipse.justj.openjdk.hotspot.jre.full.win32.x86_64_17.0.7.v20230425-1502\jre\bin\jli.dll
0x00007fffbb260000 - 0x00007fffbb40e000 	C:\windows\System32\USER32.dll
0x00007fffb7ab0000 - 0x00007fffb7d43000 	C:\windows\WinSxS\amd64_microsoft.windows.common-controls_6595b64144ccf1df_6.0.22621.2215_none_270d72677387dfc3\COMCTL32.dll
0x00007fffb88b0000 - 0x00007fffb88d6000 	C:\windows\System32\win32u.dll
0x00007fffbb410000 - 0x00007fffbb4b7000 	C:\windows\System32\msvcrt.dll
0x00007fffba2a0000 - 0x00007fffba2c9000 	C:\windows\System32\GDI32.dll
0x00007fffb90b0000 - 0x00007fffb91c8000 	C:\windows\System32\gdi32full.dll
0x00007fffb88e0000 - 0x00007fffb897a000 	C:\windows\System32\msvcp_win.dll
0x00007fffb9660000 - 0x00007fffb9691000 	C:\windows\System32\IMM32.DLL
0x00007fffb3370000 - 0x00007fffb337c000 	C:\Users\mulau\.p2\pool\plugins\org.eclipse.justj.openjdk.hotspot.jre.full.win32.x86_64_17.0.7.v20230425-1502\jre\bin\vcruntime140_1.dll
0x00007fff974c0000 - 0x00007fff97551000 	C:\Users\mulau\.p2\pool\plugins\org.eclipse.justj.openjdk.hotspot.jre.full.win32.x86_64_17.0.7.v20230425-1502\jre\bin\msvcp140.dll
0x00007fff7f9d0000 - 0x00007fff80618000 	C:\Users\mulau\.p2\pool\plugins\org.eclipse.justj.openjdk.hotspot.jre.full.win32.x86_64_17.0.7.v20230425-1502\jre\bin\server\jvm.dll
0x00007fffb9590000 - 0x00007fffb9640000 	C:\windows\System32\ADVAPI32.dll
0x00007fffb94e0000 - 0x00007fffb9586000 	C:\windows\System32\sechost.dll
0x00007fffb92a0000 - 0x00007fffb93b7000 	C:\windows\System32\RPCRT4.dll
0x00007fff143a0000 - 0x00007fff143a9000 	C:\windows\SYSTEM32\WSOCK32.dll
0x00007fffb6c10000 - 0x00007fffb6c1a000 	C:\windows\SYSTEM32\VERSION.dll
0x00007fffaf4b0000 - 0x00007fffaf4e4000 	C:\windows\SYSTEM32\WINMM.dll
0x00007fffb9950000 - 0x00007fffb99c1000 	C:\windows\System32\WS2_32.dll
0x00007fffb69e0000 - 0x00007fffb69f8000 	C:\windows\SYSTEM32\kernel.appcore.dll
0x00007fffaef80000 - 0x00007fffaef8a000 	C:\Users\mulau\.p2\pool\plugins\org.eclipse.justj.openjdk.hotspot.jre.full.win32.x86_64_17.0.7.v20230425-1502\jre\bin\jimage.dll
0x00007fffb81e0000 - 0x00007fffb840e000 	C:\windows\SYSTEM32\DBGHELP.DLL
0x00007fffb9f10000 - 0x00007fffba29a000 	C:\windows\System32\combase.dll
0x00007fffba350000 - 0x00007fffba427000 	C:\windows\System32\OLEAUT32.dll
0x00007fffb80a0000 - 0x00007fffb80d2000 	C:\windows\SYSTEM32\dbgcore.DLL
0x00007fffb9030000 - 0x00007fffb90aa000 	C:\windows\System32\bcryptPrimitives.dll
0x00007fffa0340000 - 0x00007fffa0365000 	C:\Users\mulau\.p2\pool\plugins\org.eclipse.justj.openjdk.hotspot.jre.full.win32.x86_64_17.0.7.v20230425-1502\jre\bin\java.dll
0x00007fffa07d0000 - 0x00007fffa07e8000 	C:\Users\mulau\.p2\pool\plugins\org.eclipse.justj.openjdk.hotspot.jre.full.win32.x86_64_17.0.7.v20230425-1502\jre\bin\zip.dll
0x00007fffba430000 - 0x00007fffbac53000 	C:\windows\System32\SHELL32.dll
0x00007fffb5920000 - 0x00007fffb620a000 	C:\windows\SYSTEM32\windows.storage.dll
0x00007fffb57e0000 - 0x00007fffb591e000 	C:\windows\SYSTEM32\wintypes.dll
0x00007fffb93e0000 - 0x00007fffb94d3000 	C:\windows\System32\SHCORE.dll
0x00007fffb9d50000 - 0x00007fffb9dae000 	C:\windows\System32\shlwapi.dll
0x00007fffb87e0000 - 0x00007fffb8806000 	C:\windows\SYSTEM32\profapi.dll
0x00007fffa0320000 - 0x00007fffa0339000 	C:\Users\mulau\.p2\pool\plugins\org.eclipse.justj.openjdk.hotspot.jre.full.win32.x86_64_17.0.7.v20230425-1502\jre\bin\net.dll
0x00007fffb11e0000 - 0x00007fffb1317000 	C:\windows\SYSTEM32\WINHTTP.dll
0x00007fffb76f0000 - 0x00007fffb7759000 	C:\windows\system32\mswsock.dll
0x00007fffa0300000 - 0x00007fffa0315000 	C:\Users\mulau\.p2\pool\plugins\org.eclipse.justj.openjdk.hotspot.jre.full.win32.x86_64_17.0.7.v20230425-1502\jre\bin\nio.dll
0x00007fff85340000 - 0x00007fff854ce000 	C:\Users\mulau\.p2\pool\plugins\org.eclipse.justj.openjdk.hotspot.jre.full.win32.x86_64_17.0.7.v20230425-1502\jre\bin\awt.dll
0x00007fffb4e10000 - 0x00007fffb4ea7000 	C:\windows\SYSTEM32\apphelp.dll
0x00007fffb5220000 - 0x00007fffb524b000 	C:\windows\system32\DWMAPI.DLL
0x00007fffb4fb0000 - 0x00007fffb505b000 	C:\windows\system32\uxtheme.dll
0x00007fff97d60000 - 0x00007fff97e60000 	C:\windows\system32\opengl32.dll
0x00007fffaed40000 - 0x00007fffaed6d000 	C:\windows\SYSTEM32\GLU32.dll
0x00007fffb50c0000 - 0x00007fffb50f8000 	C:\windows\SYSTEM32\dxcore.dll
0x00007fffb96a0000 - 0x00007fffb97e9000 	C:\windows\System32\MSCTF.dll
0x00007fffb9b90000 - 0x00007fffb9d2e000 	C:\windows\System32\ole32.dll
0x00007fff60290000 - 0x00007fff60439000 	C:\windows\system32\d3d9.dll
0x00007fffadcf0000 - 0x00007fffadeab000 	C:\windows\System32\DriverStore\FileRepository\u0387389.inf_amd64_995be970e30b8c79\B385477\aticfx64.dll
0x00007fffaed00000 - 0x00007fffaed34000 	C:\windows\System32\DriverStore\FileRepository\u0387389.inf_amd64_995be970e30b8c79\B385477\atiu9p64.dll
0x00007fff57320000 - 0x00007fff58075000 	C:\windows\System32\DriverStore\FileRepository\u0387389.inf_amd64_995be970e30b8c79\B385477\atiumd64.dll
0x00000000768f0000 - 0x0000000077817000 	C:\windows\System32\DriverStore\FileRepository\u0387389.inf_amd64_995be970e30b8c79\B385477\atiumd6a.dll
0x00007fffbad10000 - 0x00007fffbb184000 	C:\windows\System32\SETUPAPI.dll
0x00007fffb8410000 - 0x00007fffb845d000 	C:\windows\SYSTEM32\POWRPROF.dll
0x00007fffb8080000 - 0x00007fffb8093000 	C:\windows\SYSTEM32\UMPDC.dll
0x00007fffabab0000 - 0x00007fffabae5000 	C:\windows\SYSTEM32\amdihk64.dll
0x00007fffb1c80000 - 0x00007fffb1cca000 	C:\windows\SYSTEM32\directxdatabasehelper.dll
0x00007fff97430000 - 0x00007fff974b6000 	C:\Users\mulau\.p2\pool\plugins\org.eclipse.justj.openjdk.hotspot.jre.full.win32.x86_64_17.0.7.v20230425-1502\jre\bin\freetype.dll
0x00007fff877b0000 - 0x00007fff87875000 	C:\Users\mulau\.p2\pool\plugins\org.eclipse.justj.openjdk.hotspot.jre.full.win32.x86_64_17.0.7.v20230425-1502\jre\bin\fontmanager.dll
0x00007fffb8550000 - 0x00007fffb856b000 	C:\windows\SYSTEM32\CRYPTSP.dll
0x00007fffb6950000 - 0x00007fffb6985000 	C:\windows\system32\rsaenh.dll
0x00007fffb77e0000 - 0x00007fffb780c000 	C:\windows\SYSTEM32\USERENV.dll
0x00007fffb80e0000 - 0x00007fffb8108000 	C:\windows\SYSTEM32\bcrypt.dll
0x00007fffb7940000 - 0x00007fffb794c000 	C:\windows\SYSTEM32\CRYPTBASE.dll
0x00007fffa0ef0000 - 0x00007fffa1034000 	C:\windows\SYSTEM32\textinputframework.dll
0x00007fffb64b0000 - 0x00007fffb64dd000 	C:\windows\SYSTEM32\IPHLPAPI.DLL
0x00007fffb9d40000 - 0x00007fffb9d49000 	C:\windows\System32\NSI.dll
0x00007fffb0a90000 - 0x00007fffb0aa9000 	C:\windows\SYSTEM32\dhcpcsvc6.DLL
0x00007fffb0b30000 - 0x00007fffb0b4f000 	C:\windows\SYSTEM32\dhcpcsvc.DLL
0x00007fffb6530000 - 0x00007fffb6622000 	C:\windows\SYSTEM32\DNSAPI.dll
0x00007fffb4b30000 - 0x00007fffb4c63000 	C:\windows\SYSTEM32\CoreMessaging.dll
0x00007fffb1320000 - 0x00007fffb168c000 	C:\windows\SYSTEM32\CoreUIComponents.dll

dbghelp: loaded successfully - version: 4.0.5 - missing functions: none
symbol engine: initialized successfully - sym options: 0x614 - pdb path: .;C:\Users\mulau\.p2\pool\plugins\org.eclipse.justj.openjdk.hotspot.jre.full.win32.x86_64_17.0.7.v20230425-1502\jre\bin;C:\windows\SYSTEM32;C:\windows\WinSxS\amd64_microsoft.windows.common-controls_6595b64144ccf1df_6.0.22621.2215_none_270d72677387dfc3;C:\Users\mulau\.p2\pool\plugins\org.eclipse.justj.openjdk.hotspot.jre.full.win32.x86_64_17.0.7.v20230425-1502\jre\bin\server;C:\windows\System32\DriverStore\FileRepository\u0387389.inf_amd64_995be970e30b8c79\B385477

VM Arguments:
jvm_args: -Dfile.encoding=UTF-8 -XX:+ShowCodeDetailsInExceptionMessages 
java_command: MyAgent -develop
java_class_path (initial): C:\Users\mulau\eclipse-workspace\ExampleSnake\bin;C:\Users\mulau\eclipse-workspace\ExampleSnake\lib\Snake2023-v1.jar
Launcher Type: SUN_STANDARD

[Global flags]
     intx CICompilerCount                          = 12                                        {product} {ergonomic}
     uint ConcGCThreads                            = 3                                         {product} {ergonomic}
     uint G1ConcRefinementThreads                  = 13                                        {product} {ergonomic}
   size_t G1HeapRegionSize                         = 2097152                                   {product} {ergonomic}
    uintx GCDrainStackTargetSize                   = 64                                        {product} {ergonomic}
   size_t InitialHeapSize                          = 190840832                                 {product} {ergonomic}
   size_t MarkStackSize                            = 4194304                                   {product} {ergonomic}
   size_t MaxHeapSize                              = 3040870400                                {product} {ergonomic}
   size_t MaxNewSize                               = 1824522240                                {product} {ergonomic}
   size_t MinHeapDeltaBytes                        = 2097152                                   {product} {ergonomic}
   size_t MinHeapSize                              = 8388608                                   {product} {ergonomic}
    uintx NonNMethodCodeHeapSize                   = 7602480                                {pd product} {ergonomic}
    uintx NonProfiledCodeHeapSize                  = 122027880                              {pd product} {ergonomic}
    uintx ProfiledCodeHeapSize                     = 122027880                              {pd product} {ergonomic}
    uintx ReservedCodeCacheSize                    = 251658240                              {pd product} {ergonomic}
     bool SegmentedCodeCache                       = true                                      {product} {ergonomic}
     bool ShowCodeDetailsInExceptionMessages       = true                                   {manageable} {command line}
   size_t SoftMaxHeapSize                          = 3040870400                             {manageable} {ergonomic}
     bool UseCompressedClassPointers               = true                           {product lp64_product} {ergonomic}
     bool UseCompressedOops                        = true                           {product lp64_product} {ergonomic}
     bool UseG1GC                                  = true                                      {product} {ergonomic}
     bool UseLargePagesIndividualAllocation        = false                                  {pd product} {ergonomic}

Logging:
Log output configuration:
 #0: stdout all=warning uptime,level,tags
 #1: stderr all=off uptime,level,tags

Environment Variables:
JAVA_HOME=C:\Users\mulau\AppData\Local\Programs\Eclipse Adoptium\jdk-17.0.8.7-hotspot\
PATH=C:/Users/mulau/.p2/pool/plugins/org.eclipse.justj.openjdk.hotspot.jre.full.win32.x86_64_17.0.7.v20230425-1502/jre/bin/server;C:/Users/mulau/.p2/pool/plugins/org.eclipse.justj.openjdk.hotspot.jre.full.win32.x86_64_17.0.7.v20230425-1502/jre/bin;C:\windows\system32;C:\windows;C:\windows\System32\Wbem;C:\windows\System32\WindowsPowerShell\v1.0\;C:\windows\System32\OpenSSH\;C:\Users\mulau\AppData\Local\Programs\Eclipse Adoptium\jdk-17.0.8.7-hotspot\bin;C:\Users\mulau\AppData\Local\Microsoft\WindowsApps;;C:\Users\mulau\AppData\Local\Programs\Microsoft VS Code\bin;C:\windows\system32;
USERNAME=mulau
OS=Windows_NT
PROCESSOR_IDENTIFIER=AMD64 Family 23 Model 104 Stepping 1, AuthenticAMD
TMP=C:\Users\mulau\AppData\Local\Temp
TEMP=C:\Users\mulau\AppData\Local\Temp



---------------  S Y S T E M  ---------------

OS:
 Windows 11 , 64 bit Build 22621 (10.0.22621.2215)
OS uptime: 9 days 16:34 hours
Hyper-V role detected

CPU: total 16 (initial active 16) (16 cores per cpu, 2 threads per core) family 23 model 104 stepping 1 microcode 0x0, cx8, cmov, fxsr, ht, mmx, 3dnowpref, sse, sse2, sse3, ssse3, sse4a, sse4.1, sse4.2, popcnt, lzcnt, tsc, tscinvbit, avx, avx2, aes, clmul, bmi1, bmi2, adx, sha, fma, vzeroupper, clflush, clflushopt, hv

Memory: 4k page, system-wide physical 11597M (3427M free)
TotalPageFile size 14597M (AvailPageFile size 5M)
current process WorkingSet (physical memory assigned to process): 135M, peak: 135M
current process commit charge ("private bytes"): 320M, peak: 337M

vm_info: OpenJDK 64-Bit Server VM (17.0.7+7) for windows-amd64 JRE (17.0.7+7), built on Apr 18 2023 22:10:42 by "temurin" with MS VC++ 16.7 (VS2019)

END.
